# Logfile created on 2011-11-06 23:10:59 +0800 by logger.rb/25413
Category mengbasha http://www.moonbasa.com/01160107-1-20-0.html HTTP Connection Error.
Category mengbasha http://lingerie.moonbasa.com/04030202-1-20-0.html HTTP Connection Error.
Category mengbasha http://lingerie.moonbasa.com/04030301-1-20-0.html HTTP Connection Error.
Category mengbasha http://lingerie.moonbasa.com/04040302-1-20-0.html HTTP Connection Error.
Category mengbasha http://lingerie.moonbasa.com/channel/yujiafu HTTP Connection Error.
Category mengbasha http://lingerie.moonbasa.com/04060601-1-20-0.html HTTP Connection Error.
Category mengbasha http://lingerie.moonbasa.com/040702-1-20-0.html HTTP Connection Error.
Category mengbasha http://lingerie.moonbasa.com/04070803-1-20-0.html HTTP Connection Error.
Page mengbasha http://www.moonbasa.com/01160103-1-40-0.html HTTP Connection Error.
Page mengbasha http://lingerie.moonbasa.com/04030203-1-40-0.html HTTP Connection Error.
Category mengbasha http://lingerie.moonbasa.com/04030301-1-20-0.html HTTP Connection Error.
Page mengbasha http://lingerie.moonbasa.com/04030302-1-40-0.html HTTP Connection Error.
ProductUrl mengbasha http://www.moonbasa.com/p-040111229.html HTTP Connection Error.
ProductUrl mengbasha http://www.moonbasa.com/p-040111229.html HTTP Connection Error.
ProductUrl mengbasha http://lingerie.moonbasa.com/p-011111350.html HTTP Connection Error.
ProductUrl mengbasha http://lingerie.moonbasa.com/p-011111340.html HTTP Connection Error.
ProductUrl mengbasha http://lingerie.moonbasa.com/p-011111337.html HTTP Connection Error.
ProductUrl mengbasha http://lingerie.moonbasa.com/p-011111339.html HTTP Connection Error.
ProductUrl mengbasha http://lingerie.moonbasa.com/p-011111350.html HTTP Connection Error.
ProductUrl mengbasha http://lingerie.moonbasa.com/p-011111346.html HTTP Connection Error.
ProductUrl mengbasha http://lingerie.moonbasa.com/p-011111323.html HTTP Connection Error.
ProductUrl mengbasha http://lingerie.moonbasa.com/p-010211318.html HTTP Connection Error.
ProductUrl mengbasha http://lingerie.moonbasa.com/p-010211319.html HTTP Connection Error.
ProductUrl mengbasha http://lingerie.moonbasa.com/p-011211246.html HTTP Connection Error.
ProductUrl mengbasha http://lingerie.moonbasa.com/p-011211242.html HTTP Connection Error.
ProductUrl mengbasha http://lingerie.moonbasa.com/p-010211271.html HTTP Connection Error.
ProductUrl mengbasha http://lingerie.moonbasa.com/p-010211248.html HTTP Connection Error.
ProductUrl mengbasha http://lingerie.moonbasa.com/p-010211226.html HTTP Connection Error.
ProductUrl mengbasha http://lingerie.moonbasa.com/p-010211111.html HTTP Connection Error.
ProductUrl mengbasha http://lingerie.moonbasa.com/p-010210412.html HTTP Connection Error.
ProductUrl mengbasha http://lingerie.moonbasa.com/p-010211262.html HTTP Connection Error.
ProductUrl mengbasha http://lingerie.moonbasa.com/p-010211119.html HTTP Connection Error.
ProductUrl mengbasha http://lingerie.moonbasa.com/p-010211127.html HTTP Connection Error.
ProductUrl mengbasha http://lingerie.moonbasa.com/p-010211123.html HTTP Connection Error.
ProductUrl mengbasha http://lingerie.moonbasa.com/p-011111481.html HTTP Connection Error.
ProductUrl mengbasha http://lingerie.moonbasa.com/p-010210414.html HTTP Connection Error.
ProductUrl tmall http://item.tmall.com/item.htm?id=13181597100&is_b=1&spm=1008.1000032.1000012.109 Bad HTML.
Page coo8 http://www.coo8.com/products/290-0-0-0-6-101101.html Bad HTML.
ProductUrl binggo http://www.binggo.com/shipin/20211018147111.html Bad HTML.
ProductUrl tmall http://item.tmall.com/item.htm?id=7823533794&is_b=1&spm=1008.1000032.1000012.17 Bad HTML.
ProductUrl tmall http://item.tmall.com/item.htm?id=12962013457&is_b=1&spm=1008.1000032.1000012.14 Bad HTML.
ProductUrl tmall http://item.tmall.com/item.htm?id=13225243820&is_b=1&spm=1008.1000032.1000012.77 Bad HTML.
ProductUrl tmall http://item.tmall.com/item.htm?id=13234438570&is_b=1&spm=1008.1000032.1000012.64 Bad HTML.
ProductUrl tmall http://item.tmall.com/item.htm?id=13671000153&is_b=1&spm=1008.1000032.1000012.124 Bad HTML.
ProductUrl tmall http://item.tmall.com/item.htm?id=12573227149&is_b=1&spm=1008.1000032.1000012.47 Bad HTML.
ProductUrl tmall http://item.tmall.com/item.htm?id=13462595703&is_b=1&spm=1008.1000032.1000012.68 Bad HTML.
ProductUrl tmall http://item.tmall.com/item.htm?id=12890431897&is_b=1&spm=1008.1000032.1000012.86 Bad HTML.
ProductUrl tmall http://item.tmall.com/item.htm?id=7986428800&is_b=1&spm=1008.1000032.1000012.34 Bad HTML.
ProductUrl tmall http://item.tmall.com/item.htm?id=12677329394&is_b=1&spm=1008.1000032.1000012.43 Bad HTML.
ProductUrl tmall http://item.tmall.com/item.htm?id=12793769992&is_b=1&spm=1008.1000032.1000012.86 Bad HTML.
ProductUrl tmall http://item.tmall.com/item.htm?id=13050309904&is_b=1&spm=1008.1000032.1000012.13 Bad HTML.
ProductUrl tmall http://item.tmall.com/item.htm?id=8583575659&is_b=1&spm=1008.1000032.1000012.103 Bad HTML.
ProductUrl tmall http://item.tmall.com/item.htm?id=4120111830&is_b=1&spm=1008.1000032.1000012.43 Bad HTML.
ProductUrl tmall http://item.tmall.com/item.htm?id=8322940455&is_b=1&spm=1008.1000032.1000012.50 Bad HTML.
ProductUrl tmall http://item.tmall.com/item.htm?id=9238215694&is_b=1&spm=1008.1000032.1000012.17 Bad HTML.
ProductUrl hcyxbook http://www.hcyxbook.com/38264.html Bad HTML.
ProductUrl hcyxbook http://www.hcyxbook.com/38263.html Bad HTML.
ProductUrl hcyxbook http://www.hcyxbook.com/38262.html Bad HTML.
ProductUrl hcyxbook http://www.hcyxbook.com/38261.html Bad HTML.
ProductUrl hcyxbook http://www.hcyxbook.com/38266.html Bad HTML.
ProductUrl hcyxbook http://www.hcyxbook.com/38267.html Bad HTML.
ProductUrl hcyxbook http://www.hcyxbook.com/38265.html Bad HTML.
ProductUrl hcyxbook http://www.hcyxbook.com/38264.html Bad HTML.
ProductUrl hcyxbook http://www.hcyxbook.com/38263.html Bad HTML.
ProductUrl hcyxbook http://www.hcyxbook.com/38262.html Bad HTML.
ProductUrl hcyxbook http://www.hcyxbook.com/38261.html Bad HTML.
ProductUrl hcyxbook http://www.hcyxbook.com/38266.html Bad HTML.
ProductUrl hcyxbook http://www.hcyxbook.com/38267.html Bad HTML.
ProductUrl hcyxbook http://www.hcyxbook.com/38265.html Bad HTML.
ProductUrl hcyxbook http://www.hcyxbook.com/38264.html Bad HTML.
ProductUrl hcyxbook http://www.hcyxbook.com/38263.html Bad HTML.
ProductUrl hcyxbook http://www.hcyxbook.com/38262.html Bad HTML.
ProductUrl hcyxbook http://www.hcyxbook.com/38261.html Bad HTML.
ProductUrl hcyxbook http://www.hcyxbook.com/38266.html Bad HTML.
ProductUrl hcyxbook http://www.hcyxbook.com/38267.html Bad HTML.
ProductUrl hcyxbook http://www.hcyxbook.com/38265.html Bad HTML.
ProductUrl hcyxbook http://www.hcyxbook.com/38264.html Bad HTML.
ProductUrl hcyxbook http://www.hcyxbook.com/38263.html Bad HTML.
ProductUrl hcyxbook http://www.hcyxbook.com/38262.html Bad HTML.
ProductUrl hcyxbook http://www.hcyxbook.com/38261.html Bad HTML.
ProductUrl hcyxbook http://www.hcyxbook.com/38266.html Bad HTML.
ProductUrl hcyxbook http://www.hcyxbook.com/38267.html Bad HTML.
ProductUrl hcyxbook http://www.hcyxbook.com/38265.html Bad HTML.
ProductUrl tmall http://item.tmall.com/item.htm?id=12529045455&is_b=1&spm=1008.1000032.1000012.108&on_comment=1#J_TabBar Bad HTML.
ProductUrl tmall http://item.tmall.com/item.htm?id=12774316520&is_b=1&spm=1008.1000032.1000012.41 Bad HTML.
