# Logfile created on 2011-11-10 22:18:46 +0800 by logger.rb/25413
Saved Page URL: http://search.yihaodian.com/s/c-b0-a-s1-v0-p1-price-d0-f0-k
Completed Category URL: http://search.yihaodian.com/s/c-%E8%BF%9B%E5%8F%A3%E7%B1%B3/8645.html
Saved Page URL: http://search.yihaodian.com/s/c8646-b0-a-s1-v0-p2-price-d0-f0-k
Saved Page URL: http://search.yihaodian.com/s/c8646-b0-a-s1-v0-p3-price-d0-f0-k
Saved Page URL: http://search.yihaodian.com/s/c8646-b0-a-s1-v0-p4-price-d0-f0-k
Saved Page URL: http://search.yihaodian.com/s/c8646-b0-a-s1-v0-p5-price-d0-f0-k
Saved Page URL: http://search.yihaodian.com/s/c8646-b0-a-s1-v0-p6-price-d0-f0-k
Saved Page URL: http://search.yihaodian.com/s/c8646-b0-a-s1-v0-p7-price-d0-f0-k
Saved Page URL: http://search.yihaodian.com/s/c8646-b0-a-s1-v0-p8-price-d0-f0-k
Saved Page URL: http://search.yihaodian.com/s/c8646-b0-a-s1-v0-p9-price-d0-f0-k
Saved Page URL: http://search.yihaodian.com/s/c8646-b0-a-s1-v0-p10-price-d0-f0-k
Saved Page URL: http://search.yihaodian.com/s/c8646-b0-a-s1-v0-p11-price-d0-f0-k
Saved Page URL: http://search.yihaodian.com/s/c8646-b0-a-s1-v0-p12-price-d0-f0-k
Saved Page URL: http://search.yihaodian.com/s/c8646-b0-a-s1-v0-p13-price-d0-f0-k
Saved Page URL: http://search.yihaodian.com/s/c8646-b0-a-s1-v0-p14-price-d0-f0-k
Saved Page URL: http://search.yihaodian.com/s/c8646-b0-a-s1-v0-p15-price-d0-f0-k
Saved Page URL: http://search.yihaodian.com/s/c8646-b0-a-s1-v0-p16-price-d0-f0-k
Completed Category URL: http://search.yihaodian.com/s/c-%E8%BF%9B%E5%8F%A3%E9%A5%BC%E5%B9%B2%E7%B3%95%E7%82%B9/8646.html
Saved Page URL: http://search.yihaodian.com/s/c8647-b0-a-s1-v0-p2-price-d0-f0-k
Saved Page URL: http://search.yihaodian.com/s/c8647-b0-a-s1-v0-p3-price-d0-f0-k
Completed Category URL: http://search.yihaodian.com/s/c-%E8%BF%9B%E5%8F%A3%E5%86%B2%E9%A5%AE/8647.html
Saved Page URL: http://search.yihaodian.com/s/c8648-b0-a-s1-v0-p2-price-d0-f0-k
Completed Category URL: http://search.yihaodian.com/s/c-%E8%BF%9B%E5%8F%A3%E7%89%9B%E5%A5%B6/8648.html
Completed Category URL: http://search.yihaodian.com/s/c-%E8%BF%9B%E5%8F%A3%E8%96%AF%E7%89%87/8649.html
Saved Page URL: http://search.yihaodian.com/s/c8650-b0-a-s1-v0-p2-price-d0-f0-k
Completed Category URL: http://search.yihaodian.com/s/c-%E8%BF%9B%E5%8F%A3%E7%9F%BF%E6%B3%89%E6%B0%B4/8650.html
Saved Page URL: http://search.yihaodian.com/s/c-%E8%BF%9B%E5%8F%A3%E6%9F%9A%E5%AD%90%E8%8C%B6/%E5%A5%B6%E8%8C%B6/16978.html
Completed Category URL: http://search.yihaodian.com/s/c-%E8%BF%9B%E5%8F%A3%E6%9F%9A%E5%AD%90%E8%8C%B6/%E5%A5%B6%E8%8C%B6/16978.html
Saved Page URL: http://search.yihaodian.com/s/c16979-b0-a-s1-v0-p2-price-d0-f0-k
Completed Category URL: http://search.yihaodian.com/s/c-%E8%BF%9B%E5%8F%A3%E8%8A%B1%E6%9E%9C%E8%8C%B6/16979.html
Saved Page URL: http://search.yihaodian.com/s/c-%E8%BF%9B%E5%8F%A3%E8%82%89%E5%B9%B2/%E9%B1%BC%E5%B9%B2/16980.html
Completed Category URL: http://search.yihaodian.com/s/c-%E8%BF%9B%E5%8F%A3%E8%82%89%E5%B9%B2/%E9%B1%BC%E5%B9%B2/16980.html
Saved Page URL: http://search.yihaodian.com/s/c16981-b0-a-s1-v0-p2-price-d0-f0-k
Completed Category URL: http://search.yihaodian.com/s/c-%E8%BF%9B%E5%8F%A3%E7%BD%90%E5%A4%B4/16981.html
Saved Page URL: http://search.yihaodian.com/s/c-b0-a-s1-v0-p1-price-d0-f0-k
Completed Category URL: http://search.yihaodian.com/s/c-%E8%BF%9B%E5%8F%A3%E7%B1%B3/8645.html
Saved Page URL: http://search.yihaodian.com/s/c8646-b0-a-s1-v0-p2-price-d0-f0-k
Saved Page URL: http://search.yihaodian.com/s/c8646-b0-a-s1-v0-p3-price-d0-f0-k
Saved Page URL: http://search.yihaodian.com/s/c8646-b0-a-s1-v0-p4-price-d0-f0-k
Saved Page URL: http://search.yihaodian.com/s/c8646-b0-a-s1-v0-p5-price-d0-f0-k
Saved Page URL: http://search.yihaodian.com/s/c8646-b0-a-s1-v0-p6-price-d0-f0-k
Saved Page URL: http://search.yihaodian.com/s/c8646-b0-a-s1-v0-p7-price-d0-f0-k
Saved Page URL: http://search.yihaodian.com/s/c8646-b0-a-s1-v0-p8-price-d0-f0-k
Saved Page URL: http://search.yihaodian.com/s/c8646-b0-a-s1-v0-p9-price-d0-f0-k
Saved Page URL: http://search.yihaodian.com/s/c8646-b0-a-s1-v0-p10-price-d0-f0-k
Saved Page URL: http://search.yihaodian.com/s/c8646-b0-a-s1-v0-p11-price-d0-f0-k
Saved Page URL: http://search.yihaodian.com/s/c8646-b0-a-s1-v0-p12-price-d0-f0-k
Saved Page URL: http://search.yihaodian.com/s/c8646-b0-a-s1-v0-p13-price-d0-f0-k
Saved Page URL: http://search.yihaodian.com/s/c8646-b0-a-s1-v0-p14-price-d0-f0-k
Saved Page URL: http://search.yihaodian.com/s/c8646-b0-a-s1-v0-p15-price-d0-f0-k
Saved Page URL: http://search.yihaodian.com/s/c8646-b0-a-s1-v0-p16-price-d0-f0-k
Completed Category URL: http://search.yihaodian.com/s/c-%E8%BF%9B%E5%8F%A3%E9%A5%BC%E5%B9%B2%E7%B3%95%E7%82%B9/8646.html
Saved Page URL: http://search.yihaodian.com/s/c8647-b0-a-s1-v0-p2-price-d0-f0-k
Saved Page URL: http://search.yihaodian.com/s/c8647-b0-a-s1-v0-p3-price-d0-f0-k
Completed Category URL: http://search.yihaodian.com/s/c-%E8%BF%9B%E5%8F%A3%E5%86%B2%E9%A5%AE/8647.html
Saved Page URL: http://search.yihaodian.com/s/c8648-b0-a-s1-v0-p2-price-d0-f0-k
Completed Category URL: http://search.yihaodian.com/s/c-%E8%BF%9B%E5%8F%A3%E7%89%9B%E5%A5%B6/8648.html
Completed Category URL: http://search.yihaodian.com/s/c-%E8%BF%9B%E5%8F%A3%E8%96%AF%E7%89%87/8649.html
Saved Page URL: http://search.yihaodian.com/s/c8650-b0-a-s1-v0-p2-price-d0-f0-k
Completed Category URL: http://search.yihaodian.com/s/c-%E8%BF%9B%E5%8F%A3%E7%9F%BF%E6%B3%89%E6%B0%B4/8650.html
Saved Page URL: http://search.yihaodian.com/s/c-%E8%BF%9B%E5%8F%A3%E6%9F%9A%E5%AD%90%E8%8C%B6/%E5%A5%B6%E8%8C%B6/16978.html
Completed Category URL: http://search.yihaodian.com/s/c-%E8%BF%9B%E5%8F%A3%E6%9F%9A%E5%AD%90%E8%8C%B6/%E5%A5%B6%E8%8C%B6/16978.html
Saved Page URL: http://search.yihaodian.com/s/c16979-b0-a-s1-v0-p2-price-d0-f0-k
Completed Category URL: http://search.yihaodian.com/s/c-%E8%BF%9B%E5%8F%A3%E8%8A%B1%E6%9E%9C%E8%8C%B6/16979.html
Saved Page URL: http://search.yihaodian.com/s/c-%E8%BF%9B%E5%8F%A3%E7%B1%B3/8645.html
Completed Category URL: http://search.yihaodian.com/s/c-%E8%BF%9B%E5%8F%A3%E7%B1%B3/8645.html
Saved Page URL: http://search.yihaodian.com/s/c8646-b0-a-s1-v0-p1-price-d0-f0-k
Saved Page URL: http://search.yihaodian.com/s/c8646-b0-a-s1-v0-p2-price-d0-f0-k
Saved Page URL: http://search.yihaodian.com/s/c8646-b0-a-s1-v0-p3-price-d0-f0-k
Saved Page URL: http://search.yihaodian.com/s/c8646-b0-a-s1-v0-p4-price-d0-f0-k
Saved Page URL: http://search.yihaodian.com/s/c8646-b0-a-s1-v0-p5-price-d0-f0-k
Saved Page URL: http://search.yihaodian.com/s/c8646-b0-a-s1-v0-p6-price-d0-f0-k
Saved Page URL: http://search.yihaodian.com/s/c8646-b0-a-s1-v0-p7-price-d0-f0-k
Saved Page URL: http://search.yihaodian.com/s/c8646-b0-a-s1-v0-p8-price-d0-f0-k
Saved Page URL: http://search.yihaodian.com/s/c8646-b0-a-s1-v0-p9-price-d0-f0-k
Saved Page URL: http://search.yihaodian.com/s/c8646-b0-a-s1-v0-p10-price-d0-f0-k
Saved Page URL: http://search.yihaodian.com/s/c8646-b0-a-s1-v0-p11-price-d0-f0-k
Saved Page URL: http://search.yihaodian.com/s/c8646-b0-a-s1-v0-p12-price-d0-f0-k
Saved Page URL: http://search.yihaodian.com/s/c8646-b0-a-s1-v0-p13-price-d0-f0-k
Saved Page URL: http://search.yihaodian.com/s/c8646-b0-a-s1-v0-p14-price-d0-f0-k
Saved Page URL: http://search.yihaodian.com/s/c8646-b0-a-s1-v0-p15-price-d0-f0-k
Saved Page URL: http://search.yihaodian.com/s/c8646-b0-a-s1-v0-p16-price-d0-f0-k
Completed Category URL: http://search.yihaodian.com/s/c-%E8%BF%9B%E5%8F%A3%E9%A5%BC%E5%B9%B2%E7%B3%95%E7%82%B9/8646.html
Saved Page URL: http://search.yihaodian.com/s/c8647-b0-a-s1-v0-p1-price-d0-f0-k
Saved Page URL: http://search.yihaodian.com/s/c8647-b0-a-s1-v0-p2-price-d0-f0-k
Saved Page URL: http://search.yihaodian.com/s/c8647-b0-a-s1-v0-p3-price-d0-f0-k
Completed Category URL: http://search.yihaodian.com/s/c-%E8%BF%9B%E5%8F%A3%E5%86%B2%E9%A5%AE/8647.html
Saved Page URL: http://search.yihaodian.com/s/c8648-b0-a-s1-v0-p1-price-d0-f0-k
Saved Page URL: http://search.yihaodian.com/s/c8648-b0-a-s1-v0-p2-price-d0-f0-k
Completed Category URL: http://search.yihaodian.com/s/c-%E8%BF%9B%E5%8F%A3%E7%89%9B%E5%A5%B6/8648.html
Saved Page URL: http://search.yihaodian.com/s/c-%E8%BF%9B%E5%8F%A3%E8%96%AF%E7%89%87/8649.html
Completed Category URL: http://search.yihaodian.com/s/c-%E8%BF%9B%E5%8F%A3%E8%96%AF%E7%89%87/8649.html
Saved Page URL: http://search.yihaodian.com/s/c8650-b0-a-s1-v0-p1-price-d0-f0-k
Saved Page URL: http://search.yihaodian.com/s/c8650-b0-a-s1-v0-p2-price-d0-f0-k
Completed Category URL: http://search.yihaodian.com/s/c-%E8%BF%9B%E5%8F%A3%E7%9F%BF%E6%B3%89%E6%B0%B4/8650.html
Saved Page URL: http://search.yihaodian.com/s/c-%E8%BF%9B%E5%8F%A3%E6%9F%9A%E5%AD%90%E8%8C%B6/%E5%A5%B6%E8%8C%B6/16978.html
Completed Category URL: http://search.yihaodian.com/s/c-%E8%BF%9B%E5%8F%A3%E6%9F%9A%E5%AD%90%E8%8C%B6/%E5%A5%B6%E8%8C%B6/16978.html
Saved Page URL: http://search.yihaodian.com/s/c16979-b0-a-s1-v0-p1-price-d0-f0-k
Saved Page URL: http://search.yihaodian.com/s/c16979-b0-a-s1-v0-p2-price-d0-f0-k
Completed Category URL: http://search.yihaodian.com/s/c-%E8%BF%9B%E5%8F%A3%E8%8A%B1%E6%9E%9C%E8%8C%B6/16979.html
Saved Page URL: http://search.yihaodian.com/s/c-%E8%BF%9B%E5%8F%A3%E8%82%89%E5%B9%B2/%E9%B1%BC%E5%B9%B2/16980.html
Completed Category URL: http://search.yihaodian.com/s/c-%E8%BF%9B%E5%8F%A3%E8%82%89%E5%B9%B2/%E9%B1%BC%E5%B9%B2/16980.html
Saved Page URL: http://search.yihaodian.com/s/c16981-b0-a-s1-v0-p1-price-d0-f0-k
Saved Page URL: http://search.yihaodian.com/s/c16981-b0-a-s1-v0-p2-price-d0-f0-k
Completed Category URL: http://search.yihaodian.com/s/c-%E8%BF%9B%E5%8F%A3%E7%BD%90%E5%A4%B4/16981.html
Saved Page URL: http://search.yihaodian.com/s/c16982-b0-a-s1-v0-p1-price-d0-f0-k
Saved Page URL: http://search.yihaodian.com/s/c16982-b0-a-s1-v0-p2-price-d0-f0-k
Completed Category URL: http://search.yihaodian.com/s/c-%E8%BF%9B%E5%8F%A3%E6%96%B9%E4%BE%BF%E9%A3%9F%E5%93%81/16982.html
Saved Page URL: http://search.yihaodian.com/s/c-%E8%BF%9B%E5%8F%A3%E7%B1%B3/8645.html
Completed Category URL: http://search.yihaodian.com/s/c-%E8%BF%9B%E5%8F%A3%E7%B1%B3/8645.html
Saved Page URL: http://search.yihaodian.com/s/c8646-b0-a-s1-v0-p1-price-d0-f0-k
Saved Page URL: http://search.yihaodian.com/s/c8646-b0-a-s1-v0-p2-price-d0-f0-k
Saved Page URL: http://search.yihaodian.com/s/c8646-b0-a-s1-v0-p3-price-d0-f0-k
Saved Page URL: http://search.yihaodian.com/s/c8646-b0-a-s1-v0-p4-price-d0-f0-k
Saved Page URL: http://search.yihaodian.com/s/c8646-b0-a-s1-v0-p5-price-d0-f0-k
Saved Page URL: http://search.yihaodian.com/s/c8646-b0-a-s1-v0-p6-price-d0-f0-k
Saved Page URL: http://search.yihaodian.com/s/c8646-b0-a-s1-v0-p7-price-d0-f0-k
Saved Page URL: http://search.yihaodian.com/s/c8646-b0-a-s1-v0-p8-price-d0-f0-k
Saved Page URL: http://search.yihaodian.com/s/c8646-b0-a-s1-v0-p9-price-d0-f0-k
Saved Page URL: http://search.yihaodian.com/s/c8646-b0-a-s1-v0-p10-price-d0-f0-k
Saved Page URL: http://search.yihaodian.com/s/c8646-b0-a-s1-v0-p11-price-d0-f0-k
Saved Page URL: http://search.yihaodian.com/s/c8646-b0-a-s1-v0-p12-price-d0-f0-k
Saved Page URL: http://search.yihaodian.com/s/c8646-b0-a-s1-v0-p13-price-d0-f0-k
Saved Page URL: http://search.yihaodian.com/s/c8646-b0-a-s1-v0-p14-price-d0-f0-k
Saved Page URL: http://search.yihaodian.com/s/c8646-b0-a-s1-v0-p15-price-d0-f0-k
Completed Category URL: http://search.yihaodian.com/s/c-%E8%BF%9B%E5%8F%A3%E9%A5%BC%E5%B9%B2%E7%B3%95%E7%82%B9/8646.html
Saved Page URL: http://search.yihaodian.com/s/c8647-b0-a-s1-v0-p1-price-d0-f0-k
Saved Page URL: http://search.yihaodian.com/s/c8647-b0-a-s1-v0-p2-price-d0-f0-k
Saved Page URL: http://search.yihaodian.com/s/c8647-b0-a-s1-v0-p3-price-d0-f0-k
Completed Category URL: http://search.yihaodian.com/s/c-%E8%BF%9B%E5%8F%A3%E5%86%B2%E9%A5%AE/8647.html
Saved Page URL: http://search.yihaodian.com/s/c8648-b0-a-s1-v0-p1-price-d0-f0-k
Saved Page URL: http://search.yihaodian.com/s/c8648-b0-a-s1-v0-p2-price-d0-f0-k
Completed Category URL: http://search.yihaodian.com/s/c-%E8%BF%9B%E5%8F%A3%E7%89%9B%E5%A5%B6/8648.html
Saved Page URL: http://search.yihaodian.com/s/c-%E8%BF%9B%E5%8F%A3%E8%96%AF%E7%89%87/8649.html
Completed Category URL: http://search.yihaodian.com/s/c-%E8%BF%9B%E5%8F%A3%E8%96%AF%E7%89%87/8649.html
Saved Page URL: http://search.yihaodian.com/s/c8650-b0-a-s1-v0-p1-price-d0-f0-k
Saved Page URL: http://search.yihaodian.com/s/c8650-b0-a-s1-v0-p2-price-d0-f0-k
Completed Category URL: http://search.yihaodian.com/s/c-%E8%BF%9B%E5%8F%A3%E7%9F%BF%E6%B3%89%E6%B0%B4/8650.html
Saved Page URL: http://search.yihaodian.com/s/c-%E8%BF%9B%E5%8F%A3%E6%9F%9A%E5%AD%90%E8%8C%B6/%E5%A5%B6%E8%8C%B6/16978.html
Completed Category URL: http://search.yihaodian.com/s/c-%E8%BF%9B%E5%8F%A3%E6%9F%9A%E5%AD%90%E8%8C%B6/%E5%A5%B6%E8%8C%B6/16978.html
Saved Page URL: http://search.yihaodian.com/s/c-%E8%BF%9B%E5%8F%A3%E8%8A%B1%E6%9E%9C%E8%8C%B6/16979.html
Completed Category URL: http://search.yihaodian.com/s/c-%E8%BF%9B%E5%8F%A3%E8%8A%B1%E6%9E%9C%E8%8C%B6/16979.html
Saved Page URL: http://search.yihaodian.com/s/c-%E8%BF%9B%E5%8F%A3%E8%82%89%E5%B9%B2/%E9%B1%BC%E5%B9%B2/16980.html
Completed Category URL: http://search.yihaodian.com/s/c-%E8%BF%9B%E5%8F%A3%E8%82%89%E5%B9%B2/%E9%B1%BC%E5%B9%B2/16980.html
Saved Page URL: http://search.yihaodian.com/s/c16981-b0-a-s1-v0-p1-price-d0-f0-k
Saved Page URL: http://search.yihaodian.com/s/c16981-b0-a-s1-v0-p2-price-d0-f0-k
Completed Category URL: http://search.yihaodian.com/s/c-%E8%BF%9B%E5%8F%A3%E7%BD%90%E5%A4%B4/16981.html
Saved Page URL: http://search.yihaodian.com/s/c16982-b0-a-s1-v0-p1-price-d0-f0-k
Saved Page URL: http://search.yihaodian.com/s/c16982-b0-a-s1-v0-p2-price-d0-f0-k
Completed Category URL: http://search.yihaodian.com/s/c-%E8%BF%9B%E5%8F%A3%E6%96%B9%E4%BE%BF%E9%A3%9F%E5%93%81/16982.html
Saved Page URL: http://search.yihaodian.com/s/c-%E8%BF%9B%E5%8F%A3%E9%BA%A6%E7%89%87/%E8%9C%82%E8%9C%9C/16983.html
Completed Category URL: http://search.yihaodian.com/s/c-%E8%BF%9B%E5%8F%A3%E9%BA%A6%E7%89%87/%E8%9C%82%E8%9C%9C/16983.html
Saved Page URL: http://search.yihaodian.com/s/c-%E8%BF%9B%E5%8F%A3%E6%84%8F%E9%9D%A2%E9%85%B1/16984.html
Completed Category URL: http://search.yihaodian.com/s/c-%E8%BF%9B%E5%8F%A3%E6%84%8F%E9%9D%A2%E9%85%B1/16984.html
