# Logfile created on 2011-12-16 12:16:03 +0800 by logger.rb/25413
Saved URL:http://www.binggo.com/huazhuang/a20103b2010308/
Saved URL:http://www.binggo.com/huazhuang/a20103b2010310/
Saved URL:http://www.binggo.com/huazhuang/a20103b2010304/
Saved URL:http://www.binggo.com/huazhuang/a20103b2010303/
Saved URL:http://www.binggo.com/huazhuang/a20103b2010307/
Saved URL:http://www.binggo.com/huazhuang/a20103b2010312/
Saved URL:http://www.binggo.com/huazhuang/a20103b2010301/
Saved URL:http://www.binggo.com/huazhuang/a20103b2010305/
Saved URL:http://www.binggo.com/huazhuang/a20103b2010302/
Saved URL:http://www.binggo.com/huazhuang/a20103b2010306/
Saved URL:http://www.binggo.com/huazhuang/a20103b2010309/
Saved URL:http://www.binggo.com/huazhuang/a20103b2010311/
Saved URL:http://www.binggo.com/huazhuang/a20104b2010405/
Saved URL:http://www.binggo.com/huazhuang/a20104b2010404/
Saved URL:http://www.binggo.com/huazhuang/a20104b2010401/
Saved URL:http://www.binggo.com/huazhuang/a20104b2010402/
Saved URL:http://www.binggo.com/huazhuang/a20104b2010403/
Saved URL:http://www.binggo.com/huazhuang/a20106b2010602/
Saved URL:http://www.binggo.com/huazhuang/a20106b2010606/
Saved URL:http://www.binggo.com/huazhuang/a20106b2010603/
Saved URL:http://www.binggo.com/huazhuang/a20106b2010607/
Saved URL:http://www.binggo.com/huazhuang/a20106b2010601/
Saved URL:http://www.binggo.com/huazhuang/a20106b2010605/
Saved URL:http://www.binggo.com/huazhuang/a20106b2010604/
Saved URL:http://www.binggo.com/huazhuang/a20108b2010805/
Saved URL:http://www.binggo.com/huazhuang/a20108b2010809/
Saved URL:http://www.binggo.com/huazhuang/a20108b2010801/
Saved URL:http://www.binggo.com/huazhuang/a20108b2010803/
Saved URL:http://www.binggo.com/huazhuang/a20108b2010806/
Saved URL:http://www.binggo.com/huazhuang/a20108b2010810/
Saved URL:http://www.binggo.com/huazhuang/a20108b2010814/
Saved URL:http://www.binggo.com/huazhuang/a20108b2010802/
Saved URL:http://www.binggo.com/huazhuang/a20108b2010804/
Saved URL:http://www.binggo.com/huazhuang/a20108b2010807/
Saved URL:http://www.binggo.com/huazhuang/a20108b2010811/
Saved URL:http://www.binggo.com/huazhuang/a20108b2010808/
Saved URL:http://www.binggo.com/huazhuang/a20108b2010812/
Saved URL:http://www.binggo.com/huazhuang/a20108b2010813/
Saved URL:http://www.binggo.com/huazhuang/a20101b2010105/
Saved URL:http://www.binggo.com/huazhuang/a20101b2010112/
Saved URL:http://www.binggo.com/huazhuang/a20101b2010114/
Saved URL:http://www.binggo.com/huazhuang/a20101b2010101/
Saved URL:http://www.binggo.com/huazhuang/a20101b2010104/
Saved URL:http://www.binggo.com/huazhuang/a20101b2010108/
Saved URL:http://www.binggo.com/huazhuang/a20101b2010109/
Saved URL:http://www.binggo.com/huazhuang/a20101b2010113/
Saved URL:http://www.binggo.com/huazhuang/a20101b2010115/
Saved URL:http://www.binggo.com/huazhuang/a20101b2010110/
Saved URL:http://www.binggo.com/huazhuang/a20101b2010103/
Saved URL:http://www.binggo.com/huazhuang/a20101b2010106/
Saved URL:http://www.binggo.com/huazhuang/a20101b2010107/
Saved URL:http://www.binggo.com/huazhuang/a20101b2010111/
Saved URL:http://www.binggo.com/huazhuang/a20101b2010102/
Saved URL:http://www.binggo.com/huazhuang/a20107b2010704/
Saved URL:http://www.binggo.com/huazhuang/a20107b2010701/
Saved URL:http://www.binggo.com/huazhuang/a20107b2010706/
Saved URL:http://www.binggo.com/huazhuang/a20107b2010702/
Saved URL:http://www.binggo.com/huazhuang/a20107b2010703/
Saved URL:http://www.binggo.com/huazhuang/a20107b2010705/
Saved URL:http://www.binggo.com/huazhuang/a20107b2010707/
Saved URL:http://www.binggo.com/huazhuang/a20105b2010504/
Saved URL:http://www.binggo.com/huazhuang/a20105b2010508/
Saved URL:http://www.binggo.com/huazhuang/a20105b2010510/
Saved URL:http://www.binggo.com/huazhuang/a20105b2010501/
Saved URL:http://www.binggo.com/huazhuang/a20105b2010505/
Saved URL:http://www.binggo.com/huazhuang/a20105b2010511/
Saved URL:http://www.binggo.com/huazhuang/a20105b2010506/
Saved URL:http://www.binggo.com/huazhuang/a20105b2010509/
Saved URL:http://www.binggo.com/huazhuang/a20105b2010502/
Saved URL:http://www.binggo.com/huazhuang/a20105b2010503/
Saved URL:http://www.binggo.com/huazhuang/a20105b2010507/
Saved URL:http://www.binggo.com/huazhuang/a20105b2010512/
Saved URL:http://www.binggo.com/huazhuang/a20102b2010202/
Saved URL:http://www.binggo.com/huazhuang/a20102b2010205/
Saved URL:http://www.binggo.com/huazhuang/a20102b2010204/
Saved URL:http://www.binggo.com/huazhuang/a20102b2010208/
Saved URL:http://www.binggo.com/huazhuang/a20102b2010201/
Saved URL:http://www.binggo.com/huazhuang/a20102b2010203/
Saved URL:http://www.binggo.com/huazhuang/a20102b2010207/
Saved URL:http://www.binggo.com/huazhuang/a20102b2010206/
Saved URL:http://www.binggo.com/shipin/a20204b2020403/
Saved URL:http://www.binggo.com/shipin/a20204b2020402/
Saved URL:http://www.binggo.com/shipin/a20204b2020401/
Saved URL:http://www.binggo.com/shipin/a20204b2020404/
Saved URL:http://www.binggo.com/shipin/a20204b2020405/
Saved URL:http://www.binggo.com/shipin/a20206b2020601/
Saved URL:http://www.binggo.com/shipin/a20206b2020607/
Saved URL:http://www.binggo.com/shipin/a20206b2020604/
Saved URL:http://www.binggo.com/shipin/a20206b2020605/
Saved URL:http://www.binggo.com/shipin/a20206b2020606/
Saved URL:http://www.binggo.com/shipin/a20206b2020602/
Saved URL:http://www.binggo.com/shipin/a20206b2020603/
Saved URL:http://www.binggo.com/shipin/a20208b2020803/
Saved URL:http://www.binggo.com/shipin/a20208b2020801/
Saved URL:http://www.binggo.com/shipin/a20208b2020802/
Saved URL:http://www.binggo.com/shipin/a20211b2021103/
Saved URL:http://www.binggo.com/shipin/a20211b2021106/
Saved URL:http://www.binggo.com/shipin/a20211b2021102/
Saved URL:http://www.binggo.com/shipin/a20211b2021104/
Saved URL:http://www.binggo.com/shipin/a20211b2021107/
Saved URL:http://www.binggo.com/shipin/a20211b2021101/
Saved URL:http://www.binggo.com/shipin/a20211b2021105/
Saved URL:http://www.binggo.com/shipin/a20213b2021304/
Saved URL:http://www.binggo.com/shipin/a20213b2021303/
Saved URL:http://www.binggo.com/shipin/a20213b2021310/
Saved URL:http://www.binggo.com/shipin/a20213b2021305/
Saved URL:http://www.binggo.com/shipin/a20213b2021302/
Saved URL:http://www.binggo.com/shipin/a20213b2021301/
Saved URL:http://www.binggo.com/shipin/a20201b2020101/
Saved URL:http://www.binggo.com/shipin/a20201b2020102/
Saved URL:http://www.binggo.com/shipin/a20201b2020103/
Saved URL:http://www.binggo.com/shipin/a20202b2020202/
Saved URL:http://www.binggo.com/shipin/a20202b2020203/
Saved URL:http://www.binggo.com/shipin/a20202b2020204/
Saved URL:http://www.binggo.com/shipin/a20202b2020201/
Saved URL:http://www.binggo.com/shipin/a20202b2020205/
Saved URL:http://www.binggo.com/shipin/a20202b2020206/
Saved URL:http://www.binggo.com/shipin/a20203b2020303/
Saved URL:http://www.binggo.com/shipin/a20203b2020305/
Saved URL:http://www.binggo.com/shipin/a20203b2020302/
Saved URL:http://www.binggo.com/shipin/a20203b2020301/
Saved URL:http://www.binggo.com/shipin/a20203b2020304/
Saved URL:http://www.binggo.com/shipin/a20203b2020306/
Saved URL:http://www.binggo.com/shipin/a20205b2020502/
Saved URL:http://www.binggo.com/shipin/a20205b2020501/
Saved URL:http://www.binggo.com/shipin/a20205b2020504/
Saved URL:http://www.binggo.com/shipin/a20205b2020503/
Saved URL:http://www.binggo.com/shipin/a20207b2020703/
Saved URL:http://www.binggo.com/shipin/a20207b2020707/
Saved URL:http://www.binggo.com/shipin/a20207b2020704/
Saved URL:http://www.binggo.com/shipin/a20207b2020708/
Saved URL:http://www.binggo.com/shipin/a20207b2020706/
Saved URL:http://www.binggo.com/shipin/a20207b2020702/
Saved URL:http://www.binggo.com/shipin/a20207b2020701/
Saved URL:http://www.binggo.com/shipin/a20209b2020903/
Saved URL:http://www.binggo.com/shipin/a20209b2020904/
Saved URL:http://www.binggo.com/shipin/a20209b2020901/
Saved URL:http://www.binggo.com/shipin/a20209b2020902/
Saved URL:http://www.binggo.com/shipin/a20209b2020905/
Saved URL:http://www.binggo.com/shipin/a20209b2020907/
Saved URL:http://www.binggo.com/shipin/a20209b2020906/
Saved URL:http://www.binggo.com/shipin/a20210b2021001/
Saved URL:http://www.binggo.com/shipin/a20210b2021002/
Saved URL:http://www.binggo.com/shipin/a20210b2021003/
Saved URL:http://www.binggo.com/shipin/a20212b2021206/
Saved URL:http://www.binggo.com/shipin/a20212b2021208/
Saved URL:http://www.binggo.com/shipin/a20212b2021202/
Saved URL:http://www.binggo.com/shipin/a20212b2021204/
Saved URL:http://www.binggo.com/shipin/a20212b2021209/
Saved URL:http://www.binggo.com/shipin/a20212b2021201/
Saved URL:http://www.binggo.com/shipin/a20212b2021207/
Saved URL:http://www.binggo.com/shipin/a20212b2021205/
Saved URL:http://www.binggo.com/shipin/a20212b2021203/
Saved URL:http://www.binggo.com/shipin/a20212b2021210/
Saved URL:http://www.binggo.com/shipin/a20212b2021211/
Saved URL:http://www.binggo.com/baojian/a20301b2030104/
Saved URL:http://www.binggo.com/baojian/a20301b2030101/
Saved URL:http://www.binggo.com/baojian/a20301b2030106/
Saved URL:http://www.binggo.com/baojian/a20301b2030103/
Saved URL:http://www.binggo.com/baojian/a20301b2030102/
Saved URL:http://www.binggo.com/baojian/a20301b2030105/
Saved URL:http://www.binggo.com/baojian/a20302b2030203/
Saved URL:http://www.binggo.com/baojian/a20302b2030201/
Saved URL:http://www.binggo.com/baojian/a20302b2030202/
Saved URL:http://www.binggo.com/baojian/a20302b2030205/
Saved URL:http://www.binggo.com/baojian/a20304b2030402/
Saved URL:http://www.binggo.com/baojian/a20304b2030404/
Saved URL:http://www.binggo.com/baojian/a20304b2030403/
Saved URL:http://www.binggo.com/baojian/a20304b2030405/
Saved URL:http://www.binggo.com/baojian/a20304b2030401/
Saved URL:http://www.binggo.com/baojian/a20305b2030501/
Saved URL:http://www.binggo.com/baojian/a20305b2030504/
Saved URL:http://www.binggo.com/baojian/a20305b2030503/
Saved URL:http://www.binggo.com/baojian/a20305b2030502/
Saved URL:http://www.binggo.com/baojian/a20305b2030505/
Saved URL:http://www.binggo.com/baojian/a20308b2030801/
Saved URL:http://www.binggo.com/baojian/a20308b2030802/
Saved URL:http://www.binggo.com/baojian/a20311b2031102/
Saved URL:http://www.binggo.com/baojian/a20311b2031101/
Saved URL:http://www.binggo.com/baojian/a20311b2031103/
Saved URL:http://www.binggo.com/baojian/a20311b2031104/
Saved URL:http://www.binggo.com/baojian/a20310b2031004/
Saved URL:http://www.binggo.com/baojian/a20310b2031002/
Saved URL:http://www.binggo.com/baojian/a20310b2031005/
Saved URL:http://www.binggo.com/baojian/a20303b2030301/
Saved URL:http://www.binggo.com/baojian/a20303b2030303/
Saved URL:http://www.binggo.com/baojian/a20303b2030302/
Saved URL:http://www.binggo.com/baojian/a20307b2030702/
Saved URL:http://www.binggo.com/baojian/a20307b2030701/
Saved URL:http://www.binggo.com/baojian/a20307b2030703/
Saved URL:http://www.binggo.com/baojian/a20307b2030705/
Saved URL:http://www.binggo.com/baojian/a20306b2030602/
Saved URL:http://www.binggo.com/baojian/a20306b2030601/
Saved URL:http://www.binggo.com/baojian/a20309b2030901/
Saved URL:http://www.binggo.com/baojian/a20309b2030904/
Saved URL:http://www.binggo.com/baojian/a20309b2030902/
Saved URL:http://www.binggo.com/baojian/a20309b2030903/
Saved URL:http://www.binggo.com/baojian/a20309b2030905/
Saved URL:http://www.binggo.com/baojian/a20309b2030907/
Saved URL:http://www.binggo.com/jiaju/a20409b2040901/
Saved URL:http://www.binggo.com/jiaju/a20407b2040702/
Saved URL:http://www.binggo.com/jiaju/a20407b2040704/
Saved URL:http://www.binggo.com/jiaju/a20407b2040705/
Saved URL:http://www.binggo.com/jiaju/a20407b2040707/
Saved URL:http://www.binggo.com/jiaju/a20407b2040708/
Saved URL:http://www.binggo.com/jiaju/a20407b2040709/
Saved URL:http://www.binggo.com/jiaju/a20407b2040710/
Saved URL:http://www.binggo.com/jiaju/a20407b2040711/
Saved URL:http://www.binggo.com/jiaju/a20407b2040713/
Saved URL:http://www.binggo.com/jiaju/a20407b2040706/
Saved URL:http://www.binggo.com/jiaju/a20407b2040712/
Saved URL:http://www.binggo.com/jiaju/a20407b2040703/
Saved URL:http://www.binggo.com/jiaju/a20407b2040714/
Saved URL:http://www.binggo.com/jiaju/a20401b2040101/
Saved URL:http://www.binggo.com/jiaju/a20401b2040103/
Saved URL:http://www.binggo.com/jiaju/a20401b2040106/
Saved URL:http://www.binggo.com/jiaju/a20401b2040108/
Saved URL:http://www.binggo.com/jiaju/a20401b2040111/
Saved URL:http://www.binggo.com/jiaju/a20401b2040107/
Saved URL:http://www.binggo.com/jiaju/a20401b2040105/
Saved URL:http://www.binggo.com/jiaju/a20401b2040104/
Saved URL:http://www.binggo.com/jiaju/a20401b2040102/
Saved URL:http://www.binggo.com/jiaju/a20401b2040112/
Saved URL:http://www.binggo.com/jiaju/a20402b2040208/
Saved URL:http://www.binggo.com/jiaju/a20402b2040211/
Saved URL:http://www.binggo.com/jiaju/a20402b2040212/
Saved URL:http://www.binggo.com/jiaju/a20402b2040203/
Saved URL:http://www.binggo.com/jiaju/a20402b2040207/
Saved URL:http://www.binggo.com/jiaju/a20402b2040205/
Saved URL:http://www.binggo.com/jiaju/a20402b2040201/
Saved URL:http://www.binggo.com/jiaju/a20402b2040210/
Saved URL:http://www.binggo.com/jiaju/a20402b2040209/
Saved URL:http://www.binggo.com/jiaju/a20402b2040206/
Saved URL:http://www.binggo.com/jiaju/a20402b2040204/
Saved URL:http://www.binggo.com/jiaju/a20402b2040202/
Saved URL:http://www.binggo.com/jiaju/a20406b2040602/
Saved URL:http://www.binggo.com/jiaju/a20406b2040603/
Saved URL:http://www.binggo.com/jiaju/a20406b2040601/
Saved URL:http://www.binggo.com/jiaju/a20406b2040604/
Saved URL:http://www.binggo.com/jiaju/a20406b2040606/
Saved URL:http://www.binggo.com/jiaju/a20406b2040605/
Saved URL:http://www.binggo.com/jiaju/a20404b2040412/
Saved URL:http://www.binggo.com/jiaju/a20404b2040413/
Saved URL:http://www.binggo.com/jiaju/a20404b2040404/
Saved URL:http://www.binggo.com/jiaju/a20404b2040410/
Saved URL:http://www.binggo.com/jiaju/a20404b2040403/
Saved URL:http://www.binggo.com/jiaju/a20404b2040411/
Saved URL:http://www.binggo.com/jiaju/a20404b2040402/
Saved URL:http://www.binggo.com/jiaju/a20404b2040401/
Saved URL:http://www.binggo.com/jiaju/a20403b2040309/
Saved URL:http://www.binggo.com/jiaju/a20403b2040301/
Saved URL:http://www.binggo.com/jiaju/a20403b2040304/
Saved URL:http://www.binggo.com/jiaju/a20403b2040307/
Saved URL:http://www.binggo.com/jiaju/a20403b2040302/
Saved URL:http://www.binggo.com/jiaju/a20403b2040303/
Saved URL:http://www.binggo.com/jiaju/a20403b2040305/
Saved URL:http://www.binggo.com/jiaju/a20403b2040310/
Saved URL:http://www.binggo.com/jiaju/a20408b2040802/
Saved URL:http://www.binggo.com/jiaju/a20408b2040803/
Saved URL:http://www.binggo.com/jiaju/a20408b2040804/
Saved URL:http://www.binggo.com/jiaju/a20408b2040805/
Saved URL:http://www.binggo.com/jiaju/a20408b2040806/
Saved URL:http://www.binggo.com/jiaju/a20408b2040801/
Saved URL:http://www.binggo.com/jiaju/a20408b2040807/
Saved URL:http://www.binggo.com/jiaju/a20408b2040808/
Saved URL:http://www.binggo.com/jiaju/a20405b2040507/
Saved URL:http://www.binggo.com/jiaju/a20405b2040508/
Saved URL:http://www.binggo.com/jiaju/a20405b2040510/
Saved URL:http://www.binggo.com/jiaju/a20405b2040514/
Saved URL:http://www.binggo.com/jiaju/a20405b2040509/
Saved URL:http://www.binggo.com/jiaju/a20405b2040501/
Saved URL:http://www.binggo.com/jiaju/a20405b2040505/
Saved URL:http://www.binggo.com/jiaju/a20405b2040506/
Saved URL:http://www.binggo.com/jiaju/a20405b2040511/
Saved URL:http://www.binggo.com/jiaju/a20405b2040512/
Saved URL:http://www.binggo.com/jiaju/a20405b2040516/
Saved URL:http://www.binggo.com/jiaju/a20405b2040515/
Saved URL:http://www.binggo.com/jiaju/a20411b2041101/
Saved URL:http://www.binggo.com/jiaju/a20411b2041102/
Saved URL:http://www.binggo.com/jiadian/a20601b2060101/
Saved URL:http://www.binggo.com/jiadian/a20601b2060102/
Saved URL:http://www.binggo.com/jiadian/a20601b2060105/
Saved URL:http://www.binggo.com/jiadian/a20601b2060108/
Saved URL:http://www.binggo.com/jiadian/a20601b2060113/
Saved URL:http://www.binggo.com/jiadian/a20601b2060112/
Saved URL:http://www.binggo.com/jiadian/a20601b2060103/
Saved URL:http://www.binggo.com/jiadian/a20601b2060104/
Saved URL:http://www.binggo.com/jiadian/a20601b2060106/
Saved URL:http://www.binggo.com/jiadian/a20601b2060107/
Saved URL:http://www.binggo.com/jiadian/a20601b2060109/
Saved URL:http://www.binggo.com/jiadian/a20601b2060110/
Saved URL:http://www.binggo.com/jiadian/a20601b2060111/
Saved URL:http://www.binggo.com/jiadian/a20601b2060114/
Saved URL:http://www.binggo.com/jiadian/a20601b2060116/
Saved URL:http://www.binggo.com/jiadian/a20602b2060202/
Saved URL:http://www.binggo.com/jiadian/a20602b2060208/
Saved URL:http://www.binggo.com/jiadian/a20602b2060210/
Saved URL:http://www.binggo.com/jiadian/a20602b2060211/
Saved URL:http://www.binggo.com/jiadian/a20602b2060205/
Saved URL:http://www.binggo.com/jiadian/a20602b2060207/
Saved URL:http://www.binggo.com/jiadian/a20602b2060209/
Saved URL:http://www.binggo.com/jiadian/a20602b2060206/
Saved URL:http://www.binggo.com/jiadian/a20602b2060203/
Saved URL:http://www.binggo.com/jiadian/a20602b2060204/
Saved URL:http://www.binggo.com/jiadian/a20602b2060216/
Saved URL:http://www.binggo.com/jiadian/a20602b2060218/
Saved URL:http://www.binggo.com/jiadian/a20602b2060212/
Saved URL:http://www.binggo.com/jiadian/a20603b2060301/
Saved URL:http://www.binggo.com/jiadian/a20603b2060304/
Saved URL:http://www.binggo.com/jiadian/a20603b2060303/
Saved URL:http://www.binggo.com/jiadian/a20603b2060302/
Saved URL:http://www.binggo.com/shuma/a20703b2070301/
Saved URL:http://www.binggo.com/shuma/a20703b2070305/
Saved URL:http://www.binggo.com/shuma/a20703b2070307/
Saved URL:http://www.binggo.com/shuma/a20703b2070309/
Saved URL:http://www.binggo.com/shuma/a20703b2070306/
Saved URL:http://www.binggo.com/shuma/a20703b2070304/
Saved URL:http://www.binggo.com/shuma/a20703b2070302/
Saved URL:http://www.binggo.com/shuma/a20703b2070311/
Saved URL:http://www.binggo.com/shuma/a20704b2070403/
Saved URL:http://www.binggo.com/shuma/a20704b2070401/
Saved URL:http://www.binggo.com/shuma/a20702b2070206/
Saved URL:http://www.binggo.com/shuma/a20702b2070207/
Saved URL:http://www.binggo.com/shuma/a20702b2070201/
Saved URL:http://www.binggo.com/shuma/a20702b2070203/
Saved URL:http://www.binggo.com/shuma/a20702b2070211/
Saved URL:http://www.binggo.com/shuma/a20702b2070212/
Saved URL:http://www.binggo.com/shuma/a20701b2070104/
Saved URL:http://www.binggo.com/shuma/a20701b2070101/
Saved URL:http://www.binggo.com/shuma/a20701b2070105/
Saved URL:http://www.binggo.com/shuma/a20701b2070103/
Saved URL:http://www.binggo.com/shuma/a20701b2070111/
Saved URL:http://www.binggo.com/shuma/a20701b2070112/
Saved URL:http://www.binggo.com/shuma/a20701b2070110/
Saved URL:http://www.binggo.com/shuma/a20705b2070503/
Saved URL:http://www.binggo.com/shuma/a20705b2070502/
Saved URL:http://www.binggo.com/shuma/a20705b2070501/
Saved URL:http://www.binggo.com/shuma/a20706b2070602/
Saved URL:http://www.binggo.com/shuma/a20706b2070601/
Saved URL:http://www.binggo.com/shuma/a20706b2070603/
Saved URL:http://www.binggo.com/shuma/a20706b2070605/
Saved URL:http://www.binggo.com/shuma/a20706b2070604/
