# Logfile created on 2011-12-02 05:11:01 -0500 by logger.rb/25413
Saved Page URL: http://www.360mart.com/goods/goodsList.aspx?subid=206%2c253%2c269&start=1
Saved Page URL: http://www.360mart.com/goods/goodsList.aspx?subid=206%2c253%2c269&start=2
Saved Page URL: http://www.360mart.com/goods/goodsList.aspx?subid=206%2c253%2c269&start=3
Completed Category URL: http://www.360mart.com/product/206-253-269.html
Saved Page URL: http://www.360mart.com/product/689-908-911.html
Completed Category URL: http://www.360mart.com/product/689-908-911.html
Saved Page URL: http://www.360mart.com/product/689-437-757.html
Completed Category URL: http://www.360mart.com/product/689-437-757.html
Saved Page URL: http://www.360mart.com/product/689-437-760.html
Completed Category URL: http://www.360mart.com/product/689-437-760.html
Saved Page URL: http://www.360mart.com/product/689-437-705.html
Completed Category URL: http://www.360mart.com/product/689-437-705.html
Saved Page URL: http://www.360mart.com/goods/goodsList.aspx?subid=689%2c701%2c697&start=1
Saved Page URL: http://www.360mart.com/goods/goodsList.aspx?subid=689%2c701%2c697&start=2
Saved Page URL: http://www.360mart.com/goods/goodsList.aspx?subid=689%2c701%2c697&start=3
Saved Page URL: http://www.360mart.com/goods/goodsList.aspx?subid=689%2c701%2c697&start=4
Saved Page URL: http://www.360mart.com/goods/goodsList.aspx?subid=689%2c701%2c697&start=5
Saved Page URL: http://www.360mart.com/goods/goodsList.aspx?subid=689%2c701%2c697&start=6
Completed Category URL: http://www.360mart.com/product/689-701-697.html
Saved Page URL: http://www.360mart.com/goods/goodsList.aspx?subid=689%2c701%2c810&start=1
Saved Page URL: http://www.360mart.com/goods/goodsList.aspx?subid=689%2c701%2c810&start=2
Completed Category URL: http://www.360mart.com/product/689-701-810.html
Saved Page URL: http://www.360mart.com/goods/goodsList.aspx?subid=206%2c207%2c209&start=1
Saved Page URL: http://www.360mart.com/goods/goodsList.aspx?subid=206%2c207%2c209&start=2
Saved Page URL: http://www.360mart.com/goods/goodsList.aspx?subid=206%2c207%2c209&start=3
Saved Page URL: http://www.360mart.com/goods/goodsList.aspx?subid=206%2c207%2c209&start=4
Saved Page URL: http://www.360mart.com/goods/goodsList.aspx?subid=206%2c207%2c209&start=5
Saved Page URL: http://www.360mart.com/goods/goodsList.aspx?subid=206%2c207%2c209&start=6
Saved Page URL: http://www.360mart.com/goods/goodsList.aspx?subid=206%2c207%2c209&start=7
Saved Page URL: http://www.360mart.com/goods/goodsList.aspx?subid=206%2c207%2c209&start=8
Saved Page URL: http://www.360mart.com/goods/goodsList.aspx?subid=206%2c207%2c209&start=9
Saved Page URL: http://www.360mart.com/goods/goodsList.aspx?subid=206%2c207%2c209&start=10
Saved Page URL: http://www.360mart.com/goods/goodsList.aspx?subid=206%2c207%2c209&start=11
Saved Page URL: http://www.360mart.com/goods/goodsList.aspx?subid=206%2c207%2c209&start=12
Saved Page URL: http://www.360mart.com/goods/goodsList.aspx?subid=206%2c207%2c209&start=13
Saved Page URL: http://www.360mart.com/goods/goodsList.aspx?subid=206%2c207%2c209&start=14
Completed Category URL: http://www.360mart.com/product/206-207-209.html
Saved Page URL: http://www.360mart.com/goods/goodsList.aspx?subid=206%2c252%2c256&start=1
Saved Page URL: http://www.360mart.com/goods/goodsList.aspx?subid=206%2c252%2c256&start=2
Saved Page URL: http://www.360mart.com/goods/goodsList.aspx?subid=206%2c252%2c256&start=3
Saved Page URL: http://www.360mart.com/goods/goodsList.aspx?subid=206%2c252%2c256&start=4
Saved Page URL: http://www.360mart.com/goods/goodsList.aspx?subid=206%2c252%2c256&start=5
Saved Page URL: http://www.360mart.com/goods/goodsList.aspx?subid=206%2c252%2c256&start=6
Saved Page URL: http://www.360mart.com/goods/goodsList.aspx?subid=206%2c252%2c256&start=7
Saved Page URL: http://www.360mart.com/goods/goodsList.aspx?subid=206%2c252%2c256&start=8
Saved Page URL: http://www.360mart.com/goods/goodsList.aspx?subid=206%2c252%2c256&start=9
Saved Page URL: http://www.360mart.com/goods/goodsList.aspx?subid=206%2c252%2c256&start=10
Completed Category URL: http://www.360mart.com/product/206-252-256.html
Saved Page URL: http://www.360mart.com/goods/goodsList.aspx?subid=206%2c252%2c255&start=1
Saved Page URL: http://www.360mart.com/goods/goodsList.aspx?subid=206%2c252%2c255&start=2
Completed Category URL: http://www.360mart.com/product/206-252-255.html
Saved Page URL: http://www.360mart.com/goods/goodsList.aspx?subid=206%2c252%2c258&start=1
Saved Page URL: http://www.360mart.com/goods/goodsList.aspx?subid=206%2c252%2c258&start=2
Saved Page URL: http://www.360mart.com/goods/goodsList.aspx?subid=206%2c252%2c258&start=3
Completed Category URL: http://www.360mart.com/product/206-252-258.html
Saved Page URL: http://www.360mart.com/product/206-252-261.html
Completed Category URL: http://www.360mart.com/product/206-252-261.html
Saved Page URL: http://www.360mart.com/product/206-933-934.html
Completed Category URL: http://www.360mart.com/product/206-933-934.html
Saved Page URL: http://www.360mart.com/product/206-933-935.html
Completed Category URL: http://www.360mart.com/product/206-933-935.html
Saved Page URL: http://www.360mart.com/product/206-933-937.html
Completed Category URL: http://www.360mart.com/product/206-933-937.html
Saved Page URL: http://www.360mart.com/product/206-933-938.html
Completed Category URL: http://www.360mart.com/product/206-933-938.html
Saved Page URL: http://www.360mart.com/product/206-208-213.html
Completed Category URL: http://www.360mart.com/product/206-208-213.html
Saved Page URL: http://www.360mart.com/product/206-208-214.html
Completed Category URL: http://www.360mart.com/product/206-208-214.html
Saved Page URL: http://www.360mart.com/goods/goodsList.aspx?subid=206%2c208%2c212&start=1
Saved Page URL: http://www.360mart.com/goods/goodsList.aspx?subid=206%2c208%2c212&start=2
Saved Page URL: http://www.360mart.com/goods/goodsList.aspx?subid=206%2c208%2c212&start=3
Completed Category URL: http://www.360mart.com/product/206-208-212.html
Saved Page URL: http://www.360mart.com/product/206-208-217.html
Completed Category URL: http://www.360mart.com/product/206-208-217.html
Saved Page URL: http://www.360mart.com/product/206-208-222.html
Completed Category URL: http://www.360mart.com/product/206-208-222.html
Saved Page URL: http://www.360mart.com/product/206-253-262.html
Completed Category URL: http://www.360mart.com/product/206-253-262.html
Saved Page URL: http://www.360mart.com/goods/goodsList.aspx?subid=206%2c253%2c263&start=1
Saved Page URL: http://www.360mart.com/goods/goodsList.aspx?subid=206%2c253%2c263&start=2
Completed Category URL: http://www.360mart.com/product/206-253-263.html
Saved Page URL: http://www.360mart.com/goods/goodsList.aspx?subid=206%2c253%2c264&start=1
Saved Page URL: http://www.360mart.com/goods/goodsList.aspx?subid=206%2c253%2c264&start=2
Completed Category URL: http://www.360mart.com/product/206-253-264.html
Saved Page URL: http://www.360mart.com/goods/goodsList.aspx?subid=206%2c254%2c271&start=1
Saved Page URL: http://www.360mart.com/goods/goodsList.aspx?subid=206%2c254%2c271&start=2
Saved Page URL: http://www.360mart.com/goods/goodsList.aspx?subid=206%2c254%2c271&start=3
Saved Page URL: http://www.360mart.com/goods/goodsList.aspx?subid=206%2c254%2c271&start=4
Completed Category URL: http://www.360mart.com/product/206-254-271.html
Saved Page URL: http://www.360mart.com/goods/goodsList.aspx?subid=206%2c254%2c272&start=1
Saved Page URL: http://www.360mart.com/goods/goodsList.aspx?subid=206%2c254%2c272&start=2
Completed Category URL: http://www.360mart.com/product/206-254-272.html
Saved Page URL: http://www.360mart.com/goods/goodsList.aspx?subid=76%2c940%2c536&start=1
Saved Page URL: http://www.360mart.com/goods/goodsList.aspx?subid=76%2c940%2c536&start=2
Saved Page URL: http://www.360mart.com/goods/goodsList.aspx?subid=76%2c940%2c536&start=3
Saved Page URL: http://www.360mart.com/goods/goodsList.aspx?subid=76%2c940%2c536&start=4
Completed Category URL: http://www.360mart.com/product/76-940-536.html
Saved Page URL: http://www.360mart.com/product/76-940-679.html
Completed Category URL: http://www.360mart.com/product/76-940-679.html
Saved Page URL: http://www.360mart.com/goods/goodsList.aspx?subid=76%2c87%2c116&start=1
Saved Page URL: http://www.360mart.com/goods/goodsList.aspx?subid=76%2c87%2c116&start=2
Saved Page URL: http://www.360mart.com/goods/goodsList.aspx?subid=76%2c87%2c116&start=3
Saved Page URL: http://www.360mart.com/goods/goodsList.aspx?subid=76%2c87%2c116&start=4
Saved Page URL: http://www.360mart.com/goods/goodsList.aspx?subid=76%2c87%2c116&start=5
Saved Page URL: http://www.360mart.com/goods/goodsList.aspx?subid=76%2c87%2c116&start=6
Saved Page URL: http://www.360mart.com/goods/goodsList.aspx?subid=76%2c87%2c116&start=7
Saved Page URL: http://www.360mart.com/goods/goodsList.aspx?subid=76%2c87%2c116&start=8
Saved Page URL: http://www.360mart.com/goods/goodsList.aspx?subid=76%2c87%2c116&start=9
Saved Page URL: http://www.360mart.com/goods/goodsList.aspx?subid=76%2c87%2c116&start=10
Completed Category URL: http://www.360mart.com/product/76-87-116.html
Saved Page URL: http://www.360mart.com/goods/goodsList.aspx?subid=76%2c87%2c661&start=1
Saved Page URL: http://www.360mart.com/goods/goodsList.aspx?subid=76%2c87%2c661&start=2
Saved Page URL: http://www.360mart.com/goods/goodsList.aspx?subid=76%2c87%2c661&start=3
Saved Page URL: http://www.360mart.com/goods/goodsList.aspx?subid=76%2c87%2c661&start=4
Completed Category URL: http://www.360mart.com/product/76-87-661.html
Saved Page URL: http://www.360mart.com/goods/goodsList.aspx?subid=76%2c88%2c120&start=1
Saved Page URL: http://www.360mart.com/goods/goodsList.aspx?subid=76%2c88%2c120&start=2
Completed Category URL: http://www.360mart.com/product/76-88-120.html
Saved Page URL: http://www.360mart.com/product/76-88-119.html
Completed Category URL: http://www.360mart.com/product/76-88-119.html
Saved Page URL: http://www.360mart.com/goods/goodsList.aspx?subid=76%2c88%2c121&start=1
Saved Page URL: http://www.360mart.com/goods/goodsList.aspx?subid=76%2c88%2c121&start=2
Completed Category URL: http://www.360mart.com/product/76-88-121.html
Saved Page URL: http://www.360mart.com/goods/goodsList.aspx?subid=76%2c88%2c122&start=1
Saved Page URL: http://www.360mart.com/goods/goodsList.aspx?subid=76%2c88%2c122&start=2
Completed Category URL: http://www.360mart.com/product/76-88-122.html
Saved Page URL: http://www.360mart.com/product/76-88-123.html
Completed Category URL: http://www.360mart.com/product/76-88-123.html
Saved Page URL: http://www.360mart.com/product/76-88-125.html
Completed Category URL: http://www.360mart.com/product/76-88-125.html
Saved Page URL: http://www.360mart.com/goods/goodsList.aspx?subid=76%2c88%2c129&start=1
Saved Page URL: http://www.360mart.com/goods/goodsList.aspx?subid=76%2c88%2c129&start=2
Completed Category URL: http://www.360mart.com/product/76-88-129.html
Saved Page URL: http://www.360mart.com/product/76-88-127.html
Completed Category URL: http://www.360mart.com/product/76-88-127.html
Saved Page URL: http://www.360mart.com/goods/goodsList.aspx?subid=76%2c88%2c128&start=1
Saved Page URL: http://www.360mart.com/goods/goodsList.aspx?subid=76%2c88%2c128&start=2
Completed Category URL: http://www.360mart.com/product/76-88-128.html
Saved Page URL: http://www.360mart.com/goods/goodsList.aspx?subid=76%2c88%2c164&start=1
Saved Page URL: http://www.360mart.com/goods/goodsList.aspx?subid=76%2c88%2c164&start=2
Completed Category URL: http://www.360mart.com/product/76-88-164.html
Saved Page URL: http://www.360mart.com/goods/goodsList.aspx?subid=76%2c88%2c135&start=1
Saved Page URL: http://www.360mart.com/goods/goodsList.aspx?subid=76%2c88%2c135&start=2
Completed Category URL: http://www.360mart.com/product/76-88-135.html
Saved Page URL: http://www.360mart.com/goods/goodsList.aspx?subid=76%2c105%2c189&start=1
Saved Page URL: http://www.360mart.com/goods/goodsList.aspx?subid=76%2c105%2c189&start=2
Completed Category URL: http://www.360mart.com/product/76-105-189.html
Saved Page URL: http://www.360mart.com/goods/goodsList.aspx?subid=76%2c105%2c190&start=1
Saved Page URL: http://www.360mart.com/goods/goodsList.aspx?subid=76%2c105%2c190&start=2
Completed Category URL: http://www.360mart.com/product/76-105-190.html
Saved Page URL: http://www.360mart.com/product/76-105-191.html
Completed Category URL: http://www.360mart.com/product/76-105-191.html
Saved Page URL: http://www.360mart.com/product/76-105-193.html
Completed Category URL: http://www.360mart.com/product/76-105-193.html
Saved Page URL: http://www.360mart.com/product/76-105-308.html
Completed Category URL: http://www.360mart.com/product/76-105-308.html
Saved Page URL: http://www.360mart.com/goods/goodsList.aspx?subid=1%2c241%2c242&start=1
Saved Page URL: http://www.360mart.com/goods/goodsList.aspx?subid=1%2c241%2c242&start=2
Saved Page URL: http://www.360mart.com/goods/goodsList.aspx?subid=1%2c241%2c242&start=3
Completed Category URL: http://www.360mart.com/product/1-241-242.html
Saved Page URL: http://www.360mart.com/goods/goodsList.aspx?subid=1%2c241%2c929&start=1
Saved Page URL: http://www.360mart.com/goods/goodsList.aspx?subid=1%2c241%2c929&start=2
Completed Category URL: http://www.360mart.com/product/1-241-929.html
Saved Page URL: http://www.360mart.com/product/1-241-930.html
Completed Category URL: http://www.360mart.com/product/1-241-930.html
Saved Page URL: http://www.360mart.com/product/1-241-931.html
Completed Category URL: http://www.360mart.com/product/1-241-931.html
Saved Page URL: http://www.360mart.com/product/1-241-939.html
Completed Category URL: http://www.360mart.com/product/1-241-939.html
Saved Page URL: http://www.360mart.com/goods/goodsList.aspx?subid=1%2c3%2c28&start=1
Saved Page URL: http://www.360mart.com/goods/goodsList.aspx?subid=1%2c3%2c28&start=2
Saved Page URL: http://www.360mart.com/goods/goodsList.aspx?subid=1%2c3%2c28&start=3
Saved Page URL: http://www.360mart.com/goods/goodsList.aspx?subid=1%2c3%2c28&start=4
Completed Category URL: http://www.360mart.com/product/1-3-28.html
Saved Page URL: http://www.360mart.com/goods/goodsList.aspx?subid=1%2c3%2c40&start=1
Saved Page URL: http://www.360mart.com/goods/goodsList.aspx?subid=1%2c3%2c40&start=2
Saved Page URL: http://www.360mart.com/goods/goodsList.aspx?subid=1%2c3%2c40&start=3
Completed Category URL: http://www.360mart.com/product/1-3-40.html
Saved Page URL: http://www.360mart.com/goods/goodsList.aspx?subid=1%2c3%2c30&start=1
Saved Page URL: http://www.360mart.com/goods/goodsList.aspx?subid=1%2c3%2c30&start=2
Saved Page URL: http://www.360mart.com/goods/goodsList.aspx?subid=1%2c3%2c30&start=3
Completed Category URL: http://www.360mart.com/product/1-3-30.html
Saved Page URL: http://www.360mart.com/goods/goodsList.aspx?subid=1%2c3%2c27&start=1
Saved Page URL: http://www.360mart.com/goods/goodsList.aspx?subid=1%2c3%2c27&start=2
Completed Category URL: http://www.360mart.com/product/1-3-27.html
Saved Page URL: http://www.360mart.com/product/1-3-42.html
Completed Category URL: http://www.360mart.com/product/1-3-42.html
Saved Page URL: http://www.360mart.com/goods/goodsList.aspx?subid=1%2c3%2c51&start=1
Saved Page URL: http://www.360mart.com/goods/goodsList.aspx?subid=1%2c3%2c51&start=2
Completed Category URL: http://www.360mart.com/product/1-3-51.html
Saved Page URL: http://www.360mart.com/product/1-3-43.html
Completed Category URL: http://www.360mart.com/product/1-3-43.html
Saved Page URL: http://www.360mart.com/product/1-3-844.html
Completed Category URL: http://www.360mart.com/product/1-3-844.html
Saved Page URL: http://www.360mart.com/goods/goodsList.aspx?subid=1%2c2%2c6&start=1
Saved Page URL: http://www.360mart.com/goods/goodsList.aspx?subid=1%2c2%2c6&start=2
Completed Category URL: http://www.360mart.com/product/1-2-6.html
Saved Page URL: http://www.360mart.com/product/1-2-10.html
Completed Category URL: http://www.360mart.com/product/1-2-10.html
Saved Page URL: http://www.360mart.com/goods/goodsList.aspx?subid=1%2c2%2c11&start=1
Saved Page URL: http://www.360mart.com/goods/goodsList.aspx?subid=1%2c2%2c11&start=2
Completed Category URL: http://www.360mart.com/product/1-2-11.html
Saved Page URL: http://www.360mart.com/product/1-2-19.html
Completed Category URL: http://www.360mart.com/product/1-2-19.html
Saved Page URL: http://www.360mart.com/product/1-2-662.html
Completed Category URL: http://www.360mart.com/product/1-2-662.html
Saved Page URL: http://www.360mart.com/goods/goodsList.aspx?subid=1%2c2%2c941&start=1
Saved Page URL: http://www.360mart.com/goods/goodsList.aspx?subid=1%2c2%2c941&start=2
Completed Category URL: http://www.360mart.com/product/1-2-941.html
Saved Page URL: http://www.360mart.com/goods/goodsList.aspx?subid=1%2c4%2c875&start=1
Saved Page URL: http://www.360mart.com/goods/goodsList.aspx?subid=1%2c4%2c875&start=2
Completed Category URL: http://www.360mart.com/product/1-4-875.html
Saved Page URL: http://www.360mart.com/goods/goodsList.aspx?subid=1%2c4%2c55&start=1
Saved Page URL: http://www.360mart.com/goods/goodsList.aspx?subid=1%2c4%2c55&start=2
Saved Page URL: http://www.360mart.com/goods/goodsList.aspx?subid=1%2c4%2c55&start=3
Saved Page URL: http://www.360mart.com/goods/goodsList.aspx?subid=1%2c4%2c55&start=4
Saved Page URL: http://www.360mart.com/goods/goodsList.aspx?subid=1%2c4%2c55&start=5
Completed Category URL: http://www.360mart.com/product/1-4-55.html
Saved Page URL: http://www.360mart.com/goods/goodsList.aspx?subid=1%2c4%2c56&start=1
Saved Page URL: http://www.360mart.com/goods/goodsList.aspx?subid=1%2c4%2c56&start=2
Saved Page URL: http://www.360mart.com/goods/goodsList.aspx?subid=1%2c4%2c56&start=3
Completed Category URL: http://www.360mart.com/product/1-4-56.html
Saved Page URL: http://www.360mart.com/product/1-4-789.html
Completed Category URL: http://www.360mart.com/product/1-4-789.html
Saved Page URL: http://www.360mart.com/goods/goodsList.aspx?subid=430%2c666%2c667&start=1
Saved Page URL: http://www.360mart.com/goods/goodsList.aspx?subid=430%2c666%2c667&start=2
Saved Page URL: http://www.360mart.com/goods/goodsList.aspx?subid=430%2c666%2c667&start=3
Saved Page URL: http://www.360mart.com/goods/goodsList.aspx?subid=430%2c666%2c667&start=4
Saved Page URL: http://www.360mart.com/goods/goodsList.aspx?subid=430%2c666%2c667&start=5
Saved Page URL: http://www.360mart.com/goods/goodsList.aspx?subid=430%2c666%2c667&start=6
Saved Page URL: http://www.360mart.com/goods/goodsList.aspx?subid=430%2c666%2c667&start=7
Saved Page URL: http://www.360mart.com/goods/goodsList.aspx?subid=430%2c666%2c667&start=8
Saved Page URL: http://www.360mart.com/goods/goodsList.aspx?subid=430%2c666%2c667&start=9
Saved Page URL: http://www.360mart.com/goods/goodsList.aspx?subid=430%2c666%2c667&start=10
Saved Page URL: http://www.360mart.com/goods/goodsList.aspx?subid=430%2c666%2c667&start=11
Saved Page URL: http://www.360mart.com/goods/goodsList.aspx?subid=430%2c666%2c667&start=12
Saved Page URL: http://www.360mart.com/goods/goodsList.aspx?subid=430%2c666%2c667&start=13
Saved Page URL: http://www.360mart.com/goods/goodsList.aspx?subid=430%2c666%2c667&start=14
Saved Page URL: http://www.360mart.com/goods/goodsList.aspx?subid=430%2c666%2c667&start=15
Saved Page URL: http://www.360mart.com/goods/goodsList.aspx?subid=430%2c666%2c667&start=16
Completed Category URL: http://www.360mart.com/product/430-666-667.html
Saved Page URL: http://www.360mart.com/goods/goodsList.aspx?subid=430%2c666%2c718&start=1
Saved Page URL: http://www.360mart.com/goods/goodsList.aspx?subid=430%2c666%2c718&start=2
Completed Category URL: http://www.360mart.com/product/430-666-718.html
Saved Page URL: http://www.360mart.com/goods/goodsList.aspx?subid=430%2c666%2c722&start=1
Saved Page URL: http://www.360mart.com/goods/goodsList.aspx?subid=430%2c666%2c722&start=2
Saved Page URL: http://www.360mart.com/goods/goodsList.aspx?subid=430%2c666%2c722&start=3
Saved Page URL: http://www.360mart.com/goods/goodsList.aspx?subid=430%2c666%2c722&start=4
Saved Page URL: http://www.360mart.com/goods/goodsList.aspx?subid=430%2c666%2c722&start=5
Saved Page URL: http://www.360mart.com/goods/goodsList.aspx?subid=430%2c666%2c722&start=6
Saved Page URL: http://www.360mart.com/goods/goodsList.aspx?subid=430%2c666%2c722&start=7
Saved Page URL: http://www.360mart.com/goods/goodsList.aspx?subid=430%2c666%2c722&start=8
Saved Page URL: http://www.360mart.com/goods/goodsList.aspx?subid=430%2c666%2c722&start=9
Saved Page URL: http://www.360mart.com/goods/goodsList.aspx?subid=430%2c666%2c722&start=10
Saved Page URL: http://www.360mart.com/goods/goodsList.aspx?subid=430%2c666%2c722&start=11
Saved Page URL: http://www.360mart.com/goods/goodsList.aspx?subid=430%2c666%2c722&start=12
Saved Page URL: http://www.360mart.com/goods/goodsList.aspx?subid=430%2c666%2c722&start=13
Saved Page URL: http://www.360mart.com/goods/goodsList.aspx?subid=430%2c666%2c722&start=14
Saved Page URL: http://www.360mart.com/goods/goodsList.aspx?subid=430%2c666%2c722&start=15
Saved Page URL: http://www.360mart.com/goods/goodsList.aspx?subid=430%2c666%2c722&start=16
Saved Page URL: http://www.360mart.com/goods/goodsList.aspx?subid=430%2c666%2c722&start=17
Saved Page URL: http://www.360mart.com/goods/goodsList.aspx?subid=430%2c666%2c722&start=18
Saved Page URL: http://www.360mart.com/goods/goodsList.aspx?subid=430%2c666%2c722&start=19
Saved Page URL: http://www.360mart.com/goods/goodsList.aspx?subid=430%2c666%2c722&start=20
Completed Category URL: http://www.360mart.com/product/430-666-722.html
Saved Page URL: http://www.360mart.com/goods/goodsList.aspx?subid=430%2c666%2c723&start=1
Saved Page URL: http://www.360mart.com/goods/goodsList.aspx?subid=430%2c666%2c723&start=2
Saved Page URL: http://www.360mart.com/goods/goodsList.aspx?subid=430%2c666%2c723&start=3
Saved Page URL: http://www.360mart.com/goods/goodsList.aspx?subid=430%2c666%2c723&start=4
Saved Page URL: http://www.360mart.com/goods/goodsList.aspx?subid=430%2c666%2c723&start=5
Saved Page URL: http://www.360mart.com/goods/goodsList.aspx?subid=430%2c666%2c723&start=6
Saved Page URL: http://www.360mart.com/goods/goodsList.aspx?subid=430%2c666%2c723&start=7
Saved Page URL: http://www.360mart.com/goods/goodsList.aspx?subid=430%2c666%2c723&start=8
Saved Page URL: http://www.360mart.com/goods/goodsList.aspx?subid=430%2c666%2c723&start=9
Saved Page URL: http://www.360mart.com/goods/goodsList.aspx?subid=430%2c666%2c723&start=10
Saved Page URL: http://www.360mart.com/goods/goodsList.aspx?subid=430%2c666%2c723&start=11
Saved Page URL: http://www.360mart.com/goods/goodsList.aspx?subid=430%2c666%2c723&start=12
Saved Page URL: http://www.360mart.com/goods/goodsList.aspx?subid=430%2c666%2c723&start=13
Saved Page URL: http://www.360mart.com/goods/goodsList.aspx?subid=430%2c666%2c723&start=14
Saved Page URL: http://www.360mart.com/goods/goodsList.aspx?subid=430%2c666%2c723&start=15
Saved Page URL: http://www.360mart.com/goods/goodsList.aspx?subid=430%2c666%2c723&start=16
Completed Category URL: http://www.360mart.com/product/430-666-723.html
Saved Page URL: http://www.360mart.com/goods/goodsList.aspx?subid=430%2c716%2c735&start=1
Saved Page URL: http://www.360mart.com/goods/goodsList.aspx?subid=430%2c716%2c735&start=2
Saved Page URL: http://www.360mart.com/goods/goodsList.aspx?subid=430%2c716%2c735&start=3
Saved Page URL: http://www.360mart.com/goods/goodsList.aspx?subid=430%2c716%2c735&start=4
Saved Page URL: http://www.360mart.com/goods/goodsList.aspx?subid=430%2c716%2c735&start=5
Saved Page URL: http://www.360mart.com/goods/goodsList.aspx?subid=430%2c716%2c735&start=6
Saved Page URL: http://www.360mart.com/goods/goodsList.aspx?subid=430%2c716%2c735&start=7
Saved Page URL: http://www.360mart.com/goods/goodsList.aspx?subid=430%2c716%2c735&start=8
Saved Page URL: http://www.360mart.com/goods/goodsList.aspx?subid=430%2c716%2c735&start=9
Completed Category URL: http://www.360mart.com/product/430-716-735.html
Saved Page URL: http://www.360mart.com/product/430-716-738.html
Completed Category URL: http://www.360mart.com/product/430-716-738.html
Saved Page URL: http://www.360mart.com/goods/goodsList.aspx?subid=430%2c716%2c740&start=1
Saved Page URL: http://www.360mart.com/goods/goodsList.aspx?subid=430%2c716%2c740&start=2
Saved Page URL: http://www.360mart.com/goods/goodsList.aspx?subid=430%2c716%2c740&start=3
Completed Category URL: http://www.360mart.com/product/430-716-740.html
Saved Page URL: http://www.360mart.com/goods/goodsList.aspx?subid=430%2c716%2c742&start=1
Saved Page URL: http://www.360mart.com/goods/goodsList.aspx?subid=430%2c716%2c742&start=2
Saved Page URL: http://www.360mart.com/goods/goodsList.aspx?subid=430%2c716%2c742&start=3
Saved Page URL: http://www.360mart.com/goods/goodsList.aspx?subid=430%2c716%2c742&start=4
Saved Page URL: http://www.360mart.com/goods/goodsList.aspx?subid=430%2c716%2c742&start=5
Saved Page URL: http://www.360mart.com/goods/goodsList.aspx?subid=430%2c716%2c742&start=6
Saved Page URL: http://www.360mart.com/goods/goodsList.aspx?subid=430%2c716%2c742&start=7
Saved Page URL: http://www.360mart.com/goods/goodsList.aspx?subid=430%2c716%2c742&start=8
Saved Page URL: http://www.360mart.com/goods/goodsList.aspx?subid=430%2c716%2c742&start=9
Saved Page URL: http://www.360mart.com/goods/goodsList.aspx?subid=430%2c716%2c742&start=10
Saved Page URL: http://www.360mart.com/goods/goodsList.aspx?subid=430%2c716%2c742&start=11
Saved Page URL: http://www.360mart.com/goods/goodsList.aspx?subid=430%2c716%2c742&start=12
Saved Page URL: http://www.360mart.com/goods/goodsList.aspx?subid=430%2c716%2c742&start=13
Completed Category URL: http://www.360mart.com/product/430-716-742.html
Saved Page URL: http://www.360mart.com/product/430-716-745.html
Completed Category URL: http://www.360mart.com/product/430-716-745.html
Saved Page URL: http://www.360mart.com/product/430-716-750.html
Completed Category URL: http://www.360mart.com/product/430-716-750.html
Saved Page URL: http://www.360mart.com/goods/goodsList.aspx?subid=430%2c716%2c809&start=1
Saved Page URL: http://www.360mart.com/goods/goodsList.aspx?subid=430%2c716%2c809&start=2
Saved Page URL: http://www.360mart.com/goods/goodsList.aspx?subid=430%2c716%2c809&start=3
Saved Page URL: http://www.360mart.com/goods/goodsList.aspx?subid=430%2c716%2c809&start=4
Saved Page URL: http://www.360mart.com/goods/goodsList.aspx?subid=430%2c716%2c809&start=5
Saved Page URL: http://www.360mart.com/goods/goodsList.aspx?subid=430%2c716%2c809&start=6
Completed Category URL: http://www.360mart.com/product/430-716-809.html
Saved Page URL: http://www.360mart.com/goods/goodsList.aspx?subid=430%2c717%2c753&start=1
Saved Page URL: http://www.360mart.com/goods/goodsList.aspx?subid=430%2c717%2c753&start=2
Saved Page URL: http://www.360mart.com/goods/goodsList.aspx?subid=430%2c717%2c753&start=3
Saved Page URL: http://www.360mart.com/goods/goodsList.aspx?subid=430%2c717%2c753&start=4
Saved Page URL: http://www.360mart.com/goods/goodsList.aspx?subid=430%2c717%2c753&start=5
Saved Page URL: http://www.360mart.com/goods/goodsList.aspx?subid=430%2c717%2c753&start=6
Saved Page URL: http://www.360mart.com/goods/goodsList.aspx?subid=430%2c717%2c753&start=7
Saved Page URL: http://www.360mart.com/goods/goodsList.aspx?subid=430%2c717%2c753&start=8
Saved Page URL: http://www.360mart.com/goods/goodsList.aspx?subid=430%2c717%2c753&start=9
Saved Page URL: http://www.360mart.com/goods/goodsList.aspx?subid=430%2c717%2c753&start=10
Saved Page URL: http://www.360mart.com/goods/goodsList.aspx?subid=430%2c717%2c753&start=11
Saved Page URL: http://www.360mart.com/goods/goodsList.aspx?subid=430%2c717%2c753&start=12
Saved Page URL: http://www.360mart.com/goods/goodsList.aspx?subid=430%2c717%2c753&start=13
Saved Page URL: http://www.360mart.com/goods/goodsList.aspx?subid=430%2c717%2c753&start=14
Saved Page URL: http://www.360mart.com/goods/goodsList.aspx?subid=430%2c717%2c753&start=15
Saved Page URL: http://www.360mart.com/goods/goodsList.aspx?subid=430%2c717%2c753&start=16
Saved Page URL: http://www.360mart.com/goods/goodsList.aspx?subid=430%2c717%2c753&start=17
Saved Page URL: http://www.360mart.com/goods/goodsList.aspx?subid=430%2c717%2c753&start=18
Saved Page URL: http://www.360mart.com/goods/goodsList.aspx?subid=430%2c717%2c753&start=19
Saved Page URL: http://www.360mart.com/goods/goodsList.aspx?subid=430%2c717%2c753&start=20
Saved Page URL: http://www.360mart.com/goods/goodsList.aspx?subid=430%2c717%2c753&start=21
Saved Page URL: http://www.360mart.com/goods/goodsList.aspx?subid=430%2c717%2c753&start=22
Saved Page URL: http://www.360mart.com/goods/goodsList.aspx?subid=430%2c717%2c753&start=23
Saved Page URL: http://www.360mart.com/goods/goodsList.aspx?subid=430%2c717%2c753&start=24
Saved Page URL: http://www.360mart.com/goods/goodsList.aspx?subid=430%2c717%2c753&start=25
Completed Category URL: http://www.360mart.com/product/430-717-753.html
Saved Page URL: http://www.360mart.com/goods/goodsList.aspx?subid=430%2c717%2c754&start=1
Saved Page URL: http://www.360mart.com/goods/goodsList.aspx?subid=430%2c717%2c754&start=2
Saved Page URL: http://www.360mart.com/goods/goodsList.aspx?subid=430%2c717%2c754&start=3
Saved Page URL: http://www.360mart.com/goods/goodsList.aspx?subid=430%2c717%2c754&start=4
Saved Page URL: http://www.360mart.com/goods/goodsList.aspx?subid=430%2c717%2c754&start=5
Completed Category URL: http://www.360mart.com/product/430-717-754.html
Saved Page URL: http://www.360mart.com/goods/goodsList.aspx?subid=778%2c920%2c921&start=1
Saved Page URL: http://www.360mart.com/goods/goodsList.aspx?subid=778%2c920%2c921&start=2
Saved Page URL: http://www.360mart.com/goods/goodsList.aspx?subid=778%2c920%2c921&start=3
Saved Page URL: http://www.360mart.com/goods/goodsList.aspx?subid=778%2c920%2c921&start=4
Saved Page URL: http://www.360mart.com/goods/goodsList.aspx?subid=778%2c920%2c921&start=5
Completed Category URL: http://www.360mart.com/product/778-920-921.html
Saved Page URL: http://www.360mart.com/goods/goodsList.aspx?subid=778%2c724%2c728&start=1
Saved Page URL: http://www.360mart.com/goods/goodsList.aspx?subid=778%2c724%2c728&start=2
Saved Page URL: http://www.360mart.com/goods/goodsList.aspx?subid=778%2c724%2c728&start=3
Saved Page URL: http://www.360mart.com/goods/goodsList.aspx?subid=778%2c724%2c728&start=4
Saved Page URL: http://www.360mart.com/goods/goodsList.aspx?subid=778%2c724%2c728&start=5
Saved Page URL: http://www.360mart.com/goods/goodsList.aspx?subid=778%2c724%2c728&start=6
Saved Page URL: http://www.360mart.com/goods/goodsList.aspx?subid=778%2c724%2c728&start=7
Saved Page URL: http://www.360mart.com/goods/goodsList.aspx?subid=778%2c724%2c728&start=8
Saved Page URL: http://www.360mart.com/goods/goodsList.aspx?subid=778%2c724%2c728&start=9
Saved Page URL: http://www.360mart.com/goods/goodsList.aspx?subid=778%2c724%2c728&start=10
Saved Page URL: http://www.360mart.com/goods/goodsList.aspx?subid=778%2c724%2c728&start=11
Saved Page URL: http://www.360mart.com/goods/goodsList.aspx?subid=778%2c724%2c728&start=12
Saved Page URL: http://www.360mart.com/goods/goodsList.aspx?subid=778%2c724%2c728&start=13
Saved Page URL: http://www.360mart.com/goods/goodsList.aspx?subid=778%2c724%2c728&start=14
Saved Page URL: http://www.360mart.com/goods/goodsList.aspx?subid=778%2c724%2c728&start=15
Saved Page URL: http://www.360mart.com/goods/goodsList.aspx?subid=778%2c724%2c728&start=16
Saved Page URL: http://www.360mart.com/goods/goodsList.aspx?subid=778%2c724%2c728&start=17
Saved Page URL: http://www.360mart.com/goods/goodsList.aspx?subid=778%2c724%2c728&start=18
Saved Page URL: http://www.360mart.com/goods/goodsList.aspx?subid=778%2c724%2c728&start=19
Saved Page URL: http://www.360mart.com/goods/goodsList.aspx?subid=778%2c724%2c728&start=20
Saved Page URL: http://www.360mart.com/goods/goodsList.aspx?subid=778%2c724%2c728&start=21
Saved Page URL: http://www.360mart.com/goods/goodsList.aspx?subid=778%2c724%2c728&start=22
Saved Page URL: http://www.360mart.com/goods/goodsList.aspx?subid=778%2c724%2c728&start=23
Saved Page URL: http://www.360mart.com/goods/goodsList.aspx?subid=778%2c724%2c728&start=24
Completed Category URL: http://www.360mart.com/product/778-724-728.html
Saved Page URL: http://www.360mart.com/goods/goodsList.aspx?subid=778%2c724%2c729&start=1
Saved Page URL: http://www.360mart.com/goods/goodsList.aspx?subid=778%2c724%2c729&start=2
Saved Page URL: http://www.360mart.com/goods/goodsList.aspx?subid=778%2c724%2c729&start=3
Saved Page URL: http://www.360mart.com/goods/goodsList.aspx?subid=778%2c724%2c729&start=4
Saved Page URL: http://www.360mart.com/goods/goodsList.aspx?subid=778%2c724%2c729&start=5
Saved Page URL: http://www.360mart.com/goods/goodsList.aspx?subid=778%2c724%2c729&start=6
Saved Page URL: http://www.360mart.com/goods/goodsList.aspx?subid=778%2c724%2c729&start=7
Saved Page URL: http://www.360mart.com/goods/goodsList.aspx?subid=778%2c724%2c729&start=8
Saved Page URL: http://www.360mart.com/goods/goodsList.aspx?subid=778%2c724%2c729&start=9
Saved Page URL: http://www.360mart.com/goods/goodsList.aspx?subid=778%2c724%2c729&start=10
Saved Page URL: http://www.360mart.com/goods/goodsList.aspx?subid=778%2c724%2c729&start=11
Completed Category URL: http://www.360mart.com/product/778-724-729.html
Saved Page URL: http://www.360mart.com/goods/goodsList.aspx?subid=778%2c724%2c734&start=1
Saved Page URL: http://www.360mart.com/goods/goodsList.aspx?subid=778%2c724%2c734&start=2
Completed Category URL: http://www.360mart.com/product/778-724-734.html
Saved Page URL: http://www.360mart.com/goods/goodsList.aspx?subid=778%2c724%2c730&start=1
Saved Page URL: http://www.360mart.com/goods/goodsList.aspx?subid=778%2c724%2c730&start=2
Saved Page URL: http://www.360mart.com/goods/goodsList.aspx?subid=778%2c724%2c730&start=3
Saved Page URL: http://www.360mart.com/goods/goodsList.aspx?subid=778%2c724%2c730&start=4
Saved Page URL: http://www.360mart.com/goods/goodsList.aspx?subid=778%2c724%2c730&start=5
Completed Category URL: http://www.360mart.com/product/778-724-730.html
Saved Page URL: http://www.360mart.com/goods/goodsList.aspx?subid=778%2c727%2c741&start=1
Saved Page URL: http://www.360mart.com/goods/goodsList.aspx?subid=778%2c727%2c741&start=2
Saved Page URL: http://www.360mart.com/goods/goodsList.aspx?subid=778%2c727%2c741&start=3
Saved Page URL: http://www.360mart.com/goods/goodsList.aspx?subid=778%2c727%2c741&start=4
Completed Category URL: http://www.360mart.com/product/778-727-741.html
Saved Page URL: http://www.360mart.com/goods/goodsList.aspx?subid=778%2c727%2c744&start=1
Saved Page URL: http://www.360mart.com/goods/goodsList.aspx?subid=778%2c727%2c744&start=2
Saved Page URL: http://www.360mart.com/goods/goodsList.aspx?subid=778%2c727%2c744&start=3
Saved Page URL: http://www.360mart.com/goods/goodsList.aspx?subid=778%2c727%2c744&start=4
Saved Page URL: http://www.360mart.com/goods/goodsList.aspx?subid=778%2c727%2c744&start=5
Saved Page URL: http://www.360mart.com/goods/goodsList.aspx?subid=778%2c727%2c744&start=6
Completed Category URL: http://www.360mart.com/product/778-727-744.html
Saved Page URL: http://www.360mart.com/goods/goodsList.aspx?subid=778%2c727%2c777&start=1
Saved Page URL: http://www.360mart.com/goods/goodsList.aspx?subid=778%2c727%2c777&start=2
Saved Page URL: http://www.360mart.com/goods/goodsList.aspx?subid=778%2c727%2c777&start=3
Saved Page URL: http://www.360mart.com/goods/goodsList.aspx?subid=778%2c727%2c777&start=4
Saved Page URL: http://www.360mart.com/goods/goodsList.aspx?subid=778%2c727%2c777&start=5
Completed Category URL: http://www.360mart.com/product/778-727-777.html
Saved Page URL: http://www.360mart.com/goods/goodsList.aspx?subid=778%2c727%2c743&start=1
Saved Page URL: http://www.360mart.com/goods/goodsList.aspx?subid=778%2c727%2c743&start=2
Completed Category URL: http://www.360mart.com/product/778-727-743.html
Saved Page URL: http://www.360mart.com/goods/goodsList.aspx?subid=778%2c726%2c878&start=1
Saved Page URL: http://www.360mart.com/goods/goodsList.aspx?subid=778%2c726%2c878&start=2
Completed Category URL: http://www.360mart.com/product/778-726-878.html
Saved Page URL: http://www.360mart.com/goods/goodsList.aspx?subid=848%2c849%2c855&start=1
Saved Page URL: http://www.360mart.com/goods/goodsList.aspx?subid=848%2c849%2c855&start=2
Saved Page URL: http://www.360mart.com/goods/goodsList.aspx?subid=848%2c849%2c855&start=3
Saved Page URL: http://www.360mart.com/goods/goodsList.aspx?subid=848%2c849%2c855&start=4
Saved Page URL: http://www.360mart.com/goods/goodsList.aspx?subid=848%2c849%2c855&start=5
Completed Category URL: http://www.360mart.com/product/848-849-855.html
Saved Page URL: http://www.360mart.com/goods/goodsList.aspx?subid=848%2c849%2c856&start=1
Saved Page URL: http://www.360mart.com/goods/goodsList.aspx?subid=848%2c849%2c856&start=2
Saved Page URL: http://www.360mart.com/goods/goodsList.aspx?subid=848%2c849%2c856&start=3
Saved Page URL: http://www.360mart.com/goods/goodsList.aspx?subid=848%2c849%2c856&start=4
Saved Page URL: http://www.360mart.com/goods/goodsList.aspx?subid=848%2c849%2c856&start=5
Saved Page URL: http://www.360mart.com/goods/goodsList.aspx?subid=848%2c849%2c856&start=6
Saved Page URL: http://www.360mart.com/goods/goodsList.aspx?subid=848%2c849%2c856&start=7
Completed Category URL: http://www.360mart.com/product/848-849-856.html
Saved Page URL: http://www.360mart.com/goods/goodsList.aspx?subid=848%2c849%2c854&start=1
Saved Page URL: http://www.360mart.com/goods/goodsList.aspx?subid=848%2c849%2c854&start=2
Saved Page URL: http://www.360mart.com/goods/goodsList.aspx?subid=848%2c849%2c854&start=3
Saved Page URL: http://www.360mart.com/goods/goodsList.aspx?subid=848%2c849%2c854&start=4
Saved Page URL: http://www.360mart.com/goods/goodsList.aspx?subid=848%2c849%2c854&start=5
Saved Page URL: http://www.360mart.com/goods/goodsList.aspx?subid=848%2c849%2c854&start=6
Completed Category URL: http://www.360mart.com/product/848-849-854.html
Saved Page URL: http://www.360mart.com/goods/goodsList.aspx?subid=848%2c849%2c857&start=1
Saved Page URL: http://www.360mart.com/goods/goodsList.aspx?subid=848%2c849%2c857&start=2
Saved Page URL: http://www.360mart.com/goods/goodsList.aspx?subid=848%2c849%2c857&start=3
Saved Page URL: http://www.360mart.com/goods/goodsList.aspx?subid=848%2c849%2c857&start=4
Completed Category URL: http://www.360mart.com/product/848-849-857.html
Saved Page URL: http://www.360mart.com/product/848-850-873.html
Completed Category URL: http://www.360mart.com/product/848-850-873.html
Saved Page URL: http://www.360mart.com/product/848-850-860.html
Completed Category URL: http://www.360mart.com/product/848-850-860.html
Saved Page URL: http://www.360mart.com/product/848-850-858.html
Completed Category URL: http://www.360mart.com/product/848-850-858.html
Saved Page URL: http://www.360mart.com/product/848-850-859.html
Completed Category URL: http://www.360mart.com/product/848-850-859.html
Saved Page URL: http://www.360mart.com/product/848-851-861.html
Completed Category URL: http://www.360mart.com/product/848-851-861.html
Saved Page URL: http://www.360mart.com/product/848-851-863.html
Completed Category URL: http://www.360mart.com/product/848-851-863.html
Saved Page URL: http://www.360mart.com/product/848-851-865.html
Completed Category URL: http://www.360mart.com/product/848-851-865.html
Saved Page URL: http://www.360mart.com/product/848-852-866.html
Completed Category URL: http://www.360mart.com/product/848-852-866.html
Saved Page URL: http://www.360mart.com/product/848-852-868.html
Completed Category URL: http://www.360mart.com/product/848-852-868.html
Saved Page URL: http://www.360mart.com/product/848-853-869.html
Completed Category URL: http://www.360mart.com/product/848-853-869.html
Saved Page URL: http://www.360mart.com/product/848-853-876.html
Completed Category URL: http://www.360mart.com/product/848-853-876.html
Saved Page URL: http://www.360mart.com/product/848-853-871.html
Completed Category URL: http://www.360mart.com/product/848-853-871.html
Saved Page URL: http://www.360mart.com/product/848-853-872.html
Completed Category URL: http://www.360mart.com/product/848-853-872.html
Saved Page URL: http://www.360mart.com/product/848-853-874.html
Completed Category URL: http://www.360mart.com/product/848-853-874.html
Saved Page URL: http://www.360mart.com/goods/goodsList.aspx?subid=848%2c887%2c927&start=1
Saved Page URL: http://www.360mart.com/goods/goodsList.aspx?subid=848%2c887%2c927&start=2
Saved Page URL: http://www.360mart.com/goods/goodsList.aspx?subid=848%2c887%2c927&start=3
Completed Category URL: http://www.360mart.com/product/848-887-927.html
Saved Page URL: http://www.360mart.com/product/848-887-891.html
Completed Category URL: http://www.360mart.com/product/848-887-891.html
Saved Page URL: http://www.360mart.com/product/848-887-895.html
Completed Category URL: http://www.360mart.com/product/848-887-895.html
Saved Page URL: http://www.360mart.com/product/848-887-888.html
Completed Category URL: http://www.360mart.com/product/848-887-888.html
Saved Page URL: http://www.360mart.com/product/848-887-890.html
Completed Category URL: http://www.360mart.com/product/848-887-890.html
Saved Page URL: http://www.360mart.com/goods/goodsList.aspx?subid=848%2c887%2c892&start=1
Saved Page URL: http://www.360mart.com/goods/goodsList.aspx?subid=848%2c887%2c892&start=2
Saved Page URL: http://www.360mart.com/goods/goodsList.aspx?subid=848%2c887%2c892&start=3
Completed Category URL: http://www.360mart.com/product/848-887-892.html
Saved Page URL: http://www.360mart.com/product/689-699-762.html
Completed Category URL: http://www.360mart.com/product/689-699-762.html
Saved Page URL: http://www.360mart.com/goods/goodsList.aspx?subid=689%2c699%2c917&start=1
Saved Page URL: http://www.360mart.com/goods/goodsList.aspx?subid=689%2c699%2c917&start=2
Saved Page URL: http://www.360mart.com/goods/goodsList.aspx?subid=689%2c699%2c917&start=3
Saved Page URL: http://www.360mart.com/goods/goodsList.aspx?subid=689%2c699%2c917&start=4
Completed Category URL: http://www.360mart.com/product/689-699-917.html
Saved Page URL: http://www.360mart.com/product/689-699-881.html
Completed Category URL: http://www.360mart.com/product/689-699-881.html
Saved Page URL: http://www.360mart.com/goods/goodsList.aspx?subid=689%2c699%2c886&start=1
Saved Page URL: http://www.360mart.com/goods/goodsList.aspx?subid=689%2c699%2c886&start=2
Saved Page URL: http://www.360mart.com/goods/goodsList.aspx?subid=689%2c699%2c886&start=3
Completed Category URL: http://www.360mart.com/product/689-699-886.html
Saved Page URL: http://www.360mart.com/goods/goodsList.aspx?subid=689%2c699%2c898&start=1
Saved Page URL: http://www.360mart.com/goods/goodsList.aspx?subid=689%2c699%2c898&start=2
Saved Page URL: http://www.360mart.com/goods/goodsList.aspx?subid=689%2c699%2c898&start=3
Saved Page URL: http://www.360mart.com/goods/goodsList.aspx?subid=689%2c699%2c898&start=4
Saved Page URL: http://www.360mart.com/goods/goodsList.aspx?subid=689%2c699%2c898&start=5
Completed Category URL: http://www.360mart.com/product/689-699-898.html
Saved Page URL: http://www.360mart.com/product/689-699-774.html
Completed Category URL: http://www.360mart.com/product/689-699-774.html
Saved Page URL: http://www.360mart.com/product/689-699-763.html
Completed Category URL: http://www.360mart.com/product/689-699-763.html
Saved Page URL: http://www.360mart.com/product/689-699-764.html
Completed Category URL: http://www.360mart.com/product/689-699-764.html
Saved Page URL: http://www.360mart.com/goods/goodsList.aspx?subid=689%2c699%2c766&start=1
Saved Page URL: http://www.360mart.com/goods/goodsList.aspx?subid=689%2c699%2c766&start=2
Completed Category URL: http://www.360mart.com/product/689-699-766.html
Saved Page URL: http://www.360mart.com/goods/goodsList.aspx?subid=689%2c699%2c712&start=1
Saved Page URL: http://www.360mart.com/goods/goodsList.aspx?subid=689%2c699%2c712&start=2
Saved Page URL: http://www.360mart.com/goods/goodsList.aspx?subid=689%2c699%2c712&start=3
Saved Page URL: http://www.360mart.com/goods/goodsList.aspx?subid=689%2c699%2c712&start=4
Completed Category URL: http://www.360mart.com/product/689-699-712.html
Saved Page URL: http://www.360mart.com/product/689-699-672.html
Completed Category URL: http://www.360mart.com/product/689-699-672.html
Saved Page URL: http://www.360mart.com/product/689-699-771.html
Completed Category URL: http://www.360mart.com/product/689-699-771.html
Saved Page URL: http://www.360mart.com/product/689-699-769.html
Completed Category URL: http://www.360mart.com/product/689-699-769.html
Saved Page URL: http://www.360mart.com/product/689-908-913.html
Completed Category URL: http://www.360mart.com/product/689-908-913.html
Saved Page URL: http://www.360mart.com/product/689-908-914.html
Completed Category URL: http://www.360mart.com/product/689-908-914.html
Saved Page URL: http://www.360mart.com/product/689-908-915.html
Completed Category URL: http://www.360mart.com/product/689-908-915.html
Saved Page URL: http://www.360mart.com/goods/goodsList.aspx?subid=689%2c908%2c916&start=1
Saved Page URL: http://www.360mart.com/goods/goodsList.aspx?subid=689%2c908%2c916&start=2
Completed Category URL: http://www.360mart.com/product/689-908-916.html
Saved Page URL: http://www.360mart.com/goods/goodsList.aspx?subid=689%2c908%2c909&start=1
Saved Page URL: http://www.360mart.com/goods/goodsList.aspx?subid=689%2c908%2c909&start=2
Completed Category URL: http://www.360mart.com/product/689-908-909.html
Saved Page URL: http://www.360mart.com/product/689-908-910.html
Completed Category URL: http://www.360mart.com/product/689-908-910.html
Saved Page URL: http://www.360mart.com/goods/goodsList.aspx?subid=689%2c908%2c912&start=1
Saved Page URL: http://www.360mart.com/goods/goodsList.aspx?subid=689%2c908%2c912&start=2
Saved Page URL: http://www.360mart.com/goods/goodsList.aspx?subid=689%2c908%2c912&start=3
Completed Category URL: http://www.360mart.com/product/689-908-912.html
Saved Page URL: http://www.360mart.com/goods/goodsList.aspx?subid=689%2c437%2c535&start=1
Saved Page URL: http://www.360mart.com/goods/goodsList.aspx?subid=689%2c437%2c535&start=2
Saved Page URL: http://www.360mart.com/goods/goodsList.aspx?subid=689%2c437%2c535&start=3
Completed Category URL: http://www.360mart.com/product/689-437-535.html
Saved Page URL: http://www.360mart.com/product/689-437-770.html
Completed Category URL: http://www.360mart.com/product/689-437-770.html
Saved Page URL: http://www.360mart.com/goods/goodsList.aspx?subid=689%2c437%2c704&start=1
Saved Page URL: http://www.360mart.com/goods/goodsList.aspx?subid=689%2c437%2c704&start=2
Saved Page URL: http://www.360mart.com/goods/goodsList.aspx?subid=689%2c437%2c704&start=3
Saved Page URL: http://www.360mart.com/goods/goodsList.aspx?subid=689%2c437%2c704&start=4
Saved Page URL: http://www.360mart.com/goods/goodsList.aspx?subid=689%2c437%2c704&start=5
Saved Page URL: http://www.360mart.com/goods/goodsList.aspx?subid=689%2c437%2c704&start=6
Saved Page URL: http://www.360mart.com/goods/goodsList.aspx?subid=689%2c437%2c704&start=7
Saved Page URL: http://www.360mart.com/goods/goodsList.aspx?subid=689%2c437%2c704&start=8
Saved Page URL: http://www.360mart.com/goods/goodsList.aspx?subid=689%2c437%2c704&start=9
Completed Category URL: http://www.360mart.com/product/689-437-704.html
Saved Page URL: http://www.360mart.com/product/689-437-883.html
Completed Category URL: http://www.360mart.com/product/689-437-883.html
