# Logfile created on 2011-12-22 14:53:33 +0800 by logger.rb/25413
Saved URL:http://lingerie.moonbasa.com/04030203-1-20-0.html
Saved URL:http://lingerie.moonbasa.com/04030202-1-20-0.html
Saved URL:http://lingerie.moonbasa.com/04030301-1-20-0.html
Saved URL:http://lingerie.moonbasa.com/04030302-1-20-0.html
Saved URL:http://lingerie.moonbasa.com/04030401-1-20-0.html
Saved URL:http://lingerie.moonbasa.com/04030405-1-20-0.html
Saved URL:http://lingerie.moonbasa.com/04030402-1-20-0.html
Saved URL:http://lingerie.moonbasa.com/04030403-1-20-0.html
Saved URL:http://lingerie.moonbasa.com/channel/sushenneiyi
Saved URL:http://lingerie.moonbasa.com/04040301-1-20-0.html
Saved URL:http://lingerie.moonbasa.com/04040302-1-20-0.html
Saved URL:http://lingerie.moonbasa.com/04040401-1-20-0.html
Saved URL:http://lingerie.moonbasa.com/04040402-1-20-0.html
Saved URL:http://lingerie.moonbasa.com/040507-1-20-0.html
Saved URL:http://lingerie.moonbasa.com/04050304-1-20-0.html
Saved URL:http://lingerie.moonbasa.com/04050501-1-20-0.html
Saved URL:http://lingerie.moonbasa.com/04050502-1-20-0.html
Saved URL:http://lingerie.moonbasa.com/04050203-1-20-0.html
Saved URL:http://lingerie.moonbasa.com/04050301-1-20-0.html
Saved URL:http://lingerie.moonbasa.com/04050302-1-20-0.html
Saved URL:http://lingerie.moonbasa.com/04050404-1-20-0.html
Saved URL:http://lingerie.moonbasa.com/channel/yujiafu
Saved URL:http://lingerie.moonbasa.com/040605-1-20-0.html
Saved URL:http://lingerie.moonbasa.com/040602-1-20-0.html
Saved URL:http://lingerie.moonbasa.com/04060601-1-20-0.html
Saved URL:http://lingerie.moonbasa.com/040601-1-20-0.html
Saved URL:http://lingerie.moonbasa.com/040704-1-20-0.html
Saved URL:http://lingerie.moonbasa.com/040703-1-20-0.html
Saved URL:http://lingerie.moonbasa.com/040702-1-20-0.html
Saved URL:http://lingerie.moonbasa.com/04070803-1-20-0.html
Saved URL:http://www.moonbasa.com/0107-1-20-0.html
Saved URL:http://www.moonbasa.com/od_0107.html
Saved URL:http://www.moonbasa.com/010700-1-20-0.html
Saved URL:http://www.moonbasa.com/01070002-1-20-0.html
Saved URL:http://www.moonbasa.com/010730-1-20-0.html
Saved URL:http://www.moonbasa.com/01073002-1-20-0.html
Saved URL:http://www.moonbasa.com/010720-1-20-0.html
Saved URL:http://www.moonbasa.com/01072004-1-20-0.html
Saved URL:http://www.moonbasa.com/01072005-1-20-0.html
Saved URL:http://www.moonbasa.com/010707-1-20-0.html
Saved URL:http://www.moonbasa.com/01070701-1-20-0.html
Saved URL:http://www.moonbasa.com/01070703-1-20-0.html
Saved URL:http://www.moonbasa.com/010712-1-20-0.html
Saved URL:http://www.moonbasa.com/01071201-1-20-0.html
Saved URL:http://www.moonbasa.com/010716-1-20-0.html
Saved URL:http://www.moonbasa.com/01071601-1-20-0.html
Saved URL:http://www.moonbasa.com/01071602-1-20-0.html
Saved URL:http://www.moonbasa.com/010717-1-20-0.html
Saved URL:http://www.moonbasa.com/01071702-1-20-0.html
Saved URL:http://www.moonbasa.com/01071703-1-20-0.html
Saved URL:http://www.moonbasa.com/010719-1-20-0.html
Saved URL:http://www.moonbasa.com/01071902-1-20-0.html
Saved URL:http://www.moonbasa.com/010731-1-20-0.html
Saved URL:http://www.moonbasa.com/01073102-1-20-0.html
Saved URL:http://www.moonbasa.com/010713-1-20-0.html
Saved URL:http://www.moonbasa.com/01071301-1-20-0.html
Saved URL:http://www.moonbasa.com/010732-1-20-0.html
Saved URL:http://www.moonbasa.com/01073202-1-20-0.html
Saved URL:http://www.moonbasa.com/010733-1-20-0.html
Saved URL:http://www.moonbasa.com/01073302-1-20-0.html
Saved URL:http://www.moonbasa.com/010715-1-20-0.html
Saved URL:http://www.moonbasa.com/01071502-1-20-0.html
Saved URL:http://www.moonbasa.com/01071503-1-20-0.html
Saved URL:http://www.moonbasa.com/010721-1-20-0.html
Saved URL:http://www.moonbasa.com/01072102-1-20-0.html
Saved URL:http://www.moonbasa.com/01072103-1-20-0.html
Saved URL:http://www.moonbasa.com/010729-1-20-0.html
Saved URL:http://www.moonbasa.com/01072902-1-20-0.html
Saved URL:http://www.moonbasa.com/010704-1-20-0.html
Saved URL:http://www.moonbasa.com/01070401-1-20-0.html
Saved URL:http://www.moonbasa.com/01070402-1-20-0.html
Saved URL:http://www.moonbasa.com/010705-1-20-0.html
Saved URL:http://www.moonbasa.com/01070513-1-20-0.html
Saved URL:http://www.moonbasa.com/01070514-1-20-0.html
Saved URL:http://www.moonbasa.com/01070515-1-20-0.html
Saved URL:http://www.moonbasa.com/01070516-1-20-0.html
Saved URL:http://www.moonbasa.com/01070517-1-20-0.html
Saved URL:http://www.moonbasa.com/01070518-1-20-0.html
Saved URL:http://www.moonbasa.com/010734-1-20-0.html
Saved URL:http://www.moonbasa.com/01073401-1-20-0.html
Saved URL:http://www.moonbasa.com/01073402-1-20-0.html
Saved URL:http://www.moonbasa.com/01073403-1-20-0.html
Saved URL:http://www.moonbasa.com/01073404-1-20-0.html
Saved URL:http://www.moonbasa.com/0114-1-20-0.html
Saved URL:http://www.moonbasa.com/od_0114.html
Saved URL:http://www.moonbasa.com/011401-1-20-0.html
Saved URL:http://www.moonbasa.com/01140101-1-20-0.html
Saved URL:http://www.moonbasa.com/011402-1-20-0.html
Saved URL:http://www.moonbasa.com/01140203-1-20-0.html
Saved URL:http://www.moonbasa.com/01140209-1-20-0.html
Saved URL:http://www.moonbasa.com/01140208-1-20-0.html
Saved URL:http://www.moonbasa.com/01140213-1-20-0.html
Saved URL:http://www.moonbasa.com/01140202-1-20-0.html
Saved URL:http://www.moonbasa.com/01140201-1-20-0.html
Saved URL:http://www.moonbasa.com/01140205-1-20-0.html
Saved URL:http://www.moonbasa.com/01140207-1-20-0.html
Saved URL:http://www.moonbasa.com/01140212-1-20-0.html
Saved URL:http://www.moonbasa.com/01140210-1-20-0.html
Saved URL:http://www.moonbasa.com/01140211-1-20-0.html
Saved URL:http://www.moonbasa.com/011413-1-20-0.html
Saved URL:http://www.moonbasa.com/01141301-1-20-0.html
Saved URL:http://www.moonbasa.com/01141302-1-20-0.html
Saved URL:http://www.moonbasa.com/011405-1-20-0.html
Saved URL:http://www.moonbasa.com/01140502-1-20-0.html
Saved URL:http://www.moonbasa.com/01140503-1-20-0.html
Saved URL:http://www.moonbasa.com/011407-1-20-0.html
Saved URL:http://www.moonbasa.com/01140903-1-20-0.html
Saved URL:http://www.moonbasa.com/01140702-1-20-0.html
Saved URL:http://www.moonbasa.com/011409-1-20-0.html
Saved URL:http://www.moonbasa.com/01140904-1-20-0.html
Saved URL:http://www.moonbasa.com/011410-1-20-0.html
Saved URL:http://www.moonbasa.com/01141002-1-20-0.html
Saved URL:http://www.moonbasa.com/011403-1-20-0.html
Saved URL:http://www.moonbasa.com/01140301-1-20-0.html
Saved URL:http://www.moonbasa.com/01140305-1-20-0.html
Saved URL:http://www.moonbasa.com/01140306-1-20-0.html
Saved URL:http://www.moonbasa.com/01140302-1-20-0.html
Saved URL:http://www.moonbasa.com/01140304-1-20-0.html
Saved URL:http://www.moonbasa.com/011404-1-20-0.html
Saved URL:http://www.moonbasa.com/01140401-1-20-0.html
Saved URL:http://www.moonbasa.com/01140402-1-20-0.html
Saved URL:http://www.moonbasa.com/01140403-1-20-0.html
Saved URL:http://www.moonbasa.com/011408-1-20-0.html
Saved URL:http://www.moonbasa.com/01140801-1-20-0.html
Saved URL:http://www.moonbasa.com/01140802-1-20-0.html
Saved URL:http://www.moonbasa.com/01140803-1-20-0.html
Saved URL:http://www.moonbasa.com/01140804-1-20-0.html
Saved URL:http://www.moonbasa.com/0119-1-20-0.html
Saved URL:http://www.moonbasa.com/od_0119.html
Saved URL:http://www.moonbasa.com/011901-1-20-0.html
Saved URL:http://www.moonbasa.com/01190101-1-20-0.html
Saved URL:http://www.moonbasa.com/011902-1-20-0.html
Saved URL:http://www.moonbasa.com/01190201-1-20-0.html
Saved URL:http://www.moonbasa.com/01190202-1-20-0.html
Saved URL:http://www.moonbasa.com/01190203-1-20-0.html
Saved URL:http://www.moonbasa.com/01190204-1-20-0.html
Saved URL:http://www.moonbasa.com/01190205-1-20-0.html
Saved URL:http://www.moonbasa.com/01190206-1-20-0.html
Saved URL:http://www.moonbasa.com/01190207-1-20-0.html
Saved URL:http://www.moonbasa.com/01190208-1-20-0.html
Saved URL:http://www.moonbasa.com/01190209-1-20-0.html
Saved URL:http://www.moonbasa.com/011903-1-20-0.html
Saved URL:http://www.moonbasa.com/01190301-1-20-0.html
Saved URL:http://www.moonbasa.com/01190302-1-20-0.html
Saved URL:http://www.moonbasa.com/01190303-1-20-0.html
Saved URL:http://www.moonbasa.com/01190304-1-20-0.html
Saved URL:http://www.moonbasa.com/01190305-1-20-0.html
Saved URL:http://www.moonbasa.com/01190309-1-20-0.html
Saved URL:http://www.moonbasa.com/011914-1-20-0.html
Saved URL:http://www.moonbasa.com/01191405-1-20-0.html
Saved URL:http://www.moonbasa.com/01191413-1-20-0.html
Saved URL:http://www.moonbasa.com/01191403-1-20-0.html
Saved URL:http://www.moonbasa.com/01191408-1-20-0.html
Saved URL:http://www.moonbasa.com/01191404-1-20-0.html
Saved URL:http://www.moonbasa.com/01191402-1-20-0.html
Saved URL:http://www.moonbasa.com/01191409-1-20-0.html
Saved URL:http://www.moonbasa.com/01191406-1-20-0.html
Saved URL:http://www.moonbasa.com/01191410-1-20-0.html
Saved URL:http://www.moonbasa.com/01191411-1-20-0.html
Saved URL:http://www.moonbasa.com/01191412-1-20-0.html
Saved URL:http://www.moonbasa.com/011904-1-20-0.html
Saved URL:http://www.moonbasa.com/01190401-1-20-0.html
Saved URL:http://www.moonbasa.com/01190402-1-20-0.html
Saved URL:http://www.moonbasa.com/01190403-1-20-0.html
Saved URL:http://www.moonbasa.com/01190408-1-20-0.html
Saved URL:http://www.moonbasa.com/01190404-1-20-0.html
Saved URL:http://www.moonbasa.com/01190405-1-20-0.html
Saved URL:http://www.moonbasa.com/01190409-1-20-0.html
Saved URL:http://www.moonbasa.com/01190406-1-20-0.html
Saved URL:http://www.moonbasa.com/01190407-1-20-0.html
Saved URL:http://www.moonbasa.com/01190411-1-20-0.html
Saved URL:http://www.moonbasa.com/01190412-1-20-0.html
Saved URL:http://www.moonbasa.com/01190410-1-20-0.html
Saved URL:http://www.moonbasa.com/0108-1-20-0.html
Saved URL:http://www.moonbasa.com/od_0108.html
Saved URL:http://www.moonbasa.com/010801-1-20-0.html
Saved URL:http://www.moonbasa.com/01080101-1-20-0.html
Saved URL:http://www.moonbasa.com/010809-1-20-0.html
Saved URL:http://www.moonbasa.com/01080901-1-20-0.html
Saved URL:http://www.moonbasa.com/01080902-1-20-0.html
Saved URL:http://www.moonbasa.com/01080904-1-20-0.html
Saved URL:http://www.moonbasa.com/01080903-1-20-0.html
Saved URL:http://www.moonbasa.com/01080905-1-20-0.html
Saved URL:http://www.moonbasa.com/01080906-1-20-0.html
Saved URL:http://www.moonbasa.com/01080907-1-20-0.html
Saved URL:http://www.moonbasa.com/010816-1-20-0.html
Saved URL:http://www.moonbasa.com/01081602-1-20-0.html
Saved URL:http://www.moonbasa.com/01081603-1-20-0.html
Saved URL:http://www.moonbasa.com/010818-1-20-0.html
Saved URL:http://www.moonbasa.com/01081801-1-20-0.html
Saved URL:http://www.moonbasa.com/01081802-1-20-0.html
Saved URL:http://www.moonbasa.com/01081803-1-20-0.html
Saved URL:http://www.moonbasa.com/010819-1-20-0.html
Saved URL:http://www.moonbasa.com/01081901-1-20-0.html
Saved URL:http://www.moonbasa.com/010817-1-20-0.html
Saved URL:http://www.moonbasa.com/01081701-1-20-0.html
Saved URL:http://www.moonbasa.com/01081708-1-20-0.html
Saved URL:http://www.moonbasa.com/01081703-1-20-0.html
Saved URL:http://www.moonbasa.com/01081704-1-20-0.html
Saved URL:http://www.moonbasa.com/01081705-1-20-0.html
Saved URL:http://www.moonbasa.com/01081706-1-20-0.html
Saved URL:http://www.moonbasa.com/0116-1-20-0.html
Saved URL:http://www.moonbasa.com/od_0116.html
Saved URL:http://www.moonbasa.com/011605-1-20-0.html
Saved URL:http://www.moonbasa.com/01160501-1-20-0.html
Saved URL:http://www.moonbasa.com/011601-1-20-0.html
Saved URL:http://www.moonbasa.com/01160108-1-20-0.html
Saved URL:http://www.moonbasa.com/01160109-1-20-0.html
Saved URL:http://www.moonbasa.com/01160101-1-20-0.html
Saved URL:http://www.moonbasa.com/01160102-1-20-0.html
Saved URL:http://www.moonbasa.com/01160107-1-20-0.html
Saved URL:http://www.moonbasa.com/01160103-1-20-0.html
Saved URL:http://www.moonbasa.com/01160104-1-20-0.html
Saved URL:http://www.moonbasa.com/01160105-1-20-0.html
Saved URL:http://www.moonbasa.com/01160106-1-20-0.html
Saved URL:http://www.moonbasa.com/011608-1-20-0.html
Saved URL:http://www.moonbasa.com/01160803-1-20-0.html
Saved URL:http://www.moonbasa.com/01160801-1-20-0.html
Saved URL:http://www.moonbasa.com/01160802-1-20-0.html
Saved URL:http://www.moonbasa.com/011602-1-20-0.html
Saved URL:http://www.moonbasa.com/01160201-1-20-0.html
Saved URL:http://www.moonbasa.com/01160202-1-20-0.html
Saved URL:http://www.moonbasa.com/01160203-1-20-0.html
Saved URL:http://www.moonbasa.com/01160204-1-20-0.html
Saved URL:http://www.moonbasa.com/01160206-1-20-0.html
Saved URL:http://www.moonbasa.com/01160207-1-20-0.html
Saved URL:http://www.moonbasa.com/011604-1-20-0.html
Saved URL:http://www.moonbasa.com/01160401-1-20-0.html
Saved URL:http://www.moonbasa.com/01160403-1-20-0.html
Saved URL:http://www.moonbasa.com/01160404-1-20-0.html
Saved URL:http://www.moonbasa.com/011612-1-20-0.html
Saved URL:http://www.moonbasa.com/01161201-1-20-0.html
Saved URL:http://www.moonbasa.com/01161202-1-20-0.html
Saved URL:http://www.moonbasa.com/01161203-1-20-0.html
Saved URL:http://www.moonbasa.com/011613-1-20-0.html
Saved URL:http://www.moonbasa.com/01161301-1-20-0.html
Saved URL:http://www.moonbasa.com/01161302-1-20-0.html
Saved URL:http://www.moonbasa.com/01161303-1-20-0.html
Saved URL:http://www.moonbasa.com/011614-1-20-0.html
Saved URL:http://www.moonbasa.com/01161401-1-20-0.html
Saved URL:http://www.moonbasa.com/01161402-1-20-0.html
Saved URL:http://www.moonbasa.com/01161404-1-20-0.html
Saved URL:http://www.moonbasa.com/01161405-1-20-0.html
Saved URL:http://www.moonbasa.com/011615-1-20-0.html
Saved URL:http://www.moonbasa.com/01161501-1-20-0.html
Saved URL:http://www.moonbasa.com/01161502-1-20-0.html
Saved URL:http://www.moonbasa.com/01161503-1-20-0.html
Saved URL:http://www.moonbasa.com/01161504-1-20-0.html
Saved URL:http://lingerie.moonbasa.com/04030203-1-20-0.html
Saved URL:http://lingerie.moonbasa.com/04030202-1-20-0.html
Saved URL:http://lingerie.moonbasa.com/04030301-1-20-0.html
Saved URL:http://lingerie.moonbasa.com/04030302-1-20-0.html
Saved URL:http://lingerie.moonbasa.com/04030401-1-20-0.html
Saved URL:http://lingerie.moonbasa.com/04030405-1-20-0.html
Saved URL:http://lingerie.moonbasa.com/04030402-1-20-0.html
Saved URL:http://lingerie.moonbasa.com/04030403-1-20-0.html
Saved URL:http://lingerie.moonbasa.com/channel/sushenneiyi
Saved URL:http://lingerie.moonbasa.com/04040301-1-20-0.html
Saved URL:http://lingerie.moonbasa.com/04040302-1-20-0.html
Saved URL:http://lingerie.moonbasa.com/04040401-1-20-0.html
Saved URL:http://lingerie.moonbasa.com/04040402-1-20-0.html
Saved URL:http://lingerie.moonbasa.com/040507-1-20-0.html
Saved URL:http://lingerie.moonbasa.com/04050304-1-20-0.html
Saved URL:http://lingerie.moonbasa.com/04050501-1-20-0.html
Saved URL:http://lingerie.moonbasa.com/04050502-1-20-0.html
Saved URL:http://lingerie.moonbasa.com/04050203-1-20-0.html
Saved URL:http://lingerie.moonbasa.com/04050301-1-20-0.html
Saved URL:http://lingerie.moonbasa.com/04050302-1-20-0.html
Saved URL:http://lingerie.moonbasa.com/04050404-1-20-0.html
Saved URL:http://lingerie.moonbasa.com/channel/yujiafu
Saved URL:http://lingerie.moonbasa.com/040605-1-20-0.html
Saved URL:http://lingerie.moonbasa.com/040602-1-20-0.html
Saved URL:http://lingerie.moonbasa.com/04060601-1-20-0.html
Saved URL:http://lingerie.moonbasa.com/040601-1-20-0.html
Saved URL:http://lingerie.moonbasa.com/040704-1-20-0.html
Saved URL:http://lingerie.moonbasa.com/040703-1-20-0.html
Saved URL:http://lingerie.moonbasa.com/040702-1-20-0.html
Saved URL:http://lingerie.moonbasa.com/04070803-1-20-0.html
Saved URL:http://www.moonbasa.com/0107-1-20-0.html
Saved URL:http://www.moonbasa.com/od_0107.html
Saved URL:http://www.moonbasa.com/010700-1-20-0.html
Saved URL:http://www.moonbasa.com/01070002-1-20-0.html
Saved URL:http://www.moonbasa.com/010730-1-20-0.html
Saved URL:http://www.moonbasa.com/01073002-1-20-0.html
Saved URL:http://www.moonbasa.com/010720-1-20-0.html
Saved URL:http://www.moonbasa.com/01072004-1-20-0.html
Saved URL:http://www.moonbasa.com/01072005-1-20-0.html
Saved URL:http://www.moonbasa.com/010707-1-20-0.html
Saved URL:http://www.moonbasa.com/01070701-1-20-0.html
Saved URL:http://www.moonbasa.com/01070703-1-20-0.html
Saved URL:http://www.moonbasa.com/010712-1-20-0.html
Saved URL:http://www.moonbasa.com/01071201-1-20-0.html
Saved URL:http://www.moonbasa.com/010716-1-20-0.html
Saved URL:http://www.moonbasa.com/01071601-1-20-0.html
Saved URL:http://www.moonbasa.com/01071602-1-20-0.html
Saved URL:http://www.moonbasa.com/010717-1-20-0.html
Saved URL:http://www.moonbasa.com/01071702-1-20-0.html
Saved URL:http://www.moonbasa.com/01071703-1-20-0.html
Saved URL:http://www.moonbasa.com/010719-1-20-0.html
Saved URL:http://www.moonbasa.com/01071902-1-20-0.html
Saved URL:http://www.moonbasa.com/010731-1-20-0.html
Saved URL:http://www.moonbasa.com/01073102-1-20-0.html
Saved URL:http://www.moonbasa.com/010713-1-20-0.html
Saved URL:http://www.moonbasa.com/01071301-1-20-0.html
Saved URL:http://www.moonbasa.com/010732-1-20-0.html
Saved URL:http://www.moonbasa.com/01073202-1-20-0.html
Saved URL:http://www.moonbasa.com/010733-1-20-0.html
Saved URL:http://www.moonbasa.com/01073302-1-20-0.html
Saved URL:http://www.moonbasa.com/010715-1-20-0.html
Saved URL:http://www.moonbasa.com/01071502-1-20-0.html
Saved URL:http://www.moonbasa.com/01071503-1-20-0.html
Saved URL:http://www.moonbasa.com/010721-1-20-0.html
Saved URL:http://www.moonbasa.com/01072102-1-20-0.html
Saved URL:http://www.moonbasa.com/01072103-1-20-0.html
Saved URL:http://www.moonbasa.com/010729-1-20-0.html
Saved URL:http://www.moonbasa.com/01072902-1-20-0.html
Saved URL:http://www.moonbasa.com/010704-1-20-0.html
Saved URL:http://www.moonbasa.com/01070401-1-20-0.html
Saved URL:http://www.moonbasa.com/01070402-1-20-0.html
Saved URL:http://www.moonbasa.com/010705-1-20-0.html
Saved URL:http://www.moonbasa.com/01070513-1-20-0.html
Saved URL:http://www.moonbasa.com/01070514-1-20-0.html
Saved URL:http://www.moonbasa.com/01070515-1-20-0.html
Saved URL:http://www.moonbasa.com/01070516-1-20-0.html
Saved URL:http://www.moonbasa.com/01070517-1-20-0.html
Saved URL:http://www.moonbasa.com/01070518-1-20-0.html
Saved URL:http://www.moonbasa.com/010734-1-20-0.html
Saved URL:http://www.moonbasa.com/01073401-1-20-0.html
Saved URL:http://www.moonbasa.com/01073402-1-20-0.html
Saved URL:http://www.moonbasa.com/01073403-1-20-0.html
Saved URL:http://www.moonbasa.com/01073404-1-20-0.html
Saved URL:http://www.moonbasa.com/0114-1-20-0.html
Saved URL:http://www.moonbasa.com/od_0114.html
Saved URL:http://www.moonbasa.com/011401-1-20-0.html
Saved URL:http://www.moonbasa.com/01140101-1-20-0.html
Saved URL:http://www.moonbasa.com/011402-1-20-0.html
Saved URL:http://www.moonbasa.com/01140203-1-20-0.html
Saved URL:http://www.moonbasa.com/01140209-1-20-0.html
Saved URL:http://www.moonbasa.com/01140208-1-20-0.html
Saved URL:http://www.moonbasa.com/01140213-1-20-0.html
Saved URL:http://www.moonbasa.com/01140202-1-20-0.html
Saved URL:http://www.moonbasa.com/01140201-1-20-0.html
Saved URL:http://www.moonbasa.com/01140205-1-20-0.html
Saved URL:http://www.moonbasa.com/01140207-1-20-0.html
Saved URL:http://www.moonbasa.com/01140212-1-20-0.html
Saved URL:http://www.moonbasa.com/01140210-1-20-0.html
Saved URL:http://www.moonbasa.com/01140211-1-20-0.html
Saved URL:http://www.moonbasa.com/011413-1-20-0.html
Saved URL:http://www.moonbasa.com/01141301-1-20-0.html
Saved URL:http://www.moonbasa.com/01141302-1-20-0.html
Saved URL:http://www.moonbasa.com/011405-1-20-0.html
Saved URL:http://www.moonbasa.com/01140502-1-20-0.html
Saved URL:http://www.moonbasa.com/01140503-1-20-0.html
Saved URL:http://www.moonbasa.com/011407-1-20-0.html
Saved URL:http://www.moonbasa.com/01140903-1-20-0.html
Saved URL:http://www.moonbasa.com/01140702-1-20-0.html
Saved URL:http://www.moonbasa.com/011409-1-20-0.html
Saved URL:http://www.moonbasa.com/01140904-1-20-0.html
Saved URL:http://www.moonbasa.com/011410-1-20-0.html
Saved URL:http://www.moonbasa.com/01141002-1-20-0.html
Saved URL:http://www.moonbasa.com/011403-1-20-0.html
Saved URL:http://www.moonbasa.com/01140301-1-20-0.html
Saved URL:http://www.moonbasa.com/01140305-1-20-0.html
Saved URL:http://www.moonbasa.com/01140306-1-20-0.html
Saved URL:http://www.moonbasa.com/01140302-1-20-0.html
Saved URL:http://www.moonbasa.com/01140304-1-20-0.html
Saved URL:http://www.moonbasa.com/011404-1-20-0.html
Saved URL:http://www.moonbasa.com/01140401-1-20-0.html
Saved URL:http://www.moonbasa.com/01140402-1-20-0.html
Saved URL:http://www.moonbasa.com/01140403-1-20-0.html
Saved URL:http://www.moonbasa.com/011408-1-20-0.html
Saved URL:http://www.moonbasa.com/01140801-1-20-0.html
Saved URL:http://www.moonbasa.com/01140802-1-20-0.html
Saved URL:http://www.moonbasa.com/01140803-1-20-0.html
Saved URL:http://www.moonbasa.com/01140804-1-20-0.html
Saved URL:http://www.moonbasa.com/0119-1-20-0.html
Saved URL:http://www.moonbasa.com/od_0119.html
Saved URL:http://www.moonbasa.com/011901-1-20-0.html
Saved URL:http://www.moonbasa.com/01190101-1-20-0.html
Saved URL:http://www.moonbasa.com/011902-1-20-0.html
Saved URL:http://www.moonbasa.com/01190201-1-20-0.html
Saved URL:http://www.moonbasa.com/01190202-1-20-0.html
Saved URL:http://www.moonbasa.com/01190203-1-20-0.html
Saved URL:http://www.moonbasa.com/01190204-1-20-0.html
Saved URL:http://www.moonbasa.com/01190205-1-20-0.html
Saved URL:http://www.moonbasa.com/01190206-1-20-0.html
Saved URL:http://www.moonbasa.com/01190207-1-20-0.html
Saved URL:http://www.moonbasa.com/01190208-1-20-0.html
Saved URL:http://www.moonbasa.com/01190209-1-20-0.html
Saved URL:http://www.moonbasa.com/011903-1-20-0.html
Saved URL:http://www.moonbasa.com/01190301-1-20-0.html
Saved URL:http://www.moonbasa.com/01190302-1-20-0.html
Saved URL:http://www.moonbasa.com/01190303-1-20-0.html
Saved URL:http://www.moonbasa.com/01190304-1-20-0.html
Saved URL:http://www.moonbasa.com/01190305-1-20-0.html
Saved URL:http://www.moonbasa.com/01190309-1-20-0.html
Saved URL:http://www.moonbasa.com/011914-1-20-0.html
Saved URL:http://www.moonbasa.com/01191405-1-20-0.html
Saved URL:http://www.moonbasa.com/01191413-1-20-0.html
Saved URL:http://www.moonbasa.com/01191403-1-20-0.html
Saved URL:http://www.moonbasa.com/01191408-1-20-0.html
Saved URL:http://www.moonbasa.com/01191404-1-20-0.html
Saved URL:http://www.moonbasa.com/01191402-1-20-0.html
Saved URL:http://www.moonbasa.com/01191409-1-20-0.html
Saved URL:http://www.moonbasa.com/01191406-1-20-0.html
Saved URL:http://www.moonbasa.com/01191410-1-20-0.html
Saved URL:http://www.moonbasa.com/01191411-1-20-0.html
Saved URL:http://www.moonbasa.com/01191412-1-20-0.html
Saved URL:http://www.moonbasa.com/011904-1-20-0.html
Saved URL:http://www.moonbasa.com/01190401-1-20-0.html
Saved URL:http://www.moonbasa.com/01190402-1-20-0.html
Saved URL:http://www.moonbasa.com/01190403-1-20-0.html
Saved URL:http://www.moonbasa.com/01190408-1-20-0.html
Saved URL:http://www.moonbasa.com/01190404-1-20-0.html
Saved URL:http://www.moonbasa.com/01190405-1-20-0.html
Saved URL:http://www.moonbasa.com/01190409-1-20-0.html
Saved URL:http://www.moonbasa.com/01190406-1-20-0.html
Saved URL:http://www.moonbasa.com/01190407-1-20-0.html
Saved URL:http://www.moonbasa.com/01190411-1-20-0.html
Saved URL:http://www.moonbasa.com/01190412-1-20-0.html
Saved URL:http://www.moonbasa.com/01190410-1-20-0.html
Saved URL:http://www.moonbasa.com/0108-1-20-0.html
Saved URL:http://www.moonbasa.com/od_0108.html
Saved URL:http://www.moonbasa.com/010801-1-20-0.html
Saved URL:http://www.moonbasa.com/01080101-1-20-0.html
Saved URL:http://www.moonbasa.com/010809-1-20-0.html
Saved URL:http://www.moonbasa.com/01080901-1-20-0.html
Saved URL:http://www.moonbasa.com/01080902-1-20-0.html
Saved URL:http://www.moonbasa.com/01080904-1-20-0.html
Saved URL:http://www.moonbasa.com/01080903-1-20-0.html
Saved URL:http://www.moonbasa.com/01080905-1-20-0.html
Saved URL:http://www.moonbasa.com/01080906-1-20-0.html
Saved URL:http://www.moonbasa.com/01080907-1-20-0.html
Saved URL:http://www.moonbasa.com/010816-1-20-0.html
Saved URL:http://www.moonbasa.com/01081602-1-20-0.html
Saved URL:http://www.moonbasa.com/01081603-1-20-0.html
Saved URL:http://www.moonbasa.com/010818-1-20-0.html
Saved URL:http://www.moonbasa.com/01081801-1-20-0.html
Saved URL:http://www.moonbasa.com/01081802-1-20-0.html
Saved URL:http://www.moonbasa.com/01081803-1-20-0.html
Saved URL:http://www.moonbasa.com/010819-1-20-0.html
Saved URL:http://www.moonbasa.com/01081901-1-20-0.html
Saved URL:http://www.moonbasa.com/010817-1-20-0.html
Saved URL:http://www.moonbasa.com/01081701-1-20-0.html
Saved URL:http://www.moonbasa.com/01081708-1-20-0.html
Saved URL:http://www.moonbasa.com/01081703-1-20-0.html
Saved URL:http://www.moonbasa.com/01081704-1-20-0.html
Saved URL:http://www.moonbasa.com/01081705-1-20-0.html
Saved URL:http://www.moonbasa.com/01081706-1-20-0.html
Saved URL:http://www.moonbasa.com/0116-1-20-0.html
Saved URL:http://www.moonbasa.com/od_0116.html
Saved URL:http://www.moonbasa.com/011605-1-20-0.html
Saved URL:http://www.moonbasa.com/01160501-1-20-0.html
Saved URL:http://www.moonbasa.com/011601-1-20-0.html
Saved URL:http://www.moonbasa.com/01160108-1-20-0.html
Saved URL:http://www.moonbasa.com/01160109-1-20-0.html
Saved URL:http://www.moonbasa.com/01160101-1-20-0.html
Saved URL:http://www.moonbasa.com/01160102-1-20-0.html
Saved URL:http://www.moonbasa.com/01160107-1-20-0.html
Saved URL:http://www.moonbasa.com/01160103-1-20-0.html
Saved URL:http://www.moonbasa.com/01160104-1-20-0.html
Saved URL:http://www.moonbasa.com/01160105-1-20-0.html
Saved URL:http://www.moonbasa.com/01160106-1-20-0.html
Saved URL:http://www.moonbasa.com/011608-1-20-0.html
Saved URL:http://www.moonbasa.com/01160803-1-20-0.html
Saved URL:http://www.moonbasa.com/01160801-1-20-0.html
Saved URL:http://www.moonbasa.com/01160802-1-20-0.html
Saved URL:http://www.moonbasa.com/011602-1-20-0.html
Saved URL:http://www.moonbasa.com/01160201-1-20-0.html
Saved URL:http://www.moonbasa.com/01160202-1-20-0.html
Saved URL:http://www.moonbasa.com/01160203-1-20-0.html
Saved URL:http://www.moonbasa.com/01160204-1-20-0.html
Saved URL:http://www.moonbasa.com/01160206-1-20-0.html
Saved URL:http://www.moonbasa.com/01160207-1-20-0.html
Saved URL:http://www.moonbasa.com/011604-1-20-0.html
Saved URL:http://www.moonbasa.com/01160401-1-20-0.html
Saved URL:http://www.moonbasa.com/01160403-1-20-0.html
Saved URL:http://www.moonbasa.com/01160404-1-20-0.html
Saved URL:http://www.moonbasa.com/011612-1-20-0.html
Saved URL:http://www.moonbasa.com/01161201-1-20-0.html
Saved URL:http://www.moonbasa.com/01161202-1-20-0.html
Saved URL:http://www.moonbasa.com/01161203-1-20-0.html
Saved URL:http://www.moonbasa.com/011613-1-20-0.html
Saved URL:http://www.moonbasa.com/01161301-1-20-0.html
Saved URL:http://www.moonbasa.com/01161302-1-20-0.html
Saved URL:http://www.moonbasa.com/01161303-1-20-0.html
Saved URL:http://www.moonbasa.com/011614-1-20-0.html
Saved URL:http://www.moonbasa.com/01161401-1-20-0.html
Saved URL:http://www.moonbasa.com/01161402-1-20-0.html
Saved URL:http://www.moonbasa.com/01161404-1-20-0.html
Saved URL:http://www.moonbasa.com/01161405-1-20-0.html
Saved URL:http://www.moonbasa.com/011615-1-20-0.html
Saved URL:http://www.moonbasa.com/01161501-1-20-0.html
Saved URL:http://www.moonbasa.com/01161502-1-20-0.html
Saved URL:http://www.moonbasa.com/01161503-1-20-0.html
Saved URL:http://www.moonbasa.com/01161504-1-20-0.html
Saved URL:http://lingerie.moonbasa.com/04030203-1-20-0.html
Saved URL:http://lingerie.moonbasa.com/04030202-1-20-0.html
Saved URL:http://lingerie.moonbasa.com/04030301-1-20-0.html
Saved URL:http://lingerie.moonbasa.com/04030302-1-20-0.html
Saved URL:http://lingerie.moonbasa.com/04030401-1-20-0.html
Saved URL:http://lingerie.moonbasa.com/04030405-1-20-0.html
Saved URL:http://lingerie.moonbasa.com/04030402-1-20-0.html
Saved URL:http://lingerie.moonbasa.com/04030403-1-20-0.html
Saved URL:http://lingerie.moonbasa.com/channel/sushenneiyi
Saved URL:http://lingerie.moonbasa.com/04040301-1-20-0.html
Saved URL:http://lingerie.moonbasa.com/04040302-1-20-0.html
Saved URL:http://lingerie.moonbasa.com/04040401-1-20-0.html
Saved URL:http://lingerie.moonbasa.com/04040402-1-20-0.html
Saved URL:http://lingerie.moonbasa.com/040507-1-20-0.html
Saved URL:http://lingerie.moonbasa.com/04050304-1-20-0.html
Saved URL:http://lingerie.moonbasa.com/04050501-1-20-0.html
Saved URL:http://lingerie.moonbasa.com/04050502-1-20-0.html
Saved URL:http://lingerie.moonbasa.com/04050203-1-20-0.html
Saved URL:http://lingerie.moonbasa.com/04050301-1-20-0.html
Saved URL:http://lingerie.moonbasa.com/04050302-1-20-0.html
Saved URL:http://lingerie.moonbasa.com/04050404-1-20-0.html
Saved URL:http://lingerie.moonbasa.com/channel/yujiafu
Saved URL:http://lingerie.moonbasa.com/040605-1-20-0.html
Saved URL:http://lingerie.moonbasa.com/040602-1-20-0.html
Saved URL:http://lingerie.moonbasa.com/04060601-1-20-0.html
Saved URL:http://lingerie.moonbasa.com/040601-1-20-0.html
Saved URL:http://lingerie.moonbasa.com/040704-1-20-0.html
Saved URL:http://lingerie.moonbasa.com/040703-1-20-0.html
Saved URL:http://lingerie.moonbasa.com/040702-1-20-0.html
Saved URL:http://lingerie.moonbasa.com/04070803-1-20-0.html
Saved URL:http://www.moonbasa.com/0107-1-20-0.html
Saved URL:http://www.moonbasa.com/od_0107.html
Saved URL:http://www.moonbasa.com/010700-1-20-0.html
Saved URL:http://www.moonbasa.com/01070002-1-20-0.html
Saved URL:http://www.moonbasa.com/010730-1-20-0.html
Saved URL:http://www.moonbasa.com/01073002-1-20-0.html
Saved URL:http://www.moonbasa.com/010720-1-20-0.html
Saved URL:http://www.moonbasa.com/01072004-1-20-0.html
Saved URL:http://www.moonbasa.com/01072005-1-20-0.html
Saved URL:http://www.moonbasa.com/010707-1-20-0.html
Saved URL:http://www.moonbasa.com/01070701-1-20-0.html
Saved URL:http://www.moonbasa.com/01070703-1-20-0.html
Saved URL:http://www.moonbasa.com/010712-1-20-0.html
Saved URL:http://www.moonbasa.com/01071201-1-20-0.html
Saved URL:http://www.moonbasa.com/010716-1-20-0.html
Saved URL:http://www.moonbasa.com/01071601-1-20-0.html
Saved URL:http://www.moonbasa.com/01071602-1-20-0.html
Saved URL:http://www.moonbasa.com/010717-1-20-0.html
Saved URL:http://www.moonbasa.com/01071702-1-20-0.html
Saved URL:http://www.moonbasa.com/01071703-1-20-0.html
Saved URL:http://www.moonbasa.com/010719-1-20-0.html
Saved URL:http://www.moonbasa.com/01071902-1-20-0.html
Saved URL:http://www.moonbasa.com/010731-1-20-0.html
Saved URL:http://www.moonbasa.com/01073102-1-20-0.html
Saved URL:http://www.moonbasa.com/010713-1-20-0.html
Saved URL:http://www.moonbasa.com/01071301-1-20-0.html
Saved URL:http://www.moonbasa.com/010732-1-20-0.html
Saved URL:http://www.moonbasa.com/01073202-1-20-0.html
Saved URL:http://www.moonbasa.com/010733-1-20-0.html
Saved URL:http://www.moonbasa.com/01073302-1-20-0.html
Saved URL:http://www.moonbasa.com/010715-1-20-0.html
Saved URL:http://www.moonbasa.com/01071502-1-20-0.html
Saved URL:http://www.moonbasa.com/01071503-1-20-0.html
Saved URL:http://www.moonbasa.com/010721-1-20-0.html
Saved URL:http://www.moonbasa.com/01072102-1-20-0.html
Saved URL:http://www.moonbasa.com/01072103-1-20-0.html
Saved URL:http://www.moonbasa.com/010729-1-20-0.html
Saved URL:http://www.moonbasa.com/01072902-1-20-0.html
Saved URL:http://www.moonbasa.com/010704-1-20-0.html
Saved URL:http://www.moonbasa.com/01070401-1-20-0.html
Saved URL:http://www.moonbasa.com/01070402-1-20-0.html
Saved URL:http://www.moonbasa.com/010705-1-20-0.html
Saved URL:http://www.moonbasa.com/01070513-1-20-0.html
Saved URL:http://www.moonbasa.com/01070514-1-20-0.html
Saved URL:http://www.moonbasa.com/01070515-1-20-0.html
Saved URL:http://www.moonbasa.com/01070516-1-20-0.html
Saved URL:http://www.moonbasa.com/01070517-1-20-0.html
Saved URL:http://www.moonbasa.com/01070518-1-20-0.html
Saved URL:http://www.moonbasa.com/010734-1-20-0.html
Saved URL:http://www.moonbasa.com/01073401-1-20-0.html
Saved URL:http://www.moonbasa.com/01073402-1-20-0.html
Saved URL:http://www.moonbasa.com/01073403-1-20-0.html
Saved URL:http://www.moonbasa.com/01073404-1-20-0.html
Saved URL:http://www.moonbasa.com/0114-1-20-0.html
Saved URL:http://www.moonbasa.com/od_0114.html
Saved URL:http://www.moonbasa.com/011401-1-20-0.html
Saved URL:http://www.moonbasa.com/01140101-1-20-0.html
Saved URL:http://www.moonbasa.com/011402-1-20-0.html
Saved URL:http://www.moonbasa.com/01140203-1-20-0.html
Saved URL:http://www.moonbasa.com/01140209-1-20-0.html
Saved URL:http://www.moonbasa.com/01140208-1-20-0.html
Saved URL:http://www.moonbasa.com/01140213-1-20-0.html
Saved URL:http://www.moonbasa.com/01140202-1-20-0.html
Saved URL:http://www.moonbasa.com/01140201-1-20-0.html
Saved URL:http://www.moonbasa.com/01140205-1-20-0.html
Saved URL:http://www.moonbasa.com/01140207-1-20-0.html
Saved URL:http://www.moonbasa.com/01140212-1-20-0.html
Saved URL:http://www.moonbasa.com/01140210-1-20-0.html
Saved URL:http://www.moonbasa.com/01140211-1-20-0.html
Saved URL:http://www.moonbasa.com/011413-1-20-0.html
Saved URL:http://www.moonbasa.com/01141301-1-20-0.html
Saved URL:http://www.moonbasa.com/01141302-1-20-0.html
Saved URL:http://www.moonbasa.com/011405-1-20-0.html
Saved URL:http://www.moonbasa.com/01140502-1-20-0.html
Saved URL:http://www.moonbasa.com/01140503-1-20-0.html
Saved URL:http://www.moonbasa.com/011407-1-20-0.html
Saved URL:http://www.moonbasa.com/01140903-1-20-0.html
Saved URL:http://www.moonbasa.com/01140702-1-20-0.html
Saved URL:http://www.moonbasa.com/011409-1-20-0.html
Saved URL:http://www.moonbasa.com/01140904-1-20-0.html
Saved URL:http://www.moonbasa.com/011410-1-20-0.html
Saved URL:http://www.moonbasa.com/01141002-1-20-0.html
Saved URL:http://www.moonbasa.com/011403-1-20-0.html
Saved URL:http://www.moonbasa.com/01140301-1-20-0.html
Saved URL:http://www.moonbasa.com/01140305-1-20-0.html
Saved URL:http://www.moonbasa.com/01140306-1-20-0.html
Saved URL:http://www.moonbasa.com/01140302-1-20-0.html
Saved URL:http://www.moonbasa.com/01140304-1-20-0.html
Saved URL:http://www.moonbasa.com/011404-1-20-0.html
Saved URL:http://www.moonbasa.com/01140401-1-20-0.html
Saved URL:http://www.moonbasa.com/01140402-1-20-0.html
Saved URL:http://www.moonbasa.com/01140403-1-20-0.html
Saved URL:http://www.moonbasa.com/011408-1-20-0.html
Saved URL:http://www.moonbasa.com/01140801-1-20-0.html
Saved URL:http://www.moonbasa.com/01140802-1-20-0.html
Saved URL:http://www.moonbasa.com/01140803-1-20-0.html
Saved URL:http://www.moonbasa.com/01140804-1-20-0.html
Saved URL:http://www.moonbasa.com/0119-1-20-0.html
Saved URL:http://www.moonbasa.com/od_0119.html
Saved URL:http://www.moonbasa.com/011901-1-20-0.html
Saved URL:http://www.moonbasa.com/01190101-1-20-0.html
Saved URL:http://www.moonbasa.com/011902-1-20-0.html
Saved URL:http://www.moonbasa.com/01190201-1-20-0.html
Saved URL:http://www.moonbasa.com/01190202-1-20-0.html
Saved URL:http://www.moonbasa.com/01190203-1-20-0.html
Saved URL:http://www.moonbasa.com/01190204-1-20-0.html
Saved URL:http://www.moonbasa.com/01190205-1-20-0.html
Saved URL:http://www.moonbasa.com/01190206-1-20-0.html
Saved URL:http://www.moonbasa.com/01190207-1-20-0.html
Saved URL:http://www.moonbasa.com/01190208-1-20-0.html
Saved URL:http://www.moonbasa.com/01190209-1-20-0.html
Saved URL:http://www.moonbasa.com/011903-1-20-0.html
Saved URL:http://www.moonbasa.com/01190301-1-20-0.html
Saved URL:http://www.moonbasa.com/01190302-1-20-0.html
Saved URL:http://www.moonbasa.com/01190303-1-20-0.html
Saved URL:http://www.moonbasa.com/01190304-1-20-0.html
Saved URL:http://www.moonbasa.com/01190305-1-20-0.html
Saved URL:http://www.moonbasa.com/01190309-1-20-0.html
Saved URL:http://www.moonbasa.com/011914-1-20-0.html
Saved URL:http://www.moonbasa.com/01191405-1-20-0.html
Saved URL:http://www.moonbasa.com/01191413-1-20-0.html
Saved URL:http://www.moonbasa.com/01191403-1-20-0.html
Saved URL:http://www.moonbasa.com/01191408-1-20-0.html
Saved URL:http://www.moonbasa.com/01191404-1-20-0.html
Saved URL:http://www.moonbasa.com/01191402-1-20-0.html
Saved URL:http://www.moonbasa.com/01191409-1-20-0.html
Saved URL:http://www.moonbasa.com/01191406-1-20-0.html
Saved URL:http://www.moonbasa.com/01191410-1-20-0.html
Saved URL:http://www.moonbasa.com/01191411-1-20-0.html
Saved URL:http://www.moonbasa.com/01191412-1-20-0.html
Saved URL:http://www.moonbasa.com/011904-1-20-0.html
Saved URL:http://www.moonbasa.com/01190401-1-20-0.html
Saved URL:http://www.moonbasa.com/01190402-1-20-0.html
Saved URL:http://www.moonbasa.com/01190403-1-20-0.html
Saved URL:http://www.moonbasa.com/01190408-1-20-0.html
Saved URL:http://www.moonbasa.com/01190404-1-20-0.html
Saved URL:http://www.moonbasa.com/01190405-1-20-0.html
Saved URL:http://www.moonbasa.com/01190409-1-20-0.html
Saved URL:http://www.moonbasa.com/01190406-1-20-0.html
Saved URL:http://www.moonbasa.com/01190407-1-20-0.html
Saved URL:http://www.moonbasa.com/01190411-1-20-0.html
Saved URL:http://www.moonbasa.com/01190412-1-20-0.html
Saved URL:http://www.moonbasa.com/01190410-1-20-0.html
Saved URL:http://www.moonbasa.com/0108-1-20-0.html
Saved URL:http://www.moonbasa.com/od_0108.html
Saved URL:http://www.moonbasa.com/010801-1-20-0.html
Saved URL:http://www.moonbasa.com/01080101-1-20-0.html
Saved URL:http://www.moonbasa.com/010809-1-20-0.html
Saved URL:http://www.moonbasa.com/01080901-1-20-0.html
Saved URL:http://www.moonbasa.com/01080902-1-20-0.html
Saved URL:http://www.moonbasa.com/01080904-1-20-0.html
Saved URL:http://www.moonbasa.com/01080903-1-20-0.html
Saved URL:http://www.moonbasa.com/01080905-1-20-0.html
Saved URL:http://www.moonbasa.com/01080906-1-20-0.html
Saved URL:http://www.moonbasa.com/01080907-1-20-0.html
Saved URL:http://www.moonbasa.com/010816-1-20-0.html
Saved URL:http://www.moonbasa.com/01081602-1-20-0.html
Saved URL:http://www.moonbasa.com/01081603-1-20-0.html
Saved URL:http://www.moonbasa.com/010818-1-20-0.html
Saved URL:http://www.moonbasa.com/01081801-1-20-0.html
Saved URL:http://www.moonbasa.com/01081802-1-20-0.html
Saved URL:http://www.moonbasa.com/01081803-1-20-0.html
Saved URL:http://www.moonbasa.com/010819-1-20-0.html
Saved URL:http://www.moonbasa.com/01081901-1-20-0.html
Saved URL:http://www.moonbasa.com/010817-1-20-0.html
Saved URL:http://www.moonbasa.com/01081701-1-20-0.html
Saved URL:http://www.moonbasa.com/01081708-1-20-0.html
Saved URL:http://www.moonbasa.com/01081703-1-20-0.html
Saved URL:http://www.moonbasa.com/01081704-1-20-0.html
Saved URL:http://www.moonbasa.com/01081705-1-20-0.html
Saved URL:http://www.moonbasa.com/01081706-1-20-0.html
Saved URL:http://www.moonbasa.com/0116-1-20-0.html
Saved URL:http://www.moonbasa.com/od_0116.html
Saved URL:http://www.moonbasa.com/011605-1-20-0.html
Saved URL:http://www.moonbasa.com/01160501-1-20-0.html
Saved URL:http://www.moonbasa.com/011601-1-20-0.html
Saved URL:http://www.moonbasa.com/01160108-1-20-0.html
Saved URL:http://www.moonbasa.com/01160109-1-20-0.html
Saved URL:http://www.moonbasa.com/01160101-1-20-0.html
Saved URL:http://www.moonbasa.com/01160102-1-20-0.html
Saved URL:http://www.moonbasa.com/01160107-1-20-0.html
Saved URL:http://www.moonbasa.com/01160103-1-20-0.html
Saved URL:http://www.moonbasa.com/01160104-1-20-0.html
Saved URL:http://www.moonbasa.com/01160105-1-20-0.html
Saved URL:http://www.moonbasa.com/01160106-1-20-0.html
Saved URL:http://www.moonbasa.com/011608-1-20-0.html
Saved URL:http://www.moonbasa.com/01160803-1-20-0.html
Saved URL:http://www.moonbasa.com/01160801-1-20-0.html
Saved URL:http://www.moonbasa.com/01160802-1-20-0.html
Saved URL:http://www.moonbasa.com/011602-1-20-0.html
Saved URL:http://www.moonbasa.com/01160201-1-20-0.html
Saved URL:http://www.moonbasa.com/01160202-1-20-0.html
Saved URL:http://www.moonbasa.com/01160203-1-20-0.html
Saved URL:http://www.moonbasa.com/01160204-1-20-0.html
Saved URL:http://www.moonbasa.com/01160206-1-20-0.html
Saved URL:http://www.moonbasa.com/01160207-1-20-0.html
Saved URL:http://www.moonbasa.com/011604-1-20-0.html
Saved URL:http://www.moonbasa.com/01160401-1-20-0.html
Saved URL:http://www.moonbasa.com/01160403-1-20-0.html
Saved URL:http://www.moonbasa.com/01160404-1-20-0.html
Saved URL:http://www.moonbasa.com/011612-1-20-0.html
Saved URL:http://www.moonbasa.com/01161201-1-20-0.html
Saved URL:http://www.moonbasa.com/01161202-1-20-0.html
Saved URL:http://www.moonbasa.com/01161203-1-20-0.html
Saved URL:http://www.moonbasa.com/011613-1-20-0.html
Saved URL:http://www.moonbasa.com/01161301-1-20-0.html
Saved URL:http://www.moonbasa.com/01161302-1-20-0.html
Saved URL:http://www.moonbasa.com/01161303-1-20-0.html
Saved URL:http://www.moonbasa.com/011614-1-20-0.html
Saved URL:http://www.moonbasa.com/01161401-1-20-0.html
Saved URL:http://www.moonbasa.com/01161402-1-20-0.html
Saved URL:http://www.moonbasa.com/01161404-1-20-0.html
Saved URL:http://www.moonbasa.com/01161405-1-20-0.html
Saved URL:http://www.moonbasa.com/011615-1-20-0.html
Saved URL:http://www.moonbasa.com/01161501-1-20-0.html
Saved URL:http://www.moonbasa.com/01161502-1-20-0.html
Saved URL:http://www.moonbasa.com/01161503-1-20-0.html
Saved URL:http://www.moonbasa.com/01161504-1-20-0.html
