# Logfile created on 2011-12-29 15:44:04 +0800 by logger.rb/25413
Saved URL:http://bj.tuniu.com/around/
Saved URL:http://bj.tuniu.com/domestic/
Saved URL:http://bj.tuniu.com/abroad/
Saved URL:http://bj.tuniu.com/package/
Saved URL:http://bj.tuniu.com/gongsi/
Saved URL:http://sh.tuniu.com/around/
Saved URL:http://sh.tuniu.com/domestic/
Saved URL:http://sh.tuniu.com/abroad/
Saved URL:http://sh.tuniu.com/package/
Saved URL:http://sh.tuniu.com/gongsi/
Saved URL:http://nj.tuniu.com/around/
Saved URL:http://nj.tuniu.com/domestic/
Saved URL:http://nj.tuniu.com/abroad/
Saved URL:http://nj.tuniu.com/package/
Saved URL:http://nj.tuniu.com/gongsi/
Saved URL:http://hz.tuniu.com/around/
Saved URL:http://hz.tuniu.com/domestic/
Saved URL:http://hz.tuniu.com/abroad/
Saved URL:http://hz.tuniu.com/package/
Saved URL:http://hz.tuniu.com/gongsi/
Saved URL:http://sz.tuniu.com/around/
Saved URL:http://sz.tuniu.com/domestic/
Saved URL:http://sz.tuniu.com/abroad/
Saved URL:http://sz.tuniu.com/package/
Saved URL:http://sz.tuniu.com/gongsi/
Saved URL:http://tj.tuniu.com/around/
Saved URL:http://tj.tuniu.com/domestic/
Saved URL:http://tj.tuniu.com/abroad/
Saved URL:http://tj.tuniu.com/package/
Saved URL:http://tj.tuniu.com/gongsi/
Saved URL:http://shz.tuniu.com/around/
Saved URL:http://shz.tuniu.com/domestic/
Saved URL:http://shz.tuniu.com/abroad/
Saved URL:http://shz.tuniu.com/package/
Saved URL:http://shz.tuniu.com/gongsi/
Saved URL:http://cd.tuniu.com/around/
Saved URL:http://cd.tuniu.com/domestic/
Saved URL:http://cd.tuniu.com/abroad/
Saved URL:http://cd.tuniu.com/package/
Saved URL:http://cd.tuniu.com/gongsi/
Saved URL:http://wh.tuniu.com/around/
Saved URL:http://wh.tuniu.com/domestic/
Saved URL:http://wh.tuniu.com/abroad/
Saved URL:http://wh.tuniu.com/package/
Saved URL:http://wh.tuniu.com/gongsi/
Saved URL:http://qd.tuniu.com/around/
Saved URL:http://qd.tuniu.com/domestic/
Saved URL:http://qd.tuniu.com/abroad/
Saved URL:http://qd.tuniu.com/package/
Saved URL:http://qd.tuniu.com/gongsi/
Saved URL:http://sy.tuniu.com/around/
Saved URL:http://sy.tuniu.com/domestic/
Saved URL:http://sy.tuniu.com/abroad/
Saved URL:http://sy.tuniu.com/package/
Saved URL:http://sy.tuniu.com/gongsi/
Saved URL:http://cq.tuniu.com/around/
Saved URL:http://cq.tuniu.com/domestic/
Saved URL:http://cq.tuniu.com/abroad/
Saved URL:http://cq.tuniu.com/package/
Saved URL:http://cq.tuniu.com/gongsi/
Saved URL:http://nb.tuniu.com/around/
Saved URL:http://nb.tuniu.com/domestic/
Saved URL:http://nb.tuniu.com/abroad/
Saved URL:http://nb.tuniu.com/package/
Saved URL:http://nb.tuniu.com/gongsi/
Saved URL:http://xa.tuniu.com/around/
Saved URL:http://xa.tuniu.com/domestic/
Saved URL:http://xa.tuniu.com/abroad/
Saved URL:http://xa.tuniu.com/package/
Saved URL:http://xa.tuniu.com/gongsi/
Saved URL:http://wz.tuniu.com/around/
Saved URL:http://wz.tuniu.com/domestic/
Saved URL:http://wz.tuniu.com/abroad/
Saved URL:http://wz.tuniu.com/package/
Saved URL:http://wz.tuniu.com/gongsi/
Saved URL:http://cz.tuniu.com/around/
Saved URL:http://cz.tuniu.com/domestic/
Saved URL:http://cz.tuniu.com/abroad/
Saved URL:http://cz.tuniu.com/package/
Saved URL:http://cz.tuniu.com/gongsi/
Saved URL:http://wx.tuniu.com/around/
Saved URL:http://wx.tuniu.com/domestic/
Saved URL:http://wx.tuniu.com/abroad/
Saved URL:http://wx.tuniu.com/package/
Saved URL:http://wx.tuniu.com/gongsi/
Saved URL:http://cs.tuniu.com/around/
Saved URL:http://cs.tuniu.com/domestic/
Saved URL:http://cs.tuniu.com/abroad/
Saved URL:http://cs.tuniu.com/package/
Saved URL:http://cs.tuniu.com/gongsi/
Saved URL:http://dl.tuniu.com/around/
Saved URL:http://dl.tuniu.com/domestic/
Saved URL:http://dl.tuniu.com/abroad/
Saved URL:http://dl.tuniu.com/package/
Saved URL:http://dl.tuniu.com/gongsi/
Saved URL:http://xm.tuniu.com/around/
Saved URL:http://xm.tuniu.com/domestic/
Saved URL:http://xm.tuniu.com/abroad/
Saved URL:http://xm.tuniu.com/package/
Saved URL:http://xm.tuniu.com/gongsi/
Saved URL:http://ty.tuniu.com/around/
Saved URL:http://ty.tuniu.com/domestic/
Saved URL:http://ty.tuniu.com/abroad/
Saved URL:http://ty.tuniu.com/package/
Saved URL:http://ty.tuniu.com/gongsi/
