# Logfile created on 2011-11-24 18:30:12 +0800 by logger.rb/25413
Saved Page URL: http://www.redbaby.com.cn/yingyang/a10203b1020308p1/
Saved Page URL: http://www.redbaby.com.cn/yingyang/a10203b1020308p2/
Completed Category URL: http://www.redbaby.com.cn/yingyang/a10203b1020308/
Saved Page URL: http://www.redbaby.com.cn/yingyang/a10203b1020307p1/
Saved Page URL: http://www.redbaby.com.cn/yingyang/a10203b1020307p2/
Completed Category URL: http://www.redbaby.com.cn/yingyang/a10203b1020307/
Saved Page URL: http://www.redbaby.com.cn/yingyang/a10203b1020305p1/
Saved Page URL: http://www.redbaby.com.cn/yingyang/a10203b1020305p2/
Completed Category URL: http://www.redbaby.com.cn/yingyang/a10203b1020305/
Saved Page URL: http://www.redbaby.com.cn/yingyou/a10303b1030308p1/
Saved Page URL: http://www.redbaby.com.cn/yingyou/a10303b1030308p2/
Completed Category URL: http://www.redbaby.com.cn/yingyou/a10303b1030308/
Saved Page URL: http://www.redbaby.com.cn/yingyou/a10303b1030301p1/
Saved Page URL: http://www.redbaby.com.cn/yingyou/a10303b1030301p2/
Saved Page URL: http://www.redbaby.com.cn/yingyou/a10303b1030301p3/
Saved Page URL: http://www.redbaby.com.cn/yingyou/a10303b1030301p4/
Saved Page URL: http://www.redbaby.com.cn/yingyou/a10303b1030301p5/
Completed Category URL: http://www.redbaby.com.cn/yingyou/a10303b1030301/
Saved Page URL: http://www.redbaby.com.cn/yingyou/a10303b1030305p1/
Saved Page URL: http://www.redbaby.com.cn/yingyou/a10303b1030305p2/
Saved Page URL: http://www.redbaby.com.cn/yingyou/a10303b1030305p3/
Completed Category URL: http://www.redbaby.com.cn/yingyou/a10303b1030305/
Saved Page URL: http://www.redbaby.com.cn/yingyou/a10303b1030302p1/
Saved Page URL: http://www.redbaby.com.cn/yingyou/a10303b1030302p2/
Saved Page URL: http://www.redbaby.com.cn/yingyou/a10303b1030302p3/
Saved Page URL: http://www.redbaby.com.cn/yingyou/a10303b1030302p4/
Saved Page URL: http://www.redbaby.com.cn/yingyou/a10303b1030302p5/
Completed Category URL: http://www.redbaby.com.cn/yingyou/a10303b1030302/
Saved Page URL: http://www.redbaby.com.cn/yingyou/a10303b1030303p1/
Saved Page URL: http://www.redbaby.com.cn/yingyou/a10303b1030303p2/
Saved Page URL: http://www.redbaby.com.cn/yingyou/a10303b1030303p3/
Saved Page URL: http://www.redbaby.com.cn/yingyou/a10303b1030303p4/
Completed Category URL: http://www.redbaby.com.cn/yingyou/a10303b1030303/
Saved Page URL: http://www.redbaby.com.cn/yingyou/a10303b1030304p1/
Completed Category URL: http://www.redbaby.com.cn/yingyou/a10303b1030304/
Saved Page URL: http://www.redbaby.com.cn/yingyou/a10303b1030307p1/
Saved Page URL: http://www.redbaby.com.cn/yingyou/a10303b1030307p2/
Completed Category URL: http://www.redbaby.com.cn/yingyou/a10303b1030307/
Saved Page URL: http://www.redbaby.com.cn/yingyou/a10303b1030306p1/
Completed Category URL: http://www.redbaby.com.cn/yingyou/a10303b1030306/
Saved Page URL: http://www.redbaby.com.cn/yingyou/a10302b1030201p1/
Saved Page URL: http://www.redbaby.com.cn/yingyou/a10302b1030201p2/
Saved Page URL: http://www.redbaby.com.cn/yingyou/a10302b1030201p3/
Saved Page URL: http://www.redbaby.com.cn/yingyou/a10302b1030201p4/
Saved Page URL: http://www.redbaby.com.cn/yingyou/a10302b1030201p5/
Completed Category URL: http://www.redbaby.com.cn/yingyou/a10302b1030201/
Saved Page URL: http://www.redbaby.com.cn/yingyou/a10302b1030204p1/
Completed Category URL: http://www.redbaby.com.cn/yingyou/a10302b1030204/
Saved Page URL: http://www.redbaby.com.cn/yingyou/a10302b1030207p1/
Saved Page URL: http://www.redbaby.com.cn/yingyou/a10302b1030207p2/
Saved Page URL: http://www.redbaby.com.cn/yingyou/a10302b1030207p3/
Saved Page URL: http://www.redbaby.com.cn/yingyou/a10302b1030207p4/
Saved Page URL: http://www.redbaby.com.cn/yingyou/a10302b1030207p5/
Saved Page URL: http://www.redbaby.com.cn/yingyou/a10302b1030207p6/
Saved Page URL: http://www.redbaby.com.cn/yingyou/a10302b1030207p7/
Saved Page URL: http://www.redbaby.com.cn/yingyou/a10302b1030207p8/
Completed Category URL: http://www.redbaby.com.cn/yingyou/a10302b1030207/
Saved Page URL: http://www.redbaby.com.cn/yingyou/a10302b1030205p1/
Completed Category URL: http://www.redbaby.com.cn/yingyou/a10302b1030205/
Saved Page URL: http://www.redbaby.com.cn/yingyou/a10302b1030203p1/
Saved Page URL: http://www.redbaby.com.cn/yingyou/a10302b1030203p2/
Saved Page URL: http://www.redbaby.com.cn/yingyou/a10302b1030203p3/
Saved Page URL: http://www.redbaby.com.cn/yingyou/a10302b1030203p4/
Completed Category URL: http://www.redbaby.com.cn/yingyou/a10302b1030203/
Saved Page URL: http://www.redbaby.com.cn/yingyou/a10302b1030202p1/
Saved Page URL: http://www.redbaby.com.cn/yingyou/a10302b1030202p2/
Completed Category URL: http://www.redbaby.com.cn/yingyou/a10302b1030202/
Saved Page URL: http://www.redbaby.com.cn/yingyou/a10302b1030206p1/
Saved Page URL: http://www.redbaby.com.cn/yingyou/a10302b1030206p2/
Saved Page URL: http://www.redbaby.com.cn/yingyou/a10302b1030206p3/
Completed Category URL: http://www.redbaby.com.cn/yingyou/a10302b1030206/
Saved Page URL: http://www.redbaby.com.cn/yingyou/a10302b1030208p1/
Completed Category URL: http://www.redbaby.com.cn/yingyou/a10302b1030208/
Saved Page URL: http://www.redbaby.com.cn/yingyou/a10301b1030107p1/
Saved Page URL: http://www.redbaby.com.cn/yingyou/a10301b1030107p2/
Saved Page URL: http://www.redbaby.com.cn/yingyou/a10301b1030107p3/
Saved Page URL: http://www.redbaby.com.cn/yingyou/a10301b1030107p4/
Completed Category URL: http://www.redbaby.com.cn/yingyou/a10301b1030107/
Saved Page URL: http://www.redbaby.com.cn/yingyou/a10301b1030108p1/
Completed Category URL: http://www.redbaby.com.cn/yingyou/a10301b1030108/
Saved Page URL: http://www.redbaby.com.cn/yingyou/a10301b1030101p1/
Saved Page URL: http://www.redbaby.com.cn/yingyou/a10301b1030101p2/
Saved Page URL: http://www.redbaby.com.cn/yingyou/a10301b1030101p3/
Saved Page URL: http://www.redbaby.com.cn/yingyou/a10301b1030101p4/
Saved Page URL: http://www.redbaby.com.cn/yingyou/a10301b1030101p5/
Saved Page URL: http://www.redbaby.com.cn/yingyou/a10301b1030101p6/
Completed Category URL: http://www.redbaby.com.cn/yingyou/a10301b1030101/
Saved Page URL: http://www.redbaby.com.cn/yingyou/a10301b1030102p1/
Completed Category URL: http://www.redbaby.com.cn/yingyou/a10301b1030102/
Saved Page URL: http://www.redbaby.com.cn/yingyou/a10301b1030106p1/
Completed Category URL: http://www.redbaby.com.cn/yingyou/a10301b1030106/
Saved Page URL: http://www.redbaby.com.cn/yingyou/a10301b1030105p1/
Completed Category URL: http://www.redbaby.com.cn/yingyou/a10301b1030105/
Saved Page URL: http://www.redbaby.com.cn/yingyou/a10301b1030103p1/
Completed Category URL: http://www.redbaby.com.cn/yingyou/a10301b1030103/
Saved Page URL: http://www.redbaby.com.cn/yingyou/a10301b1030104p1/
Saved Page URL: http://www.redbaby.com.cn/yingyou/a10301b1030104p2/
Completed Category URL: http://www.redbaby.com.cn/yingyou/a10301b1030104/
Saved Page URL: http://www.redbaby.com.cn/yingyou/a10304b1030403p1/
Completed Category URL: http://www.redbaby.com.cn/yingyou/a10304b1030403/
Saved Page URL: http://www.redbaby.com.cn/yingyou/a10304b1030402p1/
Completed Category URL: http://www.redbaby.com.cn/yingyou/a10304b1030402/
Saved Page URL: http://www.redbaby.com.cn/yingyou/a10305b1030504p1/
Completed Category URL: http://www.redbaby.com.cn/yingyou/a10305b1030504/
Saved Page URL: http://www.redbaby.com.cn/yingyou/a10305b1030507p1/
Completed Category URL: http://www.redbaby.com.cn/yingyou/a10305b1030507/
Saved Page URL: http://www.redbaby.com.cn/yingyou/a10305b1030508p1/
Completed Category URL: http://www.redbaby.com.cn/yingyou/a10305b1030508/
Saved Page URL: http://www.redbaby.com.cn/yingyou/a10305b1030505p1/
Completed Category URL: http://www.redbaby.com.cn/yingyou/a10305b1030505/
Saved Page URL: http://www.redbaby.com.cn/yingyou/a10305b1030501p1/
Completed Category URL: http://www.redbaby.com.cn/yingyou/a10305b1030501/
Saved Page URL: http://www.redbaby.com.cn/yingyou/a10305b1030502p1/
Saved Page URL: http://www.redbaby.com.cn/yingyou/a10305b1030502p2/
Completed Category URL: http://www.redbaby.com.cn/yingyou/a10305b1030502/
Saved Page URL: http://www.redbaby.com.cn/yingyou/a10305b1030503p1/
Completed Category URL: http://www.redbaby.com.cn/yingyou/a10305b1030503/
Saved Page URL: http://www.redbaby.com.cn/wanju/a10403b1040301p1/
Saved Page URL: http://www.redbaby.com.cn/wanju/a10403b1040301p2/
Saved Page URL: http://www.redbaby.com.cn/wanju/a10403b1040301p3/
Completed Category URL: http://www.redbaby.com.cn/wanju/a10403b1040301/
Saved Page URL: http://www.redbaby.com.cn/wanju/a10403b1040302p1/
Completed Category URL: http://www.redbaby.com.cn/wanju/a10403b1040302/
Saved Page URL: http://www.redbaby.com.cn/wanju/a10403b1040303p1/
Completed Category URL: http://www.redbaby.com.cn/wanju/a10403b1040303/
Saved Page URL: http://www.redbaby.com.cn/wanju/a10403b1040304p1/
Saved Page URL: http://www.redbaby.com.cn/wanju/a10403b1040304p2/
Completed Category URL: http://www.redbaby.com.cn/wanju/a10403b1040304/
Saved Page URL: http://www.redbaby.com.cn/wanju/a10403b1040305p1/
Completed Category URL: http://www.redbaby.com.cn/wanju/a10403b1040305/
Saved Page URL: http://www.redbaby.com.cn/wanju/a10402b1040204p1/
Saved Page URL: http://www.redbaby.com.cn/wanju/a10402b1040204p2/
Saved Page URL: http://www.redbaby.com.cn/wanju/a10402b1040204p3/
Completed Category URL: http://www.redbaby.com.cn/wanju/a10402b1040204/
Saved Page URL: http://www.redbaby.com.cn/wanju/a10402b1040201p1/
Completed Category URL: http://www.redbaby.com.cn/wanju/a10402b1040201/
Saved Page URL: http://www.redbaby.com.cn/wanju/a10402b1040202p1/
Completed Category URL: http://www.redbaby.com.cn/wanju/a10402b1040202/
Saved Page URL: http://www.redbaby.com.cn/wanju/a10402b1040203p1/
Completed Category URL: http://www.redbaby.com.cn/wanju/a10402b1040203/
Saved Page URL: http://www.redbaby.com.cn/wanju/a10401b1040105p1/
Saved Page URL: http://www.redbaby.com.cn/wanju/a10401b1040105p2/
Saved Page URL: http://www.redbaby.com.cn/wanju/a10401b1040105p3/
Saved Page URL: http://www.redbaby.com.cn/wanju/a10401b1040105p4/
Completed Category URL: http://www.redbaby.com.cn/wanju/a10401b1040105/
Saved Page URL: http://www.redbaby.com.cn/wanju/a10401b1040109p1/
Saved Page URL: http://www.redbaby.com.cn/wanju/a10401b1040109p2/
Saved Page URL: http://www.redbaby.com.cn/wanju/a10401b1040109p3/
Saved Page URL: http://www.redbaby.com.cn/wanju/a10401b1040109p4/
Saved Page URL: http://www.redbaby.com.cn/wanju/a10401b1040109p5/
Saved Page URL: http://www.redbaby.com.cn/wanju/a10401b1040109p6/
Saved Page URL: http://www.redbaby.com.cn/wanju/a10401b1040109p7/
Saved Page URL: http://www.redbaby.com.cn/wanju/a10401b1040109p8/
Completed Category URL: http://www.redbaby.com.cn/wanju/a10401b1040109/
Saved Page URL: http://www.redbaby.com.cn/wanju/a10401b1040112p1/
Saved Page URL: http://www.redbaby.com.cn/wanju/a10401b1040112p2/
Saved Page URL: http://www.redbaby.com.cn/wanju/a10401b1040112p3/
Saved Page URL: http://www.redbaby.com.cn/wanju/a10401b1040112p4/
Saved Page URL: http://www.redbaby.com.cn/wanju/a10401b1040112p5/
Saved Page URL: http://www.redbaby.com.cn/wanju/a10401b1040112p6/
Completed Category URL: http://www.redbaby.com.cn/wanju/a10401b1040112/
Saved Page URL: http://www.redbaby.com.cn/wanju/a10401b1040116p1/
Completed Category URL: http://www.redbaby.com.cn/wanju/a10401b1040116/
Saved Page URL: http://www.redbaby.com.cn/wanju/a10401b1040101p1/
Saved Page URL: http://www.redbaby.com.cn/wanju/a10401b1040101p2/
Completed Category URL: http://www.redbaby.com.cn/wanju/a10401b1040101/
Saved Page URL: http://www.redbaby.com.cn/wanju/a10401b1040102p1/
Saved Page URL: http://www.redbaby.com.cn/wanju/a10401b1040102p2/
Completed Category URL: http://www.redbaby.com.cn/wanju/a10401b1040102/
Saved Page URL: http://www.redbaby.com.cn/wanju/a10401b1040115p1/
Saved Page URL: http://www.redbaby.com.cn/wanju/a10401b1040115p2/
Completed Category URL: http://www.redbaby.com.cn/wanju/a10401b1040115/
Saved Page URL: http://www.redbaby.com.cn/wanju/a10401b1040114p1/
Saved Page URL: http://www.redbaby.com.cn/wanju/a10401b1040114p2/
Completed Category URL: http://www.redbaby.com.cn/wanju/a10401b1040114/
Saved Page URL: http://www.redbaby.com.cn/wanju/a10401b1040113p1/
Saved Page URL: http://www.redbaby.com.cn/wanju/a10401b1040113p2/
Saved Page URL: http://www.redbaby.com.cn/wanju/a10401b1040113p3/
Completed Category URL: http://www.redbaby.com.cn/wanju/a10401b1040113/
Saved Page URL: http://www.redbaby.com.cn/wanju/a10401b1040111p1/
Saved Page URL: http://www.redbaby.com.cn/wanju/a10401b1040111p2/
Completed Category URL: http://www.redbaby.com.cn/wanju/a10401b1040111/
Saved Page URL: http://www.redbaby.com.cn/wanju/a10401b1040110p1/
Saved Page URL: http://www.redbaby.com.cn/wanju/a10401b1040110p2/
Saved Page URL: http://www.redbaby.com.cn/wanju/a10401b1040110p3/
Saved Page URL: http://www.redbaby.com.cn/wanju/a10401b1040110p4/
Completed Category URL: http://www.redbaby.com.cn/wanju/a10401b1040110/
Saved Page URL: http://www.redbaby.com.cn/wanju/a10401b1040108p1/
Saved Page URL: http://www.redbaby.com.cn/wanju/a10401b1040108p2/
Saved Page URL: http://www.redbaby.com.cn/wanju/a10401b1040108p3/
Completed Category URL: http://www.redbaby.com.cn/wanju/a10401b1040108/
Saved Page URL: http://www.redbaby.com.cn/wanju/a10401b1040103p1/
Saved Page URL: http://www.redbaby.com.cn/wanju/a10401b1040103p2/
Saved Page URL: http://www.redbaby.com.cn/wanju/a10401b1040103p3/
Completed Category URL: http://www.redbaby.com.cn/wanju/a10401b1040103/
Saved Page URL: http://www.redbaby.com.cn/wanju/a10401b1040104p1/
Saved Page URL: http://www.redbaby.com.cn/wanju/a10401b1040104p2/
Saved Page URL: http://www.redbaby.com.cn/wanju/a10401b1040104p3/
Saved Page URL: http://www.redbaby.com.cn/wanju/a10401b1040104p4/
Saved Page URL: http://www.redbaby.com.cn/wanju/a10401b1040104p5/
Completed Category URL: http://www.redbaby.com.cn/wanju/a10401b1040104/
Saved Page URL: http://www.redbaby.com.cn/wanju/a10401b1040106p1/
Saved Page URL: http://www.redbaby.com.cn/wanju/a10401b1040106p2/
Saved Page URL: http://www.redbaby.com.cn/wanju/a10401b1040106p3/
Completed Category URL: http://www.redbaby.com.cn/wanju/a10401b1040106/
Saved Page URL: http://www.redbaby.com.cn/wanju/a10401b1040107p1/
Saved Page URL: http://www.redbaby.com.cn/wanju/a10401b1040107p2/
Completed Category URL: http://www.redbaby.com.cn/wanju/a10401b1040107/
Saved Page URL: http://www.redbaby.com.cn/tongzhuang/a10504b1050401p1/
Completed Category URL: http://www.redbaby.com.cn/tongzhuang/a10504b1050401/
Saved Page URL: http://www.redbaby.com.cn/tongzhuang/a10504b1050404p1/
Completed Category URL: http://www.redbaby.com.cn/tongzhuang/a10504b1050404/
Saved Page URL: http://www.redbaby.com.cn/tongzhuang/a10504b1050402p1/
Completed Category URL: http://www.redbaby.com.cn/tongzhuang/a10504b1050402/
Saved Page URL: http://www.redbaby.com.cn/tongzhuang/a10504b1050403p1/
Completed Category URL: http://www.redbaby.com.cn/tongzhuang/a10504b1050403/
Saved Page URL: http://www.redbaby.com.cn/tongzhuang/a10501b1050101p1/
Completed Category URL: http://www.redbaby.com.cn/tongzhuang/a10501b1050101/
Saved Page URL: http://www.redbaby.com.cn/tongzhuang/a10501b1050106p1/
Completed Category URL: http://www.redbaby.com.cn/tongzhuang/a10501b1050106/
Saved Page URL: http://www.redbaby.com.cn/tongzhuang/a10501b1050108p1/
Saved Page URL: http://www.redbaby.com.cn/tongzhuang/a10501b1050108p2/
Completed Category URL: http://www.redbaby.com.cn/tongzhuang/a10501b1050108/
Saved Page URL: http://www.redbaby.com.cn/tongzhuang/a10501b1050102p1/
Completed Category URL: http://www.redbaby.com.cn/tongzhuang/a10501b1050102/
Saved Page URL: http://www.redbaby.com.cn/tongzhuang/a10501b1050103p1/
Completed Category URL: http://www.redbaby.com.cn/tongzhuang/a10501b1050103/
Saved Page URL: http://www.redbaby.com.cn/tongzhuang/a10501b1050104p1/
Completed Category URL: http://www.redbaby.com.cn/tongzhuang/a10501b1050104/
Saved Page URL: http://www.redbaby.com.cn/tongzhuang/a10501b1050105p1/
Completed Category URL: http://www.redbaby.com.cn/tongzhuang/a10501b1050105/
Saved Page URL: http://www.redbaby.com.cn/tongzhuang/a10501b1050107p1/
Completed Category URL: http://www.redbaby.com.cn/tongzhuang/a10501b1050107/
Saved Page URL: http://www.redbaby.com.cn/tongzhuang/a10503b1050303p1/
Completed Category URL: http://www.redbaby.com.cn/tongzhuang/a10503b1050303/
Saved Page URL: http://www.redbaby.com.cn/tongzhuang/a10503b1050301p1/
Completed Category URL: http://www.redbaby.com.cn/tongzhuang/a10503b1050301/
Saved Page URL: http://www.redbaby.com.cn/tongzhuang/a10503b1050304p1/
Completed Category URL: http://www.redbaby.com.cn/tongzhuang/a10503b1050304/
Saved Page URL: http://www.redbaby.com.cn/tongzhuang/a10503b1050302p1/
Completed Category URL: http://www.redbaby.com.cn/tongzhuang/a10503b1050302/
Saved Page URL: http://www.redbaby.com.cn/tongzhuang/a10503b1050305p1/
Saved Page URL: http://www.redbaby.com.cn/tongzhuang/a10503b1050305p2/
Completed Category URL: http://www.redbaby.com.cn/tongzhuang/a10503b1050305/
Saved Page URL: http://www.redbaby.com.cn/tongzhuang/a10502b1050203p1/
Completed Category URL: http://www.redbaby.com.cn/tongzhuang/a10502b1050203/
Saved Page URL: http://www.redbaby.com.cn/tongzhuang/a10502b1050209p1/
Saved Page URL: http://www.redbaby.com.cn/tongzhuang/a10502b1050209p2/
Completed Category URL: http://www.redbaby.com.cn/tongzhuang/a10502b1050209/
Saved Page URL: http://www.redbaby.com.cn/tongzhuang/a10502b1050204p1/
Completed Category URL: http://www.redbaby.com.cn/tongzhuang/a10502b1050204/
Saved Page URL: http://www.redbaby.com.cn/tongzhuang/a10502b1050202p1/
Completed Category URL: http://www.redbaby.com.cn/tongzhuang/a10502b1050202/
Saved Page URL: http://www.redbaby.com.cn/tongzhuang/a10502b1050208p1/
Completed Category URL: http://www.redbaby.com.cn/tongzhuang/a10502b1050208/
Saved Page URL: http://www.redbaby.com.cn/tongzhuang/a10502b1050207p1/
Completed Category URL: http://www.redbaby.com.cn/tongzhuang/a10502b1050207/
Saved Page URL: http://www.redbaby.com.cn/tongzhuang/a10502b1050201p1/
Completed Category URL: http://www.redbaby.com.cn/tongzhuang/a10502b1050201/
Saved Page URL: http://www.redbaby.com.cn/tongzhuang/a10502b1050205p1/
Completed Category URL: http://www.redbaby.com.cn/tongzhuang/a10502b1050205/
Saved Page URL: http://www.redbaby.com.cn/tongzhuang/a10502b1050206p1/
Completed Category URL: http://www.redbaby.com.cn/tongzhuang/a10502b1050206/
Saved Page URL: http://www.redbaby.com.cn/tongzhuang/a10505b1050501p1/
Saved Page URL: http://www.redbaby.com.cn/tongzhuang/a10505b1050501p2/
Completed Category URL: http://www.redbaby.com.cn/tongzhuang/a10505b1050501/
Saved Page URL: http://www.redbaby.com.cn/tongzhuang/a10505b1050505p1/
Completed Category URL: http://www.redbaby.com.cn/tongzhuang/a10505b1050505/
Saved Page URL: http://www.redbaby.com.cn/tongzhuang/a10505b1050507p1/
Completed Category URL: http://www.redbaby.com.cn/tongzhuang/a10505b1050507/
Saved Page URL: http://www.redbaby.com.cn/tongzhuang/a10505b1050502p1/
Completed Category URL: http://www.redbaby.com.cn/tongzhuang/a10505b1050502/
Saved Page URL: http://www.redbaby.com.cn/tongzhuang/a10505b1050510p1/
Completed Category URL: http://www.redbaby.com.cn/tongzhuang/a10505b1050510/
Saved Page URL: http://www.redbaby.com.cn/tongzhuang/a10505b1050504p1/
Saved Page URL: http://www.redbaby.com.cn/tongzhuang/a10505b1050504p2/
Completed Category URL: http://www.redbaby.com.cn/tongzhuang/a10505b1050504/
Saved Page URL: http://www.redbaby.com.cn/tongzhuang/a10505b1050506p1/
Completed Category URL: http://www.redbaby.com.cn/tongzhuang/a10505b1050506/
Saved Page URL: http://www.redbaby.com.cn/tongzhuang/a10505b1050508p1/
Saved Page URL: http://www.redbaby.com.cn/tongzhuang/a10505b1050508p2/
Completed Category URL: http://www.redbaby.com.cn/tongzhuang/a10505b1050508/
Saved Page URL: http://www.redbaby.com.cn/tongzhuang/a10505b1050503p1/
Completed Category URL: http://www.redbaby.com.cn/tongzhuang/a10505b1050503/
Saved Page URL: http://www.redbaby.com.cn/tongzhuang/a10506b1050604p1/
Completed Category URL: http://www.redbaby.com.cn/tongzhuang/a10506b1050604/
Saved Page URL: http://www.redbaby.com.cn/tongzhuang/a10506b1050603p1/
Completed Category URL: http://www.redbaby.com.cn/tongzhuang/a10506b1050603/
Saved Page URL: http://www.redbaby.com.cn/tongzhuang/a10506b1050605p1/
Saved Page URL: http://www.redbaby.com.cn/tongzhuang/a10506b1050605p2/
Completed Category URL: http://www.redbaby.com.cn/tongzhuang/a10506b1050605/
Saved Page URL: http://www.redbaby.com.cn/tongzhuang/a10506b1050607p1/
Completed Category URL: http://www.redbaby.com.cn/tongzhuang/a10506b1050607/
Saved Page URL: http://www.redbaby.com.cn/tongzhuang/a10506b1050602p1/
Completed Category URL: http://www.redbaby.com.cn/tongzhuang/a10506b1050602/
Saved Page URL: http://www.redbaby.com.cn/tongzhuang/a10506b1050606p1/
Completed Category URL: http://www.redbaby.com.cn/tongzhuang/a10506b1050606/
Saved Page URL: http://www.redbaby.com.cn/tongzhuang/a10507b1050702p1/
Completed Category URL: http://www.redbaby.com.cn/tongzhuang/a10507b1050702/
Saved Page URL: http://www.redbaby.com.cn/tongzhuang/a10507b1050701p1/
Saved Page URL: http://www.redbaby.com.cn/tongzhuang/a10507b1050701p2/
Completed Category URL: http://www.redbaby.com.cn/tongzhuang/a10507b1050701/
Saved Page URL: http://www.redbaby.com.cn/tushu/a10602b1060204p1/
Completed Category URL: http://www.redbaby.com.cn/tushu/a10602b1060204/
Saved Page URL: http://www.redbaby.com.cn/tushu/a10602b1060202p1/
Completed Category URL: http://www.redbaby.com.cn/tushu/a10602b1060202/
Saved Page URL: http://www.redbaby.com.cn/tushu/a10602b1060201p1/
Completed Category URL: http://www.redbaby.com.cn/tushu/a10602b1060201/
Saved Page URL: http://www.redbaby.com.cn/tushu/a10602b1060203p1/
Completed Category URL: http://www.redbaby.com.cn/tushu/a10602b1060203/
Saved Page URL: http://www.redbaby.com.cn/tushu/a10606b1060601p1/
Completed Category URL: http://www.redbaby.com.cn/tushu/a10606b1060601/
Saved Page URL: http://www.redbaby.com.cn/tushu/a10610b1061016p1/
Completed Category URL: http://www.redbaby.com.cn/tushu/a10610b1061016/
Saved Page URL: http://www.redbaby.com.cn/tushu/a10610b1061001p1/
Completed Category URL: http://www.redbaby.com.cn/tushu/a10610b1061001/
Saved Page URL: http://www.redbaby.com.cn/tushu/a10610b1061019p1/
Completed Category URL: http://www.redbaby.com.cn/tushu/a10610b1061019/
Saved Page URL: http://www.redbaby.com.cn/tushu/a10610b1061022p1/
Completed Category URL: http://www.redbaby.com.cn/tushu/a10610b1061022/
Saved Page URL: http://www.redbaby.com.cn/tushu/a10610b1061005p1/
Completed Category URL: http://www.redbaby.com.cn/tushu/a10610b1061005/
Saved Page URL: http://www.redbaby.com.cn/tushu/a10610b1061006p1/
Completed Category URL: http://www.redbaby.com.cn/tushu/a10610b1061006/
Saved Page URL: http://www.redbaby.com.cn/tushu/a10610b1061009p1/
Completed Category URL: http://www.redbaby.com.cn/tushu/a10610b1061009/
Saved Page URL: http://www.redbaby.com.cn/tushu/a10603b1060305p1/
Completed Category URL: http://www.redbaby.com.cn/tushu/a10603b1060305/
Saved Page URL: http://www.redbaby.com.cn/tushu/a10603b1060308p1/
Completed Category URL: http://www.redbaby.com.cn/tushu/a10603b1060308/
Saved Page URL: http://www.redbaby.com.cn/tushu/a10603b1060312p1/
Completed Category URL: http://www.redbaby.com.cn/tushu/a10603b1060312/
Saved Page URL: http://www.redbaby.com.cn/tushu/a10603b1060306p1/
Completed Category URL: http://www.redbaby.com.cn/tushu/a10603b1060306/
Saved Page URL: http://www.redbaby.com.cn/tushu/a10603b1060307p1/
Saved Page URL: http://www.redbaby.com.cn/tushu/a10603b1060307p2/
Saved Page URL: http://www.redbaby.com.cn/tushu/a10603b1060307p3/
Completed Category URL: http://www.redbaby.com.cn/tushu/a10603b1060307/
Saved Page URL: http://www.redbaby.com.cn/tushu/a10603b1060313p1/
Completed Category URL: http://www.redbaby.com.cn/tushu/a10603b1060313/
Saved Page URL: http://www.redbaby.com.cn/tushu/a10604b1060403p1/
Completed Category URL: http://www.redbaby.com.cn/tushu/a10604b1060403/
Saved Page URL: http://www.redbaby.com.cn/tushu/a10604b1060410p1/
Completed Category URL: http://www.redbaby.com.cn/tushu/a10604b1060410/
Saved Page URL: http://www.redbaby.com.cn/tushu/a10604b1060404p1/
Completed Category URL: http://www.redbaby.com.cn/tushu/a10604b1060404/
Saved Page URL: http://www.redbaby.com.cn/tushu/a10604b1060407p1/
Completed Category URL: http://www.redbaby.com.cn/tushu/a10604b1060407/
Saved Page URL: http://www.redbaby.com.cn/tushu/a10604b1060408p1/
Completed Category URL: http://www.redbaby.com.cn/tushu/a10604b1060408/
Saved Page URL: http://www.redbaby.com.cn/tushu/a10604b1060409p1/
Saved Page URL: http://www.redbaby.com.cn/tushu/a10604b1060409p2/
Completed Category URL: http://www.redbaby.com.cn/tushu/a10604b1060409/
Saved Page URL: http://www.redbaby.com.cn/tushu/a10605b1060505p1/
Completed Category URL: http://www.redbaby.com.cn/tushu/a10605b1060505/
Saved Page URL: http://www.redbaby.com.cn/tushu/a10607b1060707p1/
Completed Category URL: http://www.redbaby.com.cn/tushu/a10607b1060707/
Saved Page URL: http://www.redbaby.com.cn/tushu/a10607b1060715p1/
Completed Category URL: http://www.redbaby.com.cn/tushu/a10607b1060715/
Saved Page URL: http://www.redbaby.com.cn/mama/a10104p1/
Saved Page URL: http://www.redbaby.com.cn/mama/a10104p2/
Completed Category URL: http://www.redbaby.com.cn/mama/a10104/
Saved Page URL: http://www.redbaby.com.cn/mama/a10105p1/
Saved Page URL: http://www.redbaby.com.cn/mama/a10105p2/
Completed Category URL: http://www.redbaby.com.cn/mama/a10105/
Saved Page URL: http://www.redbaby.com.cn/mama/a10101p1/
Saved Page URL: http://www.redbaby.com.cn/mama/a10101p2/
Saved Page URL: http://www.redbaby.com.cn/mama/a10101p3/
Completed Category URL: http://www.redbaby.com.cn/mama/a10101/
Saved Page URL: http://www.redbaby.com.cn/mama/a10111p1/
Completed Category URL: http://www.redbaby.com.cn/mama/a10111/
Saved Page URL: http://www.redbaby.com.cn/mama/a10106p1/
Saved Page URL: http://www.redbaby.com.cn/mama/a10106p2/
Saved Page URL: http://www.redbaby.com.cn/mama/a10106p3/
Saved Page URL: http://www.redbaby.com.cn/mama/a10106p4/
Saved Page URL: http://www.redbaby.com.cn/mama/a10106p5/
Saved Page URL: http://www.redbaby.com.cn/mama/a10106p6/
Saved Page URL: http://www.redbaby.com.cn/mama/a10106p7/
Saved Page URL: http://www.redbaby.com.cn/mama/a10106p8/
Saved Page URL: http://www.redbaby.com.cn/mama/a10106p9/
Saved Page URL: http://www.redbaby.com.cn/mama/a10106p10/
Completed Category URL: http://www.redbaby.com.cn/mama/a10106/
Saved Page URL: http://www.redbaby.com.cn/mama/a10107p1/
Saved Page URL: http://www.redbaby.com.cn/mama/a10107p2/
Completed Category URL: http://www.redbaby.com.cn/mama/a10107/
Saved Page URL: http://www.redbaby.com.cn/mama/a10108p1/
Completed Category URL: http://www.redbaby.com.cn/mama/a10108/
Saved Page URL: http://www.redbaby.com.cn/yingyang/a10201p1/
Saved Page URL: http://www.redbaby.com.cn/yingyang/a10201p2/
Saved Page URL: http://www.redbaby.com.cn/yingyang/a10201p3/
Saved Page URL: http://www.redbaby.com.cn/yingyang/a10201p4/
Saved Page URL: http://www.redbaby.com.cn/yingyang/a10201p5/
Saved Page URL: http://www.redbaby.com.cn/yingyang/a10201p6/
Saved Page URL: http://www.redbaby.com.cn/yingyang/a10201p7/
Saved Page URL: http://www.redbaby.com.cn/yingyang/a10201p8/
Saved Page URL: http://www.redbaby.com.cn/yingyang/a10201p9/
Saved Page URL: http://www.redbaby.com.cn/yingyang/a10201p10/
Saved Page URL: http://www.redbaby.com.cn/yingyang/a10201p11/
Completed Category URL: http://www.redbaby.com.cn/yingyang/a10201/
Saved Page URL: http://www.redbaby.com.cn/yingyang/a10202p1/
Saved Page URL: http://www.redbaby.com.cn/yingyang/a10202p2/
Saved Page URL: http://www.redbaby.com.cn/yingyang/a10202p3/
Saved Page URL: http://www.redbaby.com.cn/yingyang/a10202p4/
Saved Page URL: http://www.redbaby.com.cn/yingyang/a10202p5/
Saved Page URL: http://www.redbaby.com.cn/yingyang/a10202p6/
Saved Page URL: http://www.redbaby.com.cn/yingyang/a10202p7/
Saved Page URL: http://www.redbaby.com.cn/yingyang/a10202p8/
Saved Page URL: http://www.redbaby.com.cn/yingyang/a10202p9/
Saved Page URL: http://www.redbaby.com.cn/yingyang/a10202p10/
Saved Page URL: http://www.redbaby.com.cn/yingyang/a10202p11/
Saved Page URL: http://www.redbaby.com.cn/yingyang/a10202p12/
Saved Page URL: http://www.redbaby.com.cn/yingyang/a10202p13/
Saved Page URL: http://www.redbaby.com.cn/yingyang/a10202p14/
Saved Page URL: http://www.redbaby.com.cn/yingyang/a10202p15/
Saved Page URL: http://www.redbaby.com.cn/yingyang/a10202p16/
Saved Page URL: http://www.redbaby.com.cn/yingyang/a10202p17/
Saved Page URL: http://www.redbaby.com.cn/yingyang/a10202p18/
Saved Page URL: http://www.redbaby.com.cn/yingyang/a10202p19/
Completed Category URL: http://www.redbaby.com.cn/yingyang/a10202/
Saved Page URL: http://www.redbaby.com.cn/yingyang/a10203p1/
Saved Page URL: http://www.redbaby.com.cn/yingyang/a10203p2/
Saved Page URL: http://www.redbaby.com.cn/yingyang/a10203p3/
Saved Page URL: http://www.redbaby.com.cn/yingyang/a10203p4/
Saved Page URL: http://www.redbaby.com.cn/yingyang/a10203p5/
Saved Page URL: http://www.redbaby.com.cn/yingyang/a10203p6/
Saved Page URL: http://www.redbaby.com.cn/yingyang/a10203p7/
Saved Page URL: http://www.redbaby.com.cn/yingyang/a10203p8/
Saved Page URL: http://www.redbaby.com.cn/yingyang/a10203p9/
Saved Page URL: http://www.redbaby.com.cn/yingyang/a10203p10/
Saved Page URL: http://www.redbaby.com.cn/yingyang/a10203p11/
Saved Page URL: http://www.redbaby.com.cn/yingyang/a10203p12/
Completed Category URL: http://www.redbaby.com.cn/yingyang/a10203/
Saved Page URL: http://www.redbaby.com.cn/yingyou/a10303p1/
Saved Page URL: http://www.redbaby.com.cn/yingyou/a10303p2/
Saved Page URL: http://www.redbaby.com.cn/yingyou/a10303p3/
Saved Page URL: http://www.redbaby.com.cn/yingyou/a10303p4/
Saved Page URL: http://www.redbaby.com.cn/yingyou/a10303p5/
Saved Page URL: http://www.redbaby.com.cn/yingyou/a10303p6/
Saved Page URL: http://www.redbaby.com.cn/yingyou/a10303p7/
Saved Page URL: http://www.redbaby.com.cn/yingyou/a10303p8/
Saved Page URL: http://www.redbaby.com.cn/yingyou/a10303p9/
Saved Page URL: http://www.redbaby.com.cn/yingyou/a10303p10/
Saved Page URL: http://www.redbaby.com.cn/yingyou/a10303p11/
Saved Page URL: http://www.redbaby.com.cn/yingyou/a10303p12/
Saved Page URL: http://www.redbaby.com.cn/yingyou/a10303p13/
Saved Page URL: http://www.redbaby.com.cn/yingyou/a10303p14/
Saved Page URL: http://www.redbaby.com.cn/yingyou/a10303p15/
Saved Page URL: http://www.redbaby.com.cn/yingyou/a10303p16/
Saved Page URL: http://www.redbaby.com.cn/yingyou/a10303p17/
Saved Page URL: http://www.redbaby.com.cn/yingyou/a10303p18/
Saved Page URL: http://www.redbaby.com.cn/yingyou/a10303p19/
Saved Page URL: http://www.redbaby.com.cn/yingyou/a10303p20/
Completed Category URL: http://www.redbaby.com.cn/yingyou/a10303/
Saved Page URL: http://www.redbaby.com.cn/yingyou/a10302p1/
Saved Page URL: http://www.redbaby.com.cn/yingyou/a10302p2/
Saved Page URL: http://www.redbaby.com.cn/yingyou/a10302p3/
Saved Page URL: http://www.redbaby.com.cn/yingyou/a10302p4/
Saved Page URL: http://www.redbaby.com.cn/yingyou/a10302p5/
Saved Page URL: http://www.redbaby.com.cn/yingyou/a10302p6/
Saved Page URL: http://www.redbaby.com.cn/yingyou/a10302p7/
Saved Page URL: http://www.redbaby.com.cn/yingyou/a10302p8/
Saved Page URL: http://www.redbaby.com.cn/yingyou/a10302p9/
Saved Page URL: http://www.redbaby.com.cn/yingyou/a10302p10/
Saved Page URL: http://www.redbaby.com.cn/yingyou/a10302p11/
Saved Page URL: http://www.redbaby.com.cn/yingyou/a10302p12/
Saved Page URL: http://www.redbaby.com.cn/yingyou/a10302p13/
Saved Page URL: http://www.redbaby.com.cn/yingyou/a10302p14/
Saved Page URL: http://www.redbaby.com.cn/yingyou/a10302p15/
Saved Page URL: http://www.redbaby.com.cn/yingyou/a10302p16/
Saved Page URL: http://www.redbaby.com.cn/yingyou/a10302p17/
Saved Page URL: http://www.redbaby.com.cn/yingyou/a10302p18/
Saved Page URL: http://www.redbaby.com.cn/yingyou/a10302p19/
Saved Page URL: http://www.redbaby.com.cn/yingyou/a10302p20/
Saved Page URL: http://www.redbaby.com.cn/yingyou/a10302p21/
Completed Category URL: http://www.redbaby.com.cn/yingyou/a10302/
Saved Page URL: http://www.redbaby.com.cn/yingyou/a10301p1/
Saved Page URL: http://www.redbaby.com.cn/yingyou/a10301p2/
Saved Page URL: http://www.redbaby.com.cn/yingyou/a10301p3/
Saved Page URL: http://www.redbaby.com.cn/yingyou/a10301p4/
Saved Page URL: http://www.redbaby.com.cn/yingyou/a10301p5/
Saved Page URL: http://www.redbaby.com.cn/yingyou/a10301p6/
Saved Page URL: http://www.redbaby.com.cn/yingyou/a10301p7/
Saved Page URL: http://www.redbaby.com.cn/yingyou/a10301p8/
Saved Page URL: http://www.redbaby.com.cn/yingyou/a10301p9/
Saved Page URL: http://www.redbaby.com.cn/yingyou/a10301p10/
Saved Page URL: http://www.redbaby.com.cn/yingyou/a10301p11/
Saved Page URL: http://www.redbaby.com.cn/yingyou/a10301p12/
Saved Page URL: http://www.redbaby.com.cn/yingyou/a10301p13/
Completed Category URL: http://www.redbaby.com.cn/yingyou/a10301/
Saved Page URL: http://www.redbaby.com.cn/yingyou/a10304p1/
Saved Page URL: http://www.redbaby.com.cn/yingyou/a10304p2/
Completed Category URL: http://www.redbaby.com.cn/yingyou/a10304/
Saved Page URL: http://www.redbaby.com.cn/yingyou/a10305p1/
Saved Page URL: http://www.redbaby.com.cn/yingyou/a10305p2/
Saved Page URL: http://www.redbaby.com.cn/yingyou/a10305p3/
Saved Page URL: http://www.redbaby.com.cn/yingyou/a10305p4/
Saved Page URL: http://www.redbaby.com.cn/yingyou/a10305p5/
Saved Page URL: http://www.redbaby.com.cn/yingyou/a10305p6/
Saved Page URL: http://www.redbaby.com.cn/yingyou/a10305p7/
Saved Page URL: http://www.redbaby.com.cn/yingyou/a10305p8/
Saved Page URL: http://www.redbaby.com.cn/yingyou/a10305p9/
Saved Page URL: http://www.redbaby.com.cn/yingyou/a10305p10/
Saved Page URL: http://www.redbaby.com.cn/yingyou/a10305p11/
Completed Category URL: http://www.redbaby.com.cn/yingyou/a10305/
Saved Page URL: http://www.redbaby.com.cn/wanju/a10403p1/
Saved Page URL: http://www.redbaby.com.cn/wanju/a10403p2/
Saved Page URL: http://www.redbaby.com.cn/wanju/a10403p3/
Saved Page URL: http://www.redbaby.com.cn/wanju/a10403p4/
Saved Page URL: http://www.redbaby.com.cn/wanju/a10403p5/
Saved Page URL: http://www.redbaby.com.cn/wanju/a10403p6/
Saved Page URL: http://www.redbaby.com.cn/wanju/a10403p7/
Completed Category URL: http://www.redbaby.com.cn/wanju/a10403/
Saved Page URL: http://www.redbaby.com.cn/wanju/a10402p1/
Saved Page URL: http://www.redbaby.com.cn/wanju/a10402p2/
Saved Page URL: http://www.redbaby.com.cn/wanju/a10402p3/
Saved Page URL: http://www.redbaby.com.cn/wanju/a10402p4/
Completed Category URL: http://www.redbaby.com.cn/wanju/a10402/
Saved Page URL: http://www.redbaby.com.cn/wanju/a10401p1/
Saved Page URL: http://www.redbaby.com.cn/wanju/a10401p2/
Saved Page URL: http://www.redbaby.com.cn/wanju/a10401p3/
Saved Page URL: http://www.redbaby.com.cn/wanju/a10401p4/
Saved Page URL: http://www.redbaby.com.cn/wanju/a10401p5/
Saved Page URL: http://www.redbaby.com.cn/wanju/a10401p6/
Saved Page URL: http://www.redbaby.com.cn/wanju/a10401p7/
Saved Page URL: http://www.redbaby.com.cn/wanju/a10401p8/
Saved Page URL: http://www.redbaby.com.cn/wanju/a10401p9/
Saved Page URL: http://www.redbaby.com.cn/wanju/a10401p10/
Saved Page URL: http://www.redbaby.com.cn/wanju/a10401p11/
Saved Page URL: http://www.redbaby.com.cn/wanju/a10401p12/
Saved Page URL: http://www.redbaby.com.cn/wanju/a10401p13/
Saved Page URL: http://www.redbaby.com.cn/wanju/a10401p14/
Saved Page URL: http://www.redbaby.com.cn/wanju/a10401p15/
Saved Page URL: http://www.redbaby.com.cn/wanju/a10401p16/
Saved Page URL: http://www.redbaby.com.cn/wanju/a10401p17/
Saved Page URL: http://www.redbaby.com.cn/wanju/a10401p18/
Saved Page URL: http://www.redbaby.com.cn/wanju/a10401p19/
Saved Page URL: http://www.redbaby.com.cn/wanju/a10401p20/
Saved Page URL: http://www.redbaby.com.cn/wanju/a10401p21/
Saved Page URL: http://www.redbaby.com.cn/wanju/a10401p22/
Saved Page URL: http://www.redbaby.com.cn/wanju/a10401p23/
Saved Page URL: http://www.redbaby.com.cn/wanju/a10401p24/
Saved Page URL: http://www.redbaby.com.cn/wanju/a10401p25/
Saved Page URL: http://www.redbaby.com.cn/wanju/a10401p26/
Saved Page URL: http://www.redbaby.com.cn/wanju/a10401p27/
Saved Page URL: http://www.redbaby.com.cn/wanju/a10401p28/
Saved Page URL: http://www.redbaby.com.cn/wanju/a10401p29/
Saved Page URL: http://www.redbaby.com.cn/wanju/a10401p30/
Saved Page URL: http://www.redbaby.com.cn/wanju/a10401p31/
Saved Page URL: http://www.redbaby.com.cn/wanju/a10401p32/
Saved Page URL: http://www.redbaby.com.cn/wanju/a10401p33/
Saved Page URL: http://www.redbaby.com.cn/wanju/a10401p34/
Saved Page URL: http://www.redbaby.com.cn/wanju/a10401p35/
Saved Page URL: http://www.redbaby.com.cn/wanju/a10401p36/
Saved Page URL: http://www.redbaby.com.cn/wanju/a10401p37/
Saved Page URL: http://www.redbaby.com.cn/wanju/a10401p38/
Saved Page URL: http://www.redbaby.com.cn/wanju/a10401p39/
Saved Page URL: http://www.redbaby.com.cn/wanju/a10401p40/
Saved Page URL: http://www.redbaby.com.cn/wanju/a10401p41/
Saved Page URL: http://www.redbaby.com.cn/wanju/a10401p42/
Saved Page URL: http://www.redbaby.com.cn/wanju/a10401p43/
Completed Category URL: http://www.redbaby.com.cn/wanju/a10401/
Saved Page URL: http://www.redbaby.com.cn/wanju/a10404p1/
Completed Category URL: http://www.redbaby.com.cn/wanju/a10404/
Saved Page URL: http://www.redbaby.com.cn/wanju/a10405p1/
Completed Category URL: http://www.redbaby.com.cn/wanju/a10405/
Saved Page URL: http://www.redbaby.com.cn/tongzhuang/a10504p1/
Saved Page URL: http://www.redbaby.com.cn/tongzhuang/a10504p2/
Completed Category URL: http://www.redbaby.com.cn/tongzhuang/a10504/
Saved Page URL: http://www.redbaby.com.cn/tongzhuang/a10501p1/
Saved Page URL: http://www.redbaby.com.cn/tongzhuang/a10501p2/
Saved Page URL: http://www.redbaby.com.cn/tongzhuang/a10501p3/
Saved Page URL: http://www.redbaby.com.cn/tongzhuang/a10501p4/
Completed Category URL: http://www.redbaby.com.cn/tongzhuang/a10501/
Saved Page URL: http://www.redbaby.com.cn/tongzhuang/a10503p1/
Saved Page URL: http://www.redbaby.com.cn/tongzhuang/a10503p2/
Completed Category URL: http://www.redbaby.com.cn/tongzhuang/a10503/
Saved Page URL: http://www.redbaby.com.cn/tongzhuang/a10502p1/
Saved Page URL: http://www.redbaby.com.cn/tongzhuang/a10502p2/
Saved Page URL: http://www.redbaby.com.cn/tongzhuang/a10502p3/
Saved Page URL: http://www.redbaby.com.cn/tongzhuang/a10502p4/
Saved Page URL: http://www.redbaby.com.cn/tongzhuang/a10502p5/
Completed Category URL: http://www.redbaby.com.cn/tongzhuang/a10502/
Saved Page URL: http://www.redbaby.com.cn/tongzhuang/a10505p1/
Saved Page URL: http://www.redbaby.com.cn/tongzhuang/a10505p2/
Saved Page URL: http://www.redbaby.com.cn/tongzhuang/a10505p3/
Saved Page URL: http://www.redbaby.com.cn/tongzhuang/a10505p4/
Saved Page URL: http://www.redbaby.com.cn/tongzhuang/a10505p5/
Saved Page URL: http://www.redbaby.com.cn/tongzhuang/a10505p6/
Saved Page URL: http://www.redbaby.com.cn/tongzhuang/a10505p7/
Saved Page URL: http://www.redbaby.com.cn/tongzhuang/a10505p8/
Saved Page URL: http://www.redbaby.com.cn/tongzhuang/a10505p9/
Saved Page URL: http://www.redbaby.com.cn/tongzhuang/a10505p10/
Completed Category URL: http://www.redbaby.com.cn/tongzhuang/a10505/
Saved Page URL: http://www.redbaby.com.cn/tongzhuang/a10506p1/
Saved Page URL: http://www.redbaby.com.cn/tongzhuang/a10506p2/
Saved Page URL: http://www.redbaby.com.cn/tongzhuang/a10506p3/
Saved Page URL: http://www.redbaby.com.cn/tongzhuang/a10506p4/
Completed Category URL: http://www.redbaby.com.cn/tongzhuang/a10506/
Saved Page URL: http://www.redbaby.com.cn/tongzhuang/a10507p1/
Saved Page URL: http://www.redbaby.com.cn/tongzhuang/a10507p2/
Completed Category URL: http://www.redbaby.com.cn/tongzhuang/a10507/
Saved Page URL: http://www.redbaby.com.cn/tushu/a10602p1/
Saved Page URL: http://www.redbaby.com.cn/tushu/a10602p2/
Completed Category URL: http://www.redbaby.com.cn/tushu/a10602/
Saved Page URL: http://www.redbaby.com.cn/tushu/a10606p1/
Completed Category URL: http://www.redbaby.com.cn/tushu/a10606/
Saved Page URL: http://www.redbaby.com.cn/tushu/a10610p1/
Completed Category URL: http://www.redbaby.com.cn/tushu/a10610/
Saved Page URL: http://www.redbaby.com.cn/tushu/a10603p1/
Saved Page URL: http://www.redbaby.com.cn/tushu/a10603p2/
Saved Page URL: http://www.redbaby.com.cn/tushu/a10603p3/
Saved Page URL: http://www.redbaby.com.cn/tushu/a10603p4/
Saved Page URL: http://www.redbaby.com.cn/tushu/a10603p5/
Saved Page URL: http://www.redbaby.com.cn/tushu/a10603p6/
Saved Page URL: http://www.redbaby.com.cn/tushu/a10603p7/
Saved Page URL: http://www.redbaby.com.cn/tushu/a10603p8/
Saved Page URL: http://www.redbaby.com.cn/tushu/a10603p9/
Completed Category URL: http://www.redbaby.com.cn/tushu/a10603/
Saved Page URL: http://www.redbaby.com.cn/tushu/a10604p1/
Saved Page URL: http://www.redbaby.com.cn/tushu/a10604p2/
Completed Category URL: http://www.redbaby.com.cn/tushu/a10604/
Saved Page URL: http://www.redbaby.com.cn/tushu/a10605p1/
Completed Category URL: http://www.redbaby.com.cn/tushu/a10605/
Saved Page URL: http://www.redbaby.com.cn/tushu/a10607p1/
Completed Category URL: http://www.redbaby.com.cn/tushu/a10607/
Saved Page URL: http://www.redbaby.com.cn/mama/a10103b1010301p1/
Saved Page URL: http://www.redbaby.com.cn/mama/a10103b1010301p2/
Saved Page URL: http://www.redbaby.com.cn/mama/a10103b1010301p3/
Completed Category URL: http://www.redbaby.com.cn/mama/a10103b1010301/
Saved Page URL: http://www.redbaby.com.cn/mama/a10103b1010302p1/
Saved Page URL: http://www.redbaby.com.cn/mama/a10103b1010302p2/
Saved Page URL: http://www.redbaby.com.cn/mama/a10103b1010302p3/
Completed Category URL: http://www.redbaby.com.cn/mama/a10103b1010302/
Saved Page URL: http://www.redbaby.com.cn/mama/a10103b1010303p1/
Saved Page URL: http://www.redbaby.com.cn/mama/a10103b1010303p2/
Completed Category URL: http://www.redbaby.com.cn/mama/a10103b1010303/
Saved Page URL: http://www.redbaby.com.cn/mama/a10104b1010402p1/
Completed Category URL: http://www.redbaby.com.cn/mama/a10104b1010402/
Saved Page URL: http://www.redbaby.com.cn/mama/a10104b1010401p1/
Saved Page URL: http://www.redbaby.com.cn/mama/a10104b1010401p2/
Completed Category URL: http://www.redbaby.com.cn/mama/a10104b1010401/
Saved Page URL: http://www.redbaby.com.cn/mama/a10104b1010403p1/
Completed Category URL: http://www.redbaby.com.cn/mama/a10104b1010403/
Saved Page URL: http://www.redbaby.com.cn/mama/a10105b1010504p1/
Completed Category URL: http://www.redbaby.com.cn/mama/a10105b1010504/
Saved Page URL: http://www.redbaby.com.cn/mama/a10105b1010501p1/
Completed Category URL: http://www.redbaby.com.cn/mama/a10105b1010501/
Saved Page URL: http://www.redbaby.com.cn/mama/a10105b1010505p1/
Completed Category URL: http://www.redbaby.com.cn/mama/a10105b1010505/
Saved Page URL: http://www.redbaby.com.cn/mama/a10102b1010201p1/
Saved Page URL: http://www.redbaby.com.cn/mama/a10102b1010201p2/
Saved Page URL: http://www.redbaby.com.cn/mama/a10102b1010201p3/
Completed Category URL: http://www.redbaby.com.cn/mama/a10102b1010201/
Saved Page URL: http://www.redbaby.com.cn/mama/a10102b1010202p1/
Completed Category URL: http://www.redbaby.com.cn/mama/a10102b1010202/
Saved Page URL: http://www.redbaby.com.cn/mama/a10101b1010101p1/
Saved Page URL: http://www.redbaby.com.cn/mama/a10101b1010101p2/
Completed Category URL: http://www.redbaby.com.cn/mama/a10101b1010101/
Saved Page URL: http://www.redbaby.com.cn/mama/a10101b1010102p1/
Completed Category URL: http://www.redbaby.com.cn/mama/a10101b1010102/
Saved Page URL: http://www.redbaby.com.cn/mama/a10111b1011103p1/
Completed Category URL: http://www.redbaby.com.cn/mama/a10111b1011103/
Saved Page URL: http://www.redbaby.com.cn/mama/a10111b1011101p1/
Completed Category URL: http://www.redbaby.com.cn/mama/a10111b1011101/
Saved Page URL: http://www.redbaby.com.cn/mama/a10111b1011102p1/
Completed Category URL: http://www.redbaby.com.cn/mama/a10111b1011102/
Saved Page URL: http://www.redbaby.com.cn/mama/a10106b1010604p1/
Saved Page URL: http://www.redbaby.com.cn/mama/a10106b1010604p2/
Completed Category URL: http://www.redbaby.com.cn/mama/a10106b1010604/
Saved Page URL: http://www.redbaby.com.cn/mama/a10106b1010601p1/
Saved Page URL: http://www.redbaby.com.cn/mama/a10106b1010601p2/
Completed Category URL: http://www.redbaby.com.cn/mama/a10106b1010601/
Saved Page URL: http://www.redbaby.com.cn/mama/a10106b1010603p1/
Completed Category URL: http://www.redbaby.com.cn/mama/a10106b1010603/
Saved Page URL: http://www.redbaby.com.cn/mama/a10106b1010602p1/
Completed Category URL: http://www.redbaby.com.cn/mama/a10106b1010602/
Saved Page URL: http://www.redbaby.com.cn/mama/a10106b1010608p1/
Completed Category URL: http://www.redbaby.com.cn/mama/a10106b1010608/
Saved Page URL: http://www.redbaby.com.cn/mama/a10106b1010605p1/
Completed Category URL: http://www.redbaby.com.cn/mama/a10106b1010605/
Saved Page URL: http://www.redbaby.com.cn/mama/a10106b1010609p1/
Completed Category URL: http://www.redbaby.com.cn/mama/a10106b1010609/
Saved Page URL: http://www.redbaby.com.cn/mama/a10106b1010606p1/
Saved Page URL: http://www.redbaby.com.cn/mama/a10106b1010606p2/
Saved Page URL: http://www.redbaby.com.cn/mama/a10106b1010606p3/
Saved Page URL: http://www.redbaby.com.cn/mama/a10106b1010606p4/
Completed Category URL: http://www.redbaby.com.cn/mama/a10106b1010606/
Saved Page URL: http://www.redbaby.com.cn/mama/a10106b1010607p1/
Completed Category URL: http://www.redbaby.com.cn/mama/a10106b1010607/
Saved Page URL: http://www.redbaby.com.cn/mama/a10107b1010701p1/
Completed Category URL: http://www.redbaby.com.cn/mama/a10107b1010701/
Saved Page URL: http://www.redbaby.com.cn/mama/a10107b1010703p1/
Completed Category URL: http://www.redbaby.com.cn/mama/a10107b1010703/
Saved Page URL: http://www.redbaby.com.cn/mama/a10107b1010702p1/
Completed Category URL: http://www.redbaby.com.cn/mama/a10107b1010702/
Saved Page URL: http://www.redbaby.com.cn/mama/a10107b1010705p1/
Completed Category URL: http://www.redbaby.com.cn/mama/a10107b1010705/
Saved Page URL: http://www.redbaby.com.cn/mama/a10107b1010706p1/
Completed Category URL: http://www.redbaby.com.cn/mama/a10107b1010706/
Saved Page URL: http://www.redbaby.com.cn/mama/a10108b1010801p1/
Completed Category URL: http://www.redbaby.com.cn/mama/a10108b1010801/
Saved Page URL: http://www.redbaby.com.cn/mama/a10108b1010802p1/
Completed Category URL: http://www.redbaby.com.cn/mama/a10108b1010802/
Saved Page URL: http://www.redbaby.com.cn/yingyang/a10201b1020104p1/
Completed Category URL: http://www.redbaby.com.cn/yingyang/a10201b1020104/
Saved Page URL: http://www.redbaby.com.cn/yingyang/a10201b1020103p1/
Saved Page URL: http://www.redbaby.com.cn/yingyang/a10201b1020103p2/
Saved Page URL: http://www.redbaby.com.cn/yingyang/a10201b1020103p3/
Completed Category URL: http://www.redbaby.com.cn/yingyang/a10201b1020103/
Saved Page URL: http://www.redbaby.com.cn/yingyang/a10201b1020102p1/
Saved Page URL: http://www.redbaby.com.cn/yingyang/a10201b1020102p2/
Saved Page URL: http://www.redbaby.com.cn/yingyang/a10201b1020102p3/
Completed Category URL: http://www.redbaby.com.cn/yingyang/a10201b1020102/
Saved Page URL: http://www.redbaby.com.cn/yingyang/a10201b1020101p1/
Saved Page URL: http://www.redbaby.com.cn/yingyang/a10201b1020101p2/
Saved Page URL: http://www.redbaby.com.cn/yingyang/a10201b1020101p3/
Saved Page URL: http://www.redbaby.com.cn/yingyang/a10201b1020101p4/
Completed Category URL: http://www.redbaby.com.cn/yingyang/a10201b1020101/
Saved Page URL: http://www.redbaby.com.cn/yingyang/a10201b1020106p1/
Completed Category URL: http://www.redbaby.com.cn/yingyang/a10201b1020106/
Saved Page URL: http://www.redbaby.com.cn/yingyang/a10201b1020108p1/
Completed Category URL: http://www.redbaby.com.cn/yingyang/a10201b1020108/
Saved Page URL: http://www.redbaby.com.cn/yingyang/a10201b1020105p1/
Completed Category URL: http://www.redbaby.com.cn/yingyang/a10201b1020105/
Saved Page URL: http://www.redbaby.com.cn/yingyang/a10202b1020201p1/
Saved Page URL: http://www.redbaby.com.cn/yingyang/a10202b1020201p2/
Completed Category URL: http://www.redbaby.com.cn/yingyang/a10202b1020201/
Saved Page URL: http://www.redbaby.com.cn/yingyang/a10202b1020205p1/
Saved Page URL: http://www.redbaby.com.cn/yingyang/a10202b1020205p2/
Saved Page URL: http://www.redbaby.com.cn/yingyang/a10202b1020205p3/
Saved Page URL: http://www.redbaby.com.cn/yingyang/a10202b1020205p4/
Completed Category URL: http://www.redbaby.com.cn/yingyang/a10202b1020205/
Saved Page URL: http://www.redbaby.com.cn/yingyang/a10202b1020202p1/
Saved Page URL: http://www.redbaby.com.cn/yingyang/a10202b1020202p2/
Saved Page URL: http://www.redbaby.com.cn/yingyang/a10202b1020202p3/
Saved Page URL: http://www.redbaby.com.cn/yingyang/a10202b1020202p4/
Saved Page URL: http://www.redbaby.com.cn/yingyang/a10202b1020202p5/
Saved Page URL: http://www.redbaby.com.cn/yingyang/a10202b1020202p6/
Saved Page URL: http://www.redbaby.com.cn/yingyang/a10202b1020202p7/
Completed Category URL: http://www.redbaby.com.cn/yingyang/a10202b1020202/
Saved Page URL: http://www.redbaby.com.cn/yingyang/a10202b1020203p1/
Completed Category URL: http://www.redbaby.com.cn/yingyang/a10202b1020203/
Saved Page URL: http://www.redbaby.com.cn/yingyang/a10202b1020204p1/
Saved Page URL: http://www.redbaby.com.cn/yingyang/a10202b1020204p2/
Completed Category URL: http://www.redbaby.com.cn/yingyang/a10202b1020204/
Saved Page URL: http://www.redbaby.com.cn/yingyang/a10202b1020207p1/
Saved Page URL: http://www.redbaby.com.cn/yingyang/a10202b1020207p2/
Completed Category URL: http://www.redbaby.com.cn/yingyang/a10202b1020207/
Saved Page URL: http://www.redbaby.com.cn/yingyang/a10202b1020206p1/
Saved Page URL: http://www.redbaby.com.cn/yingyang/a10202b1020206p2/
Saved Page URL: http://www.redbaby.com.cn/yingyang/a10202b1020206p3/
Completed Category URL: http://www.redbaby.com.cn/yingyang/a10202b1020206/
Saved Page URL: http://www.redbaby.com.cn/yingyang/a10203b1020304p1/
Completed Category URL: http://www.redbaby.com.cn/yingyang/a10203b1020304/
Saved Page URL: http://www.redbaby.com.cn/yingyang/a10203b1020306p1/
Saved Page URL: http://www.redbaby.com.cn/yingyang/a10203b1020306p2/
Completed Category URL: http://www.redbaby.com.cn/yingyang/a10203b1020306/
Saved Page URL: http://www.redbaby.com.cn/yingyang/a10203b1020301p1/
Saved Page URL: http://www.redbaby.com.cn/yingyang/a10203b1020301p2/
Completed Category URL: http://www.redbaby.com.cn/yingyang/a10203b1020301/
Saved Page URL: http://www.redbaby.com.cn/yingyang/a10203b1020302p1/
Saved Page URL: http://www.redbaby.com.cn/yingyang/a10203b1020302p2/
Completed Category URL: http://www.redbaby.com.cn/yingyang/a10203b1020302/
Saved Page URL: http://www.redbaby.com.cn/yingyang/a10203b1020303p1/
Saved Page URL: http://www.redbaby.com.cn/yingyang/a10203b1020303p2/
Completed Category URL: http://www.redbaby.com.cn/yingyang/a10203b1020303/
Saved Page URL: http://www.redbaby.com.cn/yingyang/a10203b1020309p1/
Completed Category URL: http://www.redbaby.com.cn/yingyang/a10203b1020309/
Saved Page URL: http://www.redbaby.com.cn/yingyou/a10304b1030401p1/
Completed Category URL: http://www.redbaby.com.cn/yingyou/a10304b1030401/
Saved Page URL: http://www.redbaby.com.cn/yingyou/a10305b1030506p1/
Completed Category URL: http://www.redbaby.com.cn/yingyou/a10305b1030506/
Saved Page URL: http://www.redbaby.com.cn/yingyou/a10305b1030509p1/
Saved Page URL: http://www.redbaby.com.cn/yingyou/a10305b1030509p2/
Saved Page URL: http://www.redbaby.com.cn/yingyou/a10305b1030509p3/
Saved Page URL: http://www.redbaby.com.cn/yingyou/a10305b1030509p4/
Saved Page URL: http://www.redbaby.com.cn/yingyou/a10305b1030509p5/
Completed Category URL: http://www.redbaby.com.cn/yingyou/a10305b1030509/
Saved Page URL: http://www.redbaby.com.cn/wanju/a10403b1040306p1/
Completed Category URL: http://www.redbaby.com.cn/wanju/a10403b1040306/
Saved Page URL: http://www.redbaby.com.cn/mama/a10103p1/
Saved Page URL: http://www.redbaby.com.cn/mama/a10103p2/
Saved Page URL: http://www.redbaby.com.cn/mama/a10103p3/
Saved Page URL: http://www.redbaby.com.cn/mama/a10103p4/
Saved Page URL: http://www.redbaby.com.cn/mama/a10103p5/
Saved Page URL: http://www.redbaby.com.cn/mama/a10103p6/
Saved Page URL: http://www.redbaby.com.cn/mama/a10103p7/
Completed Category URL: http://www.redbaby.com.cn/mama/a10103/
Saved Page URL: http://www.redbaby.com.cn/mama/a10102p1/
Saved Page URL: http://www.redbaby.com.cn/mama/a10102p2/
Saved Page URL: http://www.redbaby.com.cn/mama/a10102p3/
Saved Page URL: http://www.redbaby.com.cn/mama/a10102p4/
Completed Category URL: http://www.redbaby.com.cn/mama/a10102/
Saved Page URL: http://www.redbaby.com.cn/mama/a10109p1/
Completed Category URL: http://www.redbaby.com.cn/mama/a10109/
Saved Page URL: http://www.redbaby.com.cn/mama/a10110p1/
Completed Category URL: http://www.redbaby.com.cn/mama/a10110/
Saved Page URL: http://www.redbaby.com.cn/yingyang/a10203b1020303p1/
Saved Page URL: http://www.redbaby.com.cn/yingyang/a10203b1020303p2/
Completed Category URL: http://www.redbaby.com.cn/yingyang/a10203b1020303/
Saved Page URL: http://www.redbaby.com.cn/yingyang/a10203b1020307p1/
Saved Page URL: http://www.redbaby.com.cn/yingyang/a10203b1020307p2/
Completed Category URL: http://www.redbaby.com.cn/yingyang/a10203b1020307/
Saved Page URL: http://www.redbaby.com.cn/yingyang/a10203b1020305p1/
Saved Page URL: http://www.redbaby.com.cn/yingyang/a10203b1020305p2/
Completed Category URL: http://www.redbaby.com.cn/yingyang/a10203b1020305/
Saved Page URL: http://www.redbaby.com.cn/yingyou/a10303b1030308p1/
Saved Page URL: http://www.redbaby.com.cn/yingyou/a10303b1030308p2/
Completed Category URL: http://www.redbaby.com.cn/yingyou/a10303b1030308/
Saved Page URL: http://www.redbaby.com.cn/yingyou/a10303b1030301p1/
Saved Page URL: http://www.redbaby.com.cn/yingyou/a10303b1030301p2/
Saved Page URL: http://www.redbaby.com.cn/yingyou/a10303b1030301p3/
Saved Page URL: http://www.redbaby.com.cn/yingyou/a10303b1030301p4/
Saved Page URL: http://www.redbaby.com.cn/yingyou/a10303b1030301p5/
Completed Category URL: http://www.redbaby.com.cn/yingyou/a10303b1030301/
Saved Page URL: http://www.redbaby.com.cn/yingyou/a10303b1030302p1/
Saved Page URL: http://www.redbaby.com.cn/yingyou/a10303b1030302p2/
Saved Page URL: http://www.redbaby.com.cn/yingyou/a10303b1030302p3/
Saved Page URL: http://www.redbaby.com.cn/yingyou/a10303b1030302p4/
Completed Category URL: http://www.redbaby.com.cn/yingyou/a10303b1030302/
Saved Page URL: http://www.redbaby.com.cn/yingyou/a10303b1030303p1/
Saved Page URL: http://www.redbaby.com.cn/yingyou/a10303b1030303p2/
Saved Page URL: http://www.redbaby.com.cn/yingyou/a10303b1030303p3/
Saved Page URL: http://www.redbaby.com.cn/yingyou/a10303b1030303p4/
Completed Category URL: http://www.redbaby.com.cn/yingyou/a10303b1030303/
Saved Page URL: http://www.redbaby.com.cn/yingyou/a10303b1030307p1/
Saved Page URL: http://www.redbaby.com.cn/yingyou/a10303b1030307p2/
Completed Category URL: http://www.redbaby.com.cn/yingyou/a10303b1030307/
Saved Page URL: http://www.redbaby.com.cn/yingyou/a10302b1030201p1/
Saved Page URL: http://www.redbaby.com.cn/yingyou/a10302b1030201p2/
Saved Page URL: http://www.redbaby.com.cn/yingyou/a10302b1030201p3/
Saved Page URL: http://www.redbaby.com.cn/yingyou/a10302b1030201p4/
Saved Page URL: http://www.redbaby.com.cn/yingyou/a10302b1030201p5/
Completed Category URL: http://www.redbaby.com.cn/yingyou/a10302b1030201/
Saved Page URL: http://www.redbaby.com.cn/yingyou/a10302b1030204p1/
Completed Category URL: http://www.redbaby.com.cn/yingyou/a10302b1030204/
Saved Page URL: http://www.redbaby.com.cn/yingyou/a10302b1030203p1/
Saved Page URL: http://www.redbaby.com.cn/yingyou/a10302b1030203p2/
Saved Page URL: http://www.redbaby.com.cn/yingyou/a10302b1030203p3/
Saved Page URL: http://www.redbaby.com.cn/yingyou/a10302b1030203p4/
Completed Category URL: http://www.redbaby.com.cn/yingyou/a10302b1030203/
Saved Page URL: http://www.redbaby.com.cn/yingyou/a10302b1030202p1/
Saved Page URL: http://www.redbaby.com.cn/yingyou/a10302b1030202p2/
Completed Category URL: http://www.redbaby.com.cn/yingyou/a10302b1030202/
Saved Page URL: http://www.redbaby.com.cn/yingyou/a10302b1030208p1/
Completed Category URL: http://www.redbaby.com.cn/yingyou/a10302b1030208/
Saved Page URL: http://www.redbaby.com.cn/yingyou/a10301b1030107p1/
Saved Page URL: http://www.redbaby.com.cn/yingyou/a10301b1030107p2/
Saved Page URL: http://www.redbaby.com.cn/yingyou/a10301b1030107p3/
Saved Page URL: http://www.redbaby.com.cn/yingyou/a10301b1030107p4/
Completed Category URL: http://www.redbaby.com.cn/yingyou/a10301b1030107/
Saved Page URL: http://www.redbaby.com.cn/yingyou/a10301b1030108p1/
Completed Category URL: http://www.redbaby.com.cn/yingyou/a10301b1030108/
Saved Page URL: http://www.redbaby.com.cn/yingyou/a10301b1030101p1/
Saved Page URL: http://www.redbaby.com.cn/yingyou/a10301b1030101p2/
Saved Page URL: http://www.redbaby.com.cn/yingyou/a10301b1030101p3/
Saved Page URL: http://www.redbaby.com.cn/yingyou/a10301b1030101p4/
Saved Page URL: http://www.redbaby.com.cn/yingyou/a10301b1030101p5/
Saved Page URL: http://www.redbaby.com.cn/yingyou/a10301b1030101p6/
Saved Page URL: http://www.redbaby.com.cn/yingyou/a10301b1030101p7/
Completed Category URL: http://www.redbaby.com.cn/yingyou/a10301b1030101/
Saved Page URL: http://www.redbaby.com.cn/yingyou/a10301b1030102p1/
Completed Category URL: http://www.redbaby.com.cn/yingyou/a10301b1030102/
Saved Page URL: http://www.redbaby.com.cn/yingyou/a10301b1030106p1/
Completed Category URL: http://www.redbaby.com.cn/yingyou/a10301b1030106/
Saved Page URL: http://www.redbaby.com.cn/yingyou/a10301b1030105p1/
Saved Page URL: http://www.redbaby.com.cn/yingyou/a10301b1030105p2/
Completed Category URL: http://www.redbaby.com.cn/yingyou/a10301b1030105/
Saved Page URL: http://www.redbaby.com.cn/yingyou/a10304b1030403p1/
Completed Category URL: http://www.redbaby.com.cn/yingyou/a10304b1030403/
Saved Page URL: http://www.redbaby.com.cn/yingyou/a10304b1030402p1/
Completed Category URL: http://www.redbaby.com.cn/yingyou/a10304b1030402/
Saved Page URL: http://www.redbaby.com.cn/wanju/a10401b1040105p1/
Saved Page URL: http://www.redbaby.com.cn/wanju/a10401b1040105p2/
Saved Page URL: http://www.redbaby.com.cn/wanju/a10401b1040105p3/
Saved Page URL: http://www.redbaby.com.cn/wanju/a10401b1040105p4/
Completed Category URL: http://www.redbaby.com.cn/wanju/a10401b1040105/
Saved Page URL: http://www.redbaby.com.cn/wanju/a10401b1040109p1/
Saved Page URL: http://www.redbaby.com.cn/wanju/a10401b1040109p2/
Saved Page URL: http://www.redbaby.com.cn/wanju/a10401b1040109p3/
Saved Page URL: http://www.redbaby.com.cn/wanju/a10401b1040109p4/
Saved Page URL: http://www.redbaby.com.cn/wanju/a10401b1040109p5/
Saved Page URL: http://www.redbaby.com.cn/wanju/a10401b1040109p6/
Saved Page URL: http://www.redbaby.com.cn/wanju/a10401b1040109p7/
Saved Page URL: http://www.redbaby.com.cn/wanju/a10401b1040109p8/
Completed Category URL: http://www.redbaby.com.cn/wanju/a10401b1040109/
Saved Page URL: http://www.redbaby.com.cn/wanju/a10401b1040112p1/
Saved Page URL: http://www.redbaby.com.cn/wanju/a10401b1040112p2/
Saved Page URL: http://www.redbaby.com.cn/wanju/a10401b1040112p3/
Saved Page URL: http://www.redbaby.com.cn/wanju/a10401b1040112p4/
Saved Page URL: http://www.redbaby.com.cn/wanju/a10401b1040112p5/
Saved Page URL: http://www.redbaby.com.cn/wanju/a10401b1040112p6/
Completed Category URL: http://www.redbaby.com.cn/wanju/a10401b1040112/
Saved Page URL: http://www.redbaby.com.cn/wanju/a10401b1040116p1/
Completed Category URL: http://www.redbaby.com.cn/wanju/a10401b1040116/
Saved Page URL: http://www.redbaby.com.cn/wanju/a10401b1040101p1/
Saved Page URL: http://www.redbaby.com.cn/wanju/a10401b1040101p2/
Completed Category URL: http://www.redbaby.com.cn/wanju/a10401b1040101/
