# Logfile created on 2011-12-12 08:55:03 -0500 by logger.rb/25413
Saved Page URL: http://www.coo8.com/products/258-0-0-0-0.html
Completed Category URL: http://www.coo8.com/products/258-0-0-0-0.html
Saved Page URL: http://www.coo8.com/products/259-0-0-0-0.html
Completed Category URL: http://www.coo8.com/products/259-0-0-0-0.html
Saved Page URL: http://www.coo8.com/products/869-0-0-0-0.html
Completed Category URL: http://www.coo8.com/products/869-0-0-0-0.html
Saved Page URL: http://www.coo8.com/products/290-0-0-0-2-101101.html
Saved Page URL: http://www.coo8.com/products/290-0-0-0-3-101101.html
Saved Page URL: http://www.coo8.com/products/290-0-0-0-4-101101.html
Saved Page URL: http://www.coo8.com/products/290-0-0-0-5-101101.html
Saved Page URL: http://www.coo8.com/products/290-0-0-0-6-101101.html
Saved Page URL: http://www.coo8.com/products/290-0-0-0-7-101101.html
Saved Page URL: http://www.coo8.com/products/290-0-0-0-8-101101.html
Saved Page URL: http://www.coo8.com/products/290-0-0-0-9-101101.html
Saved Page URL: http://www.coo8.com/products/290-0-0-0-10-101101.html
Saved Page URL: http://www.coo8.com/products/290-0-0-0-11-101101.html
Saved Page URL: http://www.coo8.com/products/290-0-0-0-12-101101.html
Saved Page URL: http://www.coo8.com/products/290-0-0-0-13-101101.html
Saved Page URL: http://www.coo8.com/products/290-0-0-0-14-101101.html
Saved Page URL: http://www.coo8.com/products/290-0-0-0-15-101101.html
Saved Page URL: http://www.coo8.com/products/290-0-0-0-16-101101.html
Saved Page URL: http://www.coo8.com/products/290-0-0-0-17-101101.html
Saved Page URL: http://www.coo8.com/products/290-0-0-0-18-101101.html
Saved Page URL: http://www.coo8.com/products/290-0-0-0-19-101101.html
Saved Page URL: http://www.coo8.com/products/290-0-0-0-20-101101.html
Saved Page URL: http://www.coo8.com/products/290-0-0-0-21-101101.html
Saved Page URL: http://www.coo8.com/products/290-0-0-0-22-101101.html
Saved Page URL: http://www.coo8.com/products/290-0-0-0-23-101101.html
Saved Page URL: http://www.coo8.com/products/290-0-0-0-24-101101.html
Saved Page URL: http://www.coo8.com/products/290-0-0-0-25-101101.html
Saved Page URL: http://www.coo8.com/products/290-0-0-0-26-101101.html
Saved Page URL: http://www.coo8.com/products/290-0-0-0-27-101101.html
Saved Page URL: http://www.coo8.com/products/290-0-0-0-28-101101.html
Saved Page URL: http://www.coo8.com/products/290-0-0-0-29-101101.html
Saved Page URL: http://www.coo8.com/products/290-0-0-0-30-101101.html
Completed Category URL: http://www.coo8.com/products/290-0-0-0-0.html
Saved Page URL: http://www.coo8.com/products/291-0-0-0-2-101101.html
Saved Page URL: http://www.coo8.com/products/291-0-0-0-3-101101.html
Saved Page URL: http://www.coo8.com/products/291-0-0-0-4-101101.html
Saved Page URL: http://www.coo8.com/products/291-0-0-0-5-101101.html
Saved Page URL: http://www.coo8.com/products/291-0-0-0-6-101101.html
Saved Page URL: http://www.coo8.com/products/291-0-0-0-7-101101.html
Saved Page URL: http://www.coo8.com/products/291-0-0-0-8-101101.html
Saved Page URL: http://www.coo8.com/products/291-0-0-0-9-101101.html
Saved Page URL: http://www.coo8.com/products/291-0-0-0-10-101101.html
Saved Page URL: http://www.coo8.com/products/291-0-0-0-11-101101.html
Saved Page URL: http://www.coo8.com/products/291-0-0-0-12-101101.html
Saved Page URL: http://www.coo8.com/products/291-0-0-0-13-101101.html
Completed Category URL: http://www.coo8.com/products/291-0-0-0-0.html
Saved Page URL: http://www.coo8.com/products/294-0-0-0-2-101101.html
Saved Page URL: http://www.coo8.com/products/294-0-0-0-3-101101.html
Saved Page URL: http://www.coo8.com/products/294-0-0-0-4-101101.html
Saved Page URL: http://www.coo8.com/products/294-0-0-0-5-101101.html
Saved Page URL: http://www.coo8.com/products/294-0-0-0-6-101101.html
Saved Page URL: http://www.coo8.com/products/294-0-0-0-7-101101.html
Completed Category URL: http://www.coo8.com/products/294-0-0-0-0.html
Saved Page URL: http://www.coo8.com/products/295-0-0-0-0.html
Completed Category URL: http://www.coo8.com/products/295-0-0-0-0.html
Saved Page URL: http://www.coo8.com/products/296-0-0-0-2-101101.html
Saved Page URL: http://www.coo8.com/products/296-0-0-0-3-101101.html
Completed Category URL: http://www.coo8.com/products/296-0-0-0-0.html
Saved Page URL: http://www.coo8.com/products/942-0-0-0-2-101101.html
Saved Page URL: http://www.coo8.com/products/942-0-0-0-3-101101.html
Saved Page URL: http://www.coo8.com/products/942-0-0-0-4-101101.html
Saved Page URL: http://www.coo8.com/products/942-0-0-0-5-101101.html
Completed Category URL: http://www.coo8.com/products/942-0-0-0-0.html
Saved Page URL: http://www.coo8.com/products/943-0-0-0-2-101101.html
Saved Page URL: http://www.coo8.com/products/943-0-0-0-3-101101.html
Saved Page URL: http://www.coo8.com/products/943-0-0-0-4-101101.html
Saved Page URL: http://www.coo8.com/products/943-0-0-0-5-101101.html
Saved Page URL: http://www.coo8.com/products/943-0-0-0-6-101101.html
Completed Category URL: http://www.coo8.com/products/943-0-0-0-0.html
Saved Page URL: http://www.coo8.com/products/298-0-0-0-0.html
Completed Category URL: http://www.coo8.com/products/298-0-0-0-0.html
Saved Page URL: http://www.coo8.com/products/470-0-0-0-2-101101.html
Saved Page URL: http://www.coo8.com/products/470-0-0-0-3-101101.html
Saved Page URL: http://www.coo8.com/products/470-0-0-0-4-101101.html
Saved Page URL: http://www.coo8.com/products/470-0-0-0-5-101101.html
Saved Page URL: http://www.coo8.com/products/470-0-0-0-6-101101.html
Saved Page URL: http://www.coo8.com/products/470-0-0-0-7-101101.html
Saved Page URL: http://www.coo8.com/products/470-0-0-0-8-101101.html
Saved Page URL: http://www.coo8.com/products/470-0-0-0-9-101101.html
Saved Page URL: http://www.coo8.com/products/470-0-0-0-10-101101.html
Saved Page URL: http://www.coo8.com/products/470-0-0-0-11-101101.html
Saved Page URL: http://www.coo8.com/products/470-0-0-0-12-101101.html
Saved Page URL: http://www.coo8.com/products/470-0-0-0-13-101101.html
Saved Page URL: http://www.coo8.com/products/470-0-0-0-14-101101.html
Saved Page URL: http://www.coo8.com/products/470-0-0-0-15-101101.html
Saved Page URL: http://www.coo8.com/products/470-0-0-0-16-101101.html
Saved Page URL: http://www.coo8.com/products/470-0-0-0-17-101101.html
Saved Page URL: http://www.coo8.com/products/470-0-0-0-18-101101.html
Saved Page URL: http://www.coo8.com/products/470-0-0-0-19-101101.html
Saved Page URL: http://www.coo8.com/products/470-0-0-0-20-101101.html
Saved Page URL: http://www.coo8.com/products/470-0-0-0-21-101101.html
Completed Category URL: http://www.coo8.com/products/470-0-0-0-0.html
Saved Page URL: http://www.coo8.com/products/472-0-0-0-2-101101.html
Saved Page URL: http://www.coo8.com/products/472-0-0-0-3-101101.html
Completed Category URL: http://www.coo8.com/products/472-0-0-0-0.html
Saved Page URL: http://www.coo8.com/products/473-0-0-0-2-101101.html
Saved Page URL: http://www.coo8.com/products/473-0-0-0-3-101101.html
Saved Page URL: http://www.coo8.com/products/473-0-0-0-4-101101.html
Completed Category URL: http://www.coo8.com/products/473-0-0-0-0.html
Saved Page URL: http://www.coo8.com/products/1032-0-0-0-0.html
Completed Category URL: http://www.coo8.com/products/1032-0-0-0-0.html
Saved Page URL: http://www.coo8.com/products/471-0-0-0-2-101101.html
Saved Page URL: http://www.coo8.com/products/471-0-0-0-3-101101.html
Saved Page URL: http://www.coo8.com/products/471-0-0-0-4-101101.html
Saved Page URL: http://www.coo8.com/products/471-0-0-0-5-101101.html
Saved Page URL: http://www.coo8.com/products/471-0-0-0-6-101101.html
Completed Category URL: http://www.coo8.com/products/471-0-0-0-0.html
Saved Page URL: http://www.coo8.com/products/487-0-0-0-2-101101.html
Completed Category URL: http://www.coo8.com/products/487-0-0-0-0.html
Saved Page URL: http://www.coo8.com/products/927-0-0-0-2-101101.html
Completed Category URL: http://www.coo8.com/products/927-0-0-0-0.html
Saved Page URL: http://www.coo8.com/products/490-0-0-0-0.html
Completed Category URL: http://www.coo8.com/products/490-0-0-0-0.html
Saved Page URL: http://www.coo8.com/products/486-0-0-0-0.html
Completed Category URL: http://www.coo8.com/products/486-0-0-0-0.html
Saved Page URL: http://www.coo8.com/products/495-0-0-0-0.html
Completed Category URL: http://www.coo8.com/products/495-0-0-0-0.html
Saved Page URL: http://www.coo8.com/products/496-0-0-0-2-101101.html
Completed Category URL: http://www.coo8.com/products/496-0-0-0-0.html
Saved Page URL: http://www.coo8.com/products/489-0-0-0-2-101101.html
Completed Category URL: http://www.coo8.com/products/489-0-0-0-0.html
Saved Page URL: http://www.coo8.com/products/485-0-0-0-2-101101.html
Saved Page URL: http://www.coo8.com/products/485-0-0-0-3-101101.html
Saved Page URL: http://www.coo8.com/products/485-0-0-0-4-101101.html
Saved Page URL: http://www.coo8.com/products/485-0-0-0-5-101101.html
Saved Page URL: http://www.coo8.com/products/485-0-0-0-6-101101.html
Saved Page URL: http://www.coo8.com/products/485-0-0-0-7-101101.html
Saved Page URL: http://www.coo8.com/products/485-0-0-0-8-101101.html
Saved Page URL: http://www.coo8.com/products/485-0-0-0-9-101101.html
Completed Category URL: http://www.coo8.com/products/485-0-0-0-0.html
Saved Page URL: http://www.coo8.com/products/474-0-0-0-2-101101.html
Saved Page URL: http://www.coo8.com/products/474-0-0-0-3-101101.html
Saved Page URL: http://www.coo8.com/products/474-0-0-0-4-101101.html
Saved Page URL: http://www.coo8.com/products/474-0-0-0-5-101101.html
Saved Page URL: http://www.coo8.com/products/474-0-0-0-6-101101.html
Saved Page URL: http://www.coo8.com/products/474-0-0-0-7-101101.html
Saved Page URL: http://www.coo8.com/products/474-0-0-0-8-101101.html
Completed Category URL: http://www.coo8.com/products/474-0-0-0-0.html
Saved Page URL: http://www.coo8.com/products/476-0-0-0-2-101101.html
Saved Page URL: http://www.coo8.com/products/476-0-0-0-3-101101.html
Saved Page URL: http://www.coo8.com/products/476-0-0-0-4-101101.html
Saved Page URL: http://www.coo8.com/products/476-0-0-0-5-101101.html
Saved Page URL: http://www.coo8.com/products/476-0-0-0-6-101101.html
Completed Category URL: http://www.coo8.com/products/476-0-0-0-0.html
Saved Page URL: http://www.coo8.com/products/478-0-0-0-0.html
Completed Category URL: http://www.coo8.com/products/478-0-0-0-0.html
Saved Page URL: http://www.coo8.com/products/479-0-0-0-2-101101.html
Saved Page URL: http://www.coo8.com/products/479-0-0-0-3-101101.html
Saved Page URL: http://www.coo8.com/products/479-0-0-0-4-101101.html
Saved Page URL: http://www.coo8.com/products/479-0-0-0-5-101101.html
Saved Page URL: http://www.coo8.com/products/479-0-0-0-6-101101.html
Saved Page URL: http://www.coo8.com/products/479-0-0-0-7-101101.html
Saved Page URL: http://www.coo8.com/products/479-0-0-0-8-101101.html
Saved Page URL: http://www.coo8.com/products/479-0-0-0-9-101101.html
Saved Page URL: http://www.coo8.com/products/479-0-0-0-10-101101.html
Completed Category URL: http://www.coo8.com/products/479-0-0-0-0.html
Saved Page URL: http://www.coo8.com/products/480-0-0-0-2-101101.html
Saved Page URL: http://www.coo8.com/products/480-0-0-0-3-101101.html
Saved Page URL: http://www.coo8.com/products/480-0-0-0-4-101101.html
Completed Category URL: http://www.coo8.com/products/480-0-0-0-0.html
Saved Page URL: http://www.coo8.com/products/477-0-0-0-2-101101.html
Saved Page URL: http://www.coo8.com/products/477-0-0-0-3-101101.html
Saved Page URL: http://www.coo8.com/products/477-0-0-0-4-101101.html
Saved Page URL: http://www.coo8.com/products/477-0-0-0-5-101101.html
Saved Page URL: http://www.coo8.com/products/477-0-0-0-6-101101.html
Saved Page URL: http://www.coo8.com/products/477-0-0-0-7-101101.html
Completed Category URL: http://www.coo8.com/products/477-0-0-0-0.html
Saved Page URL: http://www.coo8.com/products/493-0-0-0-2-101101.html
Completed Category URL: http://www.coo8.com/products/493-0-0-0-0.html
Saved Page URL: http://www.coo8.com/products/481-0-0-0-2-101101.html
Completed Category URL: http://www.coo8.com/products/481-0-0-0-0.html
Saved Page URL: http://www.coo8.com/products/475-0-0-0-2-101101.html
Saved Page URL: http://www.coo8.com/products/475-0-0-0-3-101101.html
Saved Page URL: http://www.coo8.com/products/475-0-0-0-4-101101.html
Saved Page URL: http://www.coo8.com/products/475-0-0-0-5-101101.html
Saved Page URL: http://www.coo8.com/products/475-0-0-0-6-101101.html
Completed Category URL: http://www.coo8.com/products/475-0-0-0-0.html
Saved Page URL: http://www.coo8.com/products/935-0-0-0-0.html
Completed Category URL: http://www.coo8.com/products/935-0-0-0-0.html
Saved Page URL: http://www.coo8.com/products/1043-0-0-0-0.html
Completed Category URL: http://www.coo8.com/products/1043-0-0-0-0.html
Saved Page URL: http://www.coo8.com/products/600-0-0-0-2-101101.html
Saved Page URL: http://www.coo8.com/products/600-0-0-0-3-101101.html
Saved Page URL: http://www.coo8.com/products/600-0-0-0-4-101101.html
Saved Page URL: http://www.coo8.com/products/600-0-0-0-5-101101.html
Saved Page URL: http://www.coo8.com/products/600-0-0-0-6-101101.html
Saved Page URL: http://www.coo8.com/products/600-0-0-0-7-101101.html
Saved Page URL: http://www.coo8.com/products/600-0-0-0-8-101101.html
Saved Page URL: http://www.coo8.com/products/600-0-0-0-9-101101.html
Saved Page URL: http://www.coo8.com/products/600-0-0-0-10-101101.html
Saved Page URL: http://www.coo8.com/products/600-0-0-0-11-101101.html
Saved Page URL: http://www.coo8.com/products/600-0-0-0-12-101101.html
Saved Page URL: http://www.coo8.com/products/600-0-0-0-13-101101.html
Saved Page URL: http://www.coo8.com/products/600-0-0-0-14-101101.html
Saved Page URL: http://www.coo8.com/products/600-0-0-0-15-101101.html
Saved Page URL: http://www.coo8.com/products/600-0-0-0-16-101101.html
Saved Page URL: http://www.coo8.com/products/600-0-0-0-17-101101.html
Completed Category URL: http://www.coo8.com/products/600-0-0-0-0.html
Saved Page URL: http://www.coo8.com/products/602-0-0-0-0.html
Completed Category URL: http://www.coo8.com/products/602-0-0-0-0.html
Saved Page URL: http://www.coo8.com/products/483-0-0-0-2-101101.html
Saved Page URL: http://www.coo8.com/products/483-0-0-0-3-101101.html
Completed Category URL: http://www.coo8.com/products/483-0-0-0-0.html
Saved Page URL: http://www.coo8.com/products/755-0-0-0-2-101101.html
Saved Page URL: http://www.coo8.com/products/755-0-0-0-3-101101.html
Saved Page URL: http://www.coo8.com/products/755-0-0-0-4-101101.html
Saved Page URL: http://www.coo8.com/products/755-0-0-0-5-101101.html
Completed Category URL: http://www.coo8.com/products/755-0-0-0-0.html
Saved Page URL: http://www.coo8.com/products/603-0-0-0-2-101101.html
Saved Page URL: http://www.coo8.com/products/603-0-0-0-3-101101.html
Saved Page URL: http://www.coo8.com/products/603-0-0-0-4-101101.html
Saved Page URL: http://www.coo8.com/products/603-0-0-0-5-101101.html
Saved Page URL: http://www.coo8.com/products/603-0-0-0-6-101101.html
Saved Page URL: http://www.coo8.com/products/603-0-0-0-7-101101.html
Saved Page URL: http://www.coo8.com/products/603-0-0-0-8-101101.html
Saved Page URL: http://www.coo8.com/products/603-0-0-0-9-101101.html
Completed Category URL: http://www.coo8.com/products/603-0-0-0-0.html
Saved Page URL: http://www.coo8.com/products/484-0-0-0-2-101101.html
Completed Category URL: http://www.coo8.com/products/484-0-0-0-0.html
Saved Page URL: http://www.coo8.com/products/624-0-0-0-2-101101.html
Saved Page URL: http://www.coo8.com/products/624-0-0-0-3-101101.html
Saved Page URL: http://www.coo8.com/products/624-0-0-0-4-101101.html
Saved Page URL: http://www.coo8.com/products/624-0-0-0-5-101101.html
Saved Page URL: http://www.coo8.com/products/624-0-0-0-6-101101.html
Saved Page URL: http://www.coo8.com/products/624-0-0-0-7-101101.html
Saved Page URL: http://www.coo8.com/products/624-0-0-0-8-101101.html
Saved Page URL: http://www.coo8.com/products/624-0-0-0-9-101101.html
Completed Category URL: http://www.coo8.com/products/624-0-0-0-0.html
Saved Page URL: http://www.coo8.com/products/625-0-0-0-2-101101.html
Completed Category URL: http://www.coo8.com/products/625-0-0-0-0.html
Saved Page URL: http://www.coo8.com/products/626-0-0-0-2-101101.html
Saved Page URL: http://www.coo8.com/products/626-0-0-0-3-101101.html
Saved Page URL: http://www.coo8.com/products/626-0-0-0-4-101101.html
Saved Page URL: http://www.coo8.com/products/626-0-0-0-5-101101.html
Completed Category URL: http://www.coo8.com/products/626-0-0-0-0.html
Saved Page URL: http://www.coo8.com/products/630-0-0-0-2-101101.html
Completed Category URL: http://www.coo8.com/products/630-0-0-0-0.html
Saved Page URL: http://www.coo8.com/products/627-0-0-0-2-101101.html
Saved Page URL: http://www.coo8.com/products/627-0-0-0-3-101101.html
Saved Page URL: http://www.coo8.com/products/627-0-0-0-4-101101.html
Saved Page URL: http://www.coo8.com/products/627-0-0-0-5-101101.html
Saved Page URL: http://www.coo8.com/products/627-0-0-0-6-101101.html
Completed Category URL: http://www.coo8.com/products/627-0-0-0-0.html
Saved Page URL: http://www.coo8.com/products/765-0-0-0-0.html
Completed Category URL: http://www.coo8.com/products/765-0-0-0-0.html
Saved Page URL: http://www.coo8.com/products/628-0-0-0-0.html
Completed Category URL: http://www.coo8.com/products/628-0-0-0-0.html
Saved Page URL: http://www.coo8.com/products/491-0-0-0-2-101101.html
Saved Page URL: http://www.coo8.com/products/491-0-0-0-3-101101.html
Saved Page URL: http://www.coo8.com/products/491-0-0-0-4-101101.html
Saved Page URL: http://www.coo8.com/products/491-0-0-0-5-101101.html
Saved Page URL: http://www.coo8.com/products/491-0-0-0-6-101101.html
Saved Page URL: http://www.coo8.com/products/491-0-0-0-7-101101.html
Saved Page URL: http://www.coo8.com/products/491-0-0-0-8-101101.html
Completed Category URL: http://www.coo8.com/products/491-0-0-0-0.html
Saved Page URL: http://www.coo8.com/products/775-0-0-0-0.html
Completed Category URL: http://www.coo8.com/products/775-0-0-0-0.html
Saved Page URL: http://www.coo8.com/products/632-0-0-0-0.html
Completed Category URL: http://www.coo8.com/products/632-0-0-0-0.html
Saved Page URL: http://www.coo8.com/products/778-0-0-0-2-101101.html
Completed Category URL: http://www.coo8.com/products/778-0-0-0-0.html
Saved Page URL: http://www.coo8.com/products/757-0-0-0-0.html
Completed Category URL: http://www.coo8.com/products/757-0-0-0-0.html
Saved Page URL: http://www.coo8.com/products/759-0-0-0-2-101101.html
Completed Category URL: http://www.coo8.com/products/759-0-0-0-0.html
Saved Page URL: http://www.coo8.com/products/769-0-0-0-2-101101.html
Completed Category URL: http://www.coo8.com/products/769-0-0-0-0.html
Saved Page URL: http://www.coo8.com/products/770-0-0-0-0.html
Completed Category URL: http://www.coo8.com/products/770-0-0-0-0.html
Saved Page URL: http://www.coo8.com/products/758-0-0-0-0.html
Completed Category URL: http://www.coo8.com/products/758-0-0-0-0.html
Saved Page URL: http://www.coo8.com/products/767-0-0-0-2-101101.html
Completed Category URL: http://www.coo8.com/products/767-0-0-0-0.html
Saved Page URL: http://www.coo8.com/products/768-0-0-0-2-101101.html
Completed Category URL: http://www.coo8.com/products/768-0-0-0-0.html
Saved Page URL: http://www.coo8.com/products/766-0-0-0-2-101101.html
Saved Page URL: http://www.coo8.com/products/766-0-0-0-3-101101.html
Completed Category URL: http://www.coo8.com/products/766-0-0-0-0.html
Saved Page URL: http://www.coo8.com/products/771-0-0-0-0.html
Completed Category URL: http://www.coo8.com/products/771-0-0-0-0.html
Saved Page URL: http://www.coo8.com/products/635-0-0-0-2-101101.html
Saved Page URL: http://www.coo8.com/products/635-0-0-0-3-101101.html
Saved Page URL: http://www.coo8.com/products/635-0-0-0-4-101101.html
Completed Category URL: http://www.coo8.com/products/635-0-0-0-0.html
Saved Page URL: http://www.coo8.com/products/929-0-0-0-0.html
Completed Category URL: http://www.coo8.com/products/929-0-0-0-0.html
Saved Page URL: http://www.coo8.com/products/636-0-0-0-0.html
Completed Category URL: http://www.coo8.com/products/636-0-0-0-0.html
Saved Page URL: http://www.coo8.com/products/945-0-0-0-0.html
Completed Category URL: http://www.coo8.com/products/945-0-0-0-0.html
Saved Page URL: http://www.coo8.com/products/958-0-0-0-0.html
Completed Category URL: http://www.coo8.com/products/958-0-0-0-0.html
Saved Page URL: http://www.coo8.com/products/893-0-0-0-2-101101.html
Saved Page URL: http://www.coo8.com/products/893-0-0-0-3-101101.html
Saved Page URL: http://www.coo8.com/products/893-0-0-0-4-101101.html
Saved Page URL: http://www.coo8.com/products/893-0-0-0-5-101101.html
Saved Page URL: http://www.coo8.com/products/893-0-0-0-6-101101.html
Saved Page URL: http://www.coo8.com/products/893-0-0-0-7-101101.html
Completed Category URL: http://www.coo8.com/products/893-0-0-0-0.html
Saved Page URL: http://www.coo8.com/products/605-0-0-0-2-101101.html
Saved Page URL: http://www.coo8.com/products/605-0-0-0-3-101101.html
Saved Page URL: http://www.coo8.com/products/605-0-0-0-4-101101.html
Completed Category URL: http://www.coo8.com/products/605-0-0-0-0.html
Saved Page URL: http://www.coo8.com/products/607-0-0-0-2-101101.html
Completed Category URL: http://www.coo8.com/products/607-0-0-0-0.html
Saved Page URL: http://www.coo8.com/products/609-0-0-0-2-101101.html
Saved Page URL: http://www.coo8.com/products/609-0-0-0-3-101101.html
Completed Category URL: http://www.coo8.com/products/609-0-0-0-0.html
Saved Page URL: http://www.coo8.com/products/894-0-0-0-2-101101.html
Saved Page URL: http://www.coo8.com/products/894-0-0-0-3-101101.html
Saved Page URL: http://www.coo8.com/products/894-0-0-0-4-101101.html
Completed Category URL: http://www.coo8.com/products/894-0-0-0-0.html
Saved Page URL: http://www.coo8.com/products/608-0-0-0-2-101101.html
Completed Category URL: http://www.coo8.com/products/608-0-0-0-0.html
Saved Page URL: http://www.coo8.com/products/613-0-0-0-0.html
Completed Category URL: http://www.coo8.com/products/613-0-0-0-0.html
Saved Page URL: http://www.coo8.com/products/952-0-0-0-0.html
Completed Category URL: http://www.coo8.com/products/952-0-0-0-0.html
Saved Page URL: http://www.coo8.com/products/951-0-0-0-0.html
Completed Category URL: http://www.coo8.com/products/951-0-0-0-0.html
Saved Page URL: http://www.coo8.com/products/610-0-0-0-0.html
Completed Category URL: http://www.coo8.com/products/610-0-0-0-0.html
Saved Page URL: http://www.coo8.com/products/612-0-0-0-0.html
Completed Category URL: http://www.coo8.com/products/612-0-0-0-0.html
Saved Page URL: http://www.coo8.com/products/969-0-0-0-0.html
Completed Category URL: http://www.coo8.com/products/969-0-0-0-0.html
Saved Page URL: http://www.coo8.com/products/1002-0-0-0-0.html
Completed Category URL: http://www.coo8.com/products/1002-0-0-0-0.html
Saved Page URL: http://www.coo8.com/products/719-0-0-0-2-101101.html
Saved Page URL: http://www.coo8.com/products/719-0-0-0-3-101101.html
Saved Page URL: http://www.coo8.com/products/719-0-0-0-4-101101.html
Completed Category URL: http://www.coo8.com/products/719-0-0-0-0.html
Saved Page URL: http://www.coo8.com/products/720-0-0-0-0.html
Completed Category URL: http://www.coo8.com/products/720-0-0-0-0.html
Saved Page URL: http://www.coo8.com/products/721-0-0-0-0.html
Completed Category URL: http://www.coo8.com/products/721-0-0-0-0.html
Saved Page URL: http://www.coo8.com/products/722-0-0-0-2-101101.html
Completed Category URL: http://www.coo8.com/products/722-0-0-0-0.html
Saved Page URL: http://www.coo8.com/products/738-0-0-0-2-101101.html
Saved Page URL: http://www.coo8.com/products/738-0-0-0-3-101101.html
Saved Page URL: http://www.coo8.com/products/738-0-0-0-4-101101.html
Completed Category URL: http://www.coo8.com/products/738-0-0-0-0.html
Saved Page URL: http://www.coo8.com/products/732-0-0-0-2-101101.html
Completed Category URL: http://www.coo8.com/products/732-0-0-0-0.html
Saved Page URL: http://www.coo8.com/products/866-0-0-0-0.html
Completed Category URL: http://www.coo8.com/products/866-0-0-0-0.html
Saved Page URL: http://www.coo8.com/products/731-0-0-0-0.html
Completed Category URL: http://www.coo8.com/products/731-0-0-0-0.html
Saved Page URL: http://www.coo8.com/products/724-0-0-0-2-101101.html
Saved Page URL: http://www.coo8.com/products/724-0-0-0-3-101101.html
Saved Page URL: http://www.coo8.com/products/724-0-0-0-4-101101.html
Completed Category URL: http://www.coo8.com/products/724-0-0-0-0.html
Saved Page URL: http://www.coo8.com/products/725-0-0-0-2-101101.html
Saved Page URL: http://www.coo8.com/products/725-0-0-0-3-101101.html
Saved Page URL: http://www.coo8.com/products/725-0-0-0-4-101101.html
Saved Page URL: http://www.coo8.com/products/725-0-0-0-5-101101.html
Saved Page URL: http://www.coo8.com/products/725-0-0-0-6-101101.html
Completed Category URL: http://www.coo8.com/products/725-0-0-0-0.html
Saved Page URL: http://www.coo8.com/products/723-0-0-0-2-101101.html
Saved Page URL: http://www.coo8.com/products/723-0-0-0-3-101101.html
Saved Page URL: http://www.coo8.com/products/723-0-0-0-4-101101.html
Completed Category URL: http://www.coo8.com/products/723-0-0-0-0.html
Saved Page URL: http://www.coo8.com/products/726-0-0-0-0.html
Completed Category URL: http://www.coo8.com/products/726-0-0-0-0.html
Saved Page URL: http://www.coo8.com/products/727-0-0-0-0.html
Completed Category URL: http://www.coo8.com/products/727-0-0-0-0.html
Saved Page URL: http://www.coo8.com/products/737-0-0-0-2-101101.html
Completed Category URL: http://www.coo8.com/products/737-0-0-0-0.html
Saved Page URL: http://www.coo8.com/products/735-0-0-0-2-101101.html
Saved Page URL: http://www.coo8.com/products/735-0-0-0-3-101101.html
Saved Page URL: http://www.coo8.com/products/735-0-0-0-4-101101.html
Completed Category URL: http://www.coo8.com/products/735-0-0-0-0.html
Saved Page URL: http://www.coo8.com/products/749-0-0-0-0.html
Completed Category URL: http://www.coo8.com/products/749-0-0-0-0.html
Saved Page URL: http://www.coo8.com/products/728-0-0-0-0.html
Completed Category URL: http://www.coo8.com/products/728-0-0-0-0.html
Saved Page URL: http://www.coo8.com/products/870-0-0-0-2-101101.html
Completed Category URL: http://www.coo8.com/products/870-0-0-0-0.html
Saved Page URL: http://www.coo8.com/products/729-0-0-0-2-101101.html
Completed Category URL: http://www.coo8.com/products/729-0-0-0-0.html
Saved Page URL: http://www.coo8.com/products/897-0-0-0-0.html
Completed Category URL: http://www.coo8.com/products/897-0-0-0-0.html
Saved Page URL: http://www.coo8.com/products/898-0-0-0-2-101101.html
Completed Category URL: http://www.coo8.com/products/898-0-0-0-0.html
Saved Page URL: http://www.coo8.com/products/899-0-0-0-2-101101.html
Completed Category URL: http://www.coo8.com/products/899-0-0-0-0.html
Saved Page URL: http://www.coo8.com/products/916-0-0-0-2-101101.html
Saved Page URL: http://www.coo8.com/products/916-0-0-0-3-101101.html
Saved Page URL: http://www.coo8.com/products/916-0-0-0-4-101101.html
Completed Category URL: http://www.coo8.com/products/916-0-0-0-0.html
Saved Page URL: http://www.coo8.com/products/452-0-0-0-2-101101.html
Saved Page URL: http://www.coo8.com/products/452-0-0-0-3-101101.html
Saved Page URL: http://www.coo8.com/products/452-0-0-0-4-101101.html
Saved Page URL: http://www.coo8.com/products/452-0-0-0-5-101101.html
Completed Category URL: http://www.coo8.com/products/452-0-0-0-0.html
Saved Page URL: http://www.coo8.com/products/858-0-0-0-0.html
Completed Category URL: http://www.coo8.com/products/858-0-0-0-0.html
Saved Page URL: http://www.coo8.com/products/854-0-0-0-2-101101.html
Completed Category URL: http://www.coo8.com/products/854-0-0-0-0.html
Saved Page URL: http://www.coo8.com/products/855-0-0-0-2-101101.html
Completed Category URL: http://www.coo8.com/products/855-0-0-0-0.html
Saved Page URL: http://www.coo8.com/products/853-0-0-0-2-101101.html
Completed Category URL: http://www.coo8.com/products/853-0-0-0-0.html
Saved Page URL: http://www.coo8.com/products/848-0-0-0-2-101101.html
Saved Page URL: http://www.coo8.com/products/848-0-0-0-3-101101.html
Completed Category URL: http://www.coo8.com/products/848-0-0-0-0.html
Saved Page URL: http://www.coo8.com/products/852-0-0-0-2-101101.html
Saved Page URL: http://www.coo8.com/products/852-0-0-0-3-101101.html
Completed Category URL: http://www.coo8.com/products/852-0-0-0-0.html
Saved Page URL: http://www.coo8.com/products/851-0-0-0-0.html
Completed Category URL: http://www.coo8.com/products/851-0-0-0-0.html
Saved Page URL: http://www.coo8.com/products/857-0-0-0-2-101101.html
Completed Category URL: http://www.coo8.com/products/857-0-0-0-0.html
Saved Page URL: http://www.coo8.com/products/809-0-0-0-2-101101.html
Completed Category URL: http://www.coo8.com/products/809-0-0-0-0.html
Saved Page URL: http://www.coo8.com/products/810-0-0-0-2-101101.html
Saved Page URL: http://www.coo8.com/products/810-0-0-0-3-101101.html
Saved Page URL: http://www.coo8.com/products/810-0-0-0-4-101101.html
Completed Category URL: http://www.coo8.com/products/810-0-0-0-0.html
Saved Page URL: http://www.coo8.com/products/821-0-0-0-2-101101.html
Completed Category URL: http://www.coo8.com/products/821-0-0-0-0.html
Saved Page URL: http://www.coo8.com/products/829-0-0-0-0.html
Completed Category URL: http://www.coo8.com/products/829-0-0-0-0.html
Saved Page URL: http://www.coo8.com/products/831-0-0-0-2-101101.html
Saved Page URL: http://www.coo8.com/products/831-0-0-0-3-101101.html
Completed Category URL: http://www.coo8.com/products/831-0-0-0-0.html
Saved Page URL: http://www.coo8.com/products/832-0-0-0-2-101101.html
Saved Page URL: http://www.coo8.com/products/832-0-0-0-3-101101.html
Completed Category URL: http://www.coo8.com/products/832-0-0-0-0.html
Saved Page URL: http://www.coo8.com/products/830-0-0-0-0.html
Completed Category URL: http://www.coo8.com/products/830-0-0-0-0.html
Saved Page URL: http://www.coo8.com/products/825-0-0-0-2-101101.html
Completed Category URL: http://www.coo8.com/products/825-0-0-0-0.html
Saved Page URL: http://www.coo8.com/products/833-0-0-0-0.html
Completed Category URL: http://www.coo8.com/products/833-0-0-0-0.html
Saved Page URL: http://www.coo8.com/products/836-0-0-0-0.html
Completed Category URL: http://www.coo8.com/products/836-0-0-0-0.html
Saved Page URL: http://www.coo8.com/products/457-0-0-0-2-101101.html
Saved Page URL: http://www.coo8.com/products/457-0-0-0-3-101101.html
Saved Page URL: http://www.coo8.com/products/457-0-0-0-4-101101.html
Saved Page URL: http://www.coo8.com/products/457-0-0-0-5-101101.html
Completed Category URL: http://www.coo8.com/products/457-0-0-0-0.html
Saved Page URL: http://www.coo8.com/products/807-0-0-0-2-101101.html
Saved Page URL: http://www.coo8.com/products/807-0-0-0-3-101101.html
Saved Page URL: http://www.coo8.com/products/807-0-0-0-4-101101.html
Saved Page URL: http://www.coo8.com/products/807-0-0-0-5-101101.html
Saved Page URL: http://www.coo8.com/products/807-0-0-0-6-101101.html
Saved Page URL: http://www.coo8.com/products/807-0-0-0-7-101101.html
Saved Page URL: http://www.coo8.com/products/807-0-0-0-8-101101.html
Saved Page URL: http://www.coo8.com/products/807-0-0-0-9-101101.html
Completed Category URL: http://www.coo8.com/products/807-0-0-0-0.html
Saved Page URL: http://www.coo8.com/products/808-0-0-0-2-101101.html
Saved Page URL: http://www.coo8.com/products/808-0-0-0-3-101101.html
Saved Page URL: http://www.coo8.com/products/808-0-0-0-4-101101.html
Saved Page URL: http://www.coo8.com/products/808-0-0-0-5-101101.html
Completed Category URL: http://www.coo8.com/products/808-0-0-0-0.html
Saved Page URL: http://www.coo8.com/products/782-0-0-0-2-101101.html
Saved Page URL: http://www.coo8.com/products/782-0-0-0-3-101101.html
Saved Page URL: http://www.coo8.com/products/782-0-0-0-4-101101.html
Saved Page URL: http://www.coo8.com/products/782-0-0-0-5-101101.html
Saved Page URL: http://www.coo8.com/products/782-0-0-0-6-101101.html
Saved Page URL: http://www.coo8.com/products/782-0-0-0-7-101101.html
Saved Page URL: http://www.coo8.com/products/782-0-0-0-8-101101.html
Saved Page URL: http://www.coo8.com/products/782-0-0-0-9-101101.html
Saved Page URL: http://www.coo8.com/products/782-0-0-0-10-101101.html
Completed Category URL: http://www.coo8.com/products/782-0-0-0-0.html
Saved Page URL: http://www.coo8.com/products/791-0-0-0-2-101101.html
Saved Page URL: http://www.coo8.com/products/791-0-0-0-3-101101.html
Completed Category URL: http://www.coo8.com/products/791-0-0-0-0.html
Saved Page URL: http://www.coo8.com/products/794-0-0-0-2-101101.html
Completed Category URL: http://www.coo8.com/products/794-0-0-0-0.html
Saved Page URL: http://www.coo8.com/products/887-0-0-0-2-101101.html
Completed Category URL: http://www.coo8.com/products/887-0-0-0-0.html
Saved Page URL: http://www.coo8.com/products/790-0-0-0-2-101101.html
Saved Page URL: http://www.coo8.com/products/790-0-0-0-3-101101.html
Completed Category URL: http://www.coo8.com/products/790-0-0-0-0.html
Saved Page URL: http://www.coo8.com/products/786-0-0-0-0.html
Completed Category URL: http://www.coo8.com/products/786-0-0-0-0.html
Saved Page URL: http://www.coo8.com/products/801-0-0-0-0.html
Completed Category URL: http://www.coo8.com/products/801-0-0-0-0.html
Saved Page URL: http://www.coo8.com/products/861-0-0-0-0.html
Completed Category URL: http://www.coo8.com/products/861-0-0-0-0.html
Saved Page URL: http://www.coo8.com/products/797-0-0-0-0.html
Completed Category URL: http://www.coo8.com/products/797-0-0-0-0.html
Saved Page URL: http://www.coo8.com/products/799-0-0-0-0.html
Completed Category URL: http://www.coo8.com/products/799-0-0-0-0.html
Saved Page URL: http://www.coo8.com/products/806-0-0-0-2-101101.html
Saved Page URL: http://www.coo8.com/products/806-0-0-0-3-101101.html
Completed Category URL: http://www.coo8.com/products/806-0-0-0-0.html
Saved Page URL: http://www.coo8.com/products/798-0-0-0-2-101101.html
Completed Category URL: http://www.coo8.com/products/798-0-0-0-0.html
Saved Page URL: http://www.coo8.com/products/796-0-0-0-2-101101.html
Completed Category URL: http://www.coo8.com/products/796-0-0-0-0.html
Saved Page URL: http://www.coo8.com/products/779-0-0-0-2-101101.html
Saved Page URL: http://www.coo8.com/products/779-0-0-0-3-101101.html
Saved Page URL: http://www.coo8.com/products/779-0-0-0-4-101101.html
Saved Page URL: http://www.coo8.com/products/779-0-0-0-5-101101.html
Saved Page URL: http://www.coo8.com/products/779-0-0-0-6-101101.html
Saved Page URL: http://www.coo8.com/products/779-0-0-0-7-101101.html
Saved Page URL: http://www.coo8.com/products/779-0-0-0-8-101101.html
Saved Page URL: http://www.coo8.com/products/779-0-0-0-9-101101.html
Saved Page URL: http://www.coo8.com/products/779-0-0-0-10-101101.html
Saved Page URL: http://www.coo8.com/products/779-0-0-0-11-101101.html
Saved Page URL: http://www.coo8.com/products/779-0-0-0-12-101101.html
Saved Page URL: http://www.coo8.com/products/779-0-0-0-13-101101.html
Saved Page URL: http://www.coo8.com/products/779-0-0-0-14-101101.html
Completed Category URL: http://www.coo8.com/products/779-0-0-0-0.html
Saved Page URL: http://www.coo8.com/products/781-0-0-0-2-101101.html
Completed Category URL: http://www.coo8.com/products/781-0-0-0-0.html
Saved Page URL: http://www.coo8.com/products/840-0-0-0-2-101101.html
Completed Category URL: http://www.coo8.com/products/840-0-0-0-0.html
Saved Page URL: http://www.coo8.com/products/843-0-0-0-0.html
Completed Category URL: http://www.coo8.com/products/843-0-0-0-0.html
Saved Page URL: http://www.coo8.com/products/845-0-0-0-0.html
Completed Category URL: http://www.coo8.com/products/845-0-0-0-0.html
Saved Page URL: http://www.coo8.com/products/846-0-0-0-0.html
Completed Category URL: http://www.coo8.com/products/846-0-0-0-0.html
Saved Page URL: http://www.coo8.com/products/841-0-0-0-2-101101.html
Saved Page URL: http://www.coo8.com/products/841-0-0-0-3-101101.html
Completed Category URL: http://www.coo8.com/products/841-0-0-0-0.html
Saved Page URL: http://www.coo8.com/products/863-0-0-0-0.html
Completed Category URL: http://www.coo8.com/products/863-0-0-0-0.html
Saved Page URL: http://www.coo8.com/products/979-0-0-0-0.html
Completed Category URL: http://www.coo8.com/products/979-0-0-0-0.html
Saved Page URL: http://www.coo8.com/products/1048-0-0-0-2-101101.html
Completed Category URL: http://www.coo8.com/products/1048-0-0-0-0.html
Saved Page URL: http://www.coo8.com/products/1049-0-0-0-2-101101.html
Saved Page URL: http://www.coo8.com/products/1049-0-0-0-3-101101.html
Completed Category URL: http://www.coo8.com/products/1049-0-0-0-0.html
Saved Page URL: http://www.coo8.com/products/1046-0-0-0-2-101101.html
Completed Category URL: http://www.coo8.com/products/1046-0-0-0-0.html
Saved Page URL: http://www.coo8.com/products/1047-0-0-0-0.html
Completed Category URL: http://www.coo8.com/products/1047-0-0-0-0.html
Saved Page URL: http://www.coo8.com/products/1052-0-0-0-0.html
Completed Category URL: http://www.coo8.com/products/1052-0-0-0-0.html
Saved Page URL: http://www.coo8.com/products/1051-0-0-0-0.html
Completed Category URL: http://www.coo8.com/products/1051-0-0-0-0.html
Saved Page URL: http://www.coo8.com/products/947-0-0-0-2-101101.html
Completed Category URL: http://www.coo8.com/products/947-0-0-0-0.html
Saved Page URL: http://www.coo8.com/products/940-0-0-0-2-101101.html
Saved Page URL: http://www.coo8.com/products/940-0-0-0-3-101101.html
Saved Page URL: http://www.coo8.com/products/940-0-0-0-4-101101.html
Saved Page URL: http://www.coo8.com/products/940-0-0-0-5-101101.html
Saved Page URL: http://www.coo8.com/products/940-0-0-0-6-101101.html
Saved Page URL: http://www.coo8.com/products/940-0-0-0-7-101101.html
Saved Page URL: http://www.coo8.com/products/940-0-0-0-8-101101.html
Saved Page URL: http://www.coo8.com/products/940-0-0-0-9-101101.html
Completed Category URL: http://www.coo8.com/products/940-0-0-0-0.html
Saved Page URL: http://www.coo8.com/products/948-0-0-0-2-101101.html
Completed Category URL: http://www.coo8.com/products/948-0-0-0-0.html
Saved Page URL: http://www.coo8.com/products/1029-0-0-0-0.html
Completed Category URL: http://www.coo8.com/products/1029-0-0-0-0.html
Saved Page URL: http://www.coo8.com/products/996-0-0-0-2-101101.html
Completed Category URL: http://www.coo8.com/products/996-0-0-0-0.html
Saved Page URL: http://www.coo8.com/products/982-0-0-0-2-101101.html
Completed Category URL: http://www.coo8.com/products/982-0-0-0-0.html
Saved Page URL: http://www.coo8.com/products/956-0-0-0-2-101101.html
Saved Page URL: http://www.coo8.com/products/956-0-0-0-3-101101.html
Saved Page URL: http://www.coo8.com/products/956-0-0-0-4-101101.html
Completed Category URL: http://www.coo8.com/products/956-0-0-0-0.html
Saved Page URL: http://www.coo8.com/products/939-0-0-0-0.html
Completed Category URL: http://www.coo8.com/products/939-0-0-0-0.html
Saved Page URL: http://www.coo8.com/products/873-0-0-0-2-101101.html
Saved Page URL: http://www.coo8.com/products/873-0-0-0-3-101101.html
Saved Page URL: http://www.coo8.com/products/873-0-0-0-4-101101.html
Saved Page URL: http://www.coo8.com/products/873-0-0-0-5-101101.html
Saved Page URL: http://www.coo8.com/products/873-0-0-0-6-101101.html
Saved Page URL: http://www.coo8.com/products/873-0-0-0-7-101101.html
Saved Page URL: http://www.coo8.com/products/873-0-0-0-8-101101.html
Saved Page URL: http://www.coo8.com/products/873-0-0-0-9-101101.html
Saved Page URL: http://www.coo8.com/products/873-0-0-0-10-101101.html
Completed Category URL: http://www.coo8.com/products/873-0-0-0-0.html
Saved Page URL: http://www.coo8.com/products/884-0-0-0-2-101101.html
Saved Page URL: http://www.coo8.com/products/884-0-0-0-3-101101.html
Completed Category URL: http://www.coo8.com/products/884-0-0-0-0.html
Saved Page URL: http://www.coo8.com/products/959-0-0-0-0.html
Completed Category URL: http://www.coo8.com/products/959-0-0-0-0.html
Saved Page URL: http://www.coo8.com/products/921-0-0-0-0.html
Completed Category URL: http://www.coo8.com/products/921-0-0-0-0.html
Saved Page URL: http://www.coo8.com/products/882-0-0-0-2-101101.html
Completed Category URL: http://www.coo8.com/products/882-0-0-0-0.html
Saved Page URL: http://www.coo8.com/products/885-0-0-0-2-101101.html
Saved Page URL: http://www.coo8.com/products/885-0-0-0-3-101101.html
Completed Category URL: http://www.coo8.com/products/885-0-0-0-0.html
Saved Page URL: http://www.coo8.com/products/872-0-0-0-2-101101.html
Saved Page URL: http://www.coo8.com/products/872-0-0-0-3-101101.html
Saved Page URL: http://www.coo8.com/products/872-0-0-0-4-101101.html
Saved Page URL: http://www.coo8.com/products/872-0-0-0-5-101101.html
Completed Category URL: http://www.coo8.com/products/872-0-0-0-0.html
Saved Page URL: http://www.coo8.com/products/941-0-0-0-0.html
Completed Category URL: http://www.coo8.com/products/941-0-0-0-0.html
Saved Page URL: http://www.coo8.com/products/891-0-0-0-2-101101.html
Saved Page URL: http://www.coo8.com/products/891-0-0-0-3-101101.html
Completed Category URL: http://www.coo8.com/products/891-0-0-0-0.html
Saved Page URL: http://www.coo8.com/products/886-0-0-0-2-101101.html
Saved Page URL: http://www.coo8.com/products/886-0-0-0-3-101101.html
Completed Category URL: http://www.coo8.com/products/886-0-0-0-0.html
Saved Page URL: http://www.coo8.com/products/879-0-0-0-0.html
Completed Category URL: http://www.coo8.com/products/879-0-0-0-0.html
Saved Page URL: http://www.coo8.com/products/938-0-0-0-2-101101.html
Completed Category URL: http://www.coo8.com/products/938-0-0-0-0.html
Saved Page URL: http://www.coo8.com/products/881-0-0-0-0.html
Completed Category URL: http://www.coo8.com/products/881-0-0-0-0.html
Saved Page URL: http://www.coo8.com/products/883-0-0-0-2-101101.html
Saved Page URL: http://www.coo8.com/products/883-0-0-0-3-101101.html
Completed Category URL: http://www.coo8.com/products/883-0-0-0-0.html
Saved Page URL: http://www.coo8.com/products/865-0-0-0-2-101101.html
Completed Category URL: http://www.coo8.com/products/865-0-0-0-0.html
Saved Page URL: http://www.coo8.com/products/704-0-0-0-0.html
Completed Category URL: http://www.coo8.com/products/704-0-0-0-0.html
Saved Page URL: http://www.coo8.com/products/742-0-0-0-0.html
Completed Category URL: http://www.coo8.com/products/742-0-0-0-0.html
Saved Page URL: http://www.coo8.com/products/703-0-0-0-0.html
Completed Category URL: http://www.coo8.com/products/703-0-0-0-0.html
Saved Page URL: http://www.coo8.com/products/989-0-0-0-0.html
Completed Category URL: http://www.coo8.com/products/989-0-0-0-0.html
Saved Page URL: http://www.coo8.com/products/707-0-0-0-0.html
Completed Category URL: http://www.coo8.com/products/707-0-0-0-0.html
Saved Page URL: http://www.coo8.com/products/962-0-0-0-0.html
Completed Category URL: http://www.coo8.com/products/962-0-0-0-0.html
Saved Page URL: http://www.coo8.com/products/876-0-0-0-0.html
Completed Category URL: http://www.coo8.com/products/876-0-0-0-0.html
Saved Page URL: http://www.coo8.com/products/874-0-0-0-0.html
Completed Category URL: http://www.coo8.com/products/874-0-0-0-0.html
Saved Page URL: http://www.coo8.com/products/963-0-0-0-2-101101.html
Saved Page URL: http://www.coo8.com/products/963-0-0-0-3-101101.html
Completed Category URL: http://www.coo8.com/products/963-0-0-0-0.html
Saved Page URL: http://www.coo8.com/products/964-0-0-0-0.html
Completed Category URL: http://www.coo8.com/products/964-0-0-0-0.html
Saved Page URL: http://www.coo8.com/products/960-0-0-0-2-101101.html
Completed Category URL: http://www.coo8.com/products/960-0-0-0-0.html
Saved Page URL: http://www.coo8.com/products/961-0-0-0-2-101101.html
Saved Page URL: http://www.coo8.com/products/961-0-0-0-3-101101.html
Completed Category URL: http://www.coo8.com/products/961-0-0-0-0.html
Saved Page URL: http://www.coo8.com/products/330-0-0-0-2-101101.html
Completed Category URL: http://www.coo8.com/products/330-0-0-0-0.html
Saved Page URL: http://www.coo8.com/products/965-0-0-0-2-101101.html
Completed Category URL: http://www.coo8.com/products/965-0-0-0-0.html
Saved Page URL: http://www.coo8.com/products/966-0-0-0-2-101101.html
Completed Category URL: http://www.coo8.com/products/966-0-0-0-0.html
Saved Page URL: http://www.coo8.com/products/993-0-0-0-0.html
Completed Category URL: http://www.coo8.com/products/993-0-0-0-0.html
Saved Page URL: http://www.coo8.com/products/992-0-0-0-0.html
Completed Category URL: http://www.coo8.com/products/992-0-0-0-0.html
Saved Page URL: http://www.coo8.com/products/991-0-0-0-0.html
Completed Category URL: http://www.coo8.com/products/991-0-0-0-0.html
Saved Page URL: http://www.coo8.com/products/967-0-0-0-2-101101.html
Completed Category URL: http://www.coo8.com/products/967-0-0-0-0.html
Saved Page URL: http://www.coo8.com/products/998-0-0-0-0.html
Completed Category URL: http://www.coo8.com/products/998-0-0-0-0.html
Saved Page URL: http://www.coo8.com/products/986-0-0-0-0.html
Completed Category URL: http://www.coo8.com/products/986-0-0-0-0.html
Saved Page URL: http://www.coo8.com/products/997-0-0-0-2-101101.html
Completed Category URL: http://www.coo8.com/products/997-0-0-0-0.html
Saved Page URL: http://www.coo8.com/products/995-0-0-0-0.html
Completed Category URL: http://www.coo8.com/products/995-0-0-0-0.html
Saved Page URL: http://www.coo8.com/products/1000-0-0-0-0.html
Completed Category URL: http://www.coo8.com/products/1000-0-0-0-0.html
Saved Page URL: http://www.coo8.com/products/999-0-0-0-0.html
Completed Category URL: http://www.coo8.com/products/999-0-0-0-0.html
Saved Page URL: http://www.coo8.com/products/908-0-0-0-2-101101.html
Saved Page URL: http://www.coo8.com/products/908-0-0-0-3-101101.html
Saved Page URL: http://www.coo8.com/products/908-0-0-0-4-101101.html
Saved Page URL: http://www.coo8.com/products/908-0-0-0-5-101101.html
Saved Page URL: http://www.coo8.com/products/908-0-0-0-6-101101.html
Saved Page URL: http://www.coo8.com/products/908-0-0-0-7-101101.html
Completed Category URL: http://www.coo8.com/products/908-0-0-0-0.html
Saved Page URL: http://www.coo8.com/products/909-0-0-0-2-101101.html
Saved Page URL: http://www.coo8.com/products/909-0-0-0-3-101101.html
Saved Page URL: http://www.coo8.com/products/909-0-0-0-4-101101.html
Completed Category URL: http://www.coo8.com/products/909-0-0-0-0.html
Saved Page URL: http://www.coo8.com/products/911-0-0-0-0.html
Completed Category URL: http://www.coo8.com/products/911-0-0-0-0.html
Saved Page URL: http://www.coo8.com/products/903-0-0-0-2-101101.html
Completed Category URL: http://www.coo8.com/products/903-0-0-0-0.html
Saved Page URL: http://www.coo8.com/products/910-0-0-0-2-101101.html
Completed Category URL: http://www.coo8.com/products/910-0-0-0-0.html
Saved Page URL: http://www.coo8.com/products/912-0-0-0-2-101101.html
Completed Category URL: http://www.coo8.com/products/912-0-0-0-0.html
Saved Page URL: http://www.coo8.com/products/930-0-0-0-2-101101.html
Saved Page URL: http://www.coo8.com/products/930-0-0-0-3-101101.html
Saved Page URL: http://www.coo8.com/products/930-0-0-0-4-101101.html
Completed Category URL: http://www.coo8.com/products/930-0-0-0-0.html
Saved Page URL: http://www.coo8.com/products/1026-0-0-0-0.html
Completed Category URL: http://www.coo8.com/products/1026-0-0-0-0.html
Saved Page URL: http://www.coo8.com/products/944-0-0-0-2-101101.html
Completed Category URL: http://www.coo8.com/products/944-0-0-0-0.html
Saved Page URL: http://www.coo8.com/products/323-0-0-0-2-101101.html
Saved Page URL: http://www.coo8.com/products/323-0-0-0-3-101101.html
Saved Page URL: http://www.coo8.com/products/323-0-0-0-4-101101.html
Saved Page URL: http://www.coo8.com/products/323-0-0-0-5-101101.html
Saved Page URL: http://www.coo8.com/products/323-0-0-0-6-101101.html
Completed Category URL: http://www.coo8.com/products/323-0-0-0-0.html
Saved Page URL: http://www.coo8.com/products/904-0-0-0-2-101101.html
Completed Category URL: http://www.coo8.com/products/904-0-0-0-0.html
Saved Page URL: http://www.coo8.com/products/902-0-0-0-2-101101.html
Saved Page URL: http://www.coo8.com/products/902-0-0-0-3-101101.html
Completed Category URL: http://www.coo8.com/products/902-0-0-0-0.html
Saved Page URL: http://www.coo8.com/products/928-0-0-0-2-101101.html
Completed Category URL: http://www.coo8.com/products/928-0-0-0-0.html
Saved Page URL: http://www.coo8.com/products/901-0-0-0-2-101101.html
Saved Page URL: http://www.coo8.com/products/901-0-0-0-3-101101.html
Saved Page URL: http://www.coo8.com/products/901-0-0-0-4-101101.html
Saved Page URL: http://www.coo8.com/products/901-0-0-0-5-101101.html
Completed Category URL: http://www.coo8.com/products/901-0-0-0-0.html
Saved Page URL: http://www.coo8.com/products/906-0-0-0-0.html
Completed Category URL: http://www.coo8.com/products/906-0-0-0-0.html
Saved Page URL: http://www.coo8.com/products/230-0-0-0-2-101101.html
Saved Page URL: http://www.coo8.com/products/230-0-0-0-3-101101.html
Saved Page URL: http://www.coo8.com/products/230-0-0-0-4-101101.html
Saved Page URL: http://www.coo8.com/products/230-0-0-0-5-101101.html
Saved Page URL: http://www.coo8.com/products/230-0-0-0-6-101101.html
Saved Page URL: http://www.coo8.com/products/230-0-0-0-7-101101.html
Saved Page URL: http://www.coo8.com/products/230-0-0-0-8-101101.html
Saved Page URL: http://www.coo8.com/products/230-0-0-0-9-101101.html
Saved Page URL: http://www.coo8.com/products/230-0-0-0-10-101101.html
Saved Page URL: http://www.coo8.com/products/230-0-0-0-11-101101.html
Saved Page URL: http://www.coo8.com/products/230-0-0-0-12-101101.html
Saved Page URL: http://www.coo8.com/products/230-0-0-0-13-101101.html
Saved Page URL: http://www.coo8.com/products/230-0-0-0-14-101101.html
Saved Page URL: http://www.coo8.com/products/230-0-0-0-15-101101.html
Saved Page URL: http://www.coo8.com/products/230-0-0-0-16-101101.html
Saved Page URL: http://www.coo8.com/products/230-0-0-0-17-101101.html
Completed Category URL: http://www.coo8.com/products/230-0-0-0-0.html
Saved Page URL: http://www.coo8.com/products/260-0-0-0-2-101101.html
Saved Page URL: http://www.coo8.com/products/260-0-0-0-3-101101.html
Saved Page URL: http://www.coo8.com/products/260-0-0-0-4-101101.html
Saved Page URL: http://www.coo8.com/products/260-0-0-0-5-101101.html
Saved Page URL: http://www.coo8.com/products/260-0-0-0-6-101101.html
Saved Page URL: http://www.coo8.com/products/260-0-0-0-7-101101.html
Saved Page URL: http://www.coo8.com/products/260-0-0-0-8-101101.html
Saved Page URL: http://www.coo8.com/products/260-0-0-0-9-101101.html
Saved Page URL: http://www.coo8.com/products/260-0-0-0-10-101101.html
Saved Page URL: http://www.coo8.com/products/260-0-0-0-11-101101.html
Saved Page URL: http://www.coo8.com/products/260-0-0-0-12-101101.html
Completed Category URL: http://www.coo8.com/products/260-0-0-0-0.html
Saved Page URL: http://www.coo8.com/products/250-0-0-0-2-101101.html
Saved Page URL: http://www.coo8.com/products/250-0-0-0-3-101101.html
Saved Page URL: http://www.coo8.com/products/250-0-0-0-4-101101.html
Saved Page URL: http://www.coo8.com/products/250-0-0-0-5-101101.html
Saved Page URL: http://www.coo8.com/products/250-0-0-0-6-101101.html
Saved Page URL: http://www.coo8.com/products/250-0-0-0-7-101101.html
Saved Page URL: http://www.coo8.com/products/250-0-0-0-8-101101.html
Saved Page URL: http://www.coo8.com/products/250-0-0-0-9-101101.html
Saved Page URL: http://www.coo8.com/products/250-0-0-0-10-101101.html
Saved Page URL: http://www.coo8.com/products/250-0-0-0-11-101101.html
Completed Category URL: http://www.coo8.com/products/250-0-0-0-0.html
Saved Page URL: http://www.coo8.com/products/280-0-0-0-2-101101.html
Saved Page URL: http://www.coo8.com/products/280-0-0-0-3-101101.html
Saved Page URL: http://www.coo8.com/products/280-0-0-0-4-101101.html
Saved Page URL: http://www.coo8.com/products/280-0-0-0-5-101101.html
Saved Page URL: http://www.coo8.com/products/280-0-0-0-6-101101.html
Completed Category URL: http://www.coo8.com/products/280-0-0-0-0.html
Saved Page URL: http://www.coo8.com/products/251-0-0-0-2-101101.html
Completed Category URL: http://www.coo8.com/products/251-0-0-0-0.html
Saved Page URL: http://www.coo8.com/products/201-0-0-0-2-101101.html
Saved Page URL: http://www.coo8.com/products/201-0-0-0-3-101101.html
Saved Page URL: http://www.coo8.com/products/201-0-0-0-4-101101.html
Completed Category URL: http://www.coo8.com/products/201-0-0-0-0.html
Saved Page URL: http://www.coo8.com/products/202-0-0-0-2-101101.html
Saved Page URL: http://www.coo8.com/products/202-0-0-0-3-101101.html
Saved Page URL: http://www.coo8.com/products/202-0-0-0-4-101101.html
Saved Page URL: http://www.coo8.com/products/202-0-0-0-5-101101.html
Saved Page URL: http://www.coo8.com/products/202-0-0-0-6-101101.html
Completed Category URL: http://www.coo8.com/products/202-0-0-0-0.html
Saved Page URL: http://www.coo8.com/products/204-0-0-0-2-101101.html
Saved Page URL: http://www.coo8.com/products/204-0-0-0-3-101101.html
Completed Category URL: http://www.coo8.com/products/204-0-0-0-0.html
Saved Page URL: http://www.coo8.com/products/206-0-0-0-2-101101.html
Completed Category URL: http://www.coo8.com/products/206-0-0-0-0.html
Saved Page URL: http://www.coo8.com/products/231-0-0-0-2-101101.html
Saved Page URL: http://www.coo8.com/products/231-0-0-0-3-101101.html
Saved Page URL: http://www.coo8.com/products/231-0-0-0-4-101101.html
Completed Category URL: http://www.coo8.com/products/231-0-0-0-0.html
Saved Page URL: http://www.coo8.com/products/1033-0-0-0-2-101101.html
Saved Page URL: http://www.coo8.com/products/1033-0-0-0-3-101101.html
Saved Page URL: http://www.coo8.com/products/1033-0-0-0-4-101101.html
Completed Category URL: http://www.coo8.com/products/1033-0-0-0-0.html
Saved Page URL: http://www.coo8.com/products/1034-0-0-0-0.html
Completed Category URL: http://www.coo8.com/products/1034-0-0-0-0.html
Saved Page URL: http://www.coo8.com/products/353-0-0-0-2-101101.html
Saved Page URL: http://www.coo8.com/products/353-0-0-0-3-101101.html
Saved Page URL: http://www.coo8.com/products/353-0-0-0-4-101101.html
Saved Page URL: http://www.coo8.com/products/353-0-0-0-5-101101.html
Saved Page URL: http://www.coo8.com/products/353-0-0-0-6-101101.html
Saved Page URL: http://www.coo8.com/products/353-0-0-0-7-101101.html
Saved Page URL: http://www.coo8.com/products/353-0-0-0-8-101101.html
Saved Page URL: http://www.coo8.com/products/353-0-0-0-9-101101.html
Completed Category URL: http://www.coo8.com/products/353-0-0-0-0.html
Saved Page URL: http://www.coo8.com/products/352-0-0-0-2-101101.html
Saved Page URL: http://www.coo8.com/products/352-0-0-0-3-101101.html
Saved Page URL: http://www.coo8.com/products/352-0-0-0-4-101101.html
Saved Page URL: http://www.coo8.com/products/352-0-0-0-5-101101.html
Saved Page URL: http://www.coo8.com/products/352-0-0-0-6-101101.html
Saved Page URL: http://www.coo8.com/products/352-0-0-0-7-101101.html
Saved Page URL: http://www.coo8.com/products/352-0-0-0-8-101101.html
Completed Category URL: http://www.coo8.com/products/352-0-0-0-0.html
Saved Page URL: http://www.coo8.com/products/350-0-0-0-2-101101.html
Saved Page URL: http://www.coo8.com/products/350-0-0-0-3-101101.html
Saved Page URL: http://www.coo8.com/products/350-0-0-0-4-101101.html
Saved Page URL: http://www.coo8.com/products/350-0-0-0-5-101101.html
Saved Page URL: http://www.coo8.com/products/350-0-0-0-6-101101.html
Saved Page URL: http://www.coo8.com/products/350-0-0-0-7-101101.html
Saved Page URL: http://www.coo8.com/products/350-0-0-0-8-101101.html
Saved Page URL: http://www.coo8.com/products/350-0-0-0-9-101101.html
Saved Page URL: http://www.coo8.com/products/350-0-0-0-10-101101.html
Saved Page URL: http://www.coo8.com/products/350-0-0-0-11-101101.html
Saved Page URL: http://www.coo8.com/products/350-0-0-0-12-101101.html
Saved Page URL: http://www.coo8.com/products/350-0-0-0-13-101101.html
Saved Page URL: http://www.coo8.com/products/350-0-0-0-14-101101.html
Completed Category URL: http://www.coo8.com/products/350-0-0-0-0.html
Saved Page URL: http://www.coo8.com/products/351-0-0-0-2-101101.html
Completed Category URL: http://www.coo8.com/products/351-0-0-0-0.html
Saved Page URL: http://www.coo8.com/products/358-0-0-0-2-101101.html
Saved Page URL: http://www.coo8.com/products/358-0-0-0-3-101101.html
Saved Page URL: http://www.coo8.com/products/358-0-0-0-4-101101.html
Completed Category URL: http://www.coo8.com/products/358-0-0-0-0.html
Saved Page URL: http://www.coo8.com/products/381-0-0-0-0-0.html
Completed Category URL: http://www.coo8.com/products/381-0-0-0-0-0.html
Saved Page URL: http://www.coo8.com/products/357-0-0-0-2-101101.html
Completed Category URL: http://www.coo8.com/products/357-0-0-0-0.html
Saved Page URL: http://www.coo8.com/products/354-0-0-0-2-101101.html
Saved Page URL: http://www.coo8.com/products/354-0-0-0-3-101101.html
Completed Category URL: http://www.coo8.com/products/354-0-0-0-0.html
Saved Page URL: http://www.coo8.com/products/368-0-0-0-2-101101.html
Saved Page URL: http://www.coo8.com/products/368-0-0-0-3-101101.html
Saved Page URL: http://www.coo8.com/products/368-0-0-0-4-101101.html
Completed Category URL: http://www.coo8.com/products/368-0-0-0-0.html
Saved Page URL: http://www.coo8.com/products/355-0-0-0-2-101101.html
Saved Page URL: http://www.coo8.com/products/355-0-0-0-3-101101.html
Completed Category URL: http://www.coo8.com/products/355-0-0-0-0.html
Saved Page URL: http://www.coo8.com/products/356-0-0-0-2-101101.html
Saved Page URL: http://www.coo8.com/products/356-0-0-0-3-101101.html
Saved Page URL: http://www.coo8.com/products/356-0-0-0-4-101101.html
Completed Category URL: http://www.coo8.com/products/356-0-0-0-0.html
Saved Page URL: http://www.coo8.com/products/359-0-0-0-0.html
Completed Category URL: http://www.coo8.com/products/359-0-0-0-0.html
Saved Page URL: http://www.coo8.com/products/360-0-0-0-2-101101.html
Saved Page URL: http://www.coo8.com/products/360-0-0-0-3-101101.html
Saved Page URL: http://www.coo8.com/products/360-0-0-0-4-101101.html
Completed Category URL: http://www.coo8.com/products/360-0-0-0-0.html
Saved Page URL: http://www.coo8.com/products/365-0-0-0-2-101101.html
Completed Category URL: http://www.coo8.com/products/365-0-0-0-0.html
Saved Page URL: http://www.coo8.com/products/363-0-0-0-2-101101.html
Completed Category URL: http://www.coo8.com/products/363-0-0-0-0.html
Saved Page URL: http://www.coo8.com/products/374-0-0-0-0.html
Completed Category URL: http://www.coo8.com/products/374-0-0-0-0.html
Saved Page URL: http://www.coo8.com/products/714-0-0-0-2-101101.html
Completed Category URL: http://www.coo8.com/products/714-0-0-0-0.html
Saved Page URL: http://www.coo8.com/products/681-0-0-0-0.html
Completed Category URL: http://www.coo8.com/products/681-0-0-0-0.html
Saved Page URL: http://www.coo8.com/products/379-0-0-0-2-101101.html
Completed Category URL: http://www.coo8.com/products/379-0-0-0-0.html
Saved Page URL: http://www.coo8.com/products/373-0-0-0-0.html
Completed Category URL: http://www.coo8.com/products/373-0-0-0-0.html
Saved Page URL: http://www.coo8.com/products/715-0-0-0-0.html
Completed Category URL: http://www.coo8.com/products/715-0-0-0-0.html
Saved Page URL: http://www.coo8.com/products/708-0-0-0-2-101101.html
Completed Category URL: http://www.coo8.com/products/708-0-0-0-0.html
Saved Page URL: http://www.coo8.com/products/710-0-0-0-0.html
Completed Category URL: http://www.coo8.com/products/710-0-0-0-0.html
Saved Page URL: http://www.coo8.com/products/716-0-0-0-0.html
Completed Category URL: http://www.coo8.com/products/716-0-0-0-0.html
Saved Page URL: http://www.coo8.com/products/269-0-0-0-2-101101.html
Saved Page URL: http://www.coo8.com/products/269-0-0-0-3-101101.html
Saved Page URL: http://www.coo8.com/products/269-0-0-0-4-101101.html
Completed Category URL: http://www.coo8.com/products/269-0-0-0-0.html
Saved Page URL: http://www.coo8.com/products/268-0-0-0-2-101101.html
Saved Page URL: http://www.coo8.com/products/268-0-0-0-3-101101.html
Completed Category URL: http://www.coo8.com/products/268-0-0-0-0.html
Saved Page URL: http://www.coo8.com/products/262-0-0-0-2-101101.html
Completed Category URL: http://www.coo8.com/products/262-0-0-0-0.html
Saved Page URL: http://www.coo8.com/products/685-0-0-0-0.html
Completed Category URL: http://www.coo8.com/products/685-0-0-0-0.html
Saved Page URL: http://www.coo8.com/products/256-0-0-0-2-101101.html
Completed Category URL: http://www.coo8.com/products/256-0-0-0-0.html
Saved Page URL: http://www.coo8.com/products/267-0-0-0-2-101101.html
Saved Page URL: http://www.coo8.com/products/267-0-0-0-3-101101.html
Completed Category URL: http://www.coo8.com/products/267-0-0-0-0.html
Saved Page URL: http://www.coo8.com/products/257-0-0-0-2-101101.html
Saved Page URL: http://www.coo8.com/products/257-0-0-0-3-101101.html
Completed Category URL: http://www.coo8.com/products/257-0-0-0-0.html
Saved Page URL: http://www.coo8.com/products/255-0-0-0-0.html
Completed Category URL: http://www.coo8.com/products/255-0-0-0-0.html
Saved Page URL: http://www.coo8.com/products/254-0-0-0-0.html
Completed Category URL: http://www.coo8.com/products/254-0-0-0-0.html
Saved Page URL: http://www.coo8.com/products/253-0-0-0-2-101101.html
Completed Category URL: http://www.coo8.com/products/253-0-0-0-0.html
Saved Page URL: http://www.coo8.com/products/265-0-0-0-0.html
Completed Category URL: http://www.coo8.com/products/265-0-0-0-0.html
Saved Page URL: http://www.coo8.com/products/264-0-0-0-0.html
Completed Category URL: http://www.coo8.com/products/264-0-0-0-0.html
Saved Page URL: http://www.coo8.com/products/266-0-0-0-2-101101.html
Completed Category URL: http://www.coo8.com/products/266-0-0-0-0.html
Saved Page URL: http://www.coo8.com/products/688-0-0-0-0.html
Completed Category URL: http://www.coo8.com/products/688-0-0-0-0.html
Saved Page URL: http://www.coo8.com/products/689-0-0-0-0.html
Completed Category URL: http://www.coo8.com/products/689-0-0-0-0.html
Saved Page URL: http://www.coo8.com/products/693-0-0-0-0.html
Completed Category URL: http://www.coo8.com/products/693-0-0-0-0.html
Saved Page URL: http://www.coo8.com/products/695-0-0-0-0.html
Completed Category URL: http://www.coo8.com/products/695-0-0-0-0.html
