# Logfile created on 2012-01-10 14:26:04 +0800 by logger.rb/25413
Saved URL:http://www.misslele.com/category-20-%E9%98%B2%E8%BE%90%E5%B0%84%E6%9C%8D.html
Saved URL:http://www.misslele.com/category-21-%E5%AD%95%E5%A6%87%E5%86%85%E8%A1%A3.html
Saved URL:http://www.misslele.com/category-22-%E5%A4%96%E5%87%BA%E6%9C%8D%E8%A3%85.html
Saved URL:http://www.misslele.com/category-24-%E5%A6%88%E5%A6%88%E5%A5%B6%E7%B2%89.html
Saved URL:http://www.misslele.com/category-25-%E4%BF%9D%E5%81%A5%E5%93%81.html
Saved URL:http://www.misslele.com/category-40-%E9%85%8D%E6%96%B9%E5%A5%B6%E7%B2%89.html
Saved URL:http://www.misslele.com/category-41-%E7%BE%8A%E5%A5%B6%E7%B2%89%E7%89%87.html
Saved URL:http://www.misslele.com/category-42-%E7%89%B9%E6%AE%8A%E9%85%8D%E6%96%B9%E5%A5%B6%E7%B2%89.html
Saved URL:http://www.misslele.com/category-44-%E7%B1%B3%E7%B2%89.html
Saved URL:http://www.misslele.com/category-45-%E8%8F%9C%E7%B2%89.html
Saved URL:http://www.misslele.com/category-47-%E6%9E%9C%E6%B1%81%E6%B3%A5.html
Saved URL:http://www.misslele.com/category-48-%E8%82%89%E6%9D%BE.html
Saved URL:http://www.misslele.com/category-49-%E9%A5%BC%E5%B9%B2%E7%A3%A8%E7%89%99%E6%A3%92.html
Saved URL:http://www.misslele.com/category-50-%E8%90%A5%E5%85%BB%E9%9D%A2.html
Saved URL:http://www.misslele.com/category-53-%E9%92%99%E9%93%81%E9%94%8C%E7%B1%BB.html
Saved URL:http://www.misslele.com/category-54-%E5%88%9D%E4%B9%B3%E7%B2%89%E7%89%87.html
Saved URL:http://www.misslele.com/category-55-%E9%B1%BC%E8%82%9D%E6%B2%B9%E7%B3%96%E4%B8%B8.html
Saved URL:http://www.misslele.com/category-56-%E8%90%A5%E5%85%BB%E7%B4%A0.html
Saved URL:http://www.misslele.com/category-57-%E7%9B%8A%E7%94%9F%E8%8F%8C%E7%B1%BB.html
Saved URL:http://www.misslele.com/category-58-DHA%E5%81%A5%E8%84%91.html
Saved URL:http://www.misslele.com/category-59-%E6%B8%85%E7%81%AB%E5%BC%80%E8%83%83.html
Saved URL:http://www.misslele.com/category-60-%E6%9E%9C%E5%91%B3%E8%BD%AF%E7%B3%96.html
Saved URL:http://www.misslele.com/category-63-%E5%A9%B4%E5%84%BF%E5%B0%BF%E8%A3%A4%E7%89%87.html
Saved URL:http://www.misslele.com/category-64-%E5%A9%B4%E5%84%BF%E5%B0%BF%E5%B8%83.html
Saved URL:http://www.misslele.com/category-65-%E9%9A%94%E5%B0%BF%E5%9E%AB%E5%B7%BE.html
Saved URL:http://www.misslele.com/category-67-%E5%A9%B4%E5%84%BF%E6%B9%BF%E5%B7%BE.html
Saved URL:http://www.misslele.com/category-68-%E6%B4%97%E6%BC%B1%E7%94%A8%E5%93%81.html
Saved URL:http://www.misslele.com/category-69-%E6%B4%97%E6%B5%B4%E6%8A%A4%E8%82%A4.html
Saved URL:http://www.misslele.com/category-70-%E9%98%B2%E8%9A%8A%E9%98%B2%E6%99%92.html
Saved URL:http://www.misslele.com/category-71-%E8%A1%A3%E7%89%A9%E6%B4%97%E6%8A%A4.html
Saved URL:http://www.misslele.com/category-73-%E5%BA%A7%E4%BE%BF%E5%99%A8.html
Saved URL:http://www.misslele.com/category-74-%E4%BF%AE%E5%89%AA%E5%99%A8%E5%85%B7.html
Saved URL:http://www.misslele.com/category-75-%E5%AE%89%E5%85%A8%E9%98%B2%E6%8A%A4.html
Saved URL:http://www.misslele.com/category-203-%E7%94%A8%E5%93%81%E9%85%8D%E4%BB%B6.html
Saved URL:http://www.misslele.com/category-84-%E5%A9%B4%E5%84%BF%E5%A5%B6%E7%93%B6.html
Saved URL:http://www.misslele.com/category-85-%E5%A9%B4%E5%84%BF%E5%A5%B6%E5%98%B4.html
Saved URL:http://www.misslele.com/category-86-%E5%AE%89%E6%8A%9A%E5%A5%B6%E5%98%B4.html
Saved URL:http://www.misslele.com/category-87-%E5%A9%B4%E5%84%BF%E7%89%99%E8%83%B6.html
Saved URL:http://www.misslele.com/category-88-%E5%A9%B4%E5%84%BF%E9%A4%90%E5%85%B7.html
Saved URL:http://www.misslele.com/category-89-%E6%9D%AF%E5%A3%B6%E7%94%A8%E5%93%81.html
Saved URL:http://www.misslele.com/category-160-%E5%96%82%E5%85%BB%E7%94%A8%E5%93%81%E9%85%8D%E4%BB%B6.html
Saved URL:http://www.misslele.com/category-92-%E6%B6%88%E6%AF%92%E5%99%A8%E5%85%B7.html
Saved URL:http://www.misslele.com/category-93-%E6%9A%96%E5%A5%B6%E4%BF%9D%E6%B8%A9.html
Saved URL:http://www.misslele.com/category-94-%E5%A5%B6%E7%93%B6%E6%B8%85%E6%B4%81.html
Saved URL:http://www.misslele.com/category-197-%E7%94%B5%E7%B2%A5%E9%94%85%E9%85%8D%E4%BB%B6.html
Saved URL:http://www.misslele.com/category-97-%E6%AF%9B%E5%B7%BE%E6%89%8B%E5%B8%95%E9%A3%9F%E9%A5%AD%E8%A1%A3.html
Saved URL:http://www.misslele.com/category-99-%E8%82%9A%E5%9B%B4%E8%82%9A%E5%85%9C.html
Saved URL:http://www.misslele.com/category-100-%E5%8D%95%E8%A1%AB%E5%8D%95%E8%A3%A4.html
Saved URL:http://www.misslele.com/category-101-%E8%BF%9E%E4%BD%93%E6%9C%8D%E7%B1%BB.html
Saved URL:http://www.misslele.com/category-102-%E5%A9%B4%E5%84%BF%E5%A5%97%E8%A3%85.html
Saved URL:http://www.misslele.com/category-103-%E5%A5%97%E8%A2%96%E6%8A%A4%E8%86%9D.html
Saved URL:http://www.misslele.com/category-104-%E6%89%8B%E5%A5%97%E8%84%9A%E5%A5%97.html
Saved URL:http://www.misslele.com/category-105-%E5%A9%B4%E5%84%BF%E9%9E%8B%E8%A2%9C.html
Saved URL:http://www.misslele.com/category-106-%E5%A9%B4%E5%84%BF%E5%B8%BD%E7%B1%BB.html
Saved URL:http://www.misslele.com/category-107-%E5%A9%B4%E5%84%BF%E7%A4%BC%E7%9B%92.html
Saved URL:http://www.misslele.com/category-109-%E5%84%BF%E7%AB%A5%E5%86%85%E8%A1%A3.html
Saved URL:http://www.misslele.com/category-110-%E5%A4%96%E5%87%BA%E6%9C%8D.html
Saved URL:http://www.misslele.com/category-111-%E5%84%BF%E7%AB%A5%E9%85%8D%E9%A5%B0.html
Saved URL:http://www.misslele.com/category-112-%E5%84%BF%E7%AB%A5%E9%9E%8B%E8%A2%9C.html
Saved URL:http://www.misslele.com/category-77-%E6%9E%95%E5%A4%B4%E8%A2%AB%E5%AD%90.html
Saved URL:http://www.misslele.com/category-78-%E7%9D%A1%E8%A2%8B%E6%8A%B1%E8%A2%AB.html
Saved URL:http://www.misslele.com/category-79-%E5%BA%8A%E5%93%81%E5%A5%97%E4%BB%B6.html
Saved URL:http://www.misslele.com/category-80-%E8%9A%8A%E5%B8%90%E5%B8%AD%E5%AD%90.html
Saved URL:http://www.misslele.com/category-116-%E6%89%8B%E6%8E%A8%E8%BD%A6.html
Saved URL:http://www.misslele.com/category-117-%E5%AD%A6%E6%AD%A5%E8%BD%A6%E5%B8%A6.html
Saved URL:http://www.misslele.com/category-118-%E4%B8%89%E8%BD%AE%E8%BD%A6.html
Saved URL:http://www.misslele.com/category-119-%E7%94%B5%E5%8A%A8%E8%BD%A6.html
Saved URL:http://www.misslele.com/category-121-%E8%87%AA%E8%A1%8C%E8%BD%A6.html
Saved URL:http://www.misslele.com/category-123-%E5%A9%B4%E5%B9%BC%E7%AB%A5%E5%BA%8A.html
Saved URL:http://www.misslele.com/category-124-%E5%AE%89%E5%85%A8%E5%BA%A7%E6%A4%85.html
Saved URL:http://www.misslele.com/category-125-%E9%A4%90%E6%A1%8C%E9%A4%90%E6%A4%85.html
Saved URL:http://www.misslele.com/category-136-%E6%A8%A1%E5%9E%8B%E7%8E%A9%E5%81%B6.html
Saved URL:http://www.misslele.com/category-137-%E9%81%A5%E6%8E%A7%E7%8E%A9%E5%85%B7.html
Saved URL:http://www.misslele.com/category-143-%E6%B2%99%E6%BB%A9%E6%88%8F%E6%B0%B4.html
Saved URL:http://www.misslele.com/category-144-%E5%B8%83%E8%B4%A8%E6%AF%9B%E7%BB%92.html
Saved URL:http://www.misslele.com/category-145-%E6%9C%A8%E8%B4%A8%E7%8E%A9%E5%85%B7.html
Saved URL:http://www.misslele.com/category-198-%E7%94%B5%E5%8A%A8%E7%8E%A9%E5%85%B7.html
Saved URL:http://www.misslele.com/category-199-%E5%81%A5%E8%BA%AB%E7%8E%A9%E5%85%B7.html
Saved URL:http://www.misslele.com/category-200-DIY%E6%B6%82%E9%B8%A6.html
Saved URL:http://www.misslele.com/category-201-%E6%97%A9%E6%95%99%E7%9B%8A%E6%99%BA.html
Saved URL:http://www.misslele.com/category-149-%E8%83%8E%E6%95%99%E5%9B%BE%E4%B9%A6.html
Saved URL:http://www.misslele.com/category-150-%E8%82%B2%E5%84%BF%E5%9B%BE%E4%B9%A6.html
Saved URL:http://www.misslele.com/category-151-%E5%A9%B4%E7%AB%A5%E5%9B%BE%E4%B9%A6.html
