# Logfile created on 2012-01-19 14:08:30 +0800 by logger.rb/25413
Saved Product URL: http://www.ubao.com/accidental/showPlanDetail-2010043.shtml
Saved Product URL: http://www.ubao.com/accidental/showPlanDetail-2030032.shtml
Saved Product URL: http://www.ubao.com/accidental/showPlanDetail-2040011.shtml
Saved Product URL: http://www.ubao.com/accidental/showPlanDetail-2030001.shtml
Saved Product URL: http://www.ubao.com/accidental/showPlanDetail-1270001.shtml
Saved Product URL: http://www.ubao.com/accidental/showPlanDetail-2070047.shtml
Saved Product URL: http://www.ubao.com/accidental/showPlanDetail-2050005.shtml
Saved Product URL: http://www.ubao.com/accidental/showPlanDetail-2090005.shtml
Saved Product URL: http://www.ubao.com/accidental/showPlanDetail-2070070.shtml
Saved Product URL: http://www.ubao.com/accidental/showPlanDetail-2070068.shtml
Saved Product URL: http://www.ubao.com/accidental/showPlanDetail-2070073.shtml
Saved Product URL: http://www.ubao.com/life/showPlanDetail-2010074.shtml
Saved Product URL: http://www.ubao.com/accidental/showPlanDetail-2010026.shtml
Saved Product URL: http://www.ubao.com/accidental/showPlanDetail-2070069.shtml
Saved Product URL: http://www.ubao.com/life/showPlanDetail-2010068.shtml
Saved Product URL: http://www.ubao.com/accidental/showPlanDetail-2070072.shtml
Saved Product URL: http://www.ubao.com/accidental/showPlanDetail-2010064.shtml
Saved Product URL: http://www.ubao.com/accidental/showPlanDetail-2010010.shtml
Saved Product URL: http://www.ubao.com/accidental/showPlanDetail-2090011.shtml
Saved Product URL: http://www.ubao.com/accidental/showPlanDetail-2010011.shtml
Completed Page URL: http://www.ubao.com/sp/p5
Saved Product URL: http://www.ubao.com/life/showPlanDetail-2010059.shtml
Saved Product URL: http://www.ubao.com/health/showPlanDetail-2050001.shtml
Saved Product URL: http://www.ubao.com/health/showPlanDetail-2050002.shtml
Saved Product URL: http://www.ubao.com/health/showPlanDetail-2010065.shtml
Completed Page URL: http://www.ubao.com/sp/p7
Saved Product URL: http://www.ubao.com/accidental/showPlanDetail-2070028.shtml
Saved Product URL: http://www.ubao.com/accidental/showPlanDetail-2070029.shtml
Saved Product URL: http://www.ubao.com/accidental/showPlanDetail-2220001.shtml
Saved Product URL: http://www.ubao.com/accidental/showPlanDetail-2090003.shtml
Saved Product URL: http://www.ubao.com/accidental/showPlanDetail-2070030.shtml
Saved Product URL: http://www.ubao.com/accidental/showPlanDetail-2070031.shtml
Saved Product URL: http://www.ubao.com/accidental/showPlanDetail-2090002.shtml
Saved Product URL: http://www.ubao.com/accidental/showPlanDetail-2040073.shtml
Saved Product URL: http://www.ubao.com/accidental/showPlanDetail-2070041.shtml
Saved Product URL: http://www.ubao.com/accidental/showPlanDetail-2030009.shtml
Saved Product URL: http://www.ubao.com/accidental/showPlanDetail-2040074.shtml
Saved Product URL: http://www.ubao.com/accidental/showPlanDetail-2040076.shtml
Saved Product URL: http://www.ubao.com/accidental/showPlanDetail-2040077.shtml
Saved Product URL: http://www.ubao.com/accidental/showPlanDetail-2220012.shtml
Saved Product URL: http://www.ubao.com/accidental/showPlanDetail-2040075.shtml
Saved Product URL: http://www.ubao.com/accidental/showPlanDetail-2220010.shtml
Saved Product URL: http://www.ubao.com/accidental/showPlanDetail-2070032.shtml
Saved Product URL: http://www.ubao.com/accidental/showPlanDetail-2090004.shtml
Saved Product URL: http://www.ubao.com/accidental/showPlanDetail-2010005.shtml
Saved Product URL: http://www.ubao.com/accidental/showPlanDetail-2030008.shtml
Saved Product URL: http://www.ubao.com/accidental/showPlanDetail-2040017.shtml
Saved Product URL: http://www.ubao.com/accidental/showPlanDetail-2030006.shtml
Saved Product URL: http://www.ubao.com/accidental/showPlanDetail-2220005.shtml
Saved Product URL: http://www.ubao.com/accidental/showPlanDetail-2030007.shtml
Saved Product URL: http://www.ubao.com/accidental/showPlanDetail-2090001.shtml
Saved Product URL: http://www.ubao.com/accidental/showPlanDetail-2220004.shtml
Saved Product URL: http://www.ubao.com/accidental/showPlanDetail-2220007.shtml
Saved Product URL: http://www.ubao.com/accidental/showPlanDetail-2220002.shtml
Saved Product URL: http://www.ubao.com/accidental/showPlanDetail-2070033.shtml
Saved Product URL: http://www.ubao.com/accidental/showPlanDetail-2220003.shtml
Saved Product URL: http://www.ubao.com/accidental/showPlanDetail-2220006.shtml
Saved Product URL: http://www.ubao.com/accidental/showPlanDetail-2070034.shtml
Saved Product URL: http://www.ubao.com/accidental/showPlanDetail-2220009.shtml
Saved Product URL: http://www.ubao.com/accidental/showPlanDetail-2070042.shtml
Saved Product URL: http://www.ubao.com/accidental/showPlanDetail-2070043.shtml
Saved Product URL: http://www.ubao.com/accidental/showPlanDetail-2070044.shtml
Saved Product URL: http://www.ubao.com/accidental/showPlanDetail-2070045.shtml
Saved Product URL: http://www.ubao.com/accidental/showPlanDetail-2070046.shtml
Saved Product URL: http://www.ubao.com/accidental/showPlanDetail-2010007.shtml
Saved Product URL: http://www.ubao.com/accidental/showPlanDetail-2220011.shtml
Saved Product URL: http://www.ubao.com/accidental/showPlanDetail-2070035.shtml
Saved Product URL: http://www.ubao.com/accidental/showPlanDetail-2070036.shtml
Saved Product URL: http://www.ubao.com/accidental/showPlanDetail-2070037.shtml
Saved Product URL: http://www.ubao.com/accidental/showPlanDetail-2070038.shtml
Saved Product URL: http://www.ubao.com/accidental/showPlanDetail-2070039.shtml
Saved Product URL: http://www.ubao.com/accidental/showPlanDetail-2070040.shtml
Saved Product URL: http://www.ubao.com/accidental/showPlanDetail-2040006.shtml
Saved Product URL: http://www.ubao.com/accidental/showPlanDetail-2040007.shtml
Saved Product URL: http://www.ubao.com/accidental/showPlanDetail-2040008.shtml
Saved Product URL: http://www.ubao.com/accidental/showPlanDetail-2040009.shtml
Completed Page URL: http://www.ubao.com/sp/p1p11
Saved Product URL: http://www.ubao.com/accidental/showPlanDetail-2040078.shtml
Saved Product URL: http://www.ubao.com/accidental/showPlanDetail-2020008.shtml
Saved Product URL: http://www.ubao.com/accidental/showPlanDetail-2020005.shtml
Saved Product URL: http://www.ubao.com/accidental/showPlanDetail-2020003.shtml
Saved Product URL: http://www.ubao.com/health/showPlanDetail-2030003.shtml
Saved Product URL: http://www.ubao.com/accidental/showPlanDetail-2020002.shtml
Saved Product URL: http://www.ubao.com/accidental/showPlanDetail-2020001.shtml
Saved Product URL: http://www.ubao.com/accidental/showPlanDetail-2010006.shtml
Completed Page URL: http://www.ubao.com/sp/p1p12
Saved Product URL: http://www.ubao.com/health/showPlanDetail-1050026.shtml
Saved Product URL: http://www.ubao.com/health/showPlanDetail-1050023.shtml
Saved Product URL: http://www.ubao.com/health/showPlanDetail-1050024.shtml
Saved Product URL: http://www.ubao.com/health/showPlanDetail-1050022.shtml
Completed Page URL: http://www.ubao.com/sp/p2
Saved Product URL: http://www.ubao.com/accidental/showPlanDetail-2010044.shtml
Saved Product URL: http://www.ubao.com/accidental/showPlanDetail-1000023.shtml
Saved Product URL: http://www.ubao.com/accidental/showPlanDetail-2030033.shtml
Saved Product URL: http://www.ubao.com/accidental/showPlanDetail-2040063.shtml
Saved Product URL: http://www.ubao.com/accidental/showPlanDetail-2050003.shtml
Saved Product URL: http://www.ubao.com/accidental/showPlanDetail-2030002.shtml
Saved Product URL: http://www.ubao.com/accidental/showPlanDetail-2040023.shtml
Saved Product URL: http://www.ubao.com/accidental/showPlanDetail-2050004.shtml
Saved Product URL: http://www.ubao.com/accidental/showPlanDetail-2010003.shtml
Saved Product URL: http://www.ubao.com/accidental/showPlanDetail-2020009.shtml
Saved Product URL: http://www.ubao.com/accidental/showPlanDetail-2010001.shtml
Saved Product URL: http://www.ubao.com/accidental/showPlanDetail-2010002.shtml
Saved Product URL: http://www.ubao.com/accidental/showPlanDetail-2010004.shtml
Saved Product URL: http://www.ubao.com/accidental/showPlanDetail-2020011.shtml
Saved Product URL: http://www.ubao.com/accidental/showPlanDetail-2040025.shtml
Saved Product URL: http://www.ubao.com/accidental/showPlanDetail-2040081.shtml
Saved Product URL: http://www.ubao.com/accidental/showPlanDetail-2040079.shtml
Saved Product URL: http://www.ubao.com/accidental/showPlanDetail-2040080.shtml
Saved Product URL: http://www.ubao.com/accidental/showPlanDetail-2040083.shtml
Saved Product URL: http://www.ubao.com/accidental/showPlanDetail-2040082.shtml
Saved Product URL: http://www.ubao.com/accidental/showPlanDetail-2090010.shtml
Saved Product URL: http://www.ubao.com/accidental/showPlanDetail-2090008.shtml
Saved Product URL: http://www.ubao.com/accidental/showPlanDetail-2090009.shtml
Saved Product URL: http://www.ubao.com/accidental/showPlanDetail-1000024.shtml
Saved Product URL: http://www.ubao.com/accidental/showPlanDetail-2020004.shtml
Completed Page URL: http://www.ubao.com/sp/p4
Saved Product URL: http://www.ubao.com/health/showPlanDetail-2030029.shtml
Saved Product URL: http://www.ubao.com/health/showPlanDetail-2010103.shtml
Saved Product URL: http://www.ubao.com/health/showPlanDetail-2010102.shtml
Saved Product URL: http://www.ubao.com/health/showPlanDetail-1050025.shtml
Saved Product URL: http://www.ubao.com/health/showPlanDetail-2010021.shtml
Saved Product URL: http://www.ubao.com/health/showPlanDetail-2010027.shtml
Saved Product URL: http://www.ubao.com/health/showPlanDetail-2110001.shtml
Completed Page URL: http://www.ubao.com/sp/p6
Completed Page URL: http://www.ubao.com/sp/p8p82
Completed Page URL: http://www.ubao.com/sp/p8p83
