# Logfile created on 2011-11-10 22:19:33 +0800 by logger.rb/25413
Saved Product URL: http://www.yihaodian.com/product/38365
Saved Product URL: http://www.yihaodian.com/product/1006563
Saved Product URL: http://www.yihaodian.com/product/1006564
Saved Product URL: http://www.yihaodian.com/product/1006567
Saved Product URL: http://www.yihaodian.com/product/1007300
Saved Product URL: http://www.yihaodian.com/product/8691
Saved Product URL: http://www.yihaodian.com/product/11756
Saved Product URL: http://www.yihaodian.com/product/18925
Saved Product URL: http://www.yihaodian.com/product/23745
Saved Product URL: http://www.yihaodian.com/product/46537
Saved Product URL: http://www.yihaodian.com/product/1025817
Saved Product URL: http://www.yihaodian.com/product/1226892
Saved Product URL: http://www.yihaodian.com/product/1231811
Saved Product URL: http://www.yihaodian.com/product/49754
Saved Product URL: http://www.yihaodian.com/product/49761
Saved Product URL: http://www.yihaodian.com/product/8475
Saved Product URL: http://www.yihaodian.com/product/15531
Saved Product URL: http://www.yihaodian.com/product/56767
Saved Product URL: http://www.yihaodian.com/product/953100
Saved Product URL: http://www.yihaodian.com/product/962018
Saved Product URL: http://www.yihaodian.com/product/968729
Saved Product URL: http://www.yihaodian.com/product/983405
Saved Product URL: http://www.yihaodian.com/product/995995
Saved Product URL: http://www.yihaodian.com/product/1060573
Saved Product URL: http://www.yihaodian.com/product/1069520
Saved Product URL: http://www.yihaodian.com/product/1069521
Saved Product URL: http://www.yihaodian.com/product/1098952
Saved Product URL: http://www.yihaodian.com/product/1094373
Saved Product URL: http://www.yihaodian.com/product/971359
Saved Product URL: http://www.yihaodian.com/product/1025682
Saved Product URL: http://www.yihaodian.com/product/1048387
Saved Product URL: http://www.yihaodian.com/product/1069502
Completed Page URL: http://search.yihaodian.com/s/c-b0-a-s1-v0-p1-price-d0-f0-k
Saved Product URL: http://www.yihaodian.com/product/1079734
Saved Product URL: http://www.yihaodian.com/product/1087867
Saved Product URL: http://www.yihaodian.com/product/1100605
Saved Product URL: http://www.yihaodian.com/product/1111737
Saved Product URL: http://www.yihaodian.com/product/1111739
Saved Product URL: http://www.yihaodian.com/product/1111740
Saved Product URL: http://www.yihaodian.com/product/1149980
Saved Product URL: http://www.yihaodian.com/product/1329970
Saved Product URL: http://www.yihaodian.com/product/1329974
Saved Product URL: http://www.yihaodian.com/product/31773
Saved Product URL: http://www.yihaodian.com/product/31840
Saved Product URL: http://www.yihaodian.com/product/7413
Saved Product URL: http://www.yihaodian.com/product/1065859
Saved Product URL: http://www.yihaodian.com/product/1065873
Saved Product URL: http://www.yihaodian.com/product/1079729
Saved Product URL: http://www.yihaodian.com/product/1095474
Saved Product URL: http://www.yihaodian.com/product/1095476
Saved Product URL: http://www.yihaodian.com/product/1095488
Saved Product URL: http://www.yihaodian.com/product/1099571
Saved Product URL: http://www.yihaodian.com/product/1100606
Saved Product URL: http://www.yihaodian.com/product/1100607
Saved Product URL: http://www.yihaodian.com/product/1100608
Saved Product URL: http://www.yihaodian.com/product/1100735
Saved Product URL: http://www.yihaodian.com/product/1106648
Saved Product URL: http://www.yihaodian.com/product/1111738
Saved Product URL: http://www.yihaodian.com/product/1176611
Saved Product URL: http://www.yihaodian.com/product/1407891
Saved Product URL: http://www.yihaodian.com/product/1551574
Saved Product URL: http://www.yihaodian.com/product/1551575
Saved Product URL: http://www.yihaodian.com/product/1551576
Saved Product URL: http://www.yihaodian.com/product/1551577
Saved Product URL: http://www.yihaodian.com/product/1551959
Completed Page URL: http://search.yihaodian.com/s/c8646-b0-a-s1-v0-p2-price-d0-f0-k
Saved Product URL: http://www.yihaodian.com/product/1007231
Saved Product URL: http://www.yihaodian.com/product/28442
Saved Product URL: http://www.yihaodian.com/product/1069515
Saved Product URL: http://www.yihaodian.com/product/1069524
Saved Product URL: http://www.yihaodian.com/product/8600
Saved Product URL: http://www.yihaodian.com/product/1064741
Saved Product URL: http://www.yihaodian.com/product/31044
Saved Product URL: http://www.yihaodian.com/product/31774
Saved Product URL: http://www.yihaodian.com/product/38927
Saved Product URL: http://www.yihaodian.com/product/1027448
Saved Product URL: http://www.yihaodian.com/product/38365
Saved Product URL: http://www.yihaodian.com/product/1006563
Saved Product URL: http://www.yihaodian.com/product/2130
Saved Product URL: http://www.yihaodian.com/product/1000533
Saved Product URL: http://www.yihaodian.com/product/1006564
Saved Product URL: http://www.yihaodian.com/product/1006567
Saved Product URL: http://www.yihaodian.com/product/1007300
Saved Product URL: http://www.yihaodian.com/product/8691
Saved Product URL: http://www.yihaodian.com/product/11756
Saved Product URL: http://www.yihaodian.com/product/19870
Saved Product URL: http://www.yihaodian.com/product/23745
Saved Product URL: http://www.yihaodian.com/product/46537
Saved Product URL: http://www.yihaodian.com/product/1006566
Saved Product URL: http://www.yihaodian.com/product/1025817
Saved Product URL: http://www.yihaodian.com/product/1226892
Saved Product URL: http://www.yihaodian.com/product/1231811
Saved Product URL: http://www.yihaodian.com/product/8475
Saved Product URL: http://www.yihaodian.com/product/15531
Saved Product URL: http://www.yihaodian.com/product/56767
Saved Product URL: http://www.yihaodian.com/product/953100
Saved Product URL: http://www.yihaodian.com/product/962018
Saved Product URL: http://www.yihaodian.com/product/968729
Saved Product URL: http://www.yihaodian.com/product/983405
Saved Product URL: http://www.yihaodian.com/product/995995
Saved Product URL: http://www.yihaodian.com/product/1069520
Saved Product URL: http://www.yihaodian.com/product/1069521
Saved Product URL: http://www.yihaodian.com/product/49761
Saved Product URL: http://www.yihaodian.com/product/1094373
Saved Product URL: http://www.yihaodian.com/product/971359
Saved Product URL: http://www.yihaodian.com/product/1025682
Saved Product URL: http://www.yihaodian.com/product/1048387
Saved Product URL: http://www.yihaodian.com/product/1069502
Completed Page URL: http://search.yihaodian.com/s/c-b0-a-s1-v0-p1-price-d0-f0-k
Saved Product URL: http://www.yihaodian.com/product/1186084
Saved Product URL: http://www.yihaodian.com/product/1186090
Saved Product URL: http://www.yihaodian.com/product/2825
Saved Product URL: http://www.yihaodian.com/product/1186083
Saved Product URL: http://www.yihaodian.com/product/1186087
Saved Product URL: http://www.yihaodian.com/product/1186102
Saved Product URL: http://www.yihaodian.com/product/1186113
Saved Product URL: http://www.yihaodian.com/product/1186085
Saved Product URL: http://www.yihaodian.com/product/1186093
Saved Product URL: http://www.yihaodian.com/product/1186084
Saved Product URL: http://www.yihaodian.com/product/1186090
Saved Product URL: http://www.yihaodian.com/product/2825
Saved Product URL: http://www.yihaodian.com/product/1186083
Saved Product URL: http://www.yihaodian.com/product/1186087
Saved Product URL: http://www.yihaodian.com/product/1186084_2
Saved Product URL: http://www.yihaodian.com/product/1186090_2
Saved Product URL: http://www.yihaodian.com/product/2825_2
Saved Product URL: http://www.yihaodian.com/product/1186084
Saved Product URL: http://www.yihaodian.com/product/1186090
Saved Product URL: http://www.yihaodian.com/product/2825
Saved Product URL: http://www.yihaodian.com/product/1186083
Saved Product URL: http://www.yihaodian.com/product/1186087
Saved Product URL: http://www.yihaodian.com/product/1186102
Saved Product URL: http://www.yihaodian.com/product/1186113
Saved Product URL: http://www.yihaodian.com/product/1186085
Saved Product URL: http://www.yihaodian.com/product/1186093
Saved Product URL: http://www.yihaodian.com/product/1186098
Saved Product URL: http://www.yihaodian.com/product/1186104
Saved Product URL: http://www.yihaodian.com/product/1186089
Saved Product URL: http://www.yihaodian.com/product/1186091
Saved Product URL: http://www.yihaodian.com/product/1186099
Saved Product URL: http://www.yihaodian.com/product/1186106
Saved Product URL: http://www.yihaodian.com/product/1186111
Saved Product URL: http://www.yihaodian.com/product/1186112
Saved Product URL: http://www.yihaodian.com/product/1355179
Saved Product URL: http://www.yihaodian.com/product/1595969
Saved Product URL: http://www.yihaodian.com/product/1595970
Saved Product URL: http://www.yihaodian.com/product/2824
Completed Page URL: http://search.yihaodian.com/s/c-%E8%BF%9B%E5%8F%A3%E7%B1%B3/8645.html
Saved Product URL: http://www.yihaodian.com/product/1069520
Saved Product URL: http://www.yihaodian.com/product/1069521
Saved Product URL: http://www.yihaodian.com/product/995995
Saved Product URL: http://www.yihaodian.com/product/968729
Saved Product URL: http://www.yihaodian.com/product/1069502
