# Logfile created on 2011-11-24 18:27:24 +0800 by logger.rb/25413
Saved URL:http://www.redbaby.com.cn/mama/a10103b1010301/
Saved URL:http://www.redbaby.com.cn/mama/a10103b1010302/
Saved URL:http://www.redbaby.com.cn/mama/a10103b1010303/
Saved URL:http://www.redbaby.com.cn/mama/a10104b1010402/
Saved URL:http://www.redbaby.com.cn/mama/a10104b1010401/
Saved URL:http://www.redbaby.com.cn/mama/a10104b1010403/
Saved URL:http://www.redbaby.com.cn/mama/a10105b1010504/
Saved URL:http://www.redbaby.com.cn/mama/a10105b1010501/
Saved URL:http://www.redbaby.com.cn/mama/a10105b1010505/
Saved URL:http://www.redbaby.com.cn/mama/a10102b1010201/
Saved URL:http://www.redbaby.com.cn/mama/a10102b1010202/
Saved URL:http://www.redbaby.com.cn/mama/a10101b1010101/
Saved URL:http://www.redbaby.com.cn/mama/a10101b1010102/
Saved URL:http://www.redbaby.com.cn/mama/a10111b1011103/
Saved URL:http://www.redbaby.com.cn/mama/a10111b1011101/
Saved URL:http://www.redbaby.com.cn/mama/a10111b1011102/
Saved URL:http://www.redbaby.com.cn/mama/a10106b1010604/
Saved URL:http://www.redbaby.com.cn/mama/a10106b1010601/
Saved URL:http://www.redbaby.com.cn/mama/a10106b1010603/
Saved URL:http://www.redbaby.com.cn/mama/a10106b1010602/
Saved URL:http://www.redbaby.com.cn/mama/a10106b1010608/
Saved URL:http://www.redbaby.com.cn/mama/a10106b1010605/
Saved URL:http://www.redbaby.com.cn/mama/a10106b1010609/
Saved URL:http://www.redbaby.com.cn/mama/a10106b1010606/
Saved URL:http://www.redbaby.com.cn/mama/a10106b1010607/
Saved URL:http://www.redbaby.com.cn/mama/a10107b1010701/
Saved URL:http://www.redbaby.com.cn/mama/a10107b1010703/
Saved URL:http://www.redbaby.com.cn/mama/a10107b1010702/
Saved URL:http://www.redbaby.com.cn/mama/a10107b1010705/
Saved URL:http://www.redbaby.com.cn/mama/a10107b1010706/
Saved URL:http://www.redbaby.com.cn/mama/a10108b1010801/
Saved URL:http://www.redbaby.com.cn/mama/a10108b1010802/
Saved URL:http://www.redbaby.com.cn/yingyang/a10201b1020104/
Saved URL:http://www.redbaby.com.cn/yingyang/a10201b1020103/
Saved URL:http://www.redbaby.com.cn/yingyang/a10201b1020102/
Saved URL:http://www.redbaby.com.cn/yingyang/a10201b1020101/
Saved URL:http://www.redbaby.com.cn/yingyang/a10201b1020106/
Saved URL:http://www.redbaby.com.cn/yingyang/a10201b1020108/
Saved URL:http://www.redbaby.com.cn/yingyang/a10201b1020105/
Saved URL:http://www.redbaby.com.cn/yingyang/a10202b1020201/
Saved URL:http://www.redbaby.com.cn/yingyang/a10202b1020205/
Saved URL:http://www.redbaby.com.cn/yingyang/a10202b1020202/
Saved URL:http://www.redbaby.com.cn/yingyang/a10202b1020203/
Saved URL:http://www.redbaby.com.cn/yingyang/a10202b1020204/
Saved URL:http://www.redbaby.com.cn/yingyang/a10202b1020207/
Saved URL:http://www.redbaby.com.cn/yingyang/a10202b1020206/
Saved URL:http://www.redbaby.com.cn/yingyang/a10203b1020304/
Saved URL:http://www.redbaby.com.cn/yingyang/a10203b1020306/
Saved URL:http://www.redbaby.com.cn/yingyang/a10203b1020301/
Saved URL:http://www.redbaby.com.cn/yingyang/a10203b1020302/
Saved URL:http://www.redbaby.com.cn/yingyang/a10203b1020303/
Saved URL:http://www.redbaby.com.cn/yingyang/a10203b1020309/
Saved URL:http://www.redbaby.com.cn/yingyang/a10203b1020308/
Saved URL:http://www.redbaby.com.cn/yingyang/a10203b1020307/
Saved URL:http://www.redbaby.com.cn/yingyang/a10203b1020305/
Saved URL:http://www.redbaby.com.cn/yingyou/a10303b1030308/
Saved URL:http://www.redbaby.com.cn/yingyou/a10303b1030301/
Saved URL:http://www.redbaby.com.cn/yingyou/a10303b1030305/
Saved URL:http://www.redbaby.com.cn/yingyou/a10303b1030302/
Saved URL:http://www.redbaby.com.cn/yingyou/a10303b1030303/
Saved URL:http://www.redbaby.com.cn/yingyou/a10303b1030304/
Saved URL:http://www.redbaby.com.cn/yingyou/a10303b1030307/
Saved URL:http://www.redbaby.com.cn/yingyou/a10303b1030306/
Saved URL:http://www.redbaby.com.cn/yingyou/a10302b1030201/
Saved URL:http://www.redbaby.com.cn/yingyou/a10302b1030204/
Saved URL:http://www.redbaby.com.cn/yingyou/a10302b1030207/
Saved URL:http://www.redbaby.com.cn/yingyou/a10302b1030205/
Saved URL:http://www.redbaby.com.cn/yingyou/a10302b1030203/
Saved URL:http://www.redbaby.com.cn/yingyou/a10302b1030202/
Saved URL:http://www.redbaby.com.cn/yingyou/a10302b1030206/
Saved URL:http://www.redbaby.com.cn/yingyou/a10302b1030208/
Saved URL:http://www.redbaby.com.cn/yingyou/a10301b1030107/
Saved URL:http://www.redbaby.com.cn/yingyou/a10301b1030108/
Saved URL:http://www.redbaby.com.cn/yingyou/a10301b1030101/
Saved URL:http://www.redbaby.com.cn/yingyou/a10301b1030102/
Saved URL:http://www.redbaby.com.cn/yingyou/a10301b1030106/
Saved URL:http://www.redbaby.com.cn/yingyou/a10301b1030105/
Saved URL:http://www.redbaby.com.cn/yingyou/a10301b1030103/
Saved URL:http://www.redbaby.com.cn/yingyou/a10301b1030104/
Saved URL:http://www.redbaby.com.cn/yingyou/a10304b1030403/
Saved URL:http://www.redbaby.com.cn/yingyou/a10304b1030402/
Saved URL:http://www.redbaby.com.cn/yingyou/a10304b1030401/
Saved URL:http://www.redbaby.com.cn/yingyou/a10305b1030504/
Saved URL:http://www.redbaby.com.cn/yingyou/a10305b1030506/
Saved URL:http://www.redbaby.com.cn/yingyou/a10305b1030507/
Saved URL:http://www.redbaby.com.cn/yingyou/a10305b1030509/
Saved URL:http://www.redbaby.com.cn/yingyou/a10305b1030508/
Saved URL:http://www.redbaby.com.cn/yingyou/a10305b1030505/
Saved URL:http://www.redbaby.com.cn/yingyou/a10305b1030501/
Saved URL:http://www.redbaby.com.cn/yingyou/a10305b1030502/
Saved URL:http://www.redbaby.com.cn/yingyou/a10305b1030503/
Saved URL:http://www.redbaby.com.cn/wanju/a10403b1040301/
Saved URL:http://www.redbaby.com.cn/wanju/a10403b1040306/
Saved URL:http://www.redbaby.com.cn/wanju/a10403b1040302/
Saved URL:http://www.redbaby.com.cn/wanju/a10403b1040303/
Saved URL:http://www.redbaby.com.cn/wanju/a10403b1040304/
Saved URL:http://www.redbaby.com.cn/wanju/a10403b1040305/
Saved URL:http://www.redbaby.com.cn/wanju/a10402b1040204/
Saved URL:http://www.redbaby.com.cn/wanju/a10402b1040201/
Saved URL:http://www.redbaby.com.cn/wanju/a10402b1040202/
Saved URL:http://www.redbaby.com.cn/wanju/a10402b1040203/
Saved URL:http://www.redbaby.com.cn/wanju/a10401b1040105/
Saved URL:http://www.redbaby.com.cn/wanju/a10401b1040109/
Saved URL:http://www.redbaby.com.cn/wanju/a10401b1040112/
Saved URL:http://www.redbaby.com.cn/wanju/a10401b1040116/
Saved URL:http://www.redbaby.com.cn/wanju/a10401b1040101/
Saved URL:http://www.redbaby.com.cn/wanju/a10401b1040102/
Saved URL:http://www.redbaby.com.cn/wanju/a10401b1040115/
Saved URL:http://www.redbaby.com.cn/wanju/a10401b1040114/
Saved URL:http://www.redbaby.com.cn/wanju/a10401b1040113/
Saved URL:http://www.redbaby.com.cn/wanju/a10401b1040111/
Saved URL:http://www.redbaby.com.cn/wanju/a10401b1040110/
Saved URL:http://www.redbaby.com.cn/wanju/a10401b1040108/
Saved URL:http://www.redbaby.com.cn/wanju/a10401b1040103/
Saved URL:http://www.redbaby.com.cn/wanju/a10401b1040104/
Saved URL:http://www.redbaby.com.cn/wanju/a10401b1040106/
Saved URL:http://www.redbaby.com.cn/wanju/a10401b1040107/
Saved URL:http://www.redbaby.com.cn/tongzhuang/a10504b1050401/
Saved URL:http://www.redbaby.com.cn/tongzhuang/a10504b1050404/
Saved URL:http://www.redbaby.com.cn/tongzhuang/a10504b1050402/
Saved URL:http://www.redbaby.com.cn/tongzhuang/a10504b1050403/
Saved URL:http://www.redbaby.com.cn/tongzhuang/a10501b1050101/
Saved URL:http://www.redbaby.com.cn/tongzhuang/a10501b1050106/
Saved URL:http://www.redbaby.com.cn/tongzhuang/a10501b1050108/
Saved URL:http://www.redbaby.com.cn/tongzhuang/a10501b1050102/
Saved URL:http://www.redbaby.com.cn/tongzhuang/a10501b1050103/
Saved URL:http://www.redbaby.com.cn/tongzhuang/a10501b1050104/
Saved URL:http://www.redbaby.com.cn/tongzhuang/a10501b1050105/
Saved URL:http://www.redbaby.com.cn/tongzhuang/a10501b1050107/
Saved URL:http://www.redbaby.com.cn/tongzhuang/a10503b1050303/
Saved URL:http://www.redbaby.com.cn/tongzhuang/a10503b1050301/
Saved URL:http://www.redbaby.com.cn/tongzhuang/a10503b1050304/
Saved URL:http://www.redbaby.com.cn/tongzhuang/a10503b1050302/
Saved URL:http://www.redbaby.com.cn/tongzhuang/a10503b1050305/
Saved URL:http://www.redbaby.com.cn/tongzhuang/a10502b1050203/
Saved URL:http://www.redbaby.com.cn/tongzhuang/a10502b1050209/
Saved URL:http://www.redbaby.com.cn/tongzhuang/a10502b1050204/
Saved URL:http://www.redbaby.com.cn/tongzhuang/a10502b1050202/
Saved URL:http://www.redbaby.com.cn/tongzhuang/a10502b1050208/
Saved URL:http://www.redbaby.com.cn/tongzhuang/a10502b1050207/
Saved URL:http://www.redbaby.com.cn/tongzhuang/a10502b1050201/
Saved URL:http://www.redbaby.com.cn/tongzhuang/a10502b1050205/
Saved URL:http://www.redbaby.com.cn/tongzhuang/a10502b1050206/
Saved URL:http://www.redbaby.com.cn/tongzhuang/a10505b1050501/
Saved URL:http://www.redbaby.com.cn/tongzhuang/a10505b1050505/
Saved URL:http://www.redbaby.com.cn/tongzhuang/a10505b1050507/
Saved URL:http://www.redbaby.com.cn/tongzhuang/a10505b1050502/
Saved URL:http://www.redbaby.com.cn/tongzhuang/a10505b1050510/
Saved URL:http://www.redbaby.com.cn/tongzhuang/a10505b1050504/
Saved URL:http://www.redbaby.com.cn/tongzhuang/a10505b1050506/
Saved URL:http://www.redbaby.com.cn/tongzhuang/a10505b1050508/
Saved URL:http://www.redbaby.com.cn/tongzhuang/a10505b1050503/
Saved URL:http://www.redbaby.com.cn/tongzhuang/a10506b1050604/
Saved URL:http://www.redbaby.com.cn/tongzhuang/a10506b1050603/
Saved URL:http://www.redbaby.com.cn/tongzhuang/a10506b1050605/
Saved URL:http://www.redbaby.com.cn/tongzhuang/a10506b1050607/
Saved URL:http://www.redbaby.com.cn/tongzhuang/a10506b1050602/
Saved URL:http://www.redbaby.com.cn/tongzhuang/a10506b1050606/
Saved URL:http://www.redbaby.com.cn/tongzhuang/a10506b1050608/
Saved URL:http://www.redbaby.com.cn/tongzhuang/a10506b1050609/
Saved URL:http://www.redbaby.com.cn/tongzhuang/a10506b1050601/
Saved URL:http://www.redbaby.com.cn/tongzhuang/a10507b1050702/
Saved URL:http://www.redbaby.com.cn/tongzhuang/a10507b1050701/
Saved URL:http://www.redbaby.com.cn/tushu/a10602b1060204/
Saved URL:http://www.redbaby.com.cn/tushu/a10602b1060202/
Saved URL:http://www.redbaby.com.cn/tushu/a10602b1060201/
Saved URL:http://www.redbaby.com.cn/tushu/a10602b1060203/
Saved URL:http://www.redbaby.com.cn/tushu/a10606b1060601/
Saved URL:http://www.redbaby.com.cn/tushu/a10610b1061016/
Saved URL:http://www.redbaby.com.cn/tushu/a10610b1061001/
Saved URL:http://www.redbaby.com.cn/tushu/a10610b1061019/
Saved URL:http://www.redbaby.com.cn/tushu/a10610b1061022/
Saved URL:http://www.redbaby.com.cn/tushu/a10610b1061005/
Saved URL:http://www.redbaby.com.cn/tushu/a10610b1061006/
Saved URL:http://www.redbaby.com.cn/tushu/a10610b1061009/
Saved URL:http://www.redbaby.com.cn/tushu/a10603b1060305/
Saved URL:http://www.redbaby.com.cn/tushu/a10603b1060308/
Saved URL:http://www.redbaby.com.cn/tushu/a10603b1060312/
Saved URL:http://www.redbaby.com.cn/tushu/a10603b1060306/
Saved URL:http://www.redbaby.com.cn/tushu/a10603b1060307/
Saved URL:http://www.redbaby.com.cn/tushu/a10603b1060313/
Saved URL:http://www.redbaby.com.cn/tushu/a10604b1060403/
Saved URL:http://www.redbaby.com.cn/tushu/a10604b1060410/
Saved URL:http://www.redbaby.com.cn/tushu/a10604b1060404/
Saved URL:http://www.redbaby.com.cn/tushu/a10604b1060407/
Saved URL:http://www.redbaby.com.cn/tushu/a10604b1060408/
Saved URL:http://www.redbaby.com.cn/tushu/a10604b1060409/
Saved URL:http://www.redbaby.com.cn/tushu/a10605b1060505/
Saved URL:http://www.redbaby.com.cn/tushu/a10607b1060707/
Saved URL:http://www.redbaby.com.cn/tushu/a10607b1060715/
Saved URL:http://www.redbaby.com.cn/mama/a10103/
Saved URL:http://www.redbaby.com.cn/mama/a10104/
Saved URL:http://www.redbaby.com.cn/mama/a10105/
Saved URL:http://www.redbaby.com.cn/mama/a10102/
Saved URL:http://www.redbaby.com.cn/mama/a10101/
Saved URL:http://www.redbaby.com.cn/mama/a10111/
Saved URL:http://www.redbaby.com.cn/mama/a10106/
Saved URL:http://www.redbaby.com.cn/mama/a10107/
Saved URL:http://www.redbaby.com.cn/mama/a10108/
Saved URL:http://www.redbaby.com.cn/mama/a10109/
Saved URL:http://www.redbaby.com.cn/mama/a10110/
Saved URL:http://www.redbaby.com.cn/yingyang/a10201/
Saved URL:http://www.redbaby.com.cn/yingyang/a10202/
Saved URL:http://www.redbaby.com.cn/yingyang/a10203/
Saved URL:http://www.redbaby.com.cn/yingyou/a10303/
Saved URL:http://www.redbaby.com.cn/yingyou/a10302/
Saved URL:http://www.redbaby.com.cn/yingyou/a10301/
Saved URL:http://www.redbaby.com.cn/yingyou/a10304/
Saved URL:http://www.redbaby.com.cn/yingyou/a10305/
Saved URL:http://www.redbaby.com.cn/wanju/a10403/
Saved URL:http://www.redbaby.com.cn/wanju/a10402/
Saved URL:http://www.redbaby.com.cn/wanju/a10401/
Saved URL:http://www.redbaby.com.cn/wanju/a10404/
Saved URL:http://www.redbaby.com.cn/wanju/a10405/
Saved URL:http://www.redbaby.com.cn/tongzhuang/a10504/
Saved URL:http://www.redbaby.com.cn/tongzhuang/a10501/
Saved URL:http://www.redbaby.com.cn/tongzhuang/a10503/
Saved URL:http://www.redbaby.com.cn/tongzhuang/a10502/
Saved URL:http://www.redbaby.com.cn/tongzhuang/a10505/
Saved URL:http://www.redbaby.com.cn/tongzhuang/a10506/
Saved URL:http://www.redbaby.com.cn/tongzhuang/a10507/
Saved URL:http://www.redbaby.com.cn/tushu/a10602/
Saved URL:http://www.redbaby.com.cn/tushu/a10606/
Saved URL:http://www.redbaby.com.cn/tushu/a10610/
Saved URL:http://www.redbaby.com.cn/tushu/a10603/
Saved URL:http://www.redbaby.com.cn/tushu/a10604/
Saved URL:http://www.redbaby.com.cn/tushu/a10605/
Saved URL:http://www.redbaby.com.cn/tushu/a10607/
Saved URL:http://www.redbaby.com.cn/mama/a10103b1010301/
Saved URL:http://www.redbaby.com.cn/mama/a10103b1010302/
Saved URL:http://www.redbaby.com.cn/mama/a10103b1010303/
Saved URL:http://www.redbaby.com.cn/mama/a10104b1010402/
Saved URL:http://www.redbaby.com.cn/mama/a10104b1010401/
Saved URL:http://www.redbaby.com.cn/mama/a10104b1010403/
Saved URL:http://www.redbaby.com.cn/mama/a10105b1010504/
Saved URL:http://www.redbaby.com.cn/mama/a10105b1010501/
Saved URL:http://www.redbaby.com.cn/mama/a10105b1010505/
Saved URL:http://www.redbaby.com.cn/mama/a10102b1010201/
Saved URL:http://www.redbaby.com.cn/mama/a10102b1010202/
Saved URL:http://www.redbaby.com.cn/mama/a10101b1010101/
Saved URL:http://www.redbaby.com.cn/mama/a10101b1010102/
Saved URL:http://www.redbaby.com.cn/mama/a10111b1011103/
Saved URL:http://www.redbaby.com.cn/mama/a10111b1011101/
Saved URL:http://www.redbaby.com.cn/mama/a10111b1011102/
Saved URL:http://www.redbaby.com.cn/mama/a10106b1010604/
Saved URL:http://www.redbaby.com.cn/mama/a10106b1010601/
Saved URL:http://www.redbaby.com.cn/mama/a10106b1010603/
Saved URL:http://www.redbaby.com.cn/mama/a10106b1010602/
Saved URL:http://www.redbaby.com.cn/mama/a10106b1010608/
Saved URL:http://www.redbaby.com.cn/mama/a10106b1010605/
Saved URL:http://www.redbaby.com.cn/mama/a10106b1010609/
Saved URL:http://www.redbaby.com.cn/mama/a10106b1010606/
Saved URL:http://www.redbaby.com.cn/mama/a10106b1010607/
Saved URL:http://www.redbaby.com.cn/mama/a10107b1010701/
Saved URL:http://www.redbaby.com.cn/mama/a10107b1010703/
Saved URL:http://www.redbaby.com.cn/mama/a10107b1010702/
Saved URL:http://www.redbaby.com.cn/mama/a10107b1010705/
Saved URL:http://www.redbaby.com.cn/mama/a10107b1010706/
Saved URL:http://www.redbaby.com.cn/mama/a10108b1010801/
Saved URL:http://www.redbaby.com.cn/mama/a10108b1010802/
Saved URL:http://www.redbaby.com.cn/yingyang/a10201b1020104/
Saved URL:http://www.redbaby.com.cn/yingyang/a10201b1020103/
Saved URL:http://www.redbaby.com.cn/yingyang/a10201b1020102/
Saved URL:http://www.redbaby.com.cn/yingyang/a10201b1020101/
Saved URL:http://www.redbaby.com.cn/yingyang/a10201b1020106/
Saved URL:http://www.redbaby.com.cn/yingyang/a10201b1020108/
Saved URL:http://www.redbaby.com.cn/yingyang/a10201b1020105/
Saved URL:http://www.redbaby.com.cn/yingyang/a10202b1020201/
Saved URL:http://www.redbaby.com.cn/yingyang/a10202b1020205/
Saved URL:http://www.redbaby.com.cn/yingyang/a10202b1020202/
Saved URL:http://www.redbaby.com.cn/yingyang/a10202b1020203/
Saved URL:http://www.redbaby.com.cn/yingyang/a10202b1020204/
Saved URL:http://www.redbaby.com.cn/yingyang/a10202b1020207/
Saved URL:http://www.redbaby.com.cn/yingyang/a10202b1020206/
Saved URL:http://www.redbaby.com.cn/yingyang/a10203b1020304/
Saved URL:http://www.redbaby.com.cn/yingyang/a10203b1020306/
Saved URL:http://www.redbaby.com.cn/yingyang/a10203b1020301/
Saved URL:http://www.redbaby.com.cn/yingyang/a10203b1020302/
Saved URL:http://www.redbaby.com.cn/yingyang/a10203b1020303/
Saved URL:http://www.redbaby.com.cn/yingyang/a10203b1020309/
Saved URL:http://www.redbaby.com.cn/yingyang/a10203b1020308/
Saved URL:http://www.redbaby.com.cn/yingyang/a10203b1020307/
Saved URL:http://www.redbaby.com.cn/yingyang/a10203b1020305/
Saved URL:http://www.redbaby.com.cn/yingyou/a10303b1030308/
Saved URL:http://www.redbaby.com.cn/yingyou/a10303b1030301/
Saved URL:http://www.redbaby.com.cn/yingyou/a10303b1030305/
Saved URL:http://www.redbaby.com.cn/yingyou/a10303b1030302/
Saved URL:http://www.redbaby.com.cn/yingyou/a10303b1030303/
Saved URL:http://www.redbaby.com.cn/yingyou/a10303b1030304/
Saved URL:http://www.redbaby.com.cn/yingyou/a10303b1030307/
Saved URL:http://www.redbaby.com.cn/yingyou/a10303b1030306/
Saved URL:http://www.redbaby.com.cn/yingyou/a10302b1030201/
Saved URL:http://www.redbaby.com.cn/yingyou/a10302b1030204/
Saved URL:http://www.redbaby.com.cn/yingyou/a10302b1030207/
Saved URL:http://www.redbaby.com.cn/yingyou/a10302b1030205/
Saved URL:http://www.redbaby.com.cn/yingyou/a10302b1030203/
Saved URL:http://www.redbaby.com.cn/yingyou/a10302b1030202/
Saved URL:http://www.redbaby.com.cn/yingyou/a10302b1030206/
Saved URL:http://www.redbaby.com.cn/yingyou/a10302b1030208/
Saved URL:http://www.redbaby.com.cn/yingyou/a10301b1030107/
Saved URL:http://www.redbaby.com.cn/yingyou/a10301b1030108/
Saved URL:http://www.redbaby.com.cn/yingyou/a10301b1030101/
Saved URL:http://www.redbaby.com.cn/yingyou/a10301b1030102/
Saved URL:http://www.redbaby.com.cn/yingyou/a10301b1030106/
Saved URL:http://www.redbaby.com.cn/yingyou/a10301b1030105/
Saved URL:http://www.redbaby.com.cn/yingyou/a10301b1030103/
Saved URL:http://www.redbaby.com.cn/yingyou/a10301b1030104/
Saved URL:http://www.redbaby.com.cn/yingyou/a10304b1030403/
Saved URL:http://www.redbaby.com.cn/yingyou/a10304b1030402/
Saved URL:http://www.redbaby.com.cn/yingyou/a10304b1030401/
Saved URL:http://www.redbaby.com.cn/yingyou/a10305b1030504/
Saved URL:http://www.redbaby.com.cn/yingyou/a10305b1030506/
Saved URL:http://www.redbaby.com.cn/yingyou/a10305b1030507/
Saved URL:http://www.redbaby.com.cn/yingyou/a10305b1030509/
Saved URL:http://www.redbaby.com.cn/yingyou/a10305b1030508/
Saved URL:http://www.redbaby.com.cn/yingyou/a10305b1030505/
Saved URL:http://www.redbaby.com.cn/yingyou/a10305b1030501/
Saved URL:http://www.redbaby.com.cn/yingyou/a10305b1030502/
Saved URL:http://www.redbaby.com.cn/yingyou/a10305b1030503/
Saved URL:http://www.redbaby.com.cn/wanju/a10403b1040301/
Saved URL:http://www.redbaby.com.cn/wanju/a10403b1040306/
Saved URL:http://www.redbaby.com.cn/wanju/a10403b1040302/
Saved URL:http://www.redbaby.com.cn/wanju/a10403b1040303/
Saved URL:http://www.redbaby.com.cn/wanju/a10403b1040304/
Saved URL:http://www.redbaby.com.cn/wanju/a10403b1040305/
Saved URL:http://www.redbaby.com.cn/wanju/a10402b1040204/
Saved URL:http://www.redbaby.com.cn/wanju/a10402b1040201/
Saved URL:http://www.redbaby.com.cn/wanju/a10402b1040202/
Saved URL:http://www.redbaby.com.cn/wanju/a10402b1040203/
Saved URL:http://www.redbaby.com.cn/wanju/a10401b1040105/
Saved URL:http://www.redbaby.com.cn/wanju/a10401b1040109/
Saved URL:http://www.redbaby.com.cn/wanju/a10401b1040112/
Saved URL:http://www.redbaby.com.cn/wanju/a10401b1040116/
Saved URL:http://www.redbaby.com.cn/wanju/a10401b1040101/
Saved URL:http://www.redbaby.com.cn/wanju/a10401b1040102/
Saved URL:http://www.redbaby.com.cn/wanju/a10401b1040115/
Saved URL:http://www.redbaby.com.cn/wanju/a10401b1040114/
Saved URL:http://www.redbaby.com.cn/wanju/a10401b1040113/
Saved URL:http://www.redbaby.com.cn/wanju/a10401b1040111/
Saved URL:http://www.redbaby.com.cn/wanju/a10401b1040110/
Saved URL:http://www.redbaby.com.cn/wanju/a10401b1040108/
Saved URL:http://www.redbaby.com.cn/wanju/a10401b1040103/
Saved URL:http://www.redbaby.com.cn/wanju/a10401b1040104/
Saved URL:http://www.redbaby.com.cn/wanju/a10401b1040106/
Saved URL:http://www.redbaby.com.cn/wanju/a10401b1040107/
Saved URL:http://www.redbaby.com.cn/tongzhuang/a10504b1050401/
Saved URL:http://www.redbaby.com.cn/tongzhuang/a10504b1050404/
Saved URL:http://www.redbaby.com.cn/tongzhuang/a10504b1050402/
Saved URL:http://www.redbaby.com.cn/tongzhuang/a10504b1050403/
Saved URL:http://www.redbaby.com.cn/tongzhuang/a10501b1050101/
Saved URL:http://www.redbaby.com.cn/tongzhuang/a10501b1050106/
Saved URL:http://www.redbaby.com.cn/tongzhuang/a10501b1050108/
Saved URL:http://www.redbaby.com.cn/tongzhuang/a10501b1050102/
Saved URL:http://www.redbaby.com.cn/tongzhuang/a10501b1050103/
Saved URL:http://www.redbaby.com.cn/tongzhuang/a10501b1050104/
Saved URL:http://www.redbaby.com.cn/tongzhuang/a10501b1050105/
Saved URL:http://www.redbaby.com.cn/tongzhuang/a10501b1050107/
Saved URL:http://www.redbaby.com.cn/tongzhuang/a10503b1050303/
Saved URL:http://www.redbaby.com.cn/tongzhuang/a10503b1050301/
Saved URL:http://www.redbaby.com.cn/tongzhuang/a10503b1050304/
Saved URL:http://www.redbaby.com.cn/tongzhuang/a10503b1050302/
Saved URL:http://www.redbaby.com.cn/tongzhuang/a10503b1050305/
Saved URL:http://www.redbaby.com.cn/tongzhuang/a10502b1050203/
Saved URL:http://www.redbaby.com.cn/tongzhuang/a10502b1050209/
Saved URL:http://www.redbaby.com.cn/tongzhuang/a10502b1050204/
Saved URL:http://www.redbaby.com.cn/tongzhuang/a10502b1050202/
Saved URL:http://www.redbaby.com.cn/tongzhuang/a10502b1050208/
Saved URL:http://www.redbaby.com.cn/tongzhuang/a10502b1050207/
Saved URL:http://www.redbaby.com.cn/tongzhuang/a10502b1050201/
Saved URL:http://www.redbaby.com.cn/tongzhuang/a10502b1050205/
Saved URL:http://www.redbaby.com.cn/tongzhuang/a10502b1050206/
Saved URL:http://www.redbaby.com.cn/tongzhuang/a10505b1050501/
Saved URL:http://www.redbaby.com.cn/tongzhuang/a10505b1050505/
Saved URL:http://www.redbaby.com.cn/tongzhuang/a10505b1050507/
Saved URL:http://www.redbaby.com.cn/tongzhuang/a10505b1050502/
Saved URL:http://www.redbaby.com.cn/tongzhuang/a10505b1050510/
Saved URL:http://www.redbaby.com.cn/tongzhuang/a10505b1050504/
Saved URL:http://www.redbaby.com.cn/tongzhuang/a10505b1050506/
Saved URL:http://www.redbaby.com.cn/tongzhuang/a10505b1050508/
Saved URL:http://www.redbaby.com.cn/tongzhuang/a10505b1050503/
Saved URL:http://www.redbaby.com.cn/tongzhuang/a10506b1050604/
Saved URL:http://www.redbaby.com.cn/tongzhuang/a10506b1050603/
Saved URL:http://www.redbaby.com.cn/tongzhuang/a10506b1050605/
Saved URL:http://www.redbaby.com.cn/tongzhuang/a10506b1050607/
Saved URL:http://www.redbaby.com.cn/tongzhuang/a10506b1050602/
Saved URL:http://www.redbaby.com.cn/tongzhuang/a10506b1050606/
Saved URL:http://www.redbaby.com.cn/tongzhuang/a10506b1050608/
Saved URL:http://www.redbaby.com.cn/tongzhuang/a10506b1050609/
Saved URL:http://www.redbaby.com.cn/tongzhuang/a10506b1050601/
Saved URL:http://www.redbaby.com.cn/tongzhuang/a10507b1050702/
Saved URL:http://www.redbaby.com.cn/tongzhuang/a10507b1050701/
Saved URL:http://www.redbaby.com.cn/tushu/a10602b1060204/
Saved URL:http://www.redbaby.com.cn/tushu/a10602b1060202/
Saved URL:http://www.redbaby.com.cn/tushu/a10602b1060201/
Saved URL:http://www.redbaby.com.cn/tushu/a10602b1060203/
Saved URL:http://www.redbaby.com.cn/tushu/a10606b1060601/
Saved URL:http://www.redbaby.com.cn/tushu/a10610b1061016/
Saved URL:http://www.redbaby.com.cn/tushu/a10610b1061001/
Saved URL:http://www.redbaby.com.cn/tushu/a10610b1061019/
Saved URL:http://www.redbaby.com.cn/tushu/a10610b1061022/
Saved URL:http://www.redbaby.com.cn/tushu/a10610b1061005/
Saved URL:http://www.redbaby.com.cn/tushu/a10610b1061006/
Saved URL:http://www.redbaby.com.cn/tushu/a10610b1061009/
Saved URL:http://www.redbaby.com.cn/tushu/a10603b1060305/
Saved URL:http://www.redbaby.com.cn/tushu/a10603b1060308/
Saved URL:http://www.redbaby.com.cn/tushu/a10603b1060312/
Saved URL:http://www.redbaby.com.cn/tushu/a10603b1060306/
Saved URL:http://www.redbaby.com.cn/tushu/a10603b1060307/
Saved URL:http://www.redbaby.com.cn/tushu/a10603b1060313/
Saved URL:http://www.redbaby.com.cn/tushu/a10604b1060403/
Saved URL:http://www.redbaby.com.cn/tushu/a10604b1060410/
Saved URL:http://www.redbaby.com.cn/tushu/a10604b1060404/
Saved URL:http://www.redbaby.com.cn/tushu/a10604b1060407/
Saved URL:http://www.redbaby.com.cn/tushu/a10604b1060408/
Saved URL:http://www.redbaby.com.cn/tushu/a10604b1060409/
Saved URL:http://www.redbaby.com.cn/tushu/a10605b1060505/
Saved URL:http://www.redbaby.com.cn/tushu/a10607b1060707/
Saved URL:http://www.redbaby.com.cn/tushu/a10607b1060715/
