# Logfile created on 2011-11-25 09:25:48 +0800 by logger.rb/25413
Saved Product URL: http://www.letao.com/shoe-anta-914105621-12138040-1
Saved Product URL: http://www.letao.com/shoe-li-ning-756241354-ALCF072-2
Saved Product URL: http://www.letao.com/shoe-converse-877604219-CS126631C
Saved Product URL: http://www.letao.com/shoe-anta-779022397-2039003-1
Saved Product URL: http://www.letao.com/shoe-disney-738013908-DSXW101230紫红卡基
Saved Product URL: http://www.letao.com/shoe-senma-805503320-230015
Saved Product URL: http://www.letao.com/shoe-anta-757109628-62122071-2
Saved Product URL: http://www.letao.com/shoe-doublestar-774096897-0SHW-71R58白_草绿
Saved Product URL: http://www.letao.com/shoe-erke-797951175-12133001-40
Saved Product URL: http://www.letao.com/shoe-tgdr-885212320-L010032YE
Saved Product URL: http://www.letao.com/shoe-warriorshoes-805767937-2210白
Saved Product URL: http://www.letao.com/shoe-yalang-794883386-LT-7421-3白淡青
Saved Product URL: http://www.letao.com/shoe-doublestar-774353614-OSRW-H5209白粉红
Saved Product URL: http://www.letao.com/shoe-xtep-786299017-989318310103白兰
Saved Product URL: http://www.letao.com/shoe-li-ning-731543970-ALCF176-2
Saved Product URL: http://www.letao.com/shoe-li-ning-868838056-ALCF018-2
Saved Product URL: http://www.letao.com/shoe-disney-738391860-DSXW103500红黑
Saved Product URL: http://www.letao.com/shoe-lushang-815023167-LG1110212白红
Saved Product URL: http://www.letao.com/shoe-warriorshoes-805213215-2207黑红
Saved Product URL: http://www.letao.com/shoe-disney-738171433-DSXW103398白兰
Saved Product URL: http://www.letao.com/shoe-disney-738268953-DSXW103773黑白
Saved Product URL: http://www.letao.com/shoe-warriorshoes-805432495-2122绿
Saved Product URL: http://www.letao.com/shoe-tgdr-885859082-L010032TB
Saved Product URL: http://www.letao.com/shoe-xtep-802185464-XW23G008黑月
Saved Product URL: http://www.letao.com/shoe-xtep-802446859-XW731096白灰
Saved Product URL: http://www.letao.com/shoe-xtep-802359520-XW23G757白兰
Saved Product URL: http://www.letao.com/shoe-xtep-802462496-989318320131白黄
Saved Product URL: http://www.letao.com/shoe-mickey-801731823-XF1104-048紫色
Saved Product URL: http://www.letao.com/shoe-xtep-802878483-989318320131咖啡兰
Saved Product URL: http://www.letao.com/shoe-mickey-801245372-XX1104-224蓝色
Saved Product URL: http://www.letao.com/shoe-mickey-801606097-XH1104-201红色
Saved Product URL: http://www.letao.com/shoe-li-ning-868471342-ALCF160-3
Saved Product URL: http://www.letao.com/shoe-xtep-802866680-989318310118白红
Saved Product URL: http://www.letao.com/shoe-li-ning-731341841-ALCE134-2
Saved Product URL: http://www.letao.com/shoe-converse-allstar-766751657-CS126596
Saved Product URL: http://www.letao.com/shoe-warriorshoes-805853050-2113黑
Saved Product URL: http://www.letao.com/shoe-umbro-745912891-201482002WHT
Saved Product URL: http://www.letao.com/shoe-mickey-801890044-XX1104-209金色
Saved Product URL: http://www.letao.com/shoe-doublestar-774658197-SAB16粉绿
Saved Product URL: http://www.letao.com/shoe-xtep-738624984-XW20F897白黄
Saved Product URL: http://www.letao.com/shoe-disney-738685641-DSXW101230紫黑
Saved Product URL: http://www.letao.com/shoe-doublestar-774484738-OSRW-H5209白深灰
Saved Product URL: http://www.letao.com/shoe-xtep-786647600-XW23G759黄兰
Completed Page URL: http://www.letao.com/shoe-3-0-18-a-a-a-a-a-p20-n~woman
