# Logfile created on 2012-01-05 00:09:23 +0800 by logger.rb/25413
Saved URL:http://www.okbuy.com/product/search?&ifwomen=1&new_cat=%E9%9D%B4%E5%AD%90&hell_height=%E5%B9%B3%E8%B7%9F
Saved URL:http://www.okbuy.com/product/search?&ifwomen=1&new_cat=%E9%9D%B4%E5%AD%90&hell_height=%E4%BD%8E%E8%B7%9F%28%E5%B0%8F%E4%BA%8E3cm%29
Saved URL:http://www.okbuy.com/product/search?&ifwomen=1&new_cat=%E9%9D%B4%E5%AD%90&hell_height=%E4%B8%AD%E8%B7%9F%EF%BC%883-5cm%EF%BC%89
Saved URL:http://www.okbuy.com/product/search?&ifwomen=1&new_cat=%E9%9D%B4%E5%AD%90&hell_height=%E9%AB%98%E8%B7%9F%EF%BC%886-8cm%EF%BC%89
Saved URL:http://www.okbuy.com/product/search?&ifwomen=1&new_cat=%E9%9D%B4%E5%AD%90&hell_height=%E8%B6%85%E9%AB%98%E8%B7%9F%EF%BC%88%E5%A4%A7%E4%BA%8E8cm%EF%BC%89
Saved URL:http://www.okbuy.com/product/search?&ifwomen=1&new_cat=%E9%9D%B4%E5%AD%90&hell_shape=%E5%9D%A1%E8%B7%9F
Saved URL:http://www.okbuy.com/product/search?&ifwomen=1&new_cat=%E9%9D%B4%E5%AD%90&hell_shape=%E7%B2%97%E8%B7%9F
Saved URL:http://www.okbuy.com/product/search?&ifwomen=1&new_cat=%E9%9D%B4%E5%AD%90&hell_shape=%E7%BB%86%E8%B7%9F
Saved URL:http://www.okbuy.com/product/search?&ifwomen=1&new_cat=%E9%9D%B4%E5%AD%90&popular_elements=%E6%B5%81%E8%8B%8F
Saved URL:http://www.okbuy.com/product/search?per_page=0&gender=2&top_key=%E9%9B%AA%E5%9C%B0%E9%9D%B4
Saved URL:http://www.okbuy.com/product/search?&ifwomen=1&new_cat=%E9%9D%B4%E5%AD%90&toe=%E9%B1%BC%E5%98%B4
Saved URL:http://www.okbuy.com/product/search?&ifwomen=1&new_cat=%E9%9D%B4%E5%AD%90&sandal_style=%E7%BD%97%E9%A9%AC%E9%9E%8B
Saved URL:http://www.okbuy.com/product/search?&ifwomen=1&new_cat=%E9%9D%B4%E5%AD%90&sandal_style=%E6%9D%BE%E7%B3%95%E9%9E%8B
Saved URL:http://www.okbuy.com/product/search?&ifwomen=1&new_cat=%E9%9D%B4%E5%AD%90&sandal_style=%E9%98%B2%E6%B0%B4%E5%8F%B0
Saved URL:http://www.okbuy.com/product/search?&ifwomen=1&new_cat=%E9%9D%B4%E5%AD%90&upper=%E7%9F%AD%E7%AD%92%E9%9D%B4
Saved URL:http://www.okbuy.com/product/search?&ifwomen=1&new_cat=%E9%9D%B4%E5%AD%90&upper=%E4%B8%AD%E7%AD%92%E9%9D%B4
Saved URL:http://www.okbuy.com/product/search?&ifwomen=1&new_cat=%E9%9D%B4%E5%AD%90&upper=%E9%AB%98%E7%AD%92%E9%9D%B4
Saved URL:http://www.okbuy.com/product/search?&ifwomen=1&new_cat=%E9%9D%B4%E5%AD%90&upper=%E8%BF%87%E8%86%9D%E9%9D%B4
Saved URL:http://www.okbuy.com/product/search?&ifwomen=1&new_cat=%E5%8D%95%E9%9E%8B&hell_height=%E5%B9%B3%E8%B7%9F
Saved URL:http://www.okbuy.com/product/search?&ifwomen=1&new_cat=%E5%8D%95%E9%9E%8B&hell_height=%E4%BD%8E%E8%B7%9F%28%E5%B0%8F%E4%BA%8E3cm%29&ifwomen=1
Saved URL:http://www.okbuy.com/product/search?&ifwomen=1&new_cat=%E5%8D%95%E9%9E%8B&hell_height=%E4%B8%AD%E8%B7%9F%EF%BC%883-5cm%EF%BC%89&ifwomen=1
Saved URL:http://www.okbuy.com/product/search?&ifwomen=1&new_cat=%E5%8D%95%E9%9E%8B&hell_height=%E9%AB%98%E8%B7%9F%EF%BC%886-8cm%EF%BC%89&ifwomen=1
Saved URL:http://www.okbuy.com/product/search?&ifwomen=1&new_cat=%E5%8D%95%E9%9E%8B&hell_height=%E8%B6%85%E9%AB%98%E8%B7%9F%EF%BC%88%E5%A4%A7%E4%BA%8E8cm%EF%BC%89
Saved URL:http://www.okbuy.com/product/search?&ifwomen=1&new_cat=%E5%8D%95%E9%9E%8B&hell_shape=%E5%9D%A1%E8%B7%9F
Saved URL:http://www.okbuy.com/product/search?&ifwomen=1&new_cat=%E5%8D%95%E9%9E%8B&hell_shape=%E7%B2%97%E8%B7%9F
Saved URL:http://www.okbuy.com/product/search?&ifwomen=1&new_cat=%E5%8D%95%E9%9E%8B&hell_shape=%E7%BB%86%E8%B7%9F
Saved URL:http://www.okbuy.com/product/search?&ifwomen=1&new_cat=%E5%8D%95%E9%9E%8B&single_style=%E6%B5%85%E5%8F%A3%E9%9E%8B
Saved URL:http://www.okbuy.com/product/search?&ifwomen=1&new_cat=%E5%8D%95%E9%9E%8B&close_type=%E5%A5%97%E8%84%9A
Saved URL:http://www.okbuy.com/product/search?&ifwomen=1&new_cat=%E5%8D%95%E9%9E%8B&close_type=%E7%B3%BB%E5%B8%A6
Saved URL:http://www.okbuy.com/product/search?&ifwomen=1&new_cat=%E5%8D%95%E9%9E%8B&close_type=%E6%89%A3%E5%B8%A6
Saved URL:http://www.okbuy.com/product/search?&ifwomen=1&new_cat=%E5%8D%95%E9%9E%8B&toe=%E5%8C%85%E5%A4%B4
Saved URL:http://www.okbuy.com/product/search?&ifwomen=1&new_cat=%E5%8D%95%E9%9E%8B&baotou=%E5%9C%86%E5%A4%B4
Saved URL:http://www.okbuy.com/product/search?&ifwomen=1&new_cat=%E5%8D%95%E9%9E%8B&baotou=%E6%96%B9%E5%A4%B4
Saved URL:http://www.okbuy.com/product/search?&ifwomen=1&new_cat=%E5%8D%95%E9%9E%8B&baotou=%E5%B0%96%E5%A4%B4
Saved URL:http://www.okbuy.com/product/search?&ifwomen=1&new_cat=%E5%8D%95%E9%9E%8B&single_style=%E8%8A%AD%E8%95%BE%E8%88%9E%E9%9E%8B
Saved URL:http://www.okbuy.com/product/search?&ifwomen=1&new_cat=%E5%8D%95%E9%9E%8B&single_style=%E5%A8%83%E5%A8%83%E9%9E%8B
Saved URL:http://www.okbuy.com/product/search?&ifwomen=1&new_cat=%E5%8D%95%E9%9E%8B&toe=%E9%B1%BC%E5%98%B4
Saved URL:http://www.okbuy.com/product/search?&ifwomen=1&new_cat=%E5%8D%95%E9%9E%8B&single_style=%E9%98%B2%E6%B0%B4%E5%8F%B0
Saved URL:http://www.okbuy.com/product/search?&top_key=%E5%B8%86%E5%B8%83%E9%9E%8B&gender=2
Saved URL:http://www.okbuy.com/product/search?&ifwomen=1&new_cat=%E9%9D%B4%E5%AD%90&boots_style=%E9%A9%AC%E4%B8%81%E9%9D%B4
Saved URL:http://www.okbuy.com/product/search?&ifwomen=1&popular_elements=%E6%9E%9C%E5%86%BB%E8%89%B2
Saved URL:http://www.okbuy.com/product/search?&ifwomen=1&popular_elements=%E7%B3%96%E6%9E%9C%E8%89%B2
Saved URL:http://www.okbuy.com/product/search?&ifwomen=1&popular_elements=%E6%BC%86%E7%9A%AE
Saved URL:http://www.okbuy.com/index.php?c=product&m=search&per_page=0&gender=2&brand=004014002&price=101-200%E5%85%83&topkeyname=
Saved URL:http://www.okbuy.com/product/search?&ifwomen=1&popular_elements=%E8%B1%B9%E7%BA%B9
Saved URL:http://www.okbuy.com/product/search?&ifwomen=1&popular_elements=%E6%B0%B4%E9%92%BB
Saved URL:http://www.okbuy.com/product/search?&ifwomen=1&popular_elements=%E8%8A%B1%E6%9C%B5
Saved URL:http://www.okbuy.com/product/search?&ifwomen=1&popular_elements=%E6%B5%81%E8%8B%8F
Saved URL:http://www.okbuy.com/product/search?&ifwomen=1&popular_elements=%E8%9D%B4%E8%9D%B6%E7%BB%93
Saved URL:http://okbuy.com/product/search?&code=001000000&gender=2&cat=93
Saved URL:http://www.okbuy.com/product/search?&ifwomen=1&sandal_style=%E6%9D%BE%E7%B3%95%E9%9E%8B
Saved URL:http://www.okbuy.com/product/search?&ifwomen=1&popular_elements=%E9%93%86%E9%92%89
Saved URL:http://www.okbuy.com/product/search?&ifwomen=1&close_type=%E6%89%A3%E5%B8%A6
Saved URL:http://okbuy.com/product/search?&code=001000000&gender=2&cat=7
Saved URL:http://okbuy.com/product/search?&code=001000000&gender=2&cat=3
Saved URL:http://okbuy.com/product/search?&code=001000000&gender=2&cat=8
Saved URL:http://okbuy.com/product/search?&code=001000000&gender=2&cat=9
Saved URL:http://okbuy.com/product/search?&code=001001000&gender=2&cat=14
Saved URL:http://okbuy.com/product/search?&code=001001000&gender=2&cat=13
Saved URL:http://www.okbuy.com/index.php?

c=product&m=search&category=shoes&gender=1&brand=001000000&subcat=10&am

p;tejia=
Saved URL:http://www.okbuy.com/index.php?

c=product&m=search&category=shoes&gender=1&brand=001000000&subcat=92&am

p;tejia=
Saved URL:http://www.okbuy.com/index.php?

c=product&m=search&category=shoes&gender=1&brand=001000000&subcat=18&am

p;tejia=
Saved URL:http://www.okbuy.com/index.php?

c=product&m=search&category=shoes&gender=1&brand=001000000&subcat=22&am

p;tejia=
Saved URL:http://www.okbuy.com/index.php?

c=product&m=search&category=shoes&gender=1&brand=001000000&subcat=16&am

p;tejia=
Saved URL:http://www.okbuy.com/index.php?

c=product&m=search&category=shoes&gender=1&brand=001000000&subcat=17&am

p;tejia=
Saved URL:http://www.okbuy.com/index.php?

c=product&m=search&category=shoes&gender=1&brand=001000000&subcat=11&am

p;tejia=
Saved URL:http://www.okbuy.com/index.php?

c=product&m=search&category=shoes&gender=1&brand=001000000&subcat=9&

;tejia=
Saved URL:http://www.okbuy.com/index.php?

c=product&m=search&category=shoes&gender=1&brand=001000000&subcat=12&am

p;tejia=
Saved URL:http://www.okbuy.com/index.php?

c=product&m=search&category=shoes&gender=1&brand=001000000&subcat=1&

;tejia=
Saved URL:http://www.okbuy.com/index.php?

c=product&m=search&category=shoes&gender=1&brand=001000000&subcat=2&

;tejia=
Saved URL:http://www.okbuy.com/index.php?

c=product&m=search&category=shoes&gender=1&brand=001000000&subcat=7&

;tejia=
Saved URL:http://www.okbuy.com/index.php?

c=product&m=search&category=shoes&gender=1&brand=001000000&subcat=3&

;tejia=
Saved URL:http://www.okbuy.com/index.php?

c=product&m=search&category=shoes&gender=1&brand=001000000&subcat=8&

;tejia=
Saved URL:http://www.okbuy.com/index.php?

c=product&m=search&category=shoes&gender=1&brand=001000000&subcat=116&a

mp;tejia=
Saved URL:http://www.okbuy.com/index.php?

c=product&m=search&category=shoes&gender=1&brand=001000000&subcat=118&a

mp;tejia=
Saved URL:http://www.okbuy.com/index.php?

c=product&m=search&category=shoes&gender=1&brand=001000000&subcat=14&am

p;tejia=
Saved URL:http://www.okbuy.com/product/search?per_page=0&gender=1&top_key=%E4%BD%8E%E5%B8%AE%E9%9E%8B&topkeyname=
Saved URL:http://www.okbuy.com/product/search?per_page=0&gender=1&top_key=%E9%AB%98%E5%B8%AE%E9%9E%8B&topkeyname=
Saved URL:http://www.okbuy.com/product/search?per_page=0&gender=1&top_key=%E6%B2%99%E6%BB%A9%E9%9E%8B&topkeyname=
Saved URL:http://www.okbuy.com/product/search?per_page=0category=sport_shoes&brand=001001000&subcat=1&topkeyname=
Saved URL:http://www.okbuy.com/product/search?per_page=0category=sport_shoes&brand=001001000&subcat=2&topkeyname=
Saved URL:http://www.okbuy.com/product/search?per_page=0category=sport_shoes&brand=001001000&subcat=3&topkeyname=
Saved URL:http://www.okbuy.com/product/search?per_page=0category=sport_shoes&brand=001001000&subcat=4&topkeyname=
Saved URL:http://www.okbuy.com/product/search?per_page=0category=sport_shoes&brand=001001000&subcat=5&topkeyname=
Saved URL:http://www.okbuy.com/product/search?per_page=0category=sport_shoes&brand=001001000&subcat=6&topkeyname=
Saved URL:http://www.okbuy.com/product/search?per_page=0category=sport_shoes&brand=001001000&subcat=7&topkeyname=
Saved URL:http://www.okbuy.com/product/search?per_page=0category=sport_shoes&brand=001001000&subcat=8&topkeyname=
Saved URL:http://www.okbuy.com/product/search?per_page=0category=sport_shoes&brand=001001000&subcat=9&topkeyname=
Saved URL:http://www.okbuy.com/product/search?per_page=0category=sport_shoes&brand=001001000&subcat=10&topkeyname=
Saved URL:http://www.okbuy.com/product/search?per_page=0category=sport_shoes&brand=001001000&subcat=12&topkeyname=
Saved URL:/product/search?per_page=0category=sport_shoes&brand=001001000&subcat=116&topkeyname=
Saved URL:http://www.okbuy.com/product/search?per_page=0category=sport_shoes&brand=001001000&subcat=117&topkeyname=
Saved URL:http://www.okbuy.com/product/search?per_page=0category=sport_shoes&brand=001001000&subcat=118&topkeyname=
Saved URL:http://www.okbuy.com/product/search?per_page=0&top_key=%E7%A1%AB%E5%8C%96%E9%9E%8B
Saved URL:http://www.okbuy.com/product/search?per_page=0category=sport_shoes&gender=1&subcat=11&topkeyname=
Saved URL:http://www.okbuy.com/product/search?per_page=0&category=outdoor_shoes&brand=001003000&subcat=13&topkeyname=
Saved URL:http://www.okbuy.com/product/search?per_page=0&category=outdoor_shoes&brand=001003000&subcat=14&topkeyname=
Saved URL:http://www.okbuy.com/product/search?per_page=0&category=outdoor_shoes&brand=001003000&subcat=16&topkeyname=
Saved URL:http://www.okbuy.com/product/search?per_page=0&category=outdoor_shoes&brand=001003000&subcat=17&topkeyname=
Saved URL:http://www.okbuy.com/product/search?per_page=0&category=outdoor_shoes&brand=001003000&subcat=18&topkeyname=
Saved URL:http://www.okbuy.com/product/search?per_page=0&category=outdoor_shoes&brand=001003000&subcat=25&topkeyname=
Saved URL:http://www.okbuy.com/product/search?per_page=0&category=outdoor_shoes&brand=001003000&subcat=27&topkeyname=
Saved URL:http://www.okbuy.com/product/search?per_page=0&category=outdoor_shoes&brand=001003000&subcat=113&topkeyname=
Saved URL:http://www.okbuy.com/product/search?per_page=0&category=outdoor_shoes&brand=001003000&subcat=116&topkeyname=
Saved URL:http://www.okbuy.com/product/search?per_page=0&top_key=%E6%BA%AF%E6%BA%AA%E9%9E%8B
Saved URL:http://www.okbuy.com/product/search?per_page=0&top_key=%E9%80%9F%E5%B9%B2
Saved URL:http://www.okbuy.com/product/search?per_page=0&top_key=%E5%86%B2%E9%94%8B%E8%A1%A3
Saved URL:http://www.okbuy.com/product/search?per_page=0&top_key=%E5%86%B2%E9%94%8B%E8%A3%A4
Saved URL:http://www.okbuy.com/product/search?per_page=0&category=shoes&gender=4&subcat=1&price=&topkeyname=
Saved URL:http://www.okbuy.com/product/search?per_page=0&category=shoes&gender=4&subcat=3&price=&topkeyname=
Saved URL:http://www.okbuy.com/product/search?per_page=0&category=shoes&gender=4&subcat=7&price=&topkeyname=
Saved URL:http://www.okbuy.com/product/search?per_page=0&category=shoes&gender=4&subcat=8&price=&topkeyname=
Saved URL:http://www.okbuy.com/product/search?per_page=0&category=shoes&gender=4&subcat=9&price=&topkeyname=
Saved URL:http://www.okbuy.com/product/search?per_page=0&category=shoes&gender=4&subcat=10&price=&topkeyname=
Saved URL:http://www.okbuy.com/product/search?per_page=0&category=shoes&gender=4&subcat=11&price=&topkeyname=
Saved URL:http://www.okbuy.com/product/search?per_page=0&category=shoes&gender=4&subcat=12&price=&topkeyname=
Saved URL:http://www.okbuy.com/product/search?per_page=0&category=shoes&gender=4&subcat=13&price=&topkeyname=
Saved URL:http://www.okbuy.com/product/search?per_page=0&category=shoes&gender=4&subcat=14&price=&topkeyname=
Saved URL:http://www.okbuy.com/product/search?per_page=0&category=shoes&gender=4&subcat=16&price=&topkeyname=
Saved URL:http://www.okbuy.com/product/search?per_page=0&category=shoes&gender=4&subcat=17&price=&topkeyname=
Saved URL:http://www.okbuy.com/product/search?per_page=0&category=shoes&gender=4&subcat=18&price=&topkeyname=
Saved URL:http://www.okbuy.com/product/search?per_page=0&category=shoes&gender=4&subcat=23&price=&topkeyname=
Saved URL:http://www.okbuy.com/product/search?per_page=0&category=shoes&gender=4&subcat=25&price=&topkeyname=
Saved URL:http://www.okbuy.com/product/search?per_page=0&category=shoes&gender=4&subcat=26&price=&topkeyname=
Saved URL:http://www.okbuy.com/product/search?per_page=0&category=shoes&gender=4&subcat=116&price=&topkeyname=
Saved URL:http://www.okbuy.com/product/search?per_page=0&top_key=%E5%AE%9D%E5%AE%9D%E9%9E%8B
Saved URL:http://www.okbuy.com/product/search?per_page=0&top_key=%E5%AD%A6%E6%AD%A5%E9%9E%8B
Saved URL:http://www.okbuy.com/product/search?per_page=0&category=&gender=4&price=&top_key=%E8%BF%90%E5%8A%A8%E9%9E%8B&topkeyname=
Saved URL:/product/search?brand=002000000&top_key=%E7%BE%BD%E7%BB%92%E6%9C%8D
Saved URL:/product/search?brand=002000000&top_key=%E6%A3%89%E6%9C%8D
Saved URL:/index.php?c=product&m=search&category=clothes&brand=002000000&subcat=96&tejia=
Saved URL:/index.php?c=product&m=search&category=clothes&brand=002000000&subcat=97&tejia=
Saved URL:/index.php?c=product&m=search&category=clothes&brand=002000000&subcat=94&tejia=
Saved URL:/index.php?c=product&m=search&category=clothes&brand=002000000&subcat=102&tejia=
Saved URL:/index.php?c=product&m=search&category=clothes&brand=002000000&subcat=104&tejia=
Saved URL:/index.php?c=product&m=search&category=clothes&brand=002000000&subcat=100&tejia=
Saved URL:/index.php?c=product&m=search&category=clothes&brand=002000000&subcat=98&tejia=
Saved URL:/index.php?c=product&m=search&category=clothes&brand=002000000&subcat=95&tejia=
Saved URL:http://www.okbuy.com/index.php?c=product&m=search&category=clothes&brand=002000000&subcat=101&tejia=
Saved URL:/index.php?c=product&m=search&category=clothes&brand=002000000&subcat=103&tejia=
Saved URL:/index.php?c=product&m=search&category=clothes&brand=002003014-002007011&tejia=
Saved URL:/product/search?per_page=0&brand=002000000&category=clothes&subcat=112&topkeyname=
Saved URL:/product/search?per_page=0&brand=002000000&category=clothes&subcat=107&topkeyname=
Saved URL:http://www.okbuy.com/index.php?c=product&m=search&category=bags&brand=003000000&subcat=60&tejia=
Saved URL:http://www.okbuy.com/index.php?c=product&m=search&category=bags&brand=003000000&subcat=61&tejia=
Saved URL:http://www.okbuy.com/index.php?c=product&m=search&category=bags&brand=003000000&subcat=62&tejia=
Saved URL:http://www.okbuy.com/index.php?c=product&m=search&category=bags&brand=003000000&subcat=66&tejia=
Saved URL:http://www.okbuy.com/index.php?c=product&m=search&category=bags&brand=003000000&subcat=64&tejia=
Saved URL:http://www.okbuy.com/index.php?c=product&m=search&category=bags&brand=003001020-003005001&tejia=
Saved URL:http://www.okbuy.com/product/search?per_page=0&gender=1&top_key=%E5%85%AC%E6%96%87%E5%8C%85&topkeyname=
Saved URL:http://www.okbuy.com/index.php?c=product&m=search&category=bags&brand=003000000&subcat=67&tejia=
Saved URL:http://www.okbuy.com/index.php?c=product&m=search&category=accessories&brand=004009000&tejia=
Saved URL:http://www.okbuy.com/index.php?c=product&m=search&category=accessories&brand=004014000&tejia=
Saved URL:http://www.okbuy.com/index.php?c=product&m=search&category=accessories&brand=004007000&tejia=
Saved URL:http://www.okbuy.com/index.php?c=product&m=search&category=accessories&brand=004001000&tejia=
Saved URL:http://www.okbuy.com/index.php?c=product&m=search&category=accessories&brand=004023000&tejia=
Saved URL:http://www.okbuy.com/index.php?c=product&m=search&category=accessories&brand=004020000&tejia=
Saved URL:http://www.okbuy.com/index.php?c=product&m=search&category=accessories&brand=004017001&tejia=
Saved URL:http://www.okbuy.com/index.php?c=product&m=search&category=accessories&brand=004017003&tejia=
Saved URL:http://www.okbuy.com/index.php?c=product&m=search&category=accessories&brand=004012000&tejia=
Saved URL:http://www.okbuy.com/product/search?category=accessories&brand=004026000
