# Logfile created on 2011-12-16 12:16:34 +0800 by logger.rb/25413
Saved Page URL: http://www.binggo.com/huazhuang/a20108b2010805p1
Completed Category URL: http://www.binggo.com/huazhuang/a20108b2010805/
Saved Page URL: http://www.binggo.com/huazhuang/a20108b2010806p1
Completed Category URL: http://www.binggo.com/huazhuang/a20108b2010806/
Saved Page URL: http://www.binggo.com/huazhuang/a20108b2010814p1
Completed Category URL: http://www.binggo.com/huazhuang/a20108b2010814/
Saved Page URL: http://www.binggo.com/huazhuang/a20108b2010804p1
Saved Page URL: http://www.binggo.com/huazhuang/a20108b2010804p2
Saved Page URL: http://www.binggo.com/huazhuang/a20108b2010804p3
Saved Page URL: http://www.binggo.com/huazhuang/a20108b2010804p4
Saved Page URL: http://www.binggo.com/huazhuang/a20108b2010804p5
Saved Page URL: http://www.binggo.com/huazhuang/a20108b2010804p6
Completed Category URL: http://www.binggo.com/huazhuang/a20108b2010804/
Saved Page URL: http://www.binggo.com/huazhuang/a20108b2010811p1
Completed Category URL: http://www.binggo.com/huazhuang/a20108b2010811/
Saved Page URL: http://www.binggo.com/huazhuang/a20108b2010808p1
Saved Page URL: http://www.binggo.com/huazhuang/a20108b2010808p2
Saved Page URL: http://www.binggo.com/huazhuang/a20108b2010808p3
Completed Category URL: http://www.binggo.com/huazhuang/a20108b2010808/
Saved Page URL: http://www.binggo.com/huazhuang/a20108b2010812p1
Completed Category URL: http://www.binggo.com/huazhuang/a20108b2010812/
Saved Page URL: http://www.binggo.com/huazhuang/a20108b2010813p1
Completed Category URL: http://www.binggo.com/huazhuang/a20108b2010813/
Saved Page URL: http://www.binggo.com/huazhuang/a20101b2010105p1
Saved Page URL: http://www.binggo.com/huazhuang/a20101b2010105p2
Saved Page URL: http://www.binggo.com/huazhuang/a20101b2010105p3
Saved Page URL: http://www.binggo.com/huazhuang/a20101b2010105p4
Saved Page URL: http://www.binggo.com/huazhuang/a20101b2010105p5
Saved Page URL: http://www.binggo.com/huazhuang/a20101b2010105p6
Completed Category URL: http://www.binggo.com/huazhuang/a20101b2010105/
Saved Page URL: http://www.binggo.com/huazhuang/a20101b2010112p1
Saved Page URL: http://www.binggo.com/huazhuang/a20101b2010112p2
Saved Page URL: http://www.binggo.com/huazhuang/a20101b2010112p3
Saved Page URL: http://www.binggo.com/huazhuang/a20101b2010112p4
Completed Category URL: http://www.binggo.com/huazhuang/a20101b2010112/
Saved Page URL: http://www.binggo.com/huazhuang/a20101b2010114p1
Saved Page URL: http://www.binggo.com/huazhuang/a20101b2010114p2
Saved Page URL: http://www.binggo.com/huazhuang/a20101b2010114p3
Completed Category URL: http://www.binggo.com/huazhuang/a20101b2010114/
Saved Page URL: http://www.binggo.com/huazhuang/a20101b2010101p1
Saved Page URL: http://www.binggo.com/huazhuang/a20101b2010101p2
Saved Page URL: http://www.binggo.com/huazhuang/a20101b2010101p3
Saved Page URL: http://www.binggo.com/huazhuang/a20101b2010101p4
Saved Page URL: http://www.binggo.com/huazhuang/a20101b2010101p5
Saved Page URL: http://www.binggo.com/huazhuang/a20101b2010101p6
Saved Page URL: http://www.binggo.com/huazhuang/a20101b2010101p7
Saved Page URL: http://www.binggo.com/huazhuang/a20101b2010101p8
Saved Page URL: http://www.binggo.com/huazhuang/a20101b2010101p9
Saved Page URL: http://www.binggo.com/huazhuang/a20101b2010101p10
Saved Page URL: http://www.binggo.com/huazhuang/a20101b2010101p11
Completed Category URL: http://www.binggo.com/huazhuang/a20101b2010101/
Saved Page URL: http://www.binggo.com/huazhuang/a20101b2010104p1
Saved Page URL: http://www.binggo.com/huazhuang/a20101b2010104p2
Saved Page URL: http://www.binggo.com/huazhuang/a20101b2010104p3
Saved Page URL: http://www.binggo.com/huazhuang/a20101b2010104p4
Saved Page URL: http://www.binggo.com/huazhuang/a20101b2010104p5
Saved Page URL: http://www.binggo.com/huazhuang/a20101b2010104p6
Saved Page URL: http://www.binggo.com/huazhuang/a20101b2010104p7
Saved Page URL: http://www.binggo.com/huazhuang/a20101b2010104p8
Saved Page URL: http://www.binggo.com/huazhuang/a20101b2010104p9
Saved Page URL: http://www.binggo.com/huazhuang/a20101b2010104p10
Saved Page URL: http://www.binggo.com/huazhuang/a20101b2010104p11
Completed Category URL: http://www.binggo.com/huazhuang/a20101b2010104/
Saved Page URL: http://www.binggo.com/huazhuang/a20101b2010108p1
Saved Page URL: http://www.binggo.com/huazhuang/a20101b2010108p2
Saved Page URL: http://www.binggo.com/huazhuang/a20101b2010108p3
Saved Page URL: http://www.binggo.com/huazhuang/a20101b2010108p4
Saved Page URL: http://www.binggo.com/huazhuang/a20101b2010108p5
Saved Page URL: http://www.binggo.com/huazhuang/a20101b2010108p6
Saved Page URL: http://www.binggo.com/huazhuang/a20101b2010108p7
Saved Page URL: http://www.binggo.com/huazhuang/a20101b2010108p8
Completed Category URL: http://www.binggo.com/huazhuang/a20101b2010108/
Saved Page URL: http://www.binggo.com/huazhuang/a20101b2010109p1
Saved Page URL: http://www.binggo.com/huazhuang/a20101b2010109p2
Completed Category URL: http://www.binggo.com/huazhuang/a20101b2010109/
Saved Page URL: http://www.binggo.com/huazhuang/a20101b2010113p1
Saved Page URL: http://www.binggo.com/huazhuang/a20101b2010113p2
Saved Page URL: http://www.binggo.com/huazhuang/a20101b2010113p3
Saved Page URL: http://www.binggo.com/huazhuang/a20101b2010113p4
Saved Page URL: http://www.binggo.com/huazhuang/a20101b2010113p5
Saved Page URL: http://www.binggo.com/huazhuang/a20101b2010113p6
Completed Category URL: http://www.binggo.com/huazhuang/a20101b2010113/
Saved Page URL: http://www.binggo.com/huazhuang/a20101b2010115p1
Completed Category URL: http://www.binggo.com/huazhuang/a20101b2010115/
Saved Page URL: http://www.binggo.com/huazhuang/a20101b2010110p1
Saved Page URL: http://www.binggo.com/huazhuang/a20101b2010110p2
Saved Page URL: http://www.binggo.com/huazhuang/a20101b2010110p3
Saved Page URL: http://www.binggo.com/huazhuang/a20101b2010110p4
Completed Category URL: http://www.binggo.com/huazhuang/a20101b2010110/
Saved Page URL: http://www.binggo.com/huazhuang/a20101b2010103p1
Completed Category URL: http://www.binggo.com/huazhuang/a20101b2010103/
Saved Page URL: http://www.binggo.com/huazhuang/a20101b2010106p1
Saved Page URL: http://www.binggo.com/huazhuang/a20101b2010106p2
Saved Page URL: http://www.binggo.com/huazhuang/a20101b2010106p3
Saved Page URL: http://www.binggo.com/huazhuang/a20101b2010106p4
Saved Page URL: http://www.binggo.com/huazhuang/a20101b2010106p5
Saved Page URL: http://www.binggo.com/huazhuang/a20101b2010106p6
Saved Page URL: http://www.binggo.com/huazhuang/a20101b2010106p7
Saved Page URL: http://www.binggo.com/huazhuang/a20101b2010106p8
Completed Category URL: http://www.binggo.com/huazhuang/a20101b2010106/
Saved Page URL: http://www.binggo.com/huazhuang/a20101b2010107p1
Saved Page URL: http://www.binggo.com/huazhuang/a20101b2010107p2
Saved Page URL: http://www.binggo.com/huazhuang/a20101b2010107p3
Saved Page URL: http://www.binggo.com/huazhuang/a20101b2010107p4
Saved Page URL: http://www.binggo.com/huazhuang/a20101b2010107p5
Saved Page URL: http://www.binggo.com/huazhuang/a20101b2010107p6
Saved Page URL: http://www.binggo.com/huazhuang/a20101b2010107p7
Saved Page URL: http://www.binggo.com/huazhuang/a20101b2010107p8
Completed Category URL: http://www.binggo.com/huazhuang/a20101b2010107/
Saved Page URL: http://www.binggo.com/huazhuang/a20101b2010111p1
Completed Category URL: http://www.binggo.com/huazhuang/a20101b2010111/
Saved Page URL: http://www.binggo.com/huazhuang/a20101b2010102p1
Saved Page URL: http://www.binggo.com/huazhuang/a20101b2010102p2
Saved Page URL: http://www.binggo.com/huazhuang/a20101b2010102p3
Completed Category URL: http://www.binggo.com/huazhuang/a20101b2010102/
Saved Page URL: http://www.binggo.com/huazhuang/a20107b2010704p1
Saved Page URL: http://www.binggo.com/huazhuang/a20107b2010704p2
Saved Page URL: http://www.binggo.com/huazhuang/a20107b2010704p3
Completed Category URL: http://www.binggo.com/huazhuang/a20107b2010704/
Saved Page URL: http://www.binggo.com/huazhuang/a20107b2010701p1
Saved Page URL: http://www.binggo.com/huazhuang/a20107b2010701p2
Completed Category URL: http://www.binggo.com/huazhuang/a20107b2010701/
Saved Page URL: http://www.binggo.com/huazhuang/a20107b2010706p1
Completed Category URL: http://www.binggo.com/huazhuang/a20107b2010706/
Saved Page URL: http://www.binggo.com/huazhuang/a20107b2010702p1
Completed Category URL: http://www.binggo.com/huazhuang/a20107b2010702/
Saved Page URL: http://www.binggo.com/huazhuang/a20107b2010703p1
Completed Category URL: http://www.binggo.com/huazhuang/a20107b2010703/
Saved Page URL: http://www.binggo.com/huazhuang/a20107b2010705p1
Completed Category URL: http://www.binggo.com/huazhuang/a20107b2010705/
Saved Page URL: http://www.binggo.com/huazhuang/a20107b2010707p1
Completed Category URL: http://www.binggo.com/huazhuang/a20107b2010707/
Saved Page URL: http://www.binggo.com/huazhuang/a20105b2010504p1
Completed Category URL: http://www.binggo.com/huazhuang/a20105b2010504/
Saved Page URL: http://www.binggo.com/huazhuang/a20105b2010508p1
Completed Category URL: http://www.binggo.com/huazhuang/a20105b2010508/
Saved Page URL: http://www.binggo.com/huazhuang/a20105b2010510p1
Completed Category URL: http://www.binggo.com/huazhuang/a20105b2010510/
Saved Page URL: http://www.binggo.com/huazhuang/a20105b2010501p1
Saved Page URL: http://www.binggo.com/huazhuang/a20105b2010501p2
Saved Page URL: http://www.binggo.com/huazhuang/a20105b2010501p3
Completed Category URL: http://www.binggo.com/huazhuang/a20105b2010501/
Saved Page URL: http://www.binggo.com/huazhuang/a20105b2010505p1
Completed Category URL: http://www.binggo.com/huazhuang/a20105b2010505/
Saved Page URL: http://www.binggo.com/huazhuang/a20105b2010511p1
Completed Category URL: http://www.binggo.com/huazhuang/a20105b2010511/
Saved Page URL: http://www.binggo.com/huazhuang/a20105b2010506p1
Completed Category URL: http://www.binggo.com/huazhuang/a20105b2010506/
Completed Category URL: http://www.binggo.com/huazhuang/a20105b2010509/
Saved Page URL: http://www.binggo.com/huazhuang/a20105b2010502p1
Saved Page URL: http://www.binggo.com/huazhuang/a20105b2010502p2
Completed Category URL: http://www.binggo.com/huazhuang/a20105b2010502/
Saved Page URL: http://www.binggo.com/huazhuang/a20105b2010503p1
Completed Category URL: http://www.binggo.com/huazhuang/a20105b2010503/
Saved Page URL: http://www.binggo.com/huazhuang/a20105b2010507p1
Completed Category URL: http://www.binggo.com/huazhuang/a20105b2010507/
Saved Page URL: http://www.binggo.com/huazhuang/a20105b2010512p1
Completed Category URL: http://www.binggo.com/huazhuang/a20105b2010512/
Saved Page URL: http://www.binggo.com/huazhuang/a20102b2010202p1
Saved Page URL: http://www.binggo.com/huazhuang/a20102b2010202p2
Saved Page URL: http://www.binggo.com/huazhuang/a20102b2010202p3
Saved Page URL: http://www.binggo.com/huazhuang/a20102b2010202p4
Saved Page URL: http://www.binggo.com/huazhuang/a20102b2010202p5
Completed Category URL: http://www.binggo.com/huazhuang/a20102b2010202/
Saved Page URL: http://www.binggo.com/huazhuang/a20102b2010205p1
Completed Category URL: http://www.binggo.com/huazhuang/a20102b2010205/
Saved Page URL: http://www.binggo.com/huazhuang/a20102b2010204p1
Saved Page URL: http://www.binggo.com/huazhuang/a20102b2010204p2
Saved Page URL: http://www.binggo.com/huazhuang/a20102b2010204p3
Saved Page URL: http://www.binggo.com/huazhuang/a20102b2010204p4
Saved Page URL: http://www.binggo.com/huazhuang/a20102b2010204p5
Saved Page URL: http://www.binggo.com/huazhuang/a20102b2010204p6
Saved Page URL: http://www.binggo.com/huazhuang/a20102b2010204p7
Saved Page URL: http://www.binggo.com/huazhuang/a20102b2010204p8
Saved Page URL: http://www.binggo.com/huazhuang/a20102b2010204p9
Saved Page URL: http://www.binggo.com/huazhuang/a20102b2010204p10
Saved Page URL: http://www.binggo.com/huazhuang/a20102b2010204p11
Completed Category URL: http://www.binggo.com/huazhuang/a20102b2010204/
Saved Page URL: http://www.binggo.com/huazhuang/a20102b2010208p1
Saved Page URL: http://www.binggo.com/huazhuang/a20102b2010208p2
Saved Page URL: http://www.binggo.com/huazhuang/a20102b2010208p3
Completed Category URL: http://www.binggo.com/huazhuang/a20102b2010208/
Saved Page URL: http://www.binggo.com/huazhuang/a20102b2010201p1
Saved Page URL: http://www.binggo.com/huazhuang/a20102b2010201p2
Saved Page URL: http://www.binggo.com/huazhuang/a20102b2010201p3
Completed Category URL: http://www.binggo.com/huazhuang/a20102b2010201/
Saved Page URL: http://www.binggo.com/huazhuang/a20102b2010203p1
Completed Category URL: http://www.binggo.com/huazhuang/a20102b2010203/
Saved Page URL: http://www.binggo.com/huazhuang/a20102b2010207p1
Completed Category URL: http://www.binggo.com/huazhuang/a20102b2010207/
Saved Page URL: http://www.binggo.com/huazhuang/a20102b2010206p1
Completed Category URL: http://www.binggo.com/huazhuang/a20102b2010206/
Saved Page URL: http://www.binggo.com/shipin/a20204b2020403p1
Completed Category URL: http://www.binggo.com/shipin/a20204b2020403/
Saved Page URL: http://www.binggo.com/shipin/a20204b2020402p1
Completed Category URL: http://www.binggo.com/shipin/a20204b2020402/
Saved Page URL: http://www.binggo.com/shipin/a20204b2020401p1
Saved Page URL: http://www.binggo.com/shipin/a20204b2020401p2
Completed Category URL: http://www.binggo.com/shipin/a20204b2020401/
Saved Page URL: http://www.binggo.com/shipin/a20204b2020404p1
Completed Category URL: http://www.binggo.com/shipin/a20204b2020404/
Saved Page URL: http://www.binggo.com/shipin/a20204b2020405p1
Completed Category URL: http://www.binggo.com/shipin/a20204b2020405/
Saved Page URL: http://www.binggo.com/shipin/a20206b2020601p1
Saved Page URL: http://www.binggo.com/shipin/a20206b2020601p2
Completed Category URL: http://www.binggo.com/shipin/a20206b2020601/
Saved Page URL: http://www.binggo.com/shipin/a20206b2020607p1
Saved Page URL: http://www.binggo.com/shipin/a20206b2020607p2
Saved Page URL: http://www.binggo.com/shipin/a20206b2020607p3
Completed Category URL: http://www.binggo.com/shipin/a20206b2020607/
Saved Page URL: http://www.binggo.com/shipin/a20206b2020604p1
Saved Page URL: http://www.binggo.com/shipin/a20206b2020604p2
Completed Category URL: http://www.binggo.com/shipin/a20206b2020604/
Saved Page URL: http://www.binggo.com/shipin/a20206b2020605p1
Saved Page URL: http://www.binggo.com/shipin/a20206b2020605p2
Completed Category URL: http://www.binggo.com/shipin/a20206b2020605/
Saved Page URL: http://www.binggo.com/shipin/a20206b2020606p1
Saved Page URL: http://www.binggo.com/shipin/a20206b2020606p2
Completed Category URL: http://www.binggo.com/shipin/a20206b2020606/
Saved Page URL: http://www.binggo.com/shipin/a20206b2020602p1
Completed Category URL: http://www.binggo.com/shipin/a20206b2020602/
Saved Page URL: http://www.binggo.com/shipin/a20206b2020603p1
Saved Page URL: http://www.binggo.com/shipin/a20206b2020603p2
Completed Category URL: http://www.binggo.com/shipin/a20206b2020603/
Saved Page URL: http://www.binggo.com/shipin/a20208b2020803p1
Saved Page URL: http://www.binggo.com/shipin/a20208b2020803p2
Completed Category URL: http://www.binggo.com/shipin/a20208b2020803/
Saved Page URL: http://www.binggo.com/shipin/a20208b2020801p1
Saved Page URL: http://www.binggo.com/shipin/a20208b2020801p2
Saved Page URL: http://www.binggo.com/shipin/a20208b2020801p3
Saved Page URL: http://www.binggo.com/shipin/a20208b2020801p4
Saved Page URL: http://www.binggo.com/shipin/a20208b2020801p5
Completed Category URL: http://www.binggo.com/shipin/a20208b2020801/
Saved Page URL: http://www.binggo.com/shipin/a20208b2020802p1
Completed Category URL: http://www.binggo.com/shipin/a20208b2020802/
Saved Page URL: http://www.binggo.com/shipin/a20211b2021103p1
Completed Category URL: http://www.binggo.com/shipin/a20211b2021103/
Saved Page URL: http://www.binggo.com/shipin/a20211b2021106p1
Completed Category URL: http://www.binggo.com/shipin/a20211b2021106/
Saved Page URL: http://www.binggo.com/shipin/a20211b2021102p1
Saved Page URL: http://www.binggo.com/shipin/a20211b2021102p2
Completed Category URL: http://www.binggo.com/shipin/a20211b2021102/
Saved Page URL: http://www.binggo.com/shipin/a20211b2021104p1
Completed Category URL: http://www.binggo.com/shipin/a20211b2021104/
Saved Page URL: http://www.binggo.com/shipin/a20211b2021107p1
Saved Page URL: http://www.binggo.com/shipin/a20211b2021107p2
Completed Category URL: http://www.binggo.com/shipin/a20211b2021107/
Saved Page URL: http://www.binggo.com/shipin/a20211b2021101p1
Saved Page URL: http://www.binggo.com/shipin/a20211b2021101p2
Completed Category URL: http://www.binggo.com/shipin/a20211b2021101/
Saved Page URL: http://www.binggo.com/shipin/a20211b2021105p1
Completed Category URL: http://www.binggo.com/shipin/a20211b2021105/
Saved Page URL: http://www.binggo.com/shipin/a20213b2021304p1
Completed Category URL: http://www.binggo.com/shipin/a20213b2021304/
Saved Page URL: http://www.binggo.com/shipin/a20213b2021303p1
Completed Category URL: http://www.binggo.com/shipin/a20213b2021303/
Completed Category URL: http://www.binggo.com/shipin/a20213b2021310/
Saved Page URL: http://www.binggo.com/shipin/a20213b2021305p1
Completed Category URL: http://www.binggo.com/shipin/a20213b2021305/
Saved Page URL: http://www.binggo.com/shipin/a20213b2021302p1
Completed Category URL: http://www.binggo.com/shipin/a20213b2021302/
Saved Page URL: http://www.binggo.com/shipin/a20213b2021301p1
Completed Category URL: http://www.binggo.com/shipin/a20213b2021301/
Saved Page URL: http://www.binggo.com/shipin/a20201b2020101p1
Saved Page URL: http://www.binggo.com/shipin/a20201b2020101p2
Completed Category URL: http://www.binggo.com/shipin/a20201b2020101/
Saved Page URL: http://www.binggo.com/shipin/a20201b2020102p1
Completed Category URL: http://www.binggo.com/shipin/a20201b2020102/
Saved Page URL: http://www.binggo.com/shipin/a20201b2020103p1
Completed Category URL: http://www.binggo.com/shipin/a20201b2020103/
Saved Page URL: http://www.binggo.com/shipin/a20202b2020202p1
Completed Category URL: http://www.binggo.com/shipin/a20202b2020202/
Saved Page URL: http://www.binggo.com/shipin/a20202b2020203p1
Saved Page URL: http://www.binggo.com/shipin/a20202b2020203p2
Saved Page URL: http://www.binggo.com/shipin/a20202b2020203p3
Completed Category URL: http://www.binggo.com/shipin/a20202b2020203/
Saved Page URL: http://www.binggo.com/shipin/a20202b2020204p1
Completed Category URL: http://www.binggo.com/shipin/a20202b2020204/
Saved Page URL: http://www.binggo.com/shipin/a20202b2020201p1
Completed Category URL: http://www.binggo.com/shipin/a20202b2020201/
Saved Page URL: http://www.binggo.com/shipin/a20202b2020205p1
Completed Category URL: http://www.binggo.com/shipin/a20202b2020205/
Saved Page URL: http://www.binggo.com/shipin/a20202b2020206p1
Completed Category URL: http://www.binggo.com/shipin/a20202b2020206/
Saved Page URL: http://www.binggo.com/shipin/a20203b2020303p1
Completed Category URL: http://www.binggo.com/shipin/a20203b2020303/
Saved Page URL: http://www.binggo.com/shipin/a20203b2020305p1
Completed Category URL: http://www.binggo.com/shipin/a20203b2020305/
Saved Page URL: http://www.binggo.com/shipin/a20203b2020302p1
Completed Category URL: http://www.binggo.com/shipin/a20203b2020302/
Saved Page URL: http://www.binggo.com/shipin/a20203b2020301p1
Saved Page URL: http://www.binggo.com/shipin/a20203b2020301p2
Completed Category URL: http://www.binggo.com/shipin/a20203b2020301/
Saved Page URL: http://www.binggo.com/shipin/a20203b2020304p1
Completed Category URL: http://www.binggo.com/shipin/a20203b2020304/
Saved Page URL: http://www.binggo.com/shipin/a20203b2020306p1
Completed Category URL: http://www.binggo.com/shipin/a20203b2020306/
Saved Page URL: http://www.binggo.com/shipin/a20205b2020502p1
Completed Category URL: http://www.binggo.com/shipin/a20205b2020502/
Saved Page URL: http://www.binggo.com/shipin/a20205b2020501p1
Completed Category URL: http://www.binggo.com/shipin/a20205b2020501/
Saved Page URL: http://www.binggo.com/shipin/a20205b2020504p1
Completed Category URL: http://www.binggo.com/shipin/a20205b2020504/
Saved Page URL: http://www.binggo.com/shipin/a20205b2020503p1
Completed Category URL: http://www.binggo.com/shipin/a20205b2020503/
Saved Page URL: http://www.binggo.com/shipin/a20207b2020703p1
Saved Page URL: http://www.binggo.com/shipin/a20207b2020703p2
Completed Category URL: http://www.binggo.com/shipin/a20207b2020703/
Saved Page URL: http://www.binggo.com/shipin/a20207b2020707p1
Saved Page URL: http://www.binggo.com/shipin/a20207b2020707p2
Saved Page URL: http://www.binggo.com/shipin/a20207b2020707p3
Completed Category URL: http://www.binggo.com/shipin/a20207b2020707/
Saved Page URL: http://www.binggo.com/shipin/a20207b2020704p1
Saved Page URL: http://www.binggo.com/shipin/a20207b2020704p2
Saved Page URL: http://www.binggo.com/shipin/a20207b2020704p3
Completed Category URL: http://www.binggo.com/shipin/a20207b2020704/
Saved Page URL: http://www.binggo.com/shipin/a20207b2020708p1
Saved Page URL: http://www.binggo.com/shipin/a20207b2020708p2
Completed Category URL: http://www.binggo.com/shipin/a20207b2020708/
Saved Page URL: http://www.binggo.com/shipin/a20207b2020706p1
Saved Page URL: http://www.binggo.com/shipin/a20207b2020706p2
Completed Category URL: http://www.binggo.com/shipin/a20207b2020706/
Saved Page URL: http://www.binggo.com/shipin/a20207b2020702p1
Saved Page URL: http://www.binggo.com/shipin/a20207b2020702p2
Completed Category URL: http://www.binggo.com/shipin/a20207b2020702/
Saved Page URL: http://www.binggo.com/shipin/a20207b2020701p1
Saved Page URL: http://www.binggo.com/shipin/a20207b2020701p2
Completed Category URL: http://www.binggo.com/shipin/a20207b2020701/
Saved Page URL: http://www.binggo.com/shipin/a20209b2020903p1
Saved Page URL: http://www.binggo.com/shipin/a20209b2020903p2
Saved Page URL: http://www.binggo.com/shipin/a20209b2020903p3
Saved Page URL: http://www.binggo.com/shipin/a20209b2020903p4
Saved Page URL: http://www.binggo.com/shipin/a20209b2020903p5
Completed Category URL: http://www.binggo.com/shipin/a20209b2020903/
Saved Page URL: http://www.binggo.com/shipin/a20209b2020904p1
Completed Category URL: http://www.binggo.com/shipin/a20209b2020904/
Saved Page URL: http://www.binggo.com/shipin/a20209b2020901p1
Saved Page URL: http://www.binggo.com/shipin/a20209b2020901p2
Saved Page URL: http://www.binggo.com/shipin/a20209b2020901p3
Completed Category URL: http://www.binggo.com/shipin/a20209b2020901/
Saved Page URL: http://www.binggo.com/shipin/a20209b2020902p1
Saved Page URL: http://www.binggo.com/shipin/a20209b2020902p2
Completed Category URL: http://www.binggo.com/shipin/a20209b2020902/
Saved Page URL: http://www.binggo.com/shipin/a20209b2020905p1
Completed Category URL: http://www.binggo.com/shipin/a20209b2020905/
Saved Page URL: http://www.binggo.com/shipin/a20209b2020907p1
Completed Category URL: http://www.binggo.com/shipin/a20209b2020907/
Saved Page URL: http://www.binggo.com/shipin/a20209b2020906p1
Saved Page URL: http://www.binggo.com/shipin/a20209b2020906p2
Saved Page URL: http://www.binggo.com/shipin/a20209b2020906p3
Completed Category URL: http://www.binggo.com/shipin/a20209b2020906/
Saved Page URL: http://www.binggo.com/shipin/a20210b2021001p1
Completed Category URL: http://www.binggo.com/shipin/a20210b2021001/
Saved Page URL: http://www.binggo.com/shipin/a20210b2021002p1
Saved Page URL: http://www.binggo.com/shipin/a20210b2021002p2
Completed Category URL: http://www.binggo.com/shipin/a20210b2021002/
Saved Page URL: http://www.binggo.com/shipin/a20210b2021003p1
Completed Category URL: http://www.binggo.com/shipin/a20210b2021003/
Saved Page URL: http://www.binggo.com/shipin/a20212b2021206p1
Saved Page URL: http://www.binggo.com/shipin/a20212b2021206p2
Completed Category URL: http://www.binggo.com/shipin/a20212b2021206/
Saved Page URL: http://www.binggo.com/shipin/a20212b2021208p1
Saved Page URL: http://www.binggo.com/shipin/a20212b2021208p2
Completed Category URL: http://www.binggo.com/shipin/a20212b2021208/
Saved Page URL: http://www.binggo.com/shipin/a20212b2021202p1
Completed Category URL: http://www.binggo.com/shipin/a20212b2021202/
Saved Page URL: http://www.binggo.com/shipin/a20212b2021204p1
Completed Category URL: http://www.binggo.com/shipin/a20212b2021204/
Saved Page URL: http://www.binggo.com/shipin/a20212b2021209p1
Saved Page URL: http://www.binggo.com/shipin/a20212b2021209p2
Completed Category URL: http://www.binggo.com/shipin/a20212b2021209/
Saved Page URL: http://www.binggo.com/shipin/a20212b2021201p1
Saved Page URL: http://www.binggo.com/shipin/a20212b2021201p2
Completed Category URL: http://www.binggo.com/shipin/a20212b2021201/
Saved Page URL: http://www.binggo.com/shipin/a20212b2021207p1
Completed Category URL: http://www.binggo.com/shipin/a20212b2021207/
Saved Page URL: http://www.binggo.com/shipin/a20212b2021205p1
Completed Category URL: http://www.binggo.com/shipin/a20212b2021205/
Saved Page URL: http://www.binggo.com/shipin/a20212b2021203p1
Completed Category URL: http://www.binggo.com/shipin/a20212b2021203/
Saved Page URL: http://www.binggo.com/shipin/a20212b2021210p1
Completed Category URL: http://www.binggo.com/shipin/a20212b2021210/
Saved Page URL: http://www.binggo.com/shipin/a20212b2021211p1
Completed Category URL: http://www.binggo.com/shipin/a20212b2021211/
Saved Page URL: http://www.binggo.com/baojian/a20301b2030104p1
Completed Category URL: http://www.binggo.com/baojian/a20301b2030104/
Saved Page URL: http://www.binggo.com/baojian/a20301b2030101p1
Completed Category URL: http://www.binggo.com/baojian/a20301b2030101/
Saved Page URL: http://www.binggo.com/baojian/a20301b2030106p1
Completed Category URL: http://www.binggo.com/baojian/a20301b2030106/
Saved Page URL: http://www.binggo.com/baojian/a20301b2030103p1
Completed Category URL: http://www.binggo.com/baojian/a20301b2030103/
Saved Page URL: http://www.binggo.com/baojian/a20301b2030102p1
Saved Page URL: http://www.binggo.com/baojian/a20301b2030102p2
Completed Category URL: http://www.binggo.com/baojian/a20301b2030102/
Saved Page URL: http://www.binggo.com/baojian/a20301b2030105p1
Completed Category URL: http://www.binggo.com/baojian/a20301b2030105/
Saved Page URL: http://www.binggo.com/baojian/a20302b2030203p1
Completed Category URL: http://www.binggo.com/baojian/a20302b2030203/
Saved Page URL: http://www.binggo.com/baojian/a20302b2030201p1
Saved Page URL: http://www.binggo.com/baojian/a20302b2030201p2
Saved Page URL: http://www.binggo.com/baojian/a20302b2030201p3
Completed Category URL: http://www.binggo.com/baojian/a20302b2030201/
Saved Page URL: http://www.binggo.com/baojian/a20302b2030202p1
Completed Category URL: http://www.binggo.com/baojian/a20302b2030202/
Saved Page URL: http://www.binggo.com/baojian/a20302b2030205p1
Completed Category URL: http://www.binggo.com/baojian/a20302b2030205/
Saved Page URL: http://www.binggo.com/baojian/a20304b2030402p1
Completed Category URL: http://www.binggo.com/baojian/a20304b2030402/
Saved Page URL: http://www.binggo.com/baojian/a20304b2030404p1
Completed Category URL: http://www.binggo.com/baojian/a20304b2030404/
Saved Page URL: http://www.binggo.com/baojian/a20304b2030403p1
Completed Category URL: http://www.binggo.com/baojian/a20304b2030403/
Saved Page URL: http://www.binggo.com/baojian/a20304b2030405p1
Completed Category URL: http://www.binggo.com/baojian/a20304b2030405/
Saved Page URL: http://www.binggo.com/baojian/a20304b2030401p1
Completed Category URL: http://www.binggo.com/baojian/a20304b2030401/
Saved Page URL: http://www.binggo.com/baojian/a20305b2030501p1
Completed Category URL: http://www.binggo.com/baojian/a20305b2030501/
Saved Page URL: http://www.binggo.com/baojian/a20305b2030504p1
Completed Category URL: http://www.binggo.com/baojian/a20305b2030504/
Saved Page URL: http://www.binggo.com/baojian/a20305b2030503p1
Completed Category URL: http://www.binggo.com/baojian/a20305b2030503/
Saved Page URL: http://www.binggo.com/baojian/a20305b2030502p1
Completed Category URL: http://www.binggo.com/baojian/a20305b2030502/
Saved Page URL: http://www.binggo.com/baojian/a20305b2030505p1
Completed Category URL: http://www.binggo.com/baojian/a20305b2030505/
Saved Page URL: http://www.binggo.com/baojian/a20308b2030801p1
Completed Category URL: http://www.binggo.com/baojian/a20308b2030801/
Saved Page URL: http://www.binggo.com/baojian/a20308b2030802p1
Completed Category URL: http://www.binggo.com/baojian/a20308b2030802/
Saved Page URL: http://www.binggo.com/baojian/a20311b2031102p1
Saved Page URL: http://www.binggo.com/baojian/a20311b2031102p2
Completed Category URL: http://www.binggo.com/baojian/a20311b2031102/
Saved Page URL: http://www.binggo.com/baojian/a20311b2031101p1
Completed Category URL: http://www.binggo.com/baojian/a20311b2031101/
Saved Page URL: http://www.binggo.com/baojian/a20311b2031103p1
Completed Category URL: http://www.binggo.com/baojian/a20311b2031103/
Saved Page URL: http://www.binggo.com/baojian/a20311b2031104p1
Completed Category URL: http://www.binggo.com/baojian/a20311b2031104/
Saved Page URL: http://www.binggo.com/baojian/a20310b2031004p1
Completed Category URL: http://www.binggo.com/baojian/a20310b2031004/
Saved Page URL: http://www.binggo.com/baojian/a20310b2031002p1
Completed Category URL: http://www.binggo.com/baojian/a20310b2031002/
Saved Page URL: http://www.binggo.com/baojian/a20310b2031005p1
Completed Category URL: http://www.binggo.com/baojian/a20310b2031005/
Saved Page URL: http://www.binggo.com/baojian/a20303b2030301p1
Completed Category URL: http://www.binggo.com/baojian/a20303b2030301/
Saved Page URL: http://www.binggo.com/baojian/a20303b2030303p1
Completed Category URL: http://www.binggo.com/baojian/a20303b2030303/
Saved Page URL: http://www.binggo.com/baojian/a20303b2030302p1
Completed Category URL: http://www.binggo.com/baojian/a20303b2030302/
Completed Category URL: http://www.binggo.com/baojian/a20307b2030702/
Completed Category URL: http://www.binggo.com/baojian/a20307b2030701/
Completed Category URL: http://www.binggo.com/baojian/a20307b2030703/
Completed Category URL: http://www.binggo.com/baojian/a20307b2030705/
Saved Page URL: http://www.binggo.com/baojian/a20306b2030602p1
Completed Category URL: http://www.binggo.com/baojian/a20306b2030602/
Saved Page URL: http://www.binggo.com/baojian/a20306b2030601p1
Completed Category URL: http://www.binggo.com/baojian/a20306b2030601/
Saved Page URL: http://www.binggo.com/baojian/a20309b2030901p1
Completed Category URL: http://www.binggo.com/baojian/a20309b2030901/
Saved Page URL: http://www.binggo.com/baojian/a20309b2030904p1
Completed Category URL: http://www.binggo.com/baojian/a20309b2030904/
Saved Page URL: http://www.binggo.com/baojian/a20309b2030902p1
Completed Category URL: http://www.binggo.com/baojian/a20309b2030902/
Saved Page URL: http://www.binggo.com/baojian/a20309b2030903p1
Saved Page URL: http://www.binggo.com/baojian/a20309b2030903p2
Completed Category URL: http://www.binggo.com/baojian/a20309b2030903/
Saved Page URL: http://www.binggo.com/baojian/a20309b2030905p1
Completed Category URL: http://www.binggo.com/baojian/a20309b2030905/
Saved Page URL: http://www.binggo.com/baojian/a20309b2030907p1
Completed Category URL: http://www.binggo.com/baojian/a20309b2030907/
Saved Page URL: http://www.binggo.com/jiaju/a20409b2040901p1
Completed Category URL: http://www.binggo.com/jiaju/a20409b2040901/
Saved Page URL: http://www.binggo.com/jiaju/a20407b2040702p1
Saved Page URL: http://www.binggo.com/jiaju/a20407b2040702p2
Saved Page URL: http://www.binggo.com/jiaju/a20407b2040702p3
Saved Page URL: http://www.binggo.com/jiaju/a20407b2040702p4
Completed Category URL: http://www.binggo.com/jiaju/a20407b2040702/
Saved Page URL: http://www.binggo.com/jiaju/a20407b2040704p1
Completed Category URL: http://www.binggo.com/jiaju/a20407b2040704/
Completed Category URL: http://www.binggo.com/jiaju/a20407b2040705/
Saved Page URL: http://www.binggo.com/jiaju/a20407b2040707p1
Completed Category URL: http://www.binggo.com/jiaju/a20407b2040707/
Saved Page URL: http://www.binggo.com/jiaju/a20407b2040708p1
Saved Page URL: http://www.binggo.com/jiaju/a20407b2040708p2
Completed Category URL: http://www.binggo.com/jiaju/a20407b2040708/
Saved Page URL: http://www.binggo.com/jiaju/a20407b2040709p1
Saved Page URL: http://www.binggo.com/jiaju/a20407b2040709p2
Saved Page URL: http://www.binggo.com/jiaju/a20407b2040709p3
Saved Page URL: http://www.binggo.com/jiaju/a20407b2040709p4
Saved Page URL: http://www.binggo.com/jiaju/a20407b2040709p5
Saved Page URL: http://www.binggo.com/jiaju/a20407b2040709p6
Saved Page URL: http://www.binggo.com/jiaju/a20407b2040709p7
Saved Page URL: http://www.binggo.com/jiaju/a20407b2040709p8
Saved Page URL: http://www.binggo.com/jiaju/a20407b2040709p9
Completed Category URL: http://www.binggo.com/jiaju/a20407b2040709/
Saved Page URL: http://www.binggo.com/jiaju/a20407b2040710p1
Saved Page URL: http://www.binggo.com/jiaju/a20407b2040710p2
Completed Category URL: http://www.binggo.com/jiaju/a20407b2040710/
Saved Page URL: http://www.binggo.com/jiaju/a20407b2040711p1
Saved Page URL: http://www.binggo.com/jiaju/a20407b2040711p2
Completed Category URL: http://www.binggo.com/jiaju/a20407b2040711/
Saved Page URL: http://www.binggo.com/jiaju/a20407b2040713p1
Completed Category URL: http://www.binggo.com/jiaju/a20407b2040713/
Saved Page URL: http://www.binggo.com/jiaju/a20407b2040706p1
Completed Category URL: http://www.binggo.com/jiaju/a20407b2040706/
Completed Category URL: http://www.binggo.com/jiaju/a20407b2040712/
Saved Page URL: http://www.binggo.com/jiaju/a20407b2040703p1
Saved Page URL: http://www.binggo.com/jiaju/a20407b2040703p2
Saved Page URL: http://www.binggo.com/jiaju/a20407b2040703p3
Saved Page URL: http://www.binggo.com/jiaju/a20407b2040703p4
Completed Category URL: http://www.binggo.com/jiaju/a20407b2040703/
Saved Page URL: http://www.binggo.com/jiaju/a20407b2040714p1
Completed Category URL: http://www.binggo.com/jiaju/a20407b2040714/
Saved Page URL: http://www.binggo.com/jiaju/a20401b2040101p1
Saved Page URL: http://www.binggo.com/jiaju/a20401b2040101p2
Saved Page URL: http://www.binggo.com/jiaju/a20401b2040101p3
Saved Page URL: http://www.binggo.com/jiaju/a20401b2040101p4
Saved Page URL: http://www.binggo.com/jiaju/a20401b2040101p5
Saved Page URL: http://www.binggo.com/jiaju/a20401b2040101p6
Saved Page URL: http://www.binggo.com/jiaju/a20401b2040101p7
Saved Page URL: http://www.binggo.com/jiaju/a20401b2040101p8
Saved Page URL: http://www.binggo.com/jiaju/a20401b2040101p9
Saved Page URL: http://www.binggo.com/jiaju/a20401b2040101p10
Saved Page URL: http://www.binggo.com/jiaju/a20401b2040101p11
Saved Page URL: http://www.binggo.com/jiaju/a20401b2040101p12
Saved Page URL: http://www.binggo.com/jiaju/a20401b2040101p13
Completed Category URL: http://www.binggo.com/jiaju/a20401b2040101/
Completed Category URL: http://www.binggo.com/jiaju/a20401b2040103/
Saved Page URL: http://www.binggo.com/jiaju/a20401b2040106p1
Completed Category URL: http://www.binggo.com/jiaju/a20401b2040106/
Saved Page URL: http://www.binggo.com/jiaju/a20401b2040108p1
Saved Page URL: http://www.binggo.com/jiaju/a20401b2040108p2
Saved Page URL: http://www.binggo.com/jiaju/a20401b2040108p3
Saved Page URL: http://www.binggo.com/jiaju/a20401b2040108p4
Saved Page URL: http://www.binggo.com/jiaju/a20401b2040108p5
Saved Page URL: http://www.binggo.com/jiaju/a20401b2040108p6
Saved Page URL: http://www.binggo.com/jiaju/a20401b2040108p7
Completed Category URL: http://www.binggo.com/jiaju/a20401b2040108/
Saved Page URL: http://www.binggo.com/jiaju/a20401b2040111p1
Completed Category URL: http://www.binggo.com/jiaju/a20401b2040111/
Saved Page URL: http://www.binggo.com/jiaju/a20401b2040107p1
Saved Page URL: http://www.binggo.com/jiaju/a20401b2040107p2
Saved Page URL: http://www.binggo.com/jiaju/a20401b2040107p3
Completed Category URL: http://www.binggo.com/jiaju/a20401b2040107/
Saved Page URL: http://www.binggo.com/jiaju/a20401b2040105p1
Completed Category URL: http://www.binggo.com/jiaju/a20401b2040105/
Saved Page URL: http://www.binggo.com/jiaju/a20401b2040104p1
Completed Category URL: http://www.binggo.com/jiaju/a20401b2040104/
Saved Page URL: http://www.binggo.com/jiaju/a20401b2040102p1
Saved Page URL: http://www.binggo.com/jiaju/a20401b2040102p2
Saved Page URL: http://www.binggo.com/jiaju/a20401b2040102p3
Saved Page URL: http://www.binggo.com/jiaju/a20401b2040102p4
Completed Category URL: http://www.binggo.com/jiaju/a20401b2040102/
Saved Page URL: http://www.binggo.com/jiaju/a20401b2040112p1
Completed Category URL: http://www.binggo.com/jiaju/a20401b2040112/
Saved Page URL: http://www.binggo.com/jiaju/a20402b2040208p1
Saved Page URL: http://www.binggo.com/jiaju/a20402b2040208p2
Completed Category URL: http://www.binggo.com/jiaju/a20402b2040208/
Saved Page URL: http://www.binggo.com/jiaju/a20402b2040211p1
Completed Category URL: http://www.binggo.com/jiaju/a20402b2040211/
Saved Page URL: http://www.binggo.com/jiaju/a20402b2040212p1
Saved Page URL: http://www.binggo.com/jiaju/a20402b2040212p2
Completed Category URL: http://www.binggo.com/jiaju/a20402b2040212/
Saved Page URL: http://www.binggo.com/jiaju/a20402b2040203p1
Saved Page URL: http://www.binggo.com/jiaju/a20402b2040203p2
Saved Page URL: http://www.binggo.com/jiaju/a20402b2040203p3
Saved Page URL: http://www.binggo.com/jiaju/a20402b2040203p4
Saved Page URL: http://www.binggo.com/jiaju/a20402b2040203p5
Saved Page URL: http://www.binggo.com/jiaju/a20402b2040203p6
Saved Page URL: http://www.binggo.com/jiaju/a20402b2040203p7
Saved Page URL: http://www.binggo.com/jiaju/a20402b2040203p8
Saved Page URL: http://www.binggo.com/jiaju/a20402b2040203p9
Saved Page URL: http://www.binggo.com/jiaju/a20402b2040203p10
Completed Category URL: http://www.binggo.com/jiaju/a20402b2040203/
Saved Page URL: http://www.binggo.com/jiaju/a20402b2040207p1
Saved Page URL: http://www.binggo.com/jiaju/a20402b2040207p2
Saved Page URL: http://www.binggo.com/jiaju/a20402b2040207p3
Completed Category URL: http://www.binggo.com/jiaju/a20402b2040207/
Saved Page URL: http://www.binggo.com/jiaju/a20402b2040205p1
Saved Page URL: http://www.binggo.com/jiaju/a20402b2040205p2
Completed Category URL: http://www.binggo.com/jiaju/a20402b2040205/
Saved Page URL: http://www.binggo.com/jiaju/a20402b2040201p1
Saved Page URL: http://www.binggo.com/jiaju/a20402b2040201p2
Saved Page URL: http://www.binggo.com/jiaju/a20402b2040201p3
Saved Page URL: http://www.binggo.com/jiaju/a20402b2040201p4
Saved Page URL: http://www.binggo.com/jiaju/a20402b2040201p5
Saved Page URL: http://www.binggo.com/jiaju/a20402b2040201p6
Completed Category URL: http://www.binggo.com/jiaju/a20402b2040201/
Saved Page URL: http://www.binggo.com/jiaju/a20402b2040210p1
Saved Page URL: http://www.binggo.com/jiaju/a20402b2040210p2
Saved Page URL: http://www.binggo.com/jiaju/a20402b2040210p3
Saved Page URL: http://www.binggo.com/jiaju/a20402b2040210p4
Completed Category URL: http://www.binggo.com/jiaju/a20402b2040210/
Saved Page URL: http://www.binggo.com/jiaju/a20402b2040209p1
Completed Category URL: http://www.binggo.com/jiaju/a20402b2040209/
Saved Page URL: http://www.binggo.com/jiaju/a20402b2040206p1
Saved Page URL: http://www.binggo.com/jiaju/a20402b2040206p2
Completed Category URL: http://www.binggo.com/jiaju/a20402b2040206/
Saved Page URL: http://www.binggo.com/jiaju/a20402b2040204p1
Saved Page URL: http://www.binggo.com/jiaju/a20402b2040204p2
Completed Category URL: http://www.binggo.com/jiaju/a20402b2040204/
Saved Page URL: http://www.binggo.com/jiaju/a20402b2040202p1
Saved Page URL: http://www.binggo.com/jiaju/a20402b2040202p2
Saved Page URL: http://www.binggo.com/jiaju/a20402b2040202p3
Completed Category URL: http://www.binggo.com/jiaju/a20402b2040202/
Saved Page URL: http://www.binggo.com/jiaju/a20406b2040602p1
Saved Page URL: http://www.binggo.com/jiaju/a20406b2040602p2
Completed Category URL: http://www.binggo.com/jiaju/a20406b2040602/
Saved Page URL: http://www.binggo.com/jiaju/a20406b2040603p1
Saved Page URL: http://www.binggo.com/jiaju/a20406b2040603p2
Saved Page URL: http://www.binggo.com/jiaju/a20406b2040603p3
Completed Category URL: http://www.binggo.com/jiaju/a20406b2040603/
Saved Page URL: http://www.binggo.com/jiaju/a20406b2040601p1
Saved Page URL: http://www.binggo.com/jiaju/a20406b2040601p2
Completed Category URL: http://www.binggo.com/jiaju/a20406b2040601/
Saved Page URL: http://www.binggo.com/jiaju/a20406b2040604p1
Saved Page URL: http://www.binggo.com/jiaju/a20406b2040604p2
Saved Page URL: http://www.binggo.com/jiaju/a20406b2040604p3
Completed Category URL: http://www.binggo.com/jiaju/a20406b2040604/
Saved Page URL: http://www.binggo.com/jiaju/a20406b2040606p1
Completed Category URL: http://www.binggo.com/jiaju/a20406b2040606/
Saved Page URL: http://www.binggo.com/jiaju/a20406b2040605p1
Saved Page URL: http://www.binggo.com/jiaju/a20406b2040605p2
Completed Category URL: http://www.binggo.com/jiaju/a20406b2040605/
Saved Page URL: http://www.binggo.com/jiaju/a20404b2040412p1
Saved Page URL: http://www.binggo.com/jiaju/a20404b2040412p2
Completed Category URL: http://www.binggo.com/jiaju/a20404b2040412/
Saved Page URL: http://www.binggo.com/jiaju/a20404b2040413p1
Saved Page URL: http://www.binggo.com/jiaju/a20404b2040413p2
Completed Category URL: http://www.binggo.com/jiaju/a20404b2040413/
Saved Page URL: http://www.binggo.com/jiaju/a20404b2040404p1
Saved Page URL: http://www.binggo.com/jiaju/a20404b2040404p2
Saved Page URL: http://www.binggo.com/jiaju/a20404b2040404p3
Saved Page URL: http://www.binggo.com/jiaju/a20404b2040404p4
Saved Page URL: http://www.binggo.com/jiaju/a20404b2040404p5
Completed Category URL: http://www.binggo.com/jiaju/a20404b2040404/
Saved Page URL: http://www.binggo.com/jiaju/a20404b2040410p1
Saved Page URL: http://www.binggo.com/jiaju/a20404b2040410p2
Completed Category URL: http://www.binggo.com/jiaju/a20404b2040410/
Saved Page URL: http://www.binggo.com/jiaju/a20404b2040403p1
Saved Page URL: http://www.binggo.com/jiaju/a20404b2040403p2
Completed Category URL: http://www.binggo.com/jiaju/a20404b2040403/
Saved Page URL: http://www.binggo.com/jiaju/a20404b2040411p1
Saved Page URL: http://www.binggo.com/jiaju/a20404b2040411p2
Completed Category URL: http://www.binggo.com/jiaju/a20404b2040411/
Saved Page URL: http://www.binggo.com/jiaju/a20404b2040402p1
Completed Category URL: http://www.binggo.com/jiaju/a20404b2040402/
Saved Page URL: http://www.binggo.com/jiaju/a20404b2040401p1
Saved Page URL: http://www.binggo.com/jiaju/a20404b2040401p2
Saved Page URL: http://www.binggo.com/jiaju/a20404b2040401p3
Saved Page URL: http://www.binggo.com/jiaju/a20404b2040401p4
Completed Category URL: http://www.binggo.com/jiaju/a20404b2040401/
Saved Page URL: http://www.binggo.com/jiaju/a20403b2040309p1
Saved Page URL: http://www.binggo.com/jiaju/a20403b2040309p2
Completed Category URL: http://www.binggo.com/jiaju/a20403b2040309/
Saved Page URL: http://www.binggo.com/jiaju/a20403b2040301p1
Saved Page URL: http://www.binggo.com/jiaju/a20403b2040301p2
Completed Category URL: http://www.binggo.com/jiaju/a20403b2040301/
Saved Page URL: http://www.binggo.com/jiaju/a20403b2040304p1
Saved Page URL: http://www.binggo.com/jiaju/a20403b2040304p2
Saved Page URL: http://www.binggo.com/jiaju/a20403b2040304p3
Saved Page URL: http://www.binggo.com/jiaju/a20403b2040304p4
Completed Category URL: http://www.binggo.com/jiaju/a20403b2040304/
Saved Page URL: http://www.binggo.com/jiaju/a20403b2040307p1
Completed Category URL: http://www.binggo.com/jiaju/a20403b2040307/
Saved Page URL: http://www.binggo.com/jiaju/a20403b2040302p1
Completed Category URL: http://www.binggo.com/jiaju/a20403b2040302/
Saved Page URL: http://www.binggo.com/jiaju/a20403b2040303p1
Saved Page URL: http://www.binggo.com/jiaju/a20403b2040303p2
Completed Category URL: http://www.binggo.com/jiaju/a20403b2040303/
Saved Page URL: http://www.binggo.com/jiaju/a20403b2040305p1
Saved Page URL: http://www.binggo.com/jiaju/a20403b2040305p2
Saved Page URL: http://www.binggo.com/jiaju/a20403b2040305p3
Saved Page URL: http://www.binggo.com/jiaju/a20403b2040305p4
Completed Category URL: http://www.binggo.com/jiaju/a20403b2040305/
Saved Page URL: http://www.binggo.com/jiaju/a20403b2040310p1
Completed Category URL: http://www.binggo.com/jiaju/a20403b2040310/
Saved Page URL: http://www.binggo.com/jiaju/a20408b2040802p1
Completed Category URL: http://www.binggo.com/jiaju/a20408b2040802/
Saved Page URL: http://www.binggo.com/jiaju/a20408b2040803p1
Completed Category URL: http://www.binggo.com/jiaju/a20408b2040803/
Saved Page URL: http://www.binggo.com/jiaju/a20408b2040804p1
Completed Category URL: http://www.binggo.com/jiaju/a20408b2040804/
Saved Page URL: http://www.binggo.com/jiaju/a20408b2040805p1
Saved Page URL: http://www.binggo.com/jiaju/a20408b2040805p2
Saved Page URL: http://www.binggo.com/jiaju/a20408b2040805p3
Completed Category URL: http://www.binggo.com/jiaju/a20408b2040805/
Saved Page URL: http://www.binggo.com/jiaju/a20408b2040806p1
Saved Page URL: http://www.binggo.com/jiaju/a20408b2040806p2
Saved Page URL: http://www.binggo.com/jiaju/a20408b2040806p3
Saved Page URL: http://www.binggo.com/jiaju/a20408b2040806p4
Saved Page URL: http://www.binggo.com/jiaju/a20408b2040806p5
Completed Category URL: http://www.binggo.com/jiaju/a20408b2040806/
Saved Page URL: http://www.binggo.com/jiaju/a20408b2040801p1
Completed Category URL: http://www.binggo.com/jiaju/a20408b2040801/
Saved Page URL: http://www.binggo.com/jiaju/a20408b2040807p1
Completed Category URL: http://www.binggo.com/jiaju/a20408b2040807/
Saved Page URL: http://www.binggo.com/jiaju/a20408b2040808p1
Completed Category URL: http://www.binggo.com/jiaju/a20408b2040808/
Completed Category URL: http://www.binggo.com/jiaju/a20405b2040507/
Saved Page URL: http://www.binggo.com/jiaju/a20405b2040508p1
Completed Category URL: http://www.binggo.com/jiaju/a20405b2040508/
Saved Page URL: http://www.binggo.com/jiaju/a20405b2040510p1
Completed Category URL: http://www.binggo.com/jiaju/a20405b2040510/
Saved Page URL: http://www.binggo.com/jiaju/a20405b2040514p1
Saved Page URL: http://www.binggo.com/jiaju/a20405b2040514p2
Saved Page URL: http://www.binggo.com/jiaju/a20405b2040514p3
Completed Category URL: http://www.binggo.com/jiaju/a20405b2040514/
Saved Page URL: http://www.binggo.com/jiaju/a20405b2040509p1
Saved Page URL: http://www.binggo.com/jiaju/a20405b2040509p2
Completed Category URL: http://www.binggo.com/jiaju/a20405b2040509/
Saved Page URL: http://www.binggo.com/jiaju/a20405b2040501p1
Completed Category URL: http://www.binggo.com/jiaju/a20405b2040501/
Saved Page URL: http://www.binggo.com/jiaju/a20405b2040505p1
Saved Page URL: http://www.binggo.com/jiaju/a20405b2040505p2
Saved Page URL: http://www.binggo.com/jiaju/a20405b2040505p3
Saved Page URL: http://www.binggo.com/jiaju/a20405b2040505p4
Saved Page URL: http://www.binggo.com/jiaju/a20405b2040505p5
Saved Page URL: http://www.binggo.com/jiaju/a20405b2040505p6
Saved Page URL: http://www.binggo.com/jiaju/a20405b2040505p7
Completed Category URL: http://www.binggo.com/jiaju/a20405b2040505/
Saved Page URL: http://www.binggo.com/jiaju/a20405b2040506p1
Saved Page URL: http://www.binggo.com/jiaju/a20405b2040506p2
Saved Page URL: http://www.binggo.com/jiaju/a20405b2040506p3
Saved Page URL: http://www.binggo.com/jiaju/a20405b2040506p4
Saved Page URL: http://www.binggo.com/jiaju/a20405b2040506p5
Saved Page URL: http://www.binggo.com/jiaju/a20405b2040506p6
Saved Page URL: http://www.binggo.com/jiaju/a20405b2040506p7
Completed Category URL: http://www.binggo.com/jiaju/a20405b2040506/
Saved Page URL: http://www.binggo.com/jiaju/a20405b2040511p1
Completed Category URL: http://www.binggo.com/jiaju/a20405b2040511/
Saved Page URL: http://www.binggo.com/jiaju/a20405b2040512p1
Completed Category URL: http://www.binggo.com/jiaju/a20405b2040512/
Saved Page URL: http://www.binggo.com/jiaju/a20405b2040516p1
Completed Category URL: http://www.binggo.com/jiaju/a20405b2040516/
Saved Page URL: http://www.binggo.com/jiaju/a20405b2040515p1
Completed Category URL: http://www.binggo.com/jiaju/a20405b2040515/
Saved Page URL: http://www.binggo.com/jiaju/a20411b2041101p1
Completed Category URL: http://www.binggo.com/jiaju/a20411b2041101/
Completed Category URL: http://www.binggo.com/jiaju/a20411b2041102/
Saved Page URL: http://www.binggo.com/jiadian/a20601b2060101p1
Completed Category URL: http://www.binggo.com/jiadian/a20601b2060101/
Saved Page URL: http://www.binggo.com/jiadian/a20601b2060102p1
Completed Category URL: http://www.binggo.com/jiadian/a20601b2060102/
Saved Page URL: http://www.binggo.com/jiadian/a20601b2060105p1
Completed Category URL: http://www.binggo.com/jiadian/a20601b2060105/
Saved Page URL: http://www.binggo.com/jiadian/a20601b2060108p1
Completed Category URL: http://www.binggo.com/jiadian/a20601b2060108/
Saved Page URL: http://www.binggo.com/jiadian/a20601b2060113p1
Saved Page URL: http://www.binggo.com/jiadian/a20601b2060113p2
Completed Category URL: http://www.binggo.com/jiadian/a20601b2060113/
Saved Page URL: http://www.binggo.com/jiadian/a20601b2060112p1
Completed Category URL: http://www.binggo.com/jiadian/a20601b2060112/
Saved Page URL: http://www.binggo.com/jiadian/a20601b2060103p1
Saved Page URL: http://www.binggo.com/jiadian/a20601b2060103p2
Completed Category URL: http://www.binggo.com/jiadian/a20601b2060103/
Saved Page URL: http://www.binggo.com/jiadian/a20601b2060104p1
Completed Category URL: http://www.binggo.com/jiadian/a20601b2060104/
Saved Page URL: http://www.binggo.com/jiadian/a20601b2060106p1
Completed Category URL: http://www.binggo.com/jiadian/a20601b2060106/
Saved Page URL: http://www.binggo.com/jiadian/a20601b2060107p1
Completed Category URL: http://www.binggo.com/jiadian/a20601b2060107/
Completed Category URL: http://www.binggo.com/jiadian/a20601b2060109/
Saved Page URL: http://www.binggo.com/jiadian/a20601b2060110p1
Completed Category URL: http://www.binggo.com/jiadian/a20601b2060110/
Completed Category URL: http://www.binggo.com/jiadian/a20601b2060111/
Completed Category URL: http://www.binggo.com/jiadian/a20601b2060114/
Saved Page URL: http://www.binggo.com/jiadian/a20601b2060116p1
Completed Category URL: http://www.binggo.com/jiadian/a20601b2060116/
Saved Page URL: http://www.binggo.com/jiadian/a20602b2060202p1
Completed Category URL: http://www.binggo.com/jiadian/a20602b2060202/
Saved Page URL: http://www.binggo.com/jiadian/a20602b2060208p1
Completed Category URL: http://www.binggo.com/jiadian/a20602b2060208/
Saved Page URL: http://www.binggo.com/jiadian/a20602b2060210p1
Completed Category URL: http://www.binggo.com/jiadian/a20602b2060210/
Saved Page URL: http://www.binggo.com/jiadian/a20602b2060211p1
Completed Category URL: http://www.binggo.com/jiadian/a20602b2060211/
Saved Page URL: http://www.binggo.com/jiadian/a20602b2060205p1
Completed Category URL: http://www.binggo.com/jiadian/a20602b2060205/
Saved Page URL: http://www.binggo.com/jiadian/a20602b2060207p1
Completed Category URL: http://www.binggo.com/jiadian/a20602b2060207/
Saved Page URL: http://www.binggo.com/jiadian/a20602b2060209p1
Completed Category URL: http://www.binggo.com/jiadian/a20602b2060209/
Saved Page URL: http://www.binggo.com/jiadian/a20602b2060206p1
Completed Category URL: http://www.binggo.com/jiadian/a20602b2060206/
Saved Page URL: http://www.binggo.com/jiadian/a20602b2060203p1
Saved Page URL: http://www.binggo.com/jiadian/a20602b2060203p2
Completed Category URL: http://www.binggo.com/jiadian/a20602b2060203/
Saved Page URL: http://www.binggo.com/jiadian/a20602b2060204p1
Saved Page URL: http://www.binggo.com/jiadian/a20602b2060204p2
Saved Page URL: http://www.binggo.com/jiadian/a20602b2060204p3
Completed Category URL: http://www.binggo.com/jiadian/a20602b2060204/
Saved Page URL: http://www.binggo.com/jiadian/a20602b2060216p1
Completed Category URL: http://www.binggo.com/jiadian/a20602b2060216/
Saved Page URL: http://www.binggo.com/jiadian/a20602b2060218p1
Completed Category URL: http://www.binggo.com/jiadian/a20602b2060218/
Saved Page URL: http://www.binggo.com/jiadian/a20602b2060212p1
Completed Category URL: http://www.binggo.com/jiadian/a20602b2060212/
Saved Page URL: http://www.binggo.com/jiadian/a20603b2060301p1
Completed Category URL: http://www.binggo.com/jiadian/a20603b2060301/
Saved Page URL: http://www.binggo.com/jiadian/a20603b2060304p1
Completed Category URL: http://www.binggo.com/jiadian/a20603b2060304/
Saved Page URL: http://www.binggo.com/jiadian/a20603b2060303p1
Completed Category URL: http://www.binggo.com/jiadian/a20603b2060303/
Saved Page URL: http://www.binggo.com/jiadian/a20603b2060302p1
Completed Category URL: http://www.binggo.com/jiadian/a20603b2060302/
Saved Page URL: http://www.binggo.com/shuma/a20703b2070301p1
Completed Category URL: http://www.binggo.com/shuma/a20703b2070301/
Saved Page URL: http://www.binggo.com/shuma/a20703b2070305p1
Completed Category URL: http://www.binggo.com/shuma/a20703b2070305/
Saved Page URL: http://www.binggo.com/shuma/a20703b2070307p1
Completed Category URL: http://www.binggo.com/shuma/a20703b2070307/
Saved Page URL: http://www.binggo.com/shuma/a20703b2070309p1
Completed Category URL: http://www.binggo.com/shuma/a20703b2070309/
Saved Page URL: http://www.binggo.com/shuma/a20703b2070306p1
Completed Category URL: http://www.binggo.com/shuma/a20703b2070306/
Saved Page URL: http://www.binggo.com/shuma/a20703b2070304p1
Completed Category URL: http://www.binggo.com/shuma/a20703b2070304/
Saved Page URL: http://www.binggo.com/shuma/a20703b2070302p1
Completed Category URL: http://www.binggo.com/shuma/a20703b2070302/
Saved Page URL: http://www.binggo.com/shuma/a20703b2070311p1
Completed Category URL: http://www.binggo.com/shuma/a20703b2070311/
Saved Page URL: http://www.binggo.com/shuma/a20704b2070403p1
Completed Category URL: http://www.binggo.com/shuma/a20704b2070403/
Saved Page URL: http://www.binggo.com/shuma/a20704b2070401p1
Saved Page URL: http://www.binggo.com/shuma/a20704b2070401p2
Saved Page URL: http://www.binggo.com/shuma/a20704b2070401p3
Completed Category URL: http://www.binggo.com/shuma/a20704b2070401/
Saved Page URL: http://www.binggo.com/shuma/a20702b2070206p1
Completed Category URL: http://www.binggo.com/shuma/a20702b2070206/
Saved Page URL: http://www.binggo.com/shuma/a20702b2070207p1
Completed Category URL: http://www.binggo.com/shuma/a20702b2070207/
Saved Page URL: http://www.binggo.com/shuma/a20702b2070201p1
Completed Category URL: http://www.binggo.com/shuma/a20702b2070201/
Saved Page URL: http://www.binggo.com/shuma/a20702b2070203p1
Saved Page URL: http://www.binggo.com/shuma/a20702b2070203p2
Completed Category URL: http://www.binggo.com/shuma/a20702b2070203/
Saved Page URL: http://www.binggo.com/shuma/a20702b2070211p1
Saved Page URL: http://www.binggo.com/shuma/a20702b2070211p2
Completed Category URL: http://www.binggo.com/shuma/a20702b2070211/
Saved Page URL: http://www.binggo.com/shuma/a20702b2070212p1
Completed Category URL: http://www.binggo.com/shuma/a20702b2070212/
Saved Page URL: http://www.binggo.com/shuma/a20701b2070104p1
Saved Page URL: http://www.binggo.com/shuma/a20701b2070104p2
Completed Category URL: http://www.binggo.com/shuma/a20701b2070104/
Saved Page URL: http://www.binggo.com/shuma/a20701b2070101p1
Saved Page URL: http://www.binggo.com/shuma/a20701b2070101p2
Completed Category URL: http://www.binggo.com/shuma/a20701b2070101/
Completed Category URL: http://www.binggo.com/shuma/a20701b2070105/
Saved Page URL: http://www.binggo.com/shuma/a20701b2070103p1
Saved Page URL: http://www.binggo.com/shuma/a20701b2070103p2
Completed Category URL: http://www.binggo.com/shuma/a20701b2070103/
Saved Page URL: http://www.binggo.com/shuma/a20701b2070111p1
Completed Category URL: http://www.binggo.com/shuma/a20701b2070111/
Saved Page URL: http://www.binggo.com/shuma/a20701b2070112p1
Completed Category URL: http://www.binggo.com/shuma/a20701b2070112/
Saved Page URL: http://www.binggo.com/shuma/a20701b2070110p1
Completed Category URL: http://www.binggo.com/shuma/a20701b2070110/
Saved Page URL: http://www.binggo.com/shuma/a20705b2070503p1
Completed Category URL: http://www.binggo.com/shuma/a20705b2070503/
Saved Page URL: http://www.binggo.com/shuma/a20705b2070502p1
Saved Page URL: http://www.binggo.com/shuma/a20705b2070502p2
Saved Page URL: http://www.binggo.com/shuma/a20705b2070502p3
Saved Page URL: http://www.binggo.com/shuma/a20705b2070502p4
Completed Category URL: http://www.binggo.com/shuma/a20705b2070502/
Saved Page URL: http://www.binggo.com/shuma/a20705b2070501p1
Completed Category URL: http://www.binggo.com/shuma/a20705b2070501/
Saved Page URL: http://www.binggo.com/shuma/a20706b2070602p1
Completed Category URL: http://www.binggo.com/shuma/a20706b2070602/
Saved Page URL: http://www.binggo.com/shuma/a20706b2070601p1
Saved Page URL: http://www.binggo.com/shuma/a20706b2070601p2
Saved Page URL: http://www.binggo.com/shuma/a20706b2070601p3
Saved Page URL: http://www.binggo.com/shuma/a20706b2070601p4
Completed Category URL: http://www.binggo.com/shuma/a20706b2070601/
Saved Page URL: http://www.binggo.com/shuma/a20706b2070603p1
Completed Category URL: http://www.binggo.com/shuma/a20706b2070603/
Completed Category URL: http://www.binggo.com/shuma/a20706b2070605/
Saved Page URL: http://www.binggo.com/shuma/a20706b2070604p1
Completed Category URL: http://www.binggo.com/shuma/a20706b2070604/
Saved Page URL: http://www.binggo.com/huazhuang/a20103b2010308p1
Completed Category URL: http://www.binggo.com/huazhuang/a20103b2010308/
Saved Page URL: http://www.binggo.com/huazhuang/a20103b2010310p1
Saved Page URL: http://www.binggo.com/huazhuang/a20103b2010310p2
Saved Page URL: http://www.binggo.com/huazhuang/a20103b2010310p3
Completed Category URL: http://www.binggo.com/huazhuang/a20103b2010310/
Saved Page URL: http://www.binggo.com/huazhuang/a20103b2010304p1
Saved Page URL: http://www.binggo.com/huazhuang/a20103b2010304p2
Completed Category URL: http://www.binggo.com/huazhuang/a20103b2010304/
Saved Page URL: http://www.binggo.com/huazhuang/a20103b2010303p1
Saved Page URL: http://www.binggo.com/huazhuang/a20103b2010303p2
Saved Page URL: http://www.binggo.com/huazhuang/a20103b2010303p3
Completed Category URL: http://www.binggo.com/huazhuang/a20103b2010303/
Saved Page URL: http://www.binggo.com/huazhuang/a20103b2010307p1
Saved Page URL: http://www.binggo.com/huazhuang/a20103b2010307p2
Saved Page URL: http://www.binggo.com/huazhuang/a20103b2010307p3
Completed Category URL: http://www.binggo.com/huazhuang/a20103b2010307/
Saved Page URL: http://www.binggo.com/huazhuang/a20103b2010312p1
Saved Page URL: http://www.binggo.com/huazhuang/a20103b2010312p2
Saved Page URL: http://www.binggo.com/huazhuang/a20103b2010312p3
Saved Page URL: http://www.binggo.com/huazhuang/a20103b2010312p4
Completed Category URL: http://www.binggo.com/huazhuang/a20103b2010312/
Saved Page URL: http://www.binggo.com/huazhuang/a20103b2010301p1
Saved Page URL: http://www.binggo.com/huazhuang/a20103b2010301p2
Saved Page URL: http://www.binggo.com/huazhuang/a20103b2010301p3
Saved Page URL: http://www.binggo.com/huazhuang/a20103b2010301p4
Completed Category URL: http://www.binggo.com/huazhuang/a20103b2010301/
Saved Page URL: http://www.binggo.com/huazhuang/a20103b2010305p1
Completed Category URL: http://www.binggo.com/huazhuang/a20103b2010305/
Saved Page URL: http://www.binggo.com/huazhuang/a20103b2010302p1
Saved Page URL: http://www.binggo.com/huazhuang/a20103b2010302p2
Saved Page URL: http://www.binggo.com/huazhuang/a20103b2010302p3
Completed Category URL: http://www.binggo.com/huazhuang/a20103b2010302/
Saved Page URL: http://www.binggo.com/huazhuang/a20103b2010306p1
Saved Page URL: http://www.binggo.com/huazhuang/a20103b2010306p2
Saved Page URL: http://www.binggo.com/huazhuang/a20103b2010306p3
Completed Category URL: http://www.binggo.com/huazhuang/a20103b2010306/
Saved Page URL: http://www.binggo.com/huazhuang/a20103b2010309p1
Saved Page URL: http://www.binggo.com/huazhuang/a20103b2010309p2
Completed Category URL: http://www.binggo.com/huazhuang/a20103b2010309/
Saved Page URL: http://www.binggo.com/huazhuang/a20103b2010311p1
Completed Category URL: http://www.binggo.com/huazhuang/a20103b2010311/
Saved Page URL: http://www.binggo.com/huazhuang/a20104b2010405p1
Completed Category URL: http://www.binggo.com/huazhuang/a20104b2010405/
Saved Page URL: http://www.binggo.com/huazhuang/a20104b2010404p1
Completed Category URL: http://www.binggo.com/huazhuang/a20104b2010404/
Saved Page URL: http://www.binggo.com/huazhuang/a20104b2010401p1
Saved Page URL: http://www.binggo.com/huazhuang/a20104b2010401p2
Saved Page URL: http://www.binggo.com/huazhuang/a20104b2010401p3
Saved Page URL: http://www.binggo.com/huazhuang/a20104b2010401p4
Completed Category URL: http://www.binggo.com/huazhuang/a20104b2010401/
Saved Page URL: http://www.binggo.com/huazhuang/a20104b2010402p1
Completed Category URL: http://www.binggo.com/huazhuang/a20104b2010402/
Saved Page URL: http://www.binggo.com/huazhuang/a20104b2010403p1
Completed Category URL: http://www.binggo.com/huazhuang/a20104b2010403/
Saved Page URL: http://www.binggo.com/huazhuang/a20106b2010602p1
Saved Page URL: http://www.binggo.com/huazhuang/a20106b2010602p2
Saved Page URL: http://www.binggo.com/huazhuang/a20106b2010602p3
Saved Page URL: http://www.binggo.com/huazhuang/a20106b2010602p4
Completed Category URL: http://www.binggo.com/huazhuang/a20106b2010602/
Saved Page URL: http://www.binggo.com/huazhuang/a20106b2010606p1
Completed Category URL: http://www.binggo.com/huazhuang/a20106b2010606/
Saved Page URL: http://www.binggo.com/huazhuang/a20106b2010603p1
Saved Page URL: http://www.binggo.com/huazhuang/a20106b2010603p2
Saved Page URL: http://www.binggo.com/huazhuang/a20106b2010603p3
Saved Page URL: http://www.binggo.com/huazhuang/a20106b2010603p4
Completed Category URL: http://www.binggo.com/huazhuang/a20106b2010603/
Saved Page URL: http://www.binggo.com/huazhuang/a20106b2010607p1
Saved Page URL: http://www.binggo.com/huazhuang/a20106b2010607p2
Completed Category URL: http://www.binggo.com/huazhuang/a20106b2010607/
Saved Page URL: http://www.binggo.com/huazhuang/a20106b2010601p1
Saved Page URL: http://www.binggo.com/huazhuang/a20106b2010601p2
Saved Page URL: http://www.binggo.com/huazhuang/a20106b2010601p3
Saved Page URL: http://www.binggo.com/huazhuang/a20106b2010601p4
Saved Page URL: http://www.binggo.com/huazhuang/a20106b2010601p5
Saved Page URL: http://www.binggo.com/huazhuang/a20106b2010601p6
Completed Category URL: http://www.binggo.com/huazhuang/a20106b2010601/
Saved Page URL: http://www.binggo.com/huazhuang/a20106b2010605p1
Completed Category URL: http://www.binggo.com/huazhuang/a20106b2010605/
Saved Page URL: http://www.binggo.com/huazhuang/a20106b2010604p1
Saved Page URL: http://www.binggo.com/huazhuang/a20106b2010604p2
Completed Category URL: http://www.binggo.com/huazhuang/a20106b2010604/
Saved Page URL: http://www.binggo.com/huazhuang/a20108b2010809p1
Saved Page URL: http://www.binggo.com/huazhuang/a20108b2010809p2
Completed Category URL: http://www.binggo.com/huazhuang/a20108b2010809/
Saved Page URL: http://www.binggo.com/huazhuang/a20108b2010801p1
Saved Page URL: http://www.binggo.com/huazhuang/a20108b2010801p2
Completed Category URL: http://www.binggo.com/huazhuang/a20108b2010801/
Saved Page URL: http://www.binggo.com/huazhuang/a20108b2010803p1
Completed Category URL: http://www.binggo.com/huazhuang/a20108b2010803/
Saved Page URL: http://www.binggo.com/huazhuang/a20108b2010810p1
Completed Category URL: http://www.binggo.com/huazhuang/a20108b2010810/
Saved Page URL: http://www.binggo.com/huazhuang/a20108b2010802p1
Saved Page URL: http://www.binggo.com/huazhuang/a20108b2010802p2
Saved Page URL: http://www.binggo.com/huazhuang/a20108b2010802p3
Completed Category URL: http://www.binggo.com/huazhuang/a20108b2010802/
Saved Page URL: http://www.binggo.com/huazhuang/a20108b2010807p1
Completed Category URL: http://www.binggo.com/huazhuang/a20108b2010807/
